2024-09-25 16:35:09 - INFO - train_pdbbind.py
2024-09-25 16:35:09 - INFO - train data: 81
2024-09-25 16:35:09 - INFO - valid data: 10
2024-09-25 16:35:12 - INFO - epoch-0, train_loss-37.0671, train_rmse-6.0883, valid_rmse-5.6863, valid_pr-0.5149
2024-09-25 16:35:15 - INFO - epoch-1, train_loss-35.9155, train_rmse-5.9930, valid_rmse-5.6315, valid_pr-0.4912
2024-09-25 16:35:18 - INFO - epoch-2, train_loss-35.5309, train_rmse-5.9608, valid_rmse-5.5473, valid_pr-0.4870
2024-09-25 16:35:21 - INFO - epoch-3, train_loss-35.3078, train_rmse-5.9420, valid_rmse-5.4853, valid_pr-0.4735
2024-09-25 16:35:24 - INFO - epoch-4, train_loss-35.1347, train_rmse-5.9275, valid_rmse-5.4504, valid_pr-0.4706
2024-09-25 16:35:27 - INFO - epoch-5, train_loss-35.0165, train_rmse-5.9175, valid_rmse-5.4053, valid_pr-0.4621
2024-09-25 16:35:30 - INFO - epoch-6, train_loss-34.9784, train_rmse-5.9143, valid_rmse-5.3370, valid_pr-0.4849
2024-09-25 16:35:33 - INFO - epoch-7, train_loss-35.0294, train_rmse-5.9186, valid_rmse-5.2962, valid_pr-0.4880
2024-09-25 16:35:36 - INFO - epoch-8, train_loss-34.7997, train_rmse-5.8991, valid_rmse-5.2485, valid_pr-0.4843
2024-09-25 16:35:39 - INFO - epoch-9, train_loss-34.6386, train_rmse-5.8855, valid_rmse-5.2478, valid_pr-0.4834
2024-09-25 16:35:41 - INFO - epoch-10, train_loss-34.6771, train_rmse-5.8887, valid_rmse-5.2201, valid_pr-0.4914
2024-09-25 16:35:44 - INFO - epoch-11, train_loss-34.6005, train_rmse-5.8822, valid_rmse-5.1759, valid_pr-0.4964
2024-09-25 16:35:47 - INFO - epoch-12, train_loss-34.3683, train_rmse-5.8624, valid_rmse-5.1432, valid_pr-0.5037
2024-09-25 16:35:50 - INFO - epoch-13, train_loss-34.3934, train_rmse-5.8646, valid_rmse-5.0478, valid_pr-0.5013
2024-09-25 16:35:53 - INFO - epoch-14, train_loss-34.0578, train_rmse-5.8359, valid_rmse-4.9545, valid_pr-0.5153
2024-09-25 16:35:56 - INFO - epoch-15, train_loss-34.1762, train_rmse-5.8460, valid_rmse-4.9032, valid_pr-0.5317
2024-09-25 16:35:59 - INFO - epoch-16, train_loss-34.2525, train_rmse-5.8526, valid_rmse-4.8784, valid_pr-0.5351
2024-09-25 16:36:02 - INFO - epoch-17, train_loss-34.0095, train_rmse-5.8318, valid_rmse-4.8669, valid_pr-0.5332
2024-09-25 16:36:05 - INFO - epoch-18, train_loss-34.0021, train_rmse-5.8311, valid_rmse-4.8630, valid_pr-0.5363
2024-09-25 16:36:08 - INFO - epoch-19, train_loss-33.7823, train_rmse-5.8123, valid_rmse-4.7858, valid_pr-0.5467
2024-09-25 16:36:11 - INFO - epoch-20, train_loss-33.5468, train_rmse-5.7920, valid_rmse-4.7233, valid_pr-0.5524
2024-09-25 16:36:15 - INFO - epoch-21, train_loss-33.4412, train_rmse-5.7828, valid_rmse-4.7378, valid_pr-0.5571
2024-09-25 16:36:18 - INFO - epoch-22, train_loss-33.4733, train_rmse-5.7856, valid_rmse-4.8771, valid_pr-0.5774
2024-09-25 16:36:21 - INFO - epoch-23, train_loss-33.4758, train_rmse-5.7858, valid_rmse-5.0699, valid_pr-0.6161
2024-09-25 16:36:23 - INFO - epoch-24, train_loss-33.2932, train_rmse-5.7700, valid_rmse-5.2384, valid_pr-0.6301
2024-09-25 16:36:26 - INFO - epoch-25, train_loss-33.3015, train_rmse-5.7707, valid_rmse-5.3276, valid_pr-0.6316
2024-09-25 16:36:29 - INFO - epoch-26, train_loss-33.2980, train_rmse-5.7704, valid_rmse-5.2501, valid_pr-0.6203
2024-09-25 16:36:32 - INFO - epoch-27, train_loss-33.1108, train_rmse-5.7542, valid_rmse-5.2859, valid_pr-0.6173
2024-09-25 16:36:35 - INFO - epoch-28, train_loss-32.9497, train_rmse-5.7402, valid_rmse-5.3104, valid_pr-0.6283
2024-09-25 16:36:38 - INFO - epoch-29, train_loss-32.9211, train_rmse-5.7377, valid_rmse-5.3955, valid_pr-0.6439
2024-09-25 16:36:41 - INFO - epoch-30, train_loss-33.0687, train_rmse-5.7505, valid_rmse-5.5153, valid_pr-0.6439
2024-09-25 16:36:44 - INFO - epoch-31, train_loss-32.7923, train_rmse-5.7265, valid_rmse-5.5022, valid_pr-0.6622
2024-09-25 16:36:47 - INFO - epoch-32, train_loss-33.0315, train_rmse-5.7473, valid_rmse-5.3931, valid_pr-0.6651
2024-09-25 16:36:50 - INFO - epoch-33, train_loss-32.6014, train_rmse-5.7098, valid_rmse-5.3969, valid_pr-0.6436
2024-09-25 16:36:53 - INFO - epoch-34, train_loss-32.7572, train_rmse-5.7234, valid_rmse-5.4241, valid_pr-0.6323
2024-09-25 16:36:56 - INFO - epoch-35, train_loss-32.3749, train_rmse-5.6899, valid_rmse-5.5606, valid_pr-0.6255
2024-09-25 16:36:59 - INFO - epoch-36, train_loss-32.2478, train_rmse-5.6787, valid_rmse-5.6588, valid_pr-0.6019
2024-09-25 16:37:02 - INFO - epoch-37, train_loss-32.3415, train_rmse-5.6870, valid_rmse-5.7412, valid_pr-0.5775
2024-09-25 16:37:05 - INFO - epoch-38, train_loss-32.2789, train_rmse-5.6815, valid_rmse-5.9424, valid_pr-0.5091
2024-09-25 16:37:08 - INFO - epoch-39, train_loss-32.2590, train_rmse-5.6797, valid_rmse-5.9143, valid_pr-0.5106
2024-09-25 16:37:11 - INFO - epoch-40, train_loss-32.1250, train_rmse-5.6679, valid_rmse-5.7848, valid_pr-0.6036
2024-09-25 16:37:14 - INFO - epoch-41, train_loss-31.9347, train_rmse-5.6511, valid_rmse-5.5223, valid_pr-0.6087
2024-09-25 16:37:17 - INFO - epoch-42, train_loss-31.9580, train_rmse-5.6531, valid_rmse-5.3330, valid_pr-0.6150
2024-09-25 16:37:20 - INFO - epoch-43, train_loss-31.7589, train_rmse-5.6355, valid_rmse-5.1925, valid_pr-0.6137
2024-09-25 16:37:23 - INFO - epoch-44, train_loss-31.9452, train_rmse-5.6520, valid_rmse-5.0143, valid_pr-0.5981
2024-09-25 16:37:26 - INFO - epoch-45, train_loss-31.5438, train_rmse-5.6164, valid_rmse-4.8842, valid_pr-0.5908
2024-09-25 16:37:29 - INFO - epoch-46, train_loss-31.4662, train_rmse-5.6095, valid_rmse-4.7549, valid_pr-0.5952
2024-09-25 16:37:32 - INFO - epoch-47, train_loss-31.5520, train_rmse-5.6171, valid_rmse-4.7224, valid_pr-0.5990
2024-09-25 16:37:35 - INFO - epoch-48, train_loss-31.3234, train_rmse-5.5967, valid_rmse-4.7382, valid_pr-0.5944
2024-09-25 16:37:38 - INFO - epoch-49, train_loss-31.3369, train_rmse-5.5979, valid_rmse-4.6825, valid_pr-0.5838
2024-09-25 16:37:41 - INFO - epoch-50, train_loss-31.2059, train_rmse-5.5862, valid_rmse-4.5180, valid_pr-0.5693
2024-09-25 16:37:44 - INFO - epoch-51, train_loss-30.9352, train_rmse-5.5619, valid_rmse-4.4358, valid_pr-0.5700
2024-09-25 16:37:48 - INFO - epoch-52, train_loss-31.1274, train_rmse-5.5792, valid_rmse-4.4479, valid_pr-0.6050
2024-09-25 16:37:51 - INFO - epoch-53, train_loss-30.8783, train_rmse-5.5568, valid_rmse-4.4637, valid_pr-0.6184
2024-09-25 16:37:54 - INFO - epoch-54, train_loss-30.8622, train_rmse-5.5554, valid_rmse-4.4390, valid_pr-0.5834
2024-09-25 16:37:57 - INFO - epoch-55, train_loss-30.5131, train_rmse-5.5239, valid_rmse-4.5671, valid_pr-0.5834
2024-09-25 16:38:00 - INFO - epoch-56, train_loss-30.5396, train_rmse-5.5263, valid_rmse-4.5956, valid_pr-0.5415
2024-09-25 16:38:03 - INFO - epoch-57, train_loss-30.3733, train_rmse-5.5112, valid_rmse-4.6390, valid_pr-0.4957
2024-09-25 16:38:06 - INFO - epoch-58, train_loss-30.3681, train_rmse-5.5107, valid_rmse-4.5948, valid_pr-0.4252
2024-09-25 16:38:09 - INFO - epoch-59, train_loss-30.1108, train_rmse-5.4873, valid_rmse-4.4129, valid_pr-0.3707
2024-09-25 16:38:12 - INFO - epoch-60, train_loss-29.9161, train_rmse-5.4696, valid_rmse-4.2547, valid_pr-0.3384
2024-09-25 16:38:15 - INFO - epoch-61, train_loss-29.9292, train_rmse-5.4708, valid_rmse-4.2665, valid_pr-0.3301
2024-09-25 16:38:18 - INFO - epoch-62, train_loss-29.7395, train_rmse-5.4534, valid_rmse-4.3263, valid_pr-0.3238
2024-09-25 16:38:21 - INFO - epoch-63, train_loss-29.7479, train_rmse-5.4542, valid_rmse-4.3322, valid_pr-0.3234
2024-09-25 16:38:24 - INFO - epoch-64, train_loss-29.6498, train_rmse-5.4452, valid_rmse-4.2785, valid_pr-0.3248
2024-09-25 16:38:27 - INFO - epoch-65, train_loss-29.5574, train_rmse-5.4367, valid_rmse-4.4154, valid_pr-0.3404
2024-09-25 16:38:30 - INFO - epoch-66, train_loss-29.3156, train_rmse-5.4144, valid_rmse-4.5360, valid_pr-0.3532
2024-09-25 16:38:33 - INFO - epoch-67, train_loss-29.2665, train_rmse-5.4099, valid_rmse-4.6402, valid_pr-0.3735
2024-09-25 16:38:36 - INFO - epoch-68, train_loss-29.1634, train_rmse-5.4003, valid_rmse-4.6780, valid_pr-0.4001
2024-09-25 16:38:38 - INFO - epoch-69, train_loss-28.8866, train_rmse-5.3746, valid_rmse-4.6592, valid_pr-0.4200
2024-09-25 16:38:41 - INFO - epoch-70, train_loss-28.7203, train_rmse-5.3591, valid_rmse-4.5851, valid_pr-0.4124
2024-09-25 16:38:44 - INFO - epoch-71, train_loss-28.7510, train_rmse-5.3620, valid_rmse-4.4982, valid_pr-0.3894
2024-09-25 16:38:47 - INFO - epoch-72, train_loss-28.4108, train_rmse-5.3302, valid_rmse-4.4504, valid_pr-0.3689
2024-09-25 16:38:50 - INFO - epoch-73, train_loss-28.3621, train_rmse-5.3256, valid_rmse-4.4925, valid_pr-0.3529
2024-09-25 16:38:53 - INFO - epoch-74, train_loss-28.1115, train_rmse-5.3020, valid_rmse-4.5568, valid_pr-0.3378
2024-09-25 16:38:56 - INFO - epoch-75, train_loss-28.0588, train_rmse-5.2971, valid_rmse-4.5959, valid_pr-0.3288
2024-09-25 16:38:59 - INFO - epoch-76, train_loss-27.8890, train_rmse-5.2810, valid_rmse-4.6643, valid_pr-0.3113
2024-09-25 16:39:02 - INFO - epoch-77, train_loss-27.6003, train_rmse-5.2536, valid_rmse-4.6667, valid_pr-0.3089
2024-09-25 16:39:05 - INFO - epoch-78, train_loss-27.6109, train_rmse-5.2546, valid_rmse-4.6809, valid_pr-0.2895
2024-09-25 16:39:09 - INFO - epoch-79, train_loss-27.3264, train_rmse-5.2275, valid_rmse-4.6957, valid_pr-0.2810
2024-09-25 16:39:12 - INFO - epoch-80, train_loss-27.1792, train_rmse-5.2134, valid_rmse-4.7655, valid_pr-0.2633
2024-09-25 16:39:14 - INFO - epoch-81, train_loss-27.0604, train_rmse-5.2020, valid_rmse-4.8440, valid_pr-0.2555
2024-09-25 16:39:17 - INFO - epoch-82, train_loss-26.8905, train_rmse-5.1856, valid_rmse-4.8652, valid_pr-0.2646
2024-09-25 16:39:20 - INFO - epoch-83, train_loss-26.7349, train_rmse-5.1706, valid_rmse-4.9126, valid_pr-0.3061
2024-09-25 16:39:23 - INFO - epoch-84, train_loss-26.5430, train_rmse-5.1520, valid_rmse-4.9725, valid_pr-0.3480
2024-09-25 16:39:26 - INFO - epoch-85, train_loss-26.3544, train_rmse-5.1337, valid_rmse-5.0329, valid_pr-0.4094
2024-09-25 16:39:29 - INFO - epoch-86, train_loss-26.2636, train_rmse-5.1248, valid_rmse-5.0643, valid_pr-0.4508
2024-09-25 16:39:32 - INFO - epoch-87, train_loss-25.9816, train_rmse-5.0972, valid_rmse-5.1113, valid_pr-0.4446
2024-09-25 16:39:35 - INFO - epoch-88, train_loss-25.7637, train_rmse-5.0758, valid_rmse-5.0551, valid_pr-0.4261
2024-09-25 16:39:38 - INFO - epoch-89, train_loss-25.6196, train_rmse-5.0616, valid_rmse-5.0187, valid_pr-0.4474
2024-09-25 16:39:41 - INFO - epoch-90, train_loss-25.4800, train_rmse-5.0478, valid_rmse-5.0367, valid_pr-0.4392
2024-09-25 16:39:44 - INFO - epoch-91, train_loss-25.3870, train_rmse-5.0386, valid_rmse-5.0406, valid_pr-0.4518
2024-09-25 16:39:47 - INFO - epoch-92, train_loss-25.0293, train_rmse-5.0029, valid_rmse-4.9918, valid_pr-0.4906
2024-09-25 16:39:50 - INFO - epoch-93, train_loss-25.0214, train_rmse-5.0021, valid_rmse-5.0093, valid_pr-0.5247
2024-09-25 16:39:53 - INFO - epoch-94, train_loss-24.7711, train_rmse-4.9771, valid_rmse-5.0050, valid_pr-0.5452
2024-09-25 16:39:56 - INFO - epoch-95, train_loss-24.5528, train_rmse-4.9551, valid_rmse-4.9170, valid_pr-0.6403
2024-09-25 16:39:59 - INFO - epoch-96, train_loss-24.3460, train_rmse-4.9342, valid_rmse-4.8230, valid_pr-0.6828
2024-09-25 16:40:02 - INFO - epoch-97, train_loss-24.0796, train_rmse-4.9071, valid_rmse-4.7117, valid_pr-0.6988
2024-09-25 16:40:05 - INFO - epoch-98, train_loss-23.9204, train_rmse-4.8908, valid_rmse-4.6097, valid_pr-0.6683
2024-09-25 16:40:08 - INFO - epoch-99, train_loss-23.8182, train_rmse-4.8804, valid_rmse-4.5313, valid_pr-0.6335
2024-09-25 16:40:11 - INFO - epoch-100, train_loss-23.6270, train_rmse-4.8608, valid_rmse-4.4726, valid_pr-0.6155
2024-09-25 16:40:14 - INFO - epoch-101, train_loss-23.5613, train_rmse-4.8540, valid_rmse-4.4511, valid_pr-0.6179
2024-09-25 16:40:17 - INFO - epoch-102, train_loss-23.0701, train_rmse-4.8031, valid_rmse-4.4607, valid_pr-0.6402
2024-09-25 16:40:20 - INFO - epoch-103, train_loss-22.8241, train_rmse-4.7775, valid_rmse-4.5245, valid_pr-0.6521
2024-09-25 16:40:23 - INFO - epoch-104, train_loss-22.8326, train_rmse-4.7784, valid_rmse-4.5571, valid_pr-0.6877
2024-09-25 16:40:26 - INFO - epoch-105, train_loss-22.5148, train_rmse-4.7450, valid_rmse-4.6170, valid_pr-0.6915
2024-09-25 16:40:29 - INFO - epoch-106, train_loss-22.2968, train_rmse-4.7220, valid_rmse-4.6368, valid_pr-0.6693
2024-09-25 16:40:32 - INFO - epoch-107, train_loss-22.0969, train_rmse-4.7007, valid_rmse-4.6068, valid_pr-0.6831
2024-09-25 16:40:35 - INFO - epoch-108, train_loss-21.9633, train_rmse-4.6865, valid_rmse-4.5888, valid_pr-0.5976
2024-09-25 16:40:38 - INFO - epoch-109, train_loss-21.8065, train_rmse-4.6697, valid_rmse-4.5254, valid_pr-0.6285
2024-09-25 16:40:41 - INFO - epoch-110, train_loss-21.5604, train_rmse-4.6433, valid_rmse-4.4643, valid_pr-0.6168
2024-09-25 16:40:44 - INFO - epoch-111, train_loss-21.1581, train_rmse-4.5998, valid_rmse-4.4699, valid_pr-0.6299
2024-09-25 16:40:47 - INFO - epoch-112, train_loss-21.0825, train_rmse-4.5916, valid_rmse-4.4563, valid_pr-0.6741
2024-09-25 16:40:50 - INFO - epoch-113, train_loss-20.9680, train_rmse-4.5791, valid_rmse-4.4720, valid_pr-0.6463
2024-09-25 16:40:53 - INFO - epoch-114, train_loss-20.5863, train_rmse-4.5372, valid_rmse-4.4068, valid_pr-0.6418
2024-09-25 16:40:56 - INFO - epoch-115, train_loss-20.3657, train_rmse-4.5128, valid_rmse-4.3213, valid_pr-0.6342
2024-09-25 16:40:59 - INFO - epoch-116, train_loss-20.3375, train_rmse-4.5097, valid_rmse-4.3393, valid_pr-0.5896
2024-09-25 16:41:02 - INFO - epoch-117, train_loss-19.8947, train_rmse-4.4603, valid_rmse-4.4686, valid_pr-0.5349
2024-09-25 16:41:05 - INFO - epoch-118, train_loss-19.7907, train_rmse-4.4487, valid_rmse-4.5960, valid_pr-0.4360
2024-09-25 16:41:09 - INFO - epoch-119, train_loss-19.6705, train_rmse-4.4351, valid_rmse-4.5931, valid_pr-0.3518
2024-09-25 16:41:11 - INFO - epoch-120, train_loss-19.1509, train_rmse-4.3762, valid_rmse-4.5767, valid_pr-0.2809
2024-09-25 16:41:14 - INFO - epoch-121, train_loss-19.1426, train_rmse-4.3752, valid_rmse-4.4109, valid_pr-0.3577
2024-09-25 16:41:18 - INFO - epoch-122, train_loss-19.0010, train_rmse-4.3590, valid_rmse-4.2143, valid_pr-0.4887
2024-09-25 16:41:21 - INFO - epoch-123, train_loss-18.6195, train_rmse-4.3150, valid_rmse-4.0697, valid_pr-0.6077
2024-09-25 16:41:24 - INFO - epoch-124, train_loss-18.4259, train_rmse-4.2925, valid_rmse-4.0185, valid_pr-0.6711
2024-09-25 16:41:27 - INFO - epoch-125, train_loss-18.0780, train_rmse-4.2518, valid_rmse-4.0426, valid_pr-0.7305
2024-09-25 16:41:30 - INFO - epoch-126, train_loss-17.9310, train_rmse-4.2345, valid_rmse-4.1442, valid_pr-0.7914
2024-09-25 16:41:33 - INFO - epoch-127, train_loss-17.6300, train_rmse-4.1988, valid_rmse-4.2165, valid_pr-0.7458
2024-09-25 16:41:36 - INFO - epoch-128, train_loss-17.9074, train_rmse-4.2317, valid_rmse-4.1968, valid_pr-0.6553
2024-09-25 16:41:39 - INFO - epoch-129, train_loss-17.4374, train_rmse-4.1758, valid_rmse-4.1939, valid_pr-0.5886
2024-09-25 16:41:42 - INFO - epoch-130, train_loss-17.2784, train_rmse-4.1567, valid_rmse-4.1932, valid_pr-0.4109
2024-09-25 16:41:45 - INFO - epoch-131, train_loss-16.9440, train_rmse-4.1163, valid_rmse-4.1563, valid_pr-0.3819
2024-09-25 16:41:48 - INFO - epoch-132, train_loss-16.7838, train_rmse-4.0968, valid_rmse-4.0590, valid_pr-0.4831
2024-09-25 16:41:51 - INFO - epoch-133, train_loss-16.4099, train_rmse-4.0509, valid_rmse-3.9324, valid_pr-0.6660
2024-09-25 16:41:54 - INFO - epoch-134, train_loss-16.0072, train_rmse-4.0009, valid_rmse-3.7967, valid_pr-0.7572
2024-09-25 16:41:57 - INFO - epoch-135, train_loss-15.9633, train_rmse-3.9954, valid_rmse-3.6913, valid_pr-0.7829
2024-09-25 16:42:00 - INFO - epoch-136, train_loss-15.8237, train_rmse-3.9779, valid_rmse-3.6598, valid_pr-0.7646
2024-09-25 16:42:03 - INFO - epoch-137, train_loss-15.5512, train_rmse-3.9435, valid_rmse-3.6576, valid_pr-0.7889
2024-09-25 16:42:06 - INFO - epoch-138, train_loss-15.3243, train_rmse-3.9146, valid_rmse-3.7110, valid_pr-0.8016
2024-09-25 16:42:09 - INFO - epoch-139, train_loss-15.3187, train_rmse-3.9139, valid_rmse-3.7479, valid_pr-0.7773
2024-09-25 16:42:12 - INFO - epoch-140, train_loss-14.8430, train_rmse-3.8527, valid_rmse-3.7191, valid_pr-0.7806
2024-09-25 16:42:15 - INFO - epoch-141, train_loss-14.9655, train_rmse-3.8685, valid_rmse-3.6138, valid_pr-0.7550
2024-09-25 16:42:18 - INFO - epoch-142, train_loss-14.6450, train_rmse-3.8269, valid_rmse-3.4322, valid_pr-0.6567
2024-09-25 16:42:21 - INFO - epoch-143, train_loss-14.2629, train_rmse-3.7766, valid_rmse-3.3258, valid_pr-0.5730
2024-09-25 16:42:24 - INFO - epoch-144, train_loss-14.0020, train_rmse-3.7419, valid_rmse-3.2458, valid_pr-0.5483
2024-09-25 16:42:27 - INFO - epoch-145, train_loss-13.8696, train_rmse-3.7242, valid_rmse-3.1926, valid_pr-0.6467
2024-09-25 16:42:31 - INFO - epoch-146, train_loss-13.5293, train_rmse-3.6782, valid_rmse-3.1756, valid_pr-0.7483
2024-09-25 16:42:34 - INFO - epoch-147, train_loss-13.3021, train_rmse-3.6472, valid_rmse-3.1507, valid_pr-0.7757
2024-09-25 16:42:37 - INFO - epoch-148, train_loss-13.5554, train_rmse-3.6818, valid_rmse-3.1375, valid_pr-0.7838
2024-09-25 16:42:40 - INFO - epoch-149, train_loss-12.7294, train_rmse-3.5678, valid_rmse-3.0575, valid_pr-0.7842
2024-09-25 16:42:43 - INFO - epoch-150, train_loss-12.8321, train_rmse-3.5822, valid_rmse-3.0149, valid_pr-0.7628
2024-09-25 16:42:46 - INFO - epoch-151, train_loss-12.5922, train_rmse-3.5486, valid_rmse-2.9483, valid_pr-0.7355
2024-09-25 16:42:49 - INFO - epoch-152, train_loss-12.2829, train_rmse-3.5047, valid_rmse-2.9050, valid_pr-0.7139
2024-09-25 16:42:52 - INFO - epoch-153, train_loss-12.0545, train_rmse-3.4720, valid_rmse-2.8263, valid_pr-0.6199
2024-09-25 16:42:55 - INFO - epoch-154, train_loss-11.9601, train_rmse-3.4583, valid_rmse-2.7983, valid_pr-0.5349
2024-09-25 16:42:58 - INFO - epoch-155, train_loss-11.6338, train_rmse-3.4108, valid_rmse-2.7486, valid_pr-0.4578
2024-09-25 16:43:01 - INFO - epoch-156, train_loss-11.4546, train_rmse-3.3845, valid_rmse-2.7564, valid_pr-0.4341
2024-09-25 16:43:04 - INFO - epoch-157, train_loss-11.0536, train_rmse-3.3247, valid_rmse-2.7434, valid_pr-0.4332
2024-09-25 16:43:07 - INFO - epoch-158, train_loss-10.9659, train_rmse-3.3115, valid_rmse-2.7794, valid_pr-0.4355
2024-09-25 16:43:10 - INFO - epoch-159, train_loss-10.7546, train_rmse-3.2794, valid_rmse-2.7701, valid_pr-0.4566
2024-09-25 16:43:13 - INFO - epoch-160, train_loss-10.7345, train_rmse-3.2764, valid_rmse-2.7575, valid_pr-0.4887
2024-09-25 16:43:17 - INFO - epoch-161, train_loss-10.4770, train_rmse-3.2368, valid_rmse-2.7331, valid_pr-0.5504
2024-09-25 16:43:20 - INFO - epoch-162, train_loss-10.4773, train_rmse-3.2369, valid_rmse-2.5902, valid_pr-0.6878
2024-09-25 16:43:23 - INFO - epoch-163, train_loss-10.0786, train_rmse-3.1747, valid_rmse-2.4943, valid_pr-0.7618
2024-09-25 16:43:26 - INFO - epoch-164, train_loss-9.8639, train_rmse-3.1407, valid_rmse-2.4098, valid_pr-0.7845
2024-09-25 16:43:29 - INFO - epoch-165, train_loss-10.5169, train_rmse-3.2430, valid_rmse-2.3146, valid_pr-0.7591
2024-09-25 16:43:32 - INFO - epoch-166, train_loss-9.6207, train_rmse-3.1017, valid_rmse-2.1751, valid_pr-0.7326
2024-09-25 16:43:35 - INFO - epoch-167, train_loss-9.2732, train_rmse-3.0452, valid_rmse-2.0582, valid_pr-0.6879
2024-09-25 16:43:38 - INFO - epoch-168, train_loss-9.4533, train_rmse-3.0746, valid_rmse-2.0482, valid_pr-0.6278
2024-09-25 16:43:41 - INFO - epoch-169, train_loss-9.1206, train_rmse-3.0200, valid_rmse-2.0294, valid_pr-0.6432
2024-09-25 16:43:45 - INFO - epoch-170, train_loss-8.8503, train_rmse-2.9750, valid_rmse-2.0768, valid_pr-0.6464
2024-09-25 16:43:47 - INFO - epoch-171, train_loss-8.7470, train_rmse-2.9575, valid_rmse-2.1917, valid_pr-0.6520
2024-09-25 16:43:51 - INFO - epoch-172, train_loss-8.4597, train_rmse-2.9086, valid_rmse-2.2647, valid_pr-0.6916
2024-09-25 16:43:54 - INFO - epoch-173, train_loss-8.3471, train_rmse-2.8891, valid_rmse-2.3120, valid_pr-0.6743
2024-09-25 16:43:57 - INFO - epoch-174, train_loss-8.2018, train_rmse-2.8639, valid_rmse-2.3843, valid_pr-0.6322
2024-09-25 16:44:00 - INFO - epoch-175, train_loss-8.0731, train_rmse-2.8413, valid_rmse-2.4168, valid_pr-0.5883
2024-09-25 16:44:03 - INFO - epoch-176, train_loss-7.7891, train_rmse-2.7909, valid_rmse-2.4209, valid_pr-0.4425
2024-09-25 16:44:06 - INFO - epoch-177, train_loss-7.7857, train_rmse-2.7903, valid_rmse-2.3909, valid_pr-0.3245
2024-09-25 16:44:09 - INFO - epoch-178, train_loss-7.4672, train_rmse-2.7326, valid_rmse-2.3519, valid_pr-0.2886
2024-09-25 16:44:12 - INFO - epoch-179, train_loss-7.3268, train_rmse-2.7068, valid_rmse-2.3874, valid_pr-0.3009
2024-09-25 16:44:15 - INFO - epoch-180, train_loss-7.0566, train_rmse-2.6564, valid_rmse-2.3898, valid_pr-0.3214
2024-09-25 16:44:18 - INFO - epoch-181, train_loss-7.0862, train_rmse-2.6620, valid_rmse-2.3649, valid_pr-0.3883
2024-09-25 16:44:21 - INFO - epoch-182, train_loss-7.2042, train_rmse-2.6841, valid_rmse-2.4254, valid_pr-0.4484
2024-09-25 16:44:24 - INFO - epoch-183, train_loss-6.5830, train_rmse-2.5657, valid_rmse-2.4565, valid_pr-0.4794
2024-09-25 16:44:27 - INFO - epoch-184, train_loss-6.5012, train_rmse-2.5497, valid_rmse-2.4290, valid_pr-0.4668
2024-09-25 16:44:30 - INFO - epoch-185, train_loss-6.5666, train_rmse-2.5625, valid_rmse-2.3946, valid_pr-0.4360
2024-09-25 16:44:33 - INFO - epoch-186, train_loss-6.3216, train_rmse-2.5143, valid_rmse-2.4236, valid_pr-0.4038
2024-09-25 16:44:36 - INFO - epoch-187, train_loss-6.1636, train_rmse-2.4827, valid_rmse-2.4787, valid_pr-0.3808
2024-09-25 16:44:39 - INFO - epoch-188, train_loss-6.0780, train_rmse-2.4654, valid_rmse-2.5289, valid_pr-0.3563
2024-09-25 16:44:42 - INFO - epoch-189, train_loss-5.8321, train_rmse-2.4150, valid_rmse-2.6262, valid_pr-0.2575
2024-09-25 16:44:45 - INFO - epoch-190, train_loss-6.1684, train_rmse-2.4836, valid_rmse-2.6550, valid_pr-0.1454
2024-09-25 16:44:48 - INFO - epoch-191, train_loss-5.3649, train_rmse-2.3162, valid_rmse-2.5671, valid_pr-0.1189
2024-09-25 16:44:51 - INFO - epoch-192, train_loss-5.7667, train_rmse-2.4014, valid_rmse-2.3434, valid_pr-0.1853
2024-09-25 16:44:54 - INFO - epoch-193, train_loss-5.4834, train_rmse-2.3417, valid_rmse-2.1272, valid_pr-0.2288
2024-09-25 16:44:57 - INFO - epoch-194, train_loss-5.1916, train_rmse-2.2785, valid_rmse-1.9551, valid_pr-0.2571
2024-09-25 16:45:00 - INFO - epoch-195, train_loss-4.8676, train_rmse-2.2063, valid_rmse-1.8662, valid_pr-0.2505
2024-09-25 16:45:03 - INFO - epoch-196, train_loss-5.0026, train_rmse-2.2366, valid_rmse-1.8778, valid_pr-0.2209
2024-09-25 16:45:06 - INFO - epoch-197, train_loss-5.4987, train_rmse-2.3449, valid_rmse-1.9083, valid_pr-0.3817
2024-09-25 16:45:10 - INFO - epoch-198, train_loss-4.7733, train_rmse-2.1848, valid_rmse-1.9131, valid_pr-0.6153
2024-09-25 16:45:13 - INFO - epoch-199, train_loss-4.4427, train_rmse-2.1078, valid_rmse-1.8864, valid_pr-0.6947
2024-09-25 16:45:16 - INFO - epoch-200, train_loss-4.6585, train_rmse-2.1583, valid_rmse-1.7763, valid_pr-0.7073
2024-09-25 16:45:19 - INFO - epoch-201, train_loss-4.5741, train_rmse-2.1387, valid_rmse-1.6952, valid_pr-0.5806
2024-09-25 16:45:22 - INFO - epoch-202, train_loss-4.6154, train_rmse-2.1483, valid_rmse-1.6200, valid_pr-0.4587
2024-09-25 16:45:25 - INFO - epoch-203, train_loss-4.2937, train_rmse-2.0721, valid_rmse-1.5854, valid_pr-0.3928
2024-09-25 16:45:28 - INFO - epoch-204, train_loss-3.8462, train_rmse-1.9612, valid_rmse-1.5526, valid_pr-0.3743
2024-09-25 16:45:31 - INFO - epoch-205, train_loss-4.2559, train_rmse-2.0630, valid_rmse-1.5295, valid_pr-0.3981
2024-09-25 16:45:34 - INFO - epoch-206, train_loss-3.8801, train_rmse-1.9698, valid_rmse-1.5156, valid_pr-0.4123
2024-09-25 16:45:37 - INFO - epoch-207, train_loss-3.7329, train_rmse-1.9321, valid_rmse-1.5387, valid_pr-0.4393
2024-09-25 16:45:40 - INFO - epoch-208, train_loss-4.3984, train_rmse-2.0972, valid_rmse-1.6153, valid_pr-0.5251
2024-09-25 16:45:43 - INFO - epoch-209, train_loss-3.3494, train_rmse-1.8301, valid_rmse-1.6938, valid_pr-0.5660
2024-09-25 16:45:46 - INFO - epoch-210, train_loss-3.2492, train_rmse-1.8026, valid_rmse-1.7824, valid_pr-0.5375
2024-09-25 16:45:49 - INFO - epoch-211, train_loss-3.3002, train_rmse-1.8167, valid_rmse-1.8529, valid_pr-0.4989
2024-09-25 16:45:52 - INFO - epoch-212, train_loss-3.3754, train_rmse-1.8372, valid_rmse-1.8661, valid_pr-0.5513
2024-09-25 16:45:55 - INFO - epoch-213, train_loss-3.3383, train_rmse-1.8271, valid_rmse-1.8693, valid_pr-0.5725
2024-09-25 16:45:57 - INFO - epoch-214, train_loss-3.3856, train_rmse-1.8400, valid_rmse-1.8479, valid_pr-0.5405
2024-09-25 16:46:00 - INFO - epoch-215, train_loss-3.1253, train_rmse-1.7678, valid_rmse-1.8211, valid_pr-0.5539
2024-09-25 16:46:04 - INFO - epoch-216, train_loss-2.7671, train_rmse-1.6635, valid_rmse-1.8160, valid_pr-0.5493
2024-09-25 16:46:07 - INFO - epoch-217, train_loss-3.5235, train_rmse-1.8771, valid_rmse-1.7425, valid_pr-0.5494
2024-09-25 16:46:10 - INFO - epoch-218, train_loss-3.2435, train_rmse-1.8010, valid_rmse-1.5794, valid_pr-0.6336
2024-09-25 16:46:13 - INFO - epoch-219, train_loss-2.7350, train_rmse-1.6538, valid_rmse-1.4368, valid_pr-0.8105
2024-09-25 16:46:16 - INFO - epoch-220, train_loss-2.6903, train_rmse-1.6402, valid_rmse-1.3739, valid_pr-0.8239
2024-09-25 16:46:19 - INFO - epoch-221, train_loss-2.9104, train_rmse-1.7060, valid_rmse-1.3589, valid_pr-0.7608
2024-09-25 16:46:22 - INFO - epoch-222, train_loss-2.5871, train_rmse-1.6084, valid_rmse-1.4086, valid_pr-0.6808
2024-09-25 16:46:25 - INFO - epoch-223, train_loss-2.9557, train_rmse-1.7192, valid_rmse-1.4548, valid_pr-0.6571
2024-09-25 16:46:28 - INFO - epoch-224, train_loss-2.4084, train_rmse-1.5519, valid_rmse-1.4646, valid_pr-0.6451
2024-09-25 16:46:31 - INFO - epoch-225, train_loss-2.8279, train_rmse-1.6816, valid_rmse-1.4589, valid_pr-0.6558
2024-09-25 16:46:34 - INFO - epoch-226, train_loss-2.4931, train_rmse-1.5790, valid_rmse-1.4322, valid_pr-0.6856
2024-09-25 16:46:38 - INFO - epoch-227, train_loss-2.7617, train_rmse-1.6618, valid_rmse-1.3912, valid_pr-0.7412
2024-09-25 16:46:41 - INFO - epoch-228, train_loss-2.4863, train_rmse-1.5768, valid_rmse-1.3542, valid_pr-0.7926
2024-09-25 16:46:44 - INFO - epoch-229, train_loss-2.2813, train_rmse-1.5104, valid_rmse-1.3328, valid_pr-0.7877
2024-09-25 16:46:47 - INFO - epoch-230, train_loss-2.3093, train_rmse-1.5196, valid_rmse-1.3335, valid_pr-0.7535
2024-09-25 16:46:50 - INFO - epoch-231, train_loss-2.3165, train_rmse-1.5220, valid_rmse-1.3209, valid_pr-0.7517
2024-09-25 16:46:53 - INFO - epoch-232, train_loss-2.2965, train_rmse-1.5154, valid_rmse-1.2866, valid_pr-0.7366
2024-09-25 16:46:56 - INFO - epoch-233, train_loss-2.0984, train_rmse-1.4486, valid_rmse-1.2112, valid_pr-0.7497
2024-09-25 16:46:59 - INFO - epoch-234, train_loss-2.3510, train_rmse-1.5333, valid_rmse-1.1432, valid_pr-0.7711
2024-09-25 16:47:02 - INFO - epoch-235, train_loss-1.6082, train_rmse-1.2682, valid_rmse-1.1122, valid_pr-0.7726
2024-09-25 16:47:05 - INFO - epoch-236, train_loss-1.8110, train_rmse-1.3457, valid_rmse-1.1170, valid_pr-0.7894
2024-09-25 16:47:08 - INFO - epoch-237, train_loss-1.8088, train_rmse-1.3449, valid_rmse-1.1347, valid_pr-0.8097
2024-09-25 16:47:11 - INFO - epoch-238, train_loss-1.6918, train_rmse-1.3007, valid_rmse-1.1680, valid_pr-0.8151
2024-09-25 16:47:14 - INFO - epoch-239, train_loss-2.2486, train_rmse-1.4995, valid_rmse-1.2043, valid_pr-0.8009
2024-09-25 16:47:17 - INFO - epoch-240, train_loss-2.1821, train_rmse-1.4772, valid_rmse-1.2386, valid_pr-0.7743
2024-09-25 16:47:20 - INFO - epoch-241, train_loss-1.5797, train_rmse-1.2568, valid_rmse-1.2860, valid_pr-0.7180
2024-09-25 16:47:23 - INFO - epoch-242, train_loss-1.7554, train_rmse-1.3249, valid_rmse-1.3124, valid_pr-0.6731
2024-09-25 16:47:26 - INFO - epoch-243, train_loss-1.8723, train_rmse-1.3683, valid_rmse-1.3708, valid_pr-0.5789
2024-09-25 16:47:29 - INFO - epoch-244, train_loss-1.6165, train_rmse-1.2714, valid_rmse-1.4065, valid_pr-0.4954
2024-09-25 16:47:33 - INFO - epoch-245, train_loss-1.5391, train_rmse-1.2406, valid_rmse-1.4192, valid_pr-0.4146
2024-09-25 16:47:36 - INFO - epoch-246, train_loss-1.4838, train_rmse-1.2181, valid_rmse-1.4470, valid_pr-0.2776
2024-09-25 16:47:39 - INFO - epoch-247, train_loss-1.6203, train_rmse-1.2729, valid_rmse-1.4340, valid_pr-0.2956
2024-09-25 16:47:42 - INFO - epoch-248, train_loss-1.8721, train_rmse-1.3682, valid_rmse-1.4354, valid_pr-0.2570
2024-09-25 16:47:45 - INFO - epoch-249, train_loss-1.5217, train_rmse-1.2336, valid_rmse-1.4505, valid_pr-0.2089
2024-09-25 16:47:48 - INFO - epoch-250, train_loss-1.7346, train_rmse-1.3171, valid_rmse-1.5057, valid_pr-0.0742
2024-09-25 16:47:51 - INFO - epoch-251, train_loss-1.5316, train_rmse-1.2376, valid_rmse-1.5464, valid_pr-0.0077
2024-09-25 16:47:54 - INFO - epoch-252, train_loss-1.3909, train_rmse-1.1794, valid_rmse-1.5943, valid_pr--0.0538
2024-09-25 16:47:57 - INFO - epoch-253, train_loss-1.2771, train_rmse-1.1301, valid_rmse-1.6099, valid_pr--0.0502
2024-09-25 16:48:00 - INFO - epoch-254, train_loss-1.7637, train_rmse-1.3280, valid_rmse-1.5881, valid_pr--0.0150
2024-09-25 16:48:03 - INFO - epoch-255, train_loss-1.4730, train_rmse-1.2137, valid_rmse-1.5605, valid_pr-0.0050
2024-09-25 16:48:06 - INFO - epoch-256, train_loss-1.1894, train_rmse-1.0906, valid_rmse-1.5442, valid_pr-0.0276
2024-09-25 16:48:09 - INFO - epoch-257, train_loss-1.4369, train_rmse-1.1987, valid_rmse-1.5587, valid_pr-0.0008
2024-09-25 16:48:12 - INFO - epoch-258, train_loss-1.2265, train_rmse-1.1075, valid_rmse-1.6146, valid_pr--0.0799
2024-09-25 16:48:15 - INFO - epoch-259, train_loss-1.5531, train_rmse-1.2462, valid_rmse-1.6403, valid_pr--0.1215
2024-09-25 16:48:18 - INFO - epoch-260, train_loss-1.4067, train_rmse-1.1860, valid_rmse-1.6496, valid_pr--0.1396
2024-09-25 16:48:21 - INFO - epoch-261, train_loss-1.7427, train_rmse-1.3201, valid_rmse-1.6346, valid_pr--0.1132
2024-09-25 16:48:24 - INFO - epoch-262, train_loss-1.0868, train_rmse-1.0425, valid_rmse-1.6296, valid_pr--0.1416
2024-09-25 16:48:27 - INFO - epoch-263, train_loss-1.3971, train_rmse-1.1820, valid_rmse-1.6067, valid_pr--0.1292
2024-09-25 16:48:30 - INFO - epoch-264, train_loss-1.0893, train_rmse-1.0437, valid_rmse-1.5613, valid_pr--0.0308
2024-09-25 16:48:33 - INFO - epoch-265, train_loss-1.1555, train_rmse-1.0750, valid_rmse-1.5266, valid_pr-0.0752
2024-09-25 16:48:36 - INFO - epoch-266, train_loss-1.1097, train_rmse-1.0534, valid_rmse-1.4589, valid_pr-0.2333
2024-09-25 16:48:39 - INFO - epoch-267, train_loss-1.0687, train_rmse-1.0338, valid_rmse-1.3866, valid_pr-0.3737
2024-09-25 16:48:42 - INFO - epoch-268, train_loss-1.8188, train_rmse-1.3486, valid_rmse-1.3758, valid_pr-0.3913
2024-09-25 16:48:45 - INFO - epoch-269, train_loss-0.6989, train_rmse-0.8360, valid_rmse-1.3441, valid_pr-0.4354
2024-09-25 16:48:48 - INFO - epoch-270, train_loss-1.1021, train_rmse-1.0498, valid_rmse-1.2876, valid_pr-0.5109
2024-09-25 16:48:52 - INFO - epoch-271, train_loss-1.2169, train_rmse-1.1031, valid_rmse-1.2354, valid_pr-0.5794
2024-09-25 16:48:55 - INFO - epoch-272, train_loss-1.2484, train_rmse-1.1173, valid_rmse-1.1865, valid_pr-0.6269
2024-09-25 16:48:58 - INFO - epoch-273, train_loss-1.1581, train_rmse-1.0762, valid_rmse-1.1479, valid_pr-0.6596
2024-09-25 16:49:01 - INFO - epoch-274, train_loss-1.0747, train_rmse-1.0367, valid_rmse-1.1314, valid_pr-0.6703
2024-09-25 16:49:03 - INFO - epoch-275, train_loss-0.9294, train_rmse-0.9641, valid_rmse-1.1230, valid_pr-0.6702
2024-09-25 16:49:06 - INFO - epoch-276, train_loss-1.3488, train_rmse-1.1614, valid_rmse-1.1006, valid_pr-0.7039
2024-09-25 16:49:09 - INFO - epoch-277, train_loss-1.2552, train_rmse-1.1203, valid_rmse-1.1088, valid_pr-0.7105
2024-09-25 16:49:12 - INFO - epoch-278, train_loss-1.5192, train_rmse-1.2326, valid_rmse-1.1212, valid_pr-0.7264
2024-09-25 16:49:15 - INFO - epoch-279, train_loss-1.3270, train_rmse-1.1519, valid_rmse-1.1427, valid_pr-0.7509
2024-09-25 16:49:18 - INFO - epoch-280, train_loss-1.1066, train_rmse-1.0519, valid_rmse-1.1951, valid_pr-0.7403
2024-09-25 16:49:21 - INFO - epoch-281, train_loss-1.6224, train_rmse-1.2737, valid_rmse-1.2143, valid_pr-0.7518
2024-09-25 16:49:24 - INFO - epoch-282, train_loss-0.8838, train_rmse-0.9401, valid_rmse-1.2474, valid_pr-0.7402
2024-09-25 16:49:27 - INFO - epoch-283, train_loss-1.6067, train_rmse-1.2676, valid_rmse-1.2340, valid_pr-0.7872
2024-09-25 16:49:30 - INFO - epoch-284, train_loss-1.3180, train_rmse-1.1480, valid_rmse-1.2393, valid_pr-0.7754
2024-09-25 16:49:33 - INFO - epoch-285, train_loss-1.4041, train_rmse-1.1850, valid_rmse-1.2359, valid_pr-0.7077
2024-09-25 16:49:37 - INFO - epoch-286, train_loss-0.8625, train_rmse-0.9287, valid_rmse-1.2457, valid_pr-0.6448
2024-09-25 16:49:40 - INFO - epoch-287, train_loss-1.2373, train_rmse-1.1124, valid_rmse-1.2662, valid_pr-0.6439
2024-09-25 16:49:43 - INFO - epoch-288, train_loss-1.3248, train_rmse-1.1510, valid_rmse-1.2492, valid_pr-0.6890
2024-09-25 16:49:46 - INFO - epoch-289, train_loss-1.0715, train_rmse-1.0351, valid_rmse-1.2735, valid_pr-0.6744
2024-09-25 16:49:49 - INFO - epoch-290, train_loss-1.2535, train_rmse-1.1196, valid_rmse-1.2879, valid_pr-0.6308
2024-09-25 16:49:52 - INFO - epoch-291, train_loss-0.9310, train_rmse-0.9649, valid_rmse-1.3288, valid_pr-0.5468
2024-09-25 16:49:55 - INFO - epoch-292, train_loss-0.8429, train_rmse-0.9181, valid_rmse-1.3763, valid_pr-0.4314
2024-09-25 16:49:58 - INFO - epoch-293, train_loss-1.5315, train_rmse-1.2376, valid_rmse-1.4379, valid_pr-0.2502
2024-09-25 16:50:00 - INFO - epoch-294, train_loss-1.5241, train_rmse-1.2346, valid_rmse-1.5081, valid_pr-0.0976
2024-09-25 16:50:03 - INFO - epoch-295, train_loss-1.0132, train_rmse-1.0066, valid_rmse-1.5438, valid_pr-0.0717
2024-09-25 16:50:06 - INFO - epoch-296, train_loss-1.1165, train_rmse-1.0566, valid_rmse-1.5699, valid_pr-0.0861
2024-09-25 16:50:09 - INFO - epoch-297, train_loss-0.7875, train_rmse-0.8874, valid_rmse-1.5709, valid_pr-0.1270
2024-09-25 16:50:12 - INFO - epoch-298, train_loss-1.4343, train_rmse-1.1976, valid_rmse-1.5774, valid_pr-0.1474
2024-09-25 16:50:15 - INFO - epoch-299, train_loss-0.9127, train_rmse-0.9553, valid_rmse-1.5621, valid_pr-0.1820
2024-09-25 16:50:18 - INFO - epoch-300, train_loss-1.3884, train_rmse-1.1783, valid_rmse-1.5580, valid_pr-0.1857
2024-09-25 16:50:21 - INFO - epoch-301, train_loss-1.1132, train_rmse-1.0551, valid_rmse-1.5557, valid_pr-0.1839
2024-09-25 16:50:24 - INFO - epoch-302, train_loss-0.8000, train_rmse-0.8945, valid_rmse-1.5803, valid_pr-0.1692
2024-09-25 16:50:27 - INFO - epoch-303, train_loss-0.7336, train_rmse-0.8565, valid_rmse-1.5885, valid_pr-0.1635
2024-09-25 16:50:30 - INFO - epoch-304, train_loss-0.8895, train_rmse-0.9431, valid_rmse-1.5692, valid_pr-0.1801
2024-09-25 16:50:33 - INFO - epoch-305, train_loss-0.8677, train_rmse-0.9315, valid_rmse-1.5621, valid_pr-0.1701
2024-09-25 16:50:36 - INFO - epoch-306, train_loss-1.1148, train_rmse-1.0558, valid_rmse-1.5573, valid_pr-0.1653
2024-09-25 16:50:39 - INFO - epoch-307, train_loss-0.8757, train_rmse-0.9358, valid_rmse-1.5753, valid_pr-0.1443
2024-09-25 16:50:43 - INFO - epoch-308, train_loss-0.9697, train_rmse-0.9847, valid_rmse-1.5596, valid_pr-0.1607
2024-09-25 16:50:46 - INFO - epoch-309, train_loss-0.7188, train_rmse-0.8478, valid_rmse-1.5256, valid_pr-0.2140
2024-09-25 16:50:49 - INFO - epoch-310, train_loss-1.1802, train_rmse-1.0863, valid_rmse-1.5141, valid_pr-0.2349
2024-09-25 16:50:52 - INFO - epoch-311, train_loss-1.5722, train_rmse-1.2539, valid_rmse-1.5085, valid_pr-0.2425
2024-09-25 16:50:55 - INFO - epoch-312, train_loss-1.0015, train_rmse-1.0008, valid_rmse-1.5129, valid_pr-0.2299
2024-09-25 16:50:58 - INFO - epoch-313, train_loss-1.0647, train_rmse-1.0318, valid_rmse-1.5116, valid_pr-0.2191
2024-09-25 16:51:01 - INFO - epoch-314, train_loss-1.0035, train_rmse-1.0018, valid_rmse-1.5040, valid_pr-0.2042
2024-09-25 16:51:04 - INFO - epoch-315, train_loss-0.8559, train_rmse-0.9252, valid_rmse-1.4877, valid_pr-0.2146
2024-09-25 16:51:07 - INFO - epoch-316, train_loss-1.2134, train_rmse-1.1015, valid_rmse-1.4478, valid_pr-0.2582
2024-09-25 16:51:10 - INFO - epoch-317, train_loss-0.9087, train_rmse-0.9533, valid_rmse-1.4232, valid_pr-0.2913
2024-09-25 16:51:12 - INFO - epoch-318, train_loss-0.7611, train_rmse-0.8724, valid_rmse-1.4027, valid_pr-0.3294
2024-09-25 16:51:16 - INFO - epoch-319, train_loss-1.0120, train_rmse-1.0060, valid_rmse-1.3727, valid_pr-0.3934
2024-09-25 16:51:19 - INFO - epoch-320, train_loss-0.8290, train_rmse-0.9105, valid_rmse-1.3604, valid_pr-0.4507
2024-09-25 16:51:22 - INFO - epoch-321, train_loss-0.5309, train_rmse-0.7286, valid_rmse-1.3429, valid_pr-0.5220
2024-09-25 16:51:25 - INFO - epoch-322, train_loss-1.0198, train_rmse-1.0098, valid_rmse-1.3430, valid_pr-0.5626
2024-09-25 16:51:28 - INFO - epoch-323, train_loss-0.5299, train_rmse-0.7279, valid_rmse-1.3608, valid_pr-0.5602
2024-09-25 16:51:31 - INFO - epoch-324, train_loss-0.7327, train_rmse-0.8560, valid_rmse-1.3901, valid_pr-0.4857
2024-09-25 16:51:34 - INFO - epoch-325, train_loss-1.6415, train_rmse-1.2812, valid_rmse-1.4291, valid_pr-0.3853
2024-09-25 16:51:37 - INFO - epoch-326, train_loss-1.1731, train_rmse-1.0831, valid_rmse-1.4535, valid_pr-0.3243
2024-09-25 16:51:40 - INFO - epoch-327, train_loss-0.9856, train_rmse-0.9928, valid_rmse-1.4802, valid_pr-0.2620
2024-09-25 16:51:43 - INFO - epoch-328, train_loss-1.4884, train_rmse-1.2200, valid_rmse-1.5048, valid_pr-0.2159
2024-09-25 16:51:46 - INFO - epoch-329, train_loss-0.9529, train_rmse-0.9762, valid_rmse-1.4892, valid_pr-0.2336
2024-09-25 16:51:49 - INFO - epoch-330, train_loss-1.4842, train_rmse-1.2183, valid_rmse-1.4703, valid_pr-0.2355
2024-09-25 16:51:52 - INFO - epoch-331, train_loss-1.0044, train_rmse-1.0022, valid_rmse-1.4571, valid_pr-0.2416
2024-09-25 16:51:55 - INFO - epoch-332, train_loss-0.9490, train_rmse-0.9742, valid_rmse-1.4324, valid_pr-0.2794
2024-09-25 16:51:58 - INFO - epoch-333, train_loss-0.5643, train_rmse-0.7512, valid_rmse-1.4076, valid_pr-0.3358
2024-09-25 16:52:00 - INFO - epoch-334, train_loss-1.3191, train_rmse-1.1485, valid_rmse-1.3721, valid_pr-0.4467
2024-09-25 16:52:03 - INFO - epoch-335, train_loss-0.7904, train_rmse-0.8890, valid_rmse-1.3375, valid_pr-0.5713
2024-09-25 16:52:07 - INFO - epoch-336, train_loss-1.1989, train_rmse-1.0949, valid_rmse-1.3273, valid_pr-0.6199
2024-09-25 16:52:10 - INFO - epoch-337, train_loss-0.9555, train_rmse-0.9775, valid_rmse-1.3046, valid_pr-0.6838
2024-09-25 16:52:13 - INFO - epoch-338, train_loss-0.8434, train_rmse-0.9183, valid_rmse-1.3037, valid_pr-0.6915
2024-09-25 16:52:16 - INFO - epoch-339, train_loss-0.8300, train_rmse-0.9110, valid_rmse-1.3124, valid_pr-0.6760
2024-09-25 16:52:19 - INFO - epoch-340, train_loss-0.6571, train_rmse-0.8106, valid_rmse-1.3277, valid_pr-0.6388
2024-09-25 16:52:22 - INFO - epoch-341, train_loss-0.6360, train_rmse-0.7975, valid_rmse-1.3609, valid_pr-0.5732
2024-09-25 16:52:25 - INFO - epoch-342, train_loss-1.1288, train_rmse-1.0624, valid_rmse-1.3616, valid_pr-0.5634
2024-09-25 16:52:28 - INFO - epoch-343, train_loss-0.9873, train_rmse-0.9936, valid_rmse-1.3542, valid_pr-0.5821
2024-09-25 16:52:31 - INFO - epoch-344, train_loss-0.7634, train_rmse-0.8738, valid_rmse-1.3530, valid_pr-0.5958
2024-09-25 16:52:34 - INFO - epoch-345, train_loss-0.6403, train_rmse-0.8002, valid_rmse-1.3401, valid_pr-0.6138
2024-09-25 16:52:37 - INFO - epoch-346, train_loss-0.8765, train_rmse-0.9362, valid_rmse-1.3231, valid_pr-0.6542
2024-09-25 16:52:40 - INFO - epoch-347, train_loss-0.9880, train_rmse-0.9940, valid_rmse-1.3301, valid_pr-0.6724
2024-09-25 16:52:43 - INFO - epoch-348, train_loss-0.8143, train_rmse-0.9024, valid_rmse-1.3362, valid_pr-0.6773
2024-09-25 16:52:46 - INFO - epoch-349, train_loss-0.7980, train_rmse-0.8933, valid_rmse-1.3543, valid_pr-0.6385
2024-09-25 16:52:49 - INFO - epoch-350, train_loss-1.4884, train_rmse-1.2200, valid_rmse-1.3819, valid_pr-0.5443
2024-09-25 16:52:52 - INFO - epoch-351, train_loss-0.7867, train_rmse-0.8870, valid_rmse-1.4160, valid_pr-0.4418
2024-09-25 16:52:55 - INFO - epoch-352, train_loss-1.2576, train_rmse-1.1214, valid_rmse-1.4382, valid_pr-0.3644
2024-09-25 16:52:58 - INFO - epoch-353, train_loss-1.1973, train_rmse-1.0942, valid_rmse-1.4612, valid_pr-0.2796
2024-09-25 16:53:01 - INFO - epoch-354, train_loss-0.9649, train_rmse-0.9823, valid_rmse-1.4950, valid_pr-0.1544
2024-09-25 16:53:04 - INFO - epoch-355, train_loss-0.8256, train_rmse-0.9086, valid_rmse-1.5326, valid_pr-0.0182
2024-09-25 16:53:08 - INFO - epoch-356, train_loss-0.9483, train_rmse-0.9738, valid_rmse-1.5632, valid_pr--0.0430
2024-09-25 16:53:11 - INFO - epoch-357, train_loss-0.7629, train_rmse-0.8734, valid_rmse-1.5753, valid_pr--0.0370
2024-09-25 16:53:14 - INFO - epoch-358, train_loss-0.7436, train_rmse-0.8623, valid_rmse-1.5789, valid_pr-0.0417
2024-09-25 16:53:17 - INFO - epoch-359, train_loss-0.8778, train_rmse-0.9369, valid_rmse-1.5551, valid_pr-0.2444
2024-09-25 16:53:20 - INFO - epoch-360, train_loss-0.7526, train_rmse-0.8675, valid_rmse-1.5434, valid_pr-0.4138
2024-09-25 16:53:23 - INFO - epoch-361, train_loss-1.4249, train_rmse-1.1937, valid_rmse-1.5304, valid_pr-0.4703
2024-09-25 16:53:26 - INFO - epoch-362, train_loss-0.7562, train_rmse-0.8696, valid_rmse-1.5126, valid_pr-0.4902
2024-09-25 16:53:29 - INFO - epoch-363, train_loss-0.9011, train_rmse-0.9493, valid_rmse-1.4806, valid_pr-0.4896
2024-09-25 16:53:32 - INFO - epoch-364, train_loss-0.7708, train_rmse-0.8780, valid_rmse-1.4537, valid_pr-0.5118
2024-09-25 16:53:35 - INFO - epoch-365, train_loss-0.7099, train_rmse-0.8426, valid_rmse-1.4451, valid_pr-0.5159
2024-09-25 16:53:38 - INFO - epoch-366, train_loss-0.9322, train_rmse-0.9655, valid_rmse-1.4220, valid_pr-0.5587
2024-09-25 16:53:41 - INFO - epoch-367, train_loss-0.6970, train_rmse-0.8349, valid_rmse-1.4348, valid_pr-0.5279
2024-09-25 16:53:44 - INFO - epoch-368, train_loss-0.8228, train_rmse-0.9071, valid_rmse-1.4628, valid_pr-0.4778
2024-09-25 16:53:47 - INFO - epoch-369, train_loss-0.8334, train_rmse-0.9129, valid_rmse-1.5077, valid_pr-0.4265
2024-09-25 16:53:50 - INFO - epoch-370, train_loss-0.8042, train_rmse-0.8968, valid_rmse-1.5588, valid_pr-0.3656
2024-09-25 16:53:53 - INFO - epoch-371, train_loss-0.9125, train_rmse-0.9553, valid_rmse-1.6013, valid_pr-0.3297
2024-09-25 16:53:56 - INFO - epoch-372, train_loss-1.1376, train_rmse-1.0666, valid_rmse-1.5862, valid_pr-0.3318
2024-09-25 16:53:59 - INFO - epoch-373, train_loss-0.9172, train_rmse-0.9577, valid_rmse-1.5461, valid_pr-0.3429
2024-09-25 16:54:02 - INFO - epoch-374, train_loss-0.9276, train_rmse-0.9631, valid_rmse-1.5206, valid_pr-0.3465
2024-09-25 16:54:05 - INFO - epoch-375, train_loss-1.0400, train_rmse-1.0198, valid_rmse-1.5270, valid_pr-0.3417
2024-09-25 16:54:08 - INFO - epoch-376, train_loss-0.7822, train_rmse-0.8844, valid_rmse-1.5123, valid_pr-0.3417
2024-09-25 16:54:11 - INFO - epoch-377, train_loss-0.9061, train_rmse-0.9519, valid_rmse-1.4985, valid_pr-0.3492
2024-09-25 16:54:11 - INFO - early stop in epoch 377
2024-09-25 16:54:11 - INFO - best_rmse: 1.1006
