2024-08-27 20:30:59 - INFO - train_GIGN.py
2024-08-27 20:30:59 - INFO - train data: 11904
2024-08-27 20:30:59 - INFO - valid data: 1000
2024-08-27 20:30:59 - INFO - test2013 data: 107
2024-08-27 20:30:59 - INFO - test2016 data: 285
2024-08-27 20:30:59 - INFO - test2019 data: 4366
2024-08-27 20:31:12 - INFO - epoch-0, train_loss-39.1497, train_rmse-6.2570, valid_rmse-5.0866, valid_pr-0.4745
2024-08-27 20:31:20 - INFO - epoch-1, train_loss-23.7959, train_rmse-4.8781, valid_rmse-3.5310, valid_pr-0.5182
2024-08-27 20:31:28 - INFO - epoch-2, train_loss-7.1219, train_rmse-2.6687, valid_rmse-1.6653, valid_pr-0.5453
2024-08-27 20:31:36 - INFO - epoch-3, train_loss-3.2770, train_rmse-1.8103, valid_rmse-1.6485, valid_pr-0.5651
2024-08-27 20:31:44 - INFO - epoch-4, train_loss-2.9466, train_rmse-1.7166, valid_rmse-1.4535, valid_pr-0.6285
2024-08-27 20:31:52 - INFO - epoch-5, train_loss-2.8096, train_rmse-1.6762, valid_rmse-1.4723, valid_pr-0.6192
2024-08-27 20:32:00 - INFO - epoch-6, train_loss-2.7238, train_rmse-1.6504, valid_rmse-1.4809, valid_pr-0.6247
2024-08-27 20:32:08 - INFO - epoch-7, train_loss-2.6084, train_rmse-1.6151, valid_rmse-1.3724, valid_pr-0.6700
2024-08-27 20:32:16 - INFO - epoch-8, train_loss-2.5500, train_rmse-1.5969, valid_rmse-1.4354, valid_pr-0.6383
2024-08-27 20:32:24 - INFO - epoch-9, train_loss-2.4487, train_rmse-1.5648, valid_rmse-1.3605, valid_pr-0.6795
2024-08-27 20:32:32 - INFO - epoch-10, train_loss-2.3700, train_rmse-1.5395, valid_rmse-1.3491, valid_pr-0.6841
2024-08-27 20:32:40 - INFO - epoch-11, train_loss-2.3278, train_rmse-1.5257, valid_rmse-1.3661, valid_pr-0.6832
2024-08-27 20:32:48 - INFO - epoch-12, train_loss-2.3071, train_rmse-1.5189, valid_rmse-1.3721, valid_pr-0.6813
2024-08-27 20:32:56 - INFO - epoch-13, train_loss-2.2926, train_rmse-1.5141, valid_rmse-1.3375, valid_pr-0.6902
2024-08-27 20:33:04 - INFO - epoch-14, train_loss-2.1676, train_rmse-1.4723, valid_rmse-1.3384, valid_pr-0.6889
2024-08-27 20:33:12 - INFO - epoch-15, train_loss-2.1879, train_rmse-1.4791, valid_rmse-1.3228, valid_pr-0.7011
2024-08-27 20:33:20 - INFO - epoch-16, train_loss-2.1308, train_rmse-1.4597, valid_rmse-1.3411, valid_pr-0.6914
2024-08-27 20:33:28 - INFO - epoch-17, train_loss-2.0314, train_rmse-1.4253, valid_rmse-1.3354, valid_pr-0.6939
2024-08-27 20:33:36 - INFO - epoch-18, train_loss-2.0207, train_rmse-1.4215, valid_rmse-1.3527, valid_pr-0.6969
2024-08-27 20:33:44 - INFO - epoch-19, train_loss-1.9780, train_rmse-1.4064, valid_rmse-1.3169, valid_pr-0.7087
2024-08-27 20:33:52 - INFO - epoch-20, train_loss-1.9458, train_rmse-1.3949, valid_rmse-1.3356, valid_pr-0.6911
2024-08-27 20:34:00 - INFO - epoch-21, train_loss-1.8672, train_rmse-1.3664, valid_rmse-1.3421, valid_pr-0.6946
2024-08-27 20:34:08 - INFO - epoch-22, train_loss-1.8197, train_rmse-1.3490, valid_rmse-1.3744, valid_pr-0.6822
2024-08-27 20:34:16 - INFO - epoch-23, train_loss-1.8286, train_rmse-1.3523, valid_rmse-1.3551, valid_pr-0.6957
2024-08-27 20:34:24 - INFO - epoch-24, train_loss-1.7750, train_rmse-1.3323, valid_rmse-1.3233, valid_pr-0.7067
2024-08-27 20:34:32 - INFO - epoch-25, train_loss-1.7243, train_rmse-1.3131, valid_rmse-1.3275, valid_pr-0.7007
2024-08-27 20:34:40 - INFO - epoch-26, train_loss-1.6944, train_rmse-1.3017, valid_rmse-1.3112, valid_pr-0.7162
2024-08-27 20:34:49 - INFO - epoch-27, train_loss-1.6940, train_rmse-1.3015, valid_rmse-1.3212, valid_pr-0.7118
2024-08-27 20:34:57 - INFO - epoch-28, train_loss-1.6445, train_rmse-1.2824, valid_rmse-1.2754, valid_pr-0.7240
2024-08-27 20:35:05 - INFO - epoch-29, train_loss-1.6018, train_rmse-1.2656, valid_rmse-1.3091, valid_pr-0.7161
2024-08-27 20:35:13 - INFO - epoch-30, train_loss-1.5602, train_rmse-1.2491, valid_rmse-1.2877, valid_pr-0.7235
2024-08-27 20:35:21 - INFO - epoch-31, train_loss-1.5142, train_rmse-1.2305, valid_rmse-1.2571, valid_pr-0.7342
2024-08-27 20:35:29 - INFO - epoch-32, train_loss-1.4827, train_rmse-1.2177, valid_rmse-1.3495, valid_pr-0.7022
2024-08-27 20:35:37 - INFO - epoch-33, train_loss-1.4342, train_rmse-1.1976, valid_rmse-1.3222, valid_pr-0.7038
2024-08-27 20:35:45 - INFO - epoch-34, train_loss-1.3899, train_rmse-1.1789, valid_rmse-1.3103, valid_pr-0.7168
2024-08-27 20:35:53 - INFO - epoch-35, train_loss-1.3860, train_rmse-1.1773, valid_rmse-1.3173, valid_pr-0.7111
2024-08-27 20:36:01 - INFO - epoch-36, train_loss-1.3758, train_rmse-1.1730, valid_rmse-1.3361, valid_pr-0.7054
2024-08-27 20:36:09 - INFO - epoch-37, train_loss-1.3014, train_rmse-1.1408, valid_rmse-1.3264, valid_pr-0.7047
2024-08-27 20:36:18 - INFO - epoch-38, train_loss-1.2644, train_rmse-1.1245, valid_rmse-1.3086, valid_pr-0.7289
2024-08-27 20:36:26 - INFO - epoch-39, train_loss-1.2539, train_rmse-1.1198, valid_rmse-1.3454, valid_pr-0.7186
2024-08-27 20:36:34 - INFO - epoch-40, train_loss-1.2514, train_rmse-1.1186, valid_rmse-1.3274, valid_pr-0.7244
2024-08-27 20:36:42 - INFO - epoch-41, train_loss-1.2065, train_rmse-1.0984, valid_rmse-1.3048, valid_pr-0.7162
2024-08-27 20:36:50 - INFO - epoch-42, train_loss-1.2012, train_rmse-1.0960, valid_rmse-1.3375, valid_pr-0.7033
2024-08-27 20:36:58 - INFO - epoch-43, train_loss-1.1344, train_rmse-1.0651, valid_rmse-1.2919, valid_pr-0.7221
2024-08-27 20:37:06 - INFO - epoch-44, train_loss-1.1043, train_rmse-1.0508, valid_rmse-1.2985, valid_pr-0.7318
2024-08-27 20:37:14 - INFO - epoch-45, train_loss-1.0993, train_rmse-1.0485, valid_rmse-1.3083, valid_pr-0.7190
2024-08-27 20:37:22 - INFO - epoch-46, train_loss-1.0784, train_rmse-1.0385, valid_rmse-1.2965, valid_pr-0.7314
2024-08-27 20:37:30 - INFO - epoch-47, train_loss-1.0458, train_rmse-1.0227, valid_rmse-1.2587, valid_pr-0.7400
2024-08-27 20:37:38 - INFO - epoch-48, train_loss-1.0169, train_rmse-1.0084, valid_rmse-1.3147, valid_pr-0.7160
2024-08-27 20:37:47 - INFO - epoch-49, train_loss-1.0116, train_rmse-1.0058, valid_rmse-1.3068, valid_pr-0.7254
2024-08-27 20:37:55 - INFO - epoch-50, train_loss-0.9501, train_rmse-0.9747, valid_rmse-1.2921, valid_pr-0.7245
2024-08-27 20:38:03 - INFO - epoch-51, train_loss-0.9737, train_rmse-0.9868, valid_rmse-1.3080, valid_pr-0.7173
2024-08-27 20:38:11 - INFO - epoch-52, train_loss-0.9667, train_rmse-0.9832, valid_rmse-1.2916, valid_pr-0.7306
2024-08-27 20:38:19 - INFO - epoch-53, train_loss-0.9424, train_rmse-0.9707, valid_rmse-1.2942, valid_pr-0.7238
2024-08-27 20:38:27 - INFO - epoch-54, train_loss-0.8816, train_rmse-0.9389, valid_rmse-1.2806, valid_pr-0.7376
2024-08-27 20:38:35 - INFO - epoch-55, train_loss-0.8880, train_rmse-0.9424, valid_rmse-1.2932, valid_pr-0.7319
2024-08-27 20:38:43 - INFO - epoch-56, train_loss-0.8826, train_rmse-0.9395, valid_rmse-1.2523, valid_pr-0.7458
2024-08-27 20:38:51 - INFO - epoch-57, train_loss-0.8535, train_rmse-0.9238, valid_rmse-1.2563, valid_pr-0.7469
2024-08-27 20:38:59 - INFO - epoch-58, train_loss-0.8361, train_rmse-0.9144, valid_rmse-1.3227, valid_pr-0.7156
2024-08-27 20:39:07 - INFO - epoch-59, train_loss-0.8408, train_rmse-0.9170, valid_rmse-1.2855, valid_pr-0.7326
2024-08-27 20:39:15 - INFO - epoch-60, train_loss-0.8016, train_rmse-0.8953, valid_rmse-1.2842, valid_pr-0.7374
2024-08-27 20:39:23 - INFO - epoch-61, train_loss-0.7629, train_rmse-0.8734, valid_rmse-1.3010, valid_pr-0.7347
2024-08-27 20:39:31 - INFO - epoch-62, train_loss-0.7574, train_rmse-0.8703, valid_rmse-1.2837, valid_pr-0.7355
2024-08-27 20:39:40 - INFO - epoch-63, train_loss-0.7450, train_rmse-0.8631, valid_rmse-1.2896, valid_pr-0.7297
2024-08-27 20:39:48 - INFO - epoch-64, train_loss-0.7265, train_rmse-0.8523, valid_rmse-1.3060, valid_pr-0.7251
2024-08-27 20:39:56 - INFO - epoch-65, train_loss-0.7169, train_rmse-0.8467, valid_rmse-1.2680, valid_pr-0.7321
2024-08-27 20:40:04 - INFO - epoch-66, train_loss-0.7286, train_rmse-0.8536, valid_rmse-1.3324, valid_pr-0.7255
2024-08-27 20:40:12 - INFO - epoch-67, train_loss-0.7014, train_rmse-0.8375, valid_rmse-1.2797, valid_pr-0.7330
2024-08-27 20:40:20 - INFO - epoch-68, train_loss-0.6949, train_rmse-0.8336, valid_rmse-1.2515, valid_pr-0.7455
2024-08-27 20:40:28 - INFO - epoch-69, train_loss-0.6957, train_rmse-0.8341, valid_rmse-1.2705, valid_pr-0.7390
2024-08-27 20:40:36 - INFO - epoch-70, train_loss-0.6591, train_rmse-0.8119, valid_rmse-1.3158, valid_pr-0.7177
2024-08-27 20:40:44 - INFO - epoch-71, train_loss-0.6788, train_rmse-0.8239, valid_rmse-1.2963, valid_pr-0.7300
2024-08-27 20:40:52 - INFO - epoch-72, train_loss-0.6437, train_rmse-0.8023, valid_rmse-1.2746, valid_pr-0.7384
2024-08-27 20:41:00 - INFO - epoch-73, train_loss-0.6434, train_rmse-0.8021, valid_rmse-1.2661, valid_pr-0.7344
2024-08-27 20:41:08 - INFO - epoch-74, train_loss-0.6437, train_rmse-0.8023, valid_rmse-1.2649, valid_pr-0.7431
2024-08-27 20:41:16 - INFO - epoch-75, train_loss-0.6046, train_rmse-0.7776, valid_rmse-1.2580, valid_pr-0.7465
2024-08-27 20:41:24 - INFO - epoch-76, train_loss-0.6002, train_rmse-0.7747, valid_rmse-1.2706, valid_pr-0.7428
2024-08-27 20:41:32 - INFO - epoch-77, train_loss-0.5817, train_rmse-0.7627, valid_rmse-1.3194, valid_pr-0.7237
2024-08-27 20:41:40 - INFO - epoch-78, train_loss-0.5737, train_rmse-0.7574, valid_rmse-1.2822, valid_pr-0.7379
2024-08-27 20:41:48 - INFO - epoch-79, train_loss-0.5996, train_rmse-0.7743, valid_rmse-1.2817, valid_pr-0.7319
2024-08-27 20:41:56 - INFO - epoch-80, train_loss-0.5694, train_rmse-0.7546, valid_rmse-1.2844, valid_pr-0.7344
2024-08-27 20:42:05 - INFO - epoch-81, train_loss-0.5615, train_rmse-0.7493, valid_rmse-1.2659, valid_pr-0.7439
2024-08-27 20:42:13 - INFO - epoch-82, train_loss-0.5452, train_rmse-0.7384, valid_rmse-1.2985, valid_pr-0.7303
2024-08-27 20:42:21 - INFO - epoch-83, train_loss-0.5645, train_rmse-0.7514, valid_rmse-1.2816, valid_pr-0.7386
2024-08-27 20:42:29 - INFO - epoch-84, train_loss-0.5457, train_rmse-0.7387, valid_rmse-1.2866, valid_pr-0.7345
2024-08-27 20:42:37 - INFO - epoch-85, train_loss-0.5298, train_rmse-0.7279, valid_rmse-1.2639, valid_pr-0.7434
2024-08-27 20:42:45 - INFO - epoch-86, train_loss-0.5055, train_rmse-0.7110, valid_rmse-1.2996, valid_pr-0.7266
2024-08-27 20:42:53 - INFO - epoch-87, train_loss-0.5161, train_rmse-0.7184, valid_rmse-1.2941, valid_pr-0.7349
2024-08-27 20:43:01 - INFO - epoch-88, train_loss-0.5116, train_rmse-0.7153, valid_rmse-1.2862, valid_pr-0.7361
2024-08-27 20:43:09 - INFO - epoch-89, train_loss-0.4964, train_rmse-0.7045, valid_rmse-1.2732, valid_pr-0.7513
2024-08-27 20:43:17 - INFO - epoch-90, train_loss-0.5002, train_rmse-0.7073, valid_rmse-1.2576, valid_pr-0.7433
2024-08-27 20:43:25 - INFO - epoch-91, train_loss-0.5063, train_rmse-0.7115, valid_rmse-1.2487, valid_pr-0.7484
2024-08-27 20:43:33 - INFO - epoch-92, train_loss-0.4960, train_rmse-0.7043, valid_rmse-1.2888, valid_pr-0.7327
2024-08-27 20:43:41 - INFO - epoch-93, train_loss-0.4696, train_rmse-0.6853, valid_rmse-1.2618, valid_pr-0.7450
2024-08-27 20:43:49 - INFO - epoch-94, train_loss-0.4824, train_rmse-0.6945, valid_rmse-1.2846, valid_pr-0.7426
2024-08-27 20:43:57 - INFO - epoch-95, train_loss-0.4540, train_rmse-0.6738, valid_rmse-1.2821, valid_pr-0.7384
2024-08-27 20:44:05 - INFO - epoch-96, train_loss-0.4721, train_rmse-0.6871, valid_rmse-1.2772, valid_pr-0.7418
2024-08-27 20:44:13 - INFO - epoch-97, train_loss-0.4634, train_rmse-0.6808, valid_rmse-1.2543, valid_pr-0.7438
2024-08-27 20:44:22 - INFO - epoch-98, train_loss-0.4482, train_rmse-0.6695, valid_rmse-1.2597, valid_pr-0.7479
2024-08-27 20:44:30 - INFO - epoch-99, train_loss-0.4472, train_rmse-0.6687, valid_rmse-1.2780, valid_pr-0.7374
2024-08-27 20:44:38 - INFO - epoch-100, train_loss-0.4523, train_rmse-0.6726, valid_rmse-1.2605, valid_pr-0.7436
2024-08-27 20:44:46 - INFO - epoch-101, train_loss-0.4483, train_rmse-0.6696, valid_rmse-1.2512, valid_pr-0.7486
2024-08-27 20:44:54 - INFO - epoch-102, train_loss-0.4292, train_rmse-0.6551, valid_rmse-1.2741, valid_pr-0.7422
2024-08-27 20:45:02 - INFO - epoch-103, train_loss-0.4441, train_rmse-0.6664, valid_rmse-1.2504, valid_pr-0.7485
2024-08-27 20:45:10 - INFO - epoch-104, train_loss-0.4195, train_rmse-0.6477, valid_rmse-1.2742, valid_pr-0.7467
2024-08-27 20:45:18 - INFO - epoch-105, train_loss-0.4226, train_rmse-0.6501, valid_rmse-1.2492, valid_pr-0.7487
2024-08-27 20:45:26 - INFO - epoch-106, train_loss-0.4141, train_rmse-0.6435, valid_rmse-1.2503, valid_pr-0.7505
2024-08-27 20:45:34 - INFO - epoch-107, train_loss-0.4085, train_rmse-0.6391, valid_rmse-1.2514, valid_pr-0.7527
2024-08-27 20:45:42 - INFO - epoch-108, train_loss-0.3917, train_rmse-0.6259, valid_rmse-1.2717, valid_pr-0.7455
2024-08-27 20:45:50 - INFO - epoch-109, train_loss-0.4039, train_rmse-0.6355, valid_rmse-1.2462, valid_pr-0.7521
2024-08-27 20:45:58 - INFO - epoch-110, train_loss-0.3986, train_rmse-0.6313, valid_rmse-1.2524, valid_pr-0.7483
2024-08-27 20:46:07 - INFO - epoch-111, train_loss-0.3980, train_rmse-0.6309, valid_rmse-1.2357, valid_pr-0.7542
2024-08-27 20:46:15 - INFO - epoch-112, train_loss-0.3953, train_rmse-0.6287, valid_rmse-1.2667, valid_pr-0.7470
2024-08-27 20:46:23 - INFO - epoch-113, train_loss-0.3855, train_rmse-0.6209, valid_rmse-1.2674, valid_pr-0.7487
2024-08-27 20:46:31 - INFO - epoch-114, train_loss-0.3734, train_rmse-0.6111, valid_rmse-1.2634, valid_pr-0.7516
2024-08-27 20:46:39 - INFO - epoch-115, train_loss-0.3860, train_rmse-0.6213, valid_rmse-1.2391, valid_pr-0.7541
2024-08-27 20:46:47 - INFO - epoch-116, train_loss-0.3730, train_rmse-0.6107, valid_rmse-1.2522, valid_pr-0.7528
2024-08-27 20:46:55 - INFO - epoch-117, train_loss-0.3867, train_rmse-0.6218, valid_rmse-1.2424, valid_pr-0.7581
2024-08-27 20:47:03 - INFO - epoch-118, train_loss-0.3556, train_rmse-0.5963, valid_rmse-1.2549, valid_pr-0.7468
2024-08-27 20:47:11 - INFO - epoch-119, train_loss-0.3616, train_rmse-0.6013, valid_rmse-1.2239, valid_pr-0.7601
2024-08-27 20:47:20 - INFO - epoch-120, train_loss-0.3513, train_rmse-0.5927, valid_rmse-1.2523, valid_pr-0.7492
