2024-08-27 21:10:17 - INFO - train_example.py
2024-08-27 21:10:17 - INFO - train data: 45
2024-08-27 21:10:17 - INFO - valid data: 5
2024-08-27 21:10:32 - INFO - epoch-0, train_loss-44.0537, train_rmse-6.6373, valid_rmse-5.7509, valid_pr--0.6648
2024-08-27 21:10:34 - INFO - epoch-1, train_loss-43.2814, train_rmse-6.5789, valid_rmse-5.7108, valid_pr-0.2352
2024-08-27 21:10:36 - INFO - epoch-2, train_loss-42.7631, train_rmse-6.5393, valid_rmse-5.6613, valid_pr-0.4022
2024-08-27 21:10:38 - INFO - epoch-3, train_loss-41.9224, train_rmse-6.4748, valid_rmse-5.6785, valid_pr-0.2892
2024-08-27 21:10:40 - INFO - epoch-4, train_loss-41.5581, train_rmse-6.4466, valid_rmse-5.6722, valid_pr-0.2962
2024-08-27 21:10:42 - INFO - epoch-5, train_loss-41.2754, train_rmse-6.4246, valid_rmse-5.7170, valid_pr--0.0804
2024-08-27 21:10:44 - INFO - epoch-6, train_loss-41.1145, train_rmse-6.4121, valid_rmse-5.7086, valid_pr-0.0164
2024-08-27 21:10:46 - INFO - epoch-7, train_loss-40.4825, train_rmse-6.3626, valid_rmse-5.7718, valid_pr--0.5271
2024-08-27 21:10:48 - INFO - epoch-8, train_loss-40.4083, train_rmse-6.3568, valid_rmse-5.7992, valid_pr--0.3448
2024-08-27 21:10:50 - INFO - epoch-9, train_loss-40.1835, train_rmse-6.3390, valid_rmse-5.8631, valid_pr--0.7285
2024-08-27 21:10:51 - INFO - epoch-10, train_loss-40.0609, train_rmse-6.3294, valid_rmse-5.9427, valid_pr--0.9201
2024-08-27 21:10:53 - INFO - epoch-11, train_loss-39.8420, train_rmse-6.3121, valid_rmse-6.0042, valid_pr--0.9087
2024-08-27 21:10:55 - INFO - epoch-12, train_loss-40.1208, train_rmse-6.3341, valid_rmse-5.9641, valid_pr--0.7211
2024-08-27 21:10:57 - INFO - epoch-13, train_loss-39.6841, train_rmse-6.2995, valid_rmse-6.0185, valid_pr--0.7924
2024-08-27 21:10:59 - INFO - epoch-14, train_loss-39.7170, train_rmse-6.3021, valid_rmse-6.0431, valid_pr--0.6836
2024-08-27 21:11:01 - INFO - epoch-15, train_loss-39.4247, train_rmse-6.2789, valid_rmse-6.0964, valid_pr--0.7961
2024-08-27 21:11:03 - INFO - epoch-16, train_loss-39.5900, train_rmse-6.2921, valid_rmse-6.3366, valid_pr--0.6284
2024-08-27 21:11:05 - INFO - epoch-17, train_loss-39.4528, train_rmse-6.2811, valid_rmse-6.5048, valid_pr--0.5021
2024-08-27 21:11:07 - INFO - epoch-18, train_loss-39.3046, train_rmse-6.2693, valid_rmse-6.7503, valid_pr--0.4192
2024-08-27 21:11:09 - INFO - epoch-19, train_loss-39.3028, train_rmse-6.2692, valid_rmse-7.1372, valid_pr--0.3828
2024-08-27 21:11:11 - INFO - epoch-20, train_loss-39.0341, train_rmse-6.2477, valid_rmse-7.4858, valid_pr--0.3599
2024-08-27 21:11:13 - INFO - epoch-21, train_loss-39.2666, train_rmse-6.2663, valid_rmse-7.9111, valid_pr--0.3479
2024-08-27 21:11:15 - INFO - epoch-22, train_loss-39.1978, train_rmse-6.2608, valid_rmse-8.1511, valid_pr--0.3466
2024-08-27 21:11:17 - INFO - epoch-23, train_loss-38.9385, train_rmse-6.2401, valid_rmse-8.3699, valid_pr--0.3452
2024-08-27 21:11:18 - INFO - epoch-24, train_loss-39.0150, train_rmse-6.2462, valid_rmse-8.3495, valid_pr--0.3214
2024-08-27 21:11:20 - INFO - epoch-25, train_loss-38.8383, train_rmse-6.2320, valid_rmse-8.2589, valid_pr--0.2982
2024-08-27 21:11:22 - INFO - epoch-26, train_loss-38.8442, train_rmse-6.2325, valid_rmse-7.8503, valid_pr--0.2589
2024-08-27 21:11:24 - INFO - epoch-27, train_loss-38.7755, train_rmse-6.2270, valid_rmse-7.2374, valid_pr--0.1387
2024-08-27 21:11:26 - INFO - epoch-28, train_loss-38.5578, train_rmse-6.2095, valid_rmse-6.9259, valid_pr--0.0049
2024-08-27 21:11:28 - INFO - epoch-29, train_loss-38.5202, train_rmse-6.2065, valid_rmse-6.5087, valid_pr-0.1778
2024-08-27 21:11:30 - INFO - epoch-30, train_loss-38.3803, train_rmse-6.1952, valid_rmse-6.2504, valid_pr-0.2978
2024-08-27 21:11:32 - INFO - epoch-31, train_loss-38.4284, train_rmse-6.1991, valid_rmse-6.3871, valid_pr-0.1977
2024-08-27 21:11:34 - INFO - epoch-32, train_loss-38.4071, train_rmse-6.1973, valid_rmse-6.5266, valid_pr-0.1029
2024-08-27 21:11:36 - INFO - epoch-33, train_loss-38.2278, train_rmse-6.1829, valid_rmse-6.8104, valid_pr-0.0369
2024-08-27 21:11:38 - INFO - epoch-34, train_loss-38.1155, train_rmse-6.1738, valid_rmse-7.1517, valid_pr--0.0282
2024-08-27 21:11:39 - INFO - epoch-35, train_loss-38.1445, train_rmse-6.1761, valid_rmse-7.3592, valid_pr--0.0604
2024-08-27 21:11:41 - INFO - epoch-36, train_loss-37.9925, train_rmse-6.1638, valid_rmse-7.4700, valid_pr--0.0740
2024-08-27 21:11:43 - INFO - epoch-37, train_loss-37.8667, train_rmse-6.1536, valid_rmse-7.7088, valid_pr--0.0917
2024-08-27 21:11:45 - INFO - epoch-38, train_loss-37.8178, train_rmse-6.1496, valid_rmse-7.8859, valid_pr--0.0915
2024-08-27 21:11:47 - INFO - epoch-39, train_loss-37.9672, train_rmse-6.1618, valid_rmse-7.7507, valid_pr--0.0604
2024-08-27 21:11:49 - INFO - epoch-40, train_loss-37.7741, train_rmse-6.1461, valid_rmse-7.4910, valid_pr--0.0172
2024-08-27 21:11:51 - INFO - epoch-41, train_loss-37.6099, train_rmse-6.1327, valid_rmse-7.1027, valid_pr-0.0674
2024-08-27 21:11:53 - INFO - epoch-42, train_loss-37.6141, train_rmse-6.1330, valid_rmse-6.7770, valid_pr-0.1636
2024-08-27 21:11:55 - INFO - epoch-43, train_loss-37.4715, train_rmse-6.1214, valid_rmse-6.3469, valid_pr-0.2994
2024-08-27 21:11:57 - INFO - epoch-44, train_loss-37.5880, train_rmse-6.1309, valid_rmse-6.0798, valid_pr-0.3709
2024-08-27 21:11:59 - INFO - epoch-45, train_loss-37.2307, train_rmse-6.1017, valid_rmse-5.7938, valid_pr-0.4494
2024-08-27 21:12:01 - INFO - epoch-46, train_loss-37.4803, train_rmse-6.1221, valid_rmse-5.5956, valid_pr-0.4726
2024-08-27 21:12:03 - INFO - epoch-47, train_loss-37.2420, train_rmse-6.1026, valid_rmse-5.6438, valid_pr-0.4459
2024-08-27 21:12:05 - INFO - epoch-48, train_loss-37.3396, train_rmse-6.1106, valid_rmse-5.7352, valid_pr-0.4205
2024-08-27 21:12:07 - INFO - epoch-49, train_loss-37.0148, train_rmse-6.0840, valid_rmse-5.7976, valid_pr-0.3898
2024-08-27 21:12:08 - INFO - epoch-50, train_loss-36.8007, train_rmse-6.0664, valid_rmse-5.8697, valid_pr-0.3691
2024-08-27 21:12:10 - INFO - epoch-51, train_loss-36.7663, train_rmse-6.0635, valid_rmse-6.0947, valid_pr-0.3132
2024-08-27 21:12:12 - INFO - epoch-52, train_loss-36.6662, train_rmse-6.0553, valid_rmse-6.0913, valid_pr-0.3269
2024-08-27 21:12:14 - INFO - epoch-53, train_loss-36.5286, train_rmse-6.0439, valid_rmse-6.1265, valid_pr-0.3346
2024-08-27 21:12:16 - INFO - epoch-54, train_loss-36.4851, train_rmse-6.0403, valid_rmse-6.2545, valid_pr-0.3265
2024-08-27 21:12:18 - INFO - epoch-55, train_loss-36.3429, train_rmse-6.0285, valid_rmse-6.4827, valid_pr-0.3108
2024-08-27 21:12:20 - INFO - epoch-56, train_loss-36.1868, train_rmse-6.0155, valid_rmse-6.5868, valid_pr-0.3182
2024-08-27 21:12:22 - INFO - epoch-57, train_loss-36.0791, train_rmse-6.0066, valid_rmse-6.6967, valid_pr-0.3029
2024-08-27 21:12:24 - INFO - epoch-58, train_loss-36.0450, train_rmse-6.0038, valid_rmse-6.7797, valid_pr-0.2979
2024-08-27 21:12:26 - INFO - epoch-59, train_loss-35.8485, train_rmse-5.9874, valid_rmse-6.8354, valid_pr-0.2916
2024-08-27 21:12:28 - INFO - epoch-60, train_loss-35.6867, train_rmse-5.9738, valid_rmse-6.8307, valid_pr-0.2911
2024-08-27 21:12:30 - INFO - epoch-61, train_loss-35.6521, train_rmse-5.9709, valid_rmse-6.9351, valid_pr-0.2691
2024-08-27 21:12:31 - INFO - epoch-62, train_loss-35.6089, train_rmse-5.9673, valid_rmse-6.9009, valid_pr-0.2957
2024-08-27 21:12:33 - INFO - epoch-63, train_loss-35.5894, train_rmse-5.9657, valid_rmse-6.7471, valid_pr-0.3540
2024-08-27 21:12:35 - INFO - epoch-64, train_loss-35.3098, train_rmse-5.9422, valid_rmse-6.6852, valid_pr-0.3887
2024-08-27 21:12:37 - INFO - epoch-65, train_loss-35.1726, train_rmse-5.9306, valid_rmse-6.4600, valid_pr-0.4716
2024-08-27 21:12:39 - INFO - epoch-66, train_loss-35.0379, train_rmse-5.9193, valid_rmse-6.2571, valid_pr-0.5276
2024-08-27 21:12:41 - INFO - epoch-67, train_loss-35.1197, train_rmse-5.9262, valid_rmse-6.2392, valid_pr-0.5271
2024-08-27 21:12:43 - INFO - epoch-68, train_loss-34.9079, train_rmse-5.9083, valid_rmse-6.2705, valid_pr-0.5204
2024-08-27 21:12:45 - INFO - epoch-69, train_loss-34.6242, train_rmse-5.8842, valid_rmse-6.4520, valid_pr-0.4548
2024-08-27 21:12:47 - INFO - epoch-70, train_loss-34.4208, train_rmse-5.8669, valid_rmse-6.7161, valid_pr-0.3626
2024-08-27 21:12:49 - INFO - epoch-71, train_loss-34.2892, train_rmse-5.8557, valid_rmse-7.0539, valid_pr-0.2746
2024-08-27 21:12:51 - INFO - epoch-72, train_loss-34.2024, train_rmse-5.8483, valid_rmse-7.3495, valid_pr-0.1923
2024-08-27 21:12:53 - INFO - epoch-73, train_loss-34.0876, train_rmse-5.8385, valid_rmse-7.3775, valid_pr-0.1658
2024-08-27 21:12:55 - INFO - epoch-74, train_loss-34.0439, train_rmse-5.8347, valid_rmse-7.1837, valid_pr-0.1869
2024-08-27 21:12:57 - INFO - epoch-75, train_loss-33.7285, train_rmse-5.8076, valid_rmse-6.9820, valid_pr-0.2314
2024-08-27 21:12:59 - INFO - epoch-76, train_loss-33.5324, train_rmse-5.7907, valid_rmse-6.6509, valid_pr-0.3189
2024-08-27 21:13:01 - INFO - epoch-77, train_loss-33.5231, train_rmse-5.7899, valid_rmse-6.4128, valid_pr-0.3994
2024-08-27 21:13:03 - INFO - epoch-78, train_loss-33.2910, train_rmse-5.7698, valid_rmse-6.3437, valid_pr-0.4173
2024-08-27 21:13:05 - INFO - epoch-79, train_loss-33.2457, train_rmse-5.7659, valid_rmse-6.3949, valid_pr-0.4084
2024-08-27 21:13:06 - INFO - epoch-80, train_loss-32.9240, train_rmse-5.7379, valid_rmse-6.3917, valid_pr-0.4076
2024-08-27 21:13:08 - INFO - epoch-81, train_loss-32.6725, train_rmse-5.7160, valid_rmse-6.3904, valid_pr-0.3872
2024-08-27 21:13:10 - INFO - epoch-82, train_loss-32.6057, train_rmse-5.7101, valid_rmse-6.3103, valid_pr-0.3844
2024-08-27 21:13:12 - INFO - epoch-83, train_loss-32.4056, train_rmse-5.6926, valid_rmse-6.1734, valid_pr-0.4023
2024-08-27 21:13:14 - INFO - epoch-84, train_loss-32.3152, train_rmse-5.6846, valid_rmse-6.1954, valid_pr-0.3887
2024-08-27 21:13:16 - INFO - epoch-85, train_loss-32.1467, train_rmse-5.6698, valid_rmse-6.2657, valid_pr-0.3824
2024-08-27 21:13:18 - INFO - epoch-86, train_loss-31.9113, train_rmse-5.6490, valid_rmse-6.1724, valid_pr-0.4542
2024-08-27 21:13:20 - INFO - epoch-87, train_loss-31.7443, train_rmse-5.6342, valid_rmse-6.1631, valid_pr-0.5029
2024-08-27 21:13:22 - INFO - epoch-88, train_loss-31.4936, train_rmse-5.6119, valid_rmse-6.2387, valid_pr-0.5055
2024-08-27 21:13:24 - INFO - epoch-89, train_loss-31.2664, train_rmse-5.5916, valid_rmse-6.2057, valid_pr-0.5242
2024-08-27 21:13:26 - INFO - epoch-90, train_loss-31.1256, train_rmse-5.5790, valid_rmse-6.1365, valid_pr-0.5439
2024-08-27 21:13:28 - INFO - epoch-91, train_loss-31.0372, train_rmse-5.5711, valid_rmse-6.0472, valid_pr-0.5456
2024-08-27 21:13:29 - INFO - epoch-92, train_loss-30.8277, train_rmse-5.5523, valid_rmse-5.8284, valid_pr-0.6048
2024-08-27 21:13:31 - INFO - epoch-93, train_loss-30.6188, train_rmse-5.5334, valid_rmse-5.6727, valid_pr-0.6557
2024-08-27 21:13:33 - INFO - epoch-94, train_loss-30.3875, train_rmse-5.5125, valid_rmse-5.6273, valid_pr-0.6357
2024-08-27 21:13:35 - INFO - epoch-95, train_loss-30.1883, train_rmse-5.4944, valid_rmse-5.5634, valid_pr-0.6238
2024-08-27 21:13:37 - INFO - epoch-96, train_loss-30.1715, train_rmse-5.4929, valid_rmse-5.4915, valid_pr-0.6405
2024-08-27 21:13:39 - INFO - epoch-97, train_loss-29.8922, train_rmse-5.4674, valid_rmse-5.6167, valid_pr-0.6064
2024-08-27 21:13:41 - INFO - epoch-98, train_loss-29.5158, train_rmse-5.4328, valid_rmse-5.6227, valid_pr-0.6334
2024-08-27 21:13:43 - INFO - epoch-99, train_loss-29.2483, train_rmse-5.4082, valid_rmse-5.6506, valid_pr-0.6450
2024-08-27 21:13:45 - INFO - epoch-100, train_loss-29.0839, train_rmse-5.3930, valid_rmse-5.7519, valid_pr-0.6135
2024-08-27 21:13:47 - INFO - epoch-101, train_loss-28.9281, train_rmse-5.3785, valid_rmse-5.9057, valid_pr-0.5904
2024-08-27 21:13:49 - INFO - epoch-102, train_loss-28.7275, train_rmse-5.3598, valid_rmse-6.0184, valid_pr-0.5804
2024-08-27 21:13:51 - INFO - epoch-103, train_loss-28.5566, train_rmse-5.3438, valid_rmse-5.9272, valid_pr-0.6418
2024-08-27 21:13:53 - INFO - epoch-104, train_loss-28.2293, train_rmse-5.3131, valid_rmse-5.6294, valid_pr-0.7299
2024-08-27 21:13:55 - INFO - epoch-105, train_loss-27.8249, train_rmse-5.2749, valid_rmse-5.2838, valid_pr-0.7891
2024-08-27 21:13:56 - INFO - epoch-106, train_loss-27.6742, train_rmse-5.2606, valid_rmse-5.0598, valid_pr-0.8053
2024-08-27 21:13:58 - INFO - epoch-107, train_loss-27.7066, train_rmse-5.2637, valid_rmse-5.0523, valid_pr-0.7782
2024-08-27 21:14:00 - INFO - epoch-108, train_loss-27.3690, train_rmse-5.2315, valid_rmse-5.1570, valid_pr-0.7268
2024-08-27 21:14:02 - INFO - epoch-109, train_loss-27.0650, train_rmse-5.2024, valid_rmse-5.2390, valid_pr-0.6847
2024-08-27 21:14:04 - INFO - epoch-110, train_loss-26.8117, train_rmse-5.1780, valid_rmse-5.4315, valid_pr-0.5848
2024-08-27 21:14:06 - INFO - epoch-111, train_loss-26.5889, train_rmse-5.1564, valid_rmse-5.5696, valid_pr-0.4731
2024-08-27 21:14:08 - INFO - epoch-112, train_loss-26.2504, train_rmse-5.1235, valid_rmse-5.6586, valid_pr-0.4035
2024-08-27 21:14:10 - INFO - epoch-113, train_loss-26.4376, train_rmse-5.1417, valid_rmse-5.8098, valid_pr-0.3994
2024-08-27 21:14:12 - INFO - epoch-114, train_loss-25.8831, train_rmse-5.0875, valid_rmse-5.8894, valid_pr-0.4593
2024-08-27 21:14:14 - INFO - epoch-115, train_loss-25.7786, train_rmse-5.0773, valid_rmse-5.7850, valid_pr-0.5798
2024-08-27 21:14:16 - INFO - epoch-116, train_loss-25.3042, train_rmse-5.0303, valid_rmse-5.4132, valid_pr-0.7474
2024-08-27 21:14:18 - INFO - epoch-117, train_loss-25.4253, train_rmse-5.0424, valid_rmse-5.1124, valid_pr-0.8069
2024-08-27 21:14:19 - INFO - epoch-118, train_loss-25.3925, train_rmse-5.0391, valid_rmse-5.0713, valid_pr-0.8423
2024-08-27 21:14:21 - INFO - epoch-119, train_loss-24.8367, train_rmse-4.9836, valid_rmse-5.1536, valid_pr-0.8325
2024-08-27 21:14:23 - INFO - epoch-120, train_loss-24.3389, train_rmse-4.9335, valid_rmse-5.1859, valid_pr-0.8208
2024-08-27 21:14:25 - INFO - epoch-121, train_loss-24.4500, train_rmse-4.9447, valid_rmse-5.2905, valid_pr-0.7526
2024-08-27 21:14:27 - INFO - epoch-122, train_loss-23.9400, train_rmse-4.8929, valid_rmse-5.3934, valid_pr-0.6931
2024-08-27 21:14:29 - INFO - epoch-123, train_loss-23.6683, train_rmse-4.8650, valid_rmse-5.4545, valid_pr-0.6381
2024-08-27 21:14:31 - INFO - epoch-124, train_loss-23.5904, train_rmse-4.8570, valid_rmse-5.3318, valid_pr-0.7112
2024-08-27 21:14:33 - INFO - epoch-125, train_loss-23.0789, train_rmse-4.8041, valid_rmse-5.1192, valid_pr-0.8081
2024-08-27 21:14:35 - INFO - epoch-126, train_loss-22.8633, train_rmse-4.7816, valid_rmse-4.9070, valid_pr-0.8580
2024-08-27 21:14:37 - INFO - epoch-127, train_loss-22.5374, train_rmse-4.7474, valid_rmse-4.8220, valid_pr-0.8597
2024-08-27 21:14:39 - INFO - epoch-128, train_loss-22.3365, train_rmse-4.7262, valid_rmse-4.7993, valid_pr-0.8474
2024-08-27 21:14:41 - INFO - epoch-129, train_loss-22.4099, train_rmse-4.7339, valid_rmse-4.9813, valid_pr-0.7987
2024-08-27 21:14:42 - INFO - epoch-130, train_loss-22.1098, train_rmse-4.7021, valid_rmse-5.2422, valid_pr-0.6557
2024-08-27 21:14:44 - INFO - epoch-131, train_loss-21.6708, train_rmse-4.6552, valid_rmse-5.4606, valid_pr-0.3911
2024-08-27 21:14:46 - INFO - epoch-132, train_loss-21.8674, train_rmse-4.6763, valid_rmse-5.5683, valid_pr-0.2219
2024-08-27 21:14:48 - INFO - epoch-133, train_loss-21.1863, train_rmse-4.6029, valid_rmse-5.5540, valid_pr-0.1158
2024-08-27 21:14:50 - INFO - epoch-134, train_loss-20.9023, train_rmse-4.5719, valid_rmse-5.3800, valid_pr-0.1981
2024-08-27 21:14:52 - INFO - epoch-135, train_loss-20.7202, train_rmse-4.5519, valid_rmse-5.0679, valid_pr-0.3472
2024-08-27 21:14:54 - INFO - epoch-136, train_loss-20.6145, train_rmse-4.5403, valid_rmse-4.7567, valid_pr-0.4768
2024-08-27 21:14:56 - INFO - epoch-137, train_loss-20.1886, train_rmse-4.4932, valid_rmse-4.5480, valid_pr-0.5102
2024-08-27 21:14:58 - INFO - epoch-138, train_loss-20.0780, train_rmse-4.4809, valid_rmse-4.5915, valid_pr-0.4860
2024-08-27 21:15:00 - INFO - epoch-139, train_loss-19.9046, train_rmse-4.4615, valid_rmse-4.7375, valid_pr-0.4306
2024-08-27 21:15:02 - INFO - epoch-140, train_loss-19.8519, train_rmse-4.4555, valid_rmse-5.1003, valid_pr-0.2856
2024-08-27 21:15:04 - INFO - epoch-141, train_loss-19.0729, train_rmse-4.3672, valid_rmse-5.4145, valid_pr-0.1310
2024-08-27 21:15:06 - INFO - epoch-142, train_loss-19.0804, train_rmse-4.3681, valid_rmse-5.6344, valid_pr-0.0195
2024-08-27 21:15:08 - INFO - epoch-143, train_loss-18.9869, train_rmse-4.3574, valid_rmse-5.5901, valid_pr-0.0053
2024-08-27 21:15:10 - INFO - epoch-144, train_loss-18.7174, train_rmse-4.3264, valid_rmse-5.3740, valid_pr-0.0410
2024-08-27 21:15:12 - INFO - epoch-145, train_loss-18.2236, train_rmse-4.2689, valid_rmse-4.9332, valid_pr-0.2174
2024-08-27 21:15:14 - INFO - epoch-146, train_loss-18.0342, train_rmse-4.2467, valid_rmse-4.5051, valid_pr-0.4171
2024-08-27 21:15:16 - INFO - epoch-147, train_loss-17.7110, train_rmse-4.2084, valid_rmse-4.2791, valid_pr-0.5106
2024-08-27 21:15:17 - INFO - epoch-148, train_loss-17.4539, train_rmse-4.1778, valid_rmse-4.2585, valid_pr-0.5363
2024-08-27 21:15:19 - INFO - epoch-149, train_loss-17.5405, train_rmse-4.1881, valid_rmse-4.4700, valid_pr-0.4533
2024-08-27 21:15:21 - INFO - epoch-150, train_loss-16.9979, train_rmse-4.1229, valid_rmse-4.7510, valid_pr-0.3392
2024-08-27 21:15:23 - INFO - epoch-151, train_loss-17.0224, train_rmse-4.1258, valid_rmse-5.1138, valid_pr-0.1601
2024-08-27 21:15:25 - INFO - epoch-152, train_loss-16.3632, train_rmse-4.0451, valid_rmse-5.3408, valid_pr-0.0571
2024-08-27 21:15:27 - INFO - epoch-153, train_loss-16.1700, train_rmse-4.0212, valid_rmse-5.3549, valid_pr-0.0012
2024-08-27 21:15:29 - INFO - epoch-154, train_loss-16.2956, train_rmse-4.0368, valid_rmse-5.0878, valid_pr-0.0958
2024-08-27 21:15:31 - INFO - epoch-155, train_loss-15.9117, train_rmse-3.9889, valid_rmse-4.7368, valid_pr-0.2315
2024-08-27 21:15:33 - INFO - epoch-156, train_loss-15.9630, train_rmse-3.9954, valid_rmse-4.3947, valid_pr-0.3477
2024-08-27 21:15:35 - INFO - epoch-157, train_loss-15.0194, train_rmse-3.8755, valid_rmse-4.1988, valid_pr-0.4214
2024-08-27 21:15:37 - INFO - epoch-158, train_loss-14.8518, train_rmse-3.8538, valid_rmse-4.1652, valid_pr-0.4505
2024-08-27 21:15:38 - INFO - epoch-159, train_loss-15.0354, train_rmse-3.8776, valid_rmse-4.2298, valid_pr-0.4854
2024-08-27 21:15:40 - INFO - epoch-160, train_loss-14.7730, train_rmse-3.8436, valid_rmse-4.2759, valid_pr-0.5178
2024-08-27 21:15:42 - INFO - epoch-161, train_loss-14.1254, train_rmse-3.7584, valid_rmse-4.3266, valid_pr-0.5512
2024-08-27 21:15:44 - INFO - epoch-162, train_loss-14.0087, train_rmse-3.7428, valid_rmse-4.3253, valid_pr-0.6101
2024-08-27 21:15:46 - INFO - epoch-163, train_loss-13.4813, train_rmse-3.6717, valid_rmse-4.3816, valid_pr-0.6318
2024-08-27 21:15:48 - INFO - epoch-164, train_loss-13.5471, train_rmse-3.6806, valid_rmse-4.3963, valid_pr-0.6632
2024-08-27 21:15:50 - INFO - epoch-165, train_loss-13.0329, train_rmse-3.6101, valid_rmse-4.3911, valid_pr-0.6812
2024-08-27 21:15:52 - INFO - epoch-166, train_loss-13.3036, train_rmse-3.6474, valid_rmse-4.3820, valid_pr-0.6844
2024-08-27 21:15:53 - INFO - epoch-167, train_loss-12.9837, train_rmse-3.6033, valid_rmse-4.2620, valid_pr-0.6877
2024-08-27 21:15:55 - INFO - epoch-168, train_loss-12.6718, train_rmse-3.5597, valid_rmse-4.2154, valid_pr-0.6775
2024-08-27 21:15:57 - INFO - epoch-169, train_loss-12.7790, train_rmse-3.5748, valid_rmse-4.1627, valid_pr-0.6901
2024-08-27 21:15:59 - INFO - epoch-170, train_loss-12.2121, train_rmse-3.4946, valid_rmse-4.0980, valid_pr-0.6950
2024-08-27 21:16:01 - INFO - epoch-171, train_loss-12.2411, train_rmse-3.4987, valid_rmse-3.9776, valid_pr-0.6770
2024-08-27 21:16:03 - INFO - epoch-172, train_loss-11.4242, train_rmse-3.3800, valid_rmse-3.8798, valid_pr-0.6401
2024-08-27 21:16:05 - INFO - epoch-173, train_loss-11.3755, train_rmse-3.3728, valid_rmse-3.8296, valid_pr-0.6201
2024-08-27 21:16:07 - INFO - epoch-174, train_loss-11.4102, train_rmse-3.3779, valid_rmse-3.8694, valid_pr-0.5958
2024-08-27 21:16:09 - INFO - epoch-175, train_loss-11.7722, train_rmse-3.4311, valid_rmse-4.0011, valid_pr-0.5991
2024-08-27 21:16:11 - INFO - epoch-176, train_loss-11.3881, train_rmse-3.3746, valid_rmse-4.1161, valid_pr-0.5938
2024-08-27 21:16:13 - INFO - epoch-177, train_loss-10.9451, train_rmse-3.3083, valid_rmse-4.2118, valid_pr-0.6122
2024-08-27 21:16:15 - INFO - epoch-178, train_loss-10.7298, train_rmse-3.2756, valid_rmse-4.3333, valid_pr-0.5924
2024-08-27 21:16:17 - INFO - epoch-179, train_loss-10.1501, train_rmse-3.1859, valid_rmse-4.3513, valid_pr-0.5894
2024-08-27 21:16:19 - INFO - epoch-180, train_loss-9.9703, train_rmse-3.1576, valid_rmse-4.2753, valid_pr-0.6190
2024-08-27 21:16:21 - INFO - epoch-181, train_loss-10.3610, train_rmse-3.2189, valid_rmse-4.0771, valid_pr-0.6696
2024-08-27 21:16:22 - INFO - epoch-182, train_loss-10.2317, train_rmse-3.1987, valid_rmse-3.8121, valid_pr-0.7193
2024-08-27 21:16:24 - INFO - epoch-183, train_loss-9.5116, train_rmse-3.0841, valid_rmse-3.4723, valid_pr-0.7841
2024-08-27 21:16:26 - INFO - epoch-184, train_loss-9.4104, train_rmse-3.0676, valid_rmse-3.3169, valid_pr-0.8193
2024-08-27 21:16:28 - INFO - epoch-185, train_loss-9.4183, train_rmse-3.0689, valid_rmse-3.1151, valid_pr-0.8310
2024-08-27 21:16:30 - INFO - epoch-186, train_loss-9.0702, train_rmse-3.0117, valid_rmse-3.1042, valid_pr-0.8387
2024-08-27 21:16:32 - INFO - epoch-187, train_loss-8.5751, train_rmse-2.9283, valid_rmse-3.2528, valid_pr-0.8247
2024-08-27 21:16:34 - INFO - epoch-188, train_loss-8.3317, train_rmse-2.8865, valid_rmse-3.3147, valid_pr-0.8358
2024-08-27 21:16:36 - INFO - epoch-189, train_loss-8.5322, train_rmse-2.9210, valid_rmse-3.3151, valid_pr-0.8374
2024-08-27 21:16:38 - INFO - epoch-190, train_loss-8.1058, train_rmse-2.8471, valid_rmse-3.3008, valid_pr-0.8310
2024-08-27 21:16:39 - INFO - epoch-191, train_loss-8.2017, train_rmse-2.8639, valid_rmse-3.2623, valid_pr-0.8054
2024-08-27 21:16:41 - INFO - epoch-192, train_loss-7.7610, train_rmse-2.7859, valid_rmse-3.2570, valid_pr-0.7611
2024-08-27 21:16:43 - INFO - epoch-193, train_loss-7.7824, train_rmse-2.7897, valid_rmse-3.2403, valid_pr-0.7267
2024-08-27 21:16:45 - INFO - epoch-194, train_loss-7.4915, train_rmse-2.7371, valid_rmse-3.2575, valid_pr-0.7032
2024-08-27 21:16:47 - INFO - epoch-195, train_loss-7.8447, train_rmse-2.8008, valid_rmse-3.2956, valid_pr-0.6595
2024-08-27 21:16:49 - INFO - epoch-196, train_loss-7.1408, train_rmse-2.6722, valid_rmse-3.2148, valid_pr-0.6448
2024-08-27 21:16:51 - INFO - epoch-197, train_loss-6.9482, train_rmse-2.6359, valid_rmse-3.1136, valid_pr-0.6587
2024-08-27 21:16:53 - INFO - epoch-198, train_loss-7.2004, train_rmse-2.6834, valid_rmse-3.0321, valid_pr-0.6723
2024-08-27 21:16:55 - INFO - epoch-199, train_loss-6.7752, train_rmse-2.6029, valid_rmse-2.9231, valid_pr-0.6991
2024-08-27 21:16:57 - INFO - epoch-200, train_loss-6.9540, train_rmse-2.6370, valid_rmse-2.6952, valid_pr-0.7687
2024-08-27 21:16:59 - INFO - epoch-201, train_loss-6.6521, train_rmse-2.5792, valid_rmse-2.5727, valid_pr-0.7968
2024-08-27 21:17:01 - INFO - epoch-202, train_loss-6.7641, train_rmse-2.6008, valid_rmse-2.5811, valid_pr-0.7985
2024-08-27 21:17:02 - INFO - epoch-203, train_loss-6.6485, train_rmse-2.5785, valid_rmse-2.6045, valid_pr-0.7838
2024-08-27 21:17:04 - INFO - epoch-204, train_loss-6.8052, train_rmse-2.6087, valid_rmse-2.6285, valid_pr-0.7509
2024-08-27 21:17:06 - INFO - epoch-205, train_loss-5.7258, train_rmse-2.3929, valid_rmse-2.7426, valid_pr-0.6812
2024-08-27 21:17:08 - INFO - epoch-206, train_loss-6.1082, train_rmse-2.4715, valid_rmse-2.8965, valid_pr-0.5793
2024-08-27 21:17:10 - INFO - epoch-207, train_loss-5.5197, train_rmse-2.3494, valid_rmse-2.9927, valid_pr-0.4952
2024-08-27 21:17:12 - INFO - epoch-208, train_loss-5.1593, train_rmse-2.2714, valid_rmse-3.0408, valid_pr-0.4467
2024-08-27 21:17:14 - INFO - epoch-209, train_loss-5.2669, train_rmse-2.2950, valid_rmse-3.0301, valid_pr-0.4444
2024-08-27 21:17:16 - INFO - epoch-210, train_loss-5.4895, train_rmse-2.3430, valid_rmse-2.8776, valid_pr-0.5052
2024-08-27 21:17:18 - INFO - epoch-211, train_loss-5.1893, train_rmse-2.2780, valid_rmse-2.7365, valid_pr-0.5721
2024-08-27 21:17:20 - INFO - epoch-212, train_loss-4.9824, train_rmse-2.2321, valid_rmse-2.6920, valid_pr-0.5993
2024-08-27 21:17:22 - INFO - epoch-213, train_loss-4.8620, train_rmse-2.2050, valid_rmse-2.5660, valid_pr-0.6507
2024-08-27 21:17:24 - INFO - epoch-214, train_loss-5.5765, train_rmse-2.3615, valid_rmse-2.4629, valid_pr-0.6779
2024-08-27 21:17:26 - INFO - epoch-215, train_loss-4.6813, train_rmse-2.1636, valid_rmse-2.2948, valid_pr-0.7081
2024-08-27 21:17:28 - INFO - epoch-216, train_loss-4.4464, train_rmse-2.1086, valid_rmse-2.1057, valid_pr-0.7444
2024-08-27 21:17:30 - INFO - epoch-217, train_loss-4.7746, train_rmse-2.1851, valid_rmse-1.9927, valid_pr-0.7567
2024-08-27 21:17:32 - INFO - epoch-218, train_loss-4.5510, train_rmse-2.1333, valid_rmse-1.9263, valid_pr-0.7756
2024-08-27 21:17:33 - INFO - epoch-219, train_loss-4.7292, train_rmse-2.1747, valid_rmse-1.9667, valid_pr-0.7790
2024-08-27 21:17:35 - INFO - epoch-220, train_loss-4.7920, train_rmse-2.1891, valid_rmse-2.0761, valid_pr-0.7833
2024-08-27 21:17:37 - INFO - epoch-221, train_loss-4.0406, train_rmse-2.0101, valid_rmse-2.2803, valid_pr-0.7726
2024-08-27 21:17:39 - INFO - epoch-222, train_loss-4.1519, train_rmse-2.0376, valid_rmse-2.4795, valid_pr-0.7374
2024-08-27 21:17:41 - INFO - epoch-223, train_loss-4.7004, train_rmse-2.1680, valid_rmse-2.6704, valid_pr-0.6957
2024-08-27 21:17:43 - INFO - epoch-224, train_loss-3.9178, train_rmse-1.9794, valid_rmse-2.7609, valid_pr-0.6438
2024-08-27 21:17:45 - INFO - epoch-225, train_loss-3.5198, train_rmse-1.8761, valid_rmse-2.7529, valid_pr-0.6033
2024-08-27 21:17:47 - INFO - epoch-226, train_loss-3.9604, train_rmse-1.9901, valid_rmse-2.6104, valid_pr-0.6136
2024-08-27 21:17:49 - INFO - epoch-227, train_loss-3.4879, train_rmse-1.8676, valid_rmse-2.4259, valid_pr-0.6399
2024-08-27 21:17:51 - INFO - epoch-228, train_loss-5.1010, train_rmse-2.2585, valid_rmse-2.2867, valid_pr-0.6526
2024-08-27 21:17:52 - INFO - epoch-229, train_loss-3.6120, train_rmse-1.9005, valid_rmse-2.3157, valid_pr-0.6410
2024-08-27 21:17:54 - INFO - epoch-230, train_loss-3.2390, train_rmse-1.7997, valid_rmse-2.3152, valid_pr-0.6492
2024-08-27 21:17:56 - INFO - epoch-231, train_loss-3.6747, train_rmse-1.9169, valid_rmse-2.2979, valid_pr-0.6555
2024-08-27 21:17:58 - INFO - epoch-232, train_loss-2.8380, train_rmse-1.6846, valid_rmse-2.2615, valid_pr-0.6558
2024-08-27 21:18:00 - INFO - epoch-233, train_loss-3.7474, train_rmse-1.9358, valid_rmse-2.2096, valid_pr-0.6471
2024-08-27 21:18:02 - INFO - epoch-234, train_loss-3.7806, train_rmse-1.9444, valid_rmse-2.2405, valid_pr-0.6353
2024-08-27 21:18:04 - INFO - epoch-235, train_loss-4.0194, train_rmse-2.0048, valid_rmse-2.3548, valid_pr-0.6158
2024-08-27 21:18:06 - INFO - epoch-236, train_loss-3.0412, train_rmse-1.7439, valid_rmse-2.4585, valid_pr-0.6100
2024-08-27 21:18:08 - INFO - epoch-237, train_loss-2.8945, train_rmse-1.7013, valid_rmse-2.5401, valid_pr-0.6221
2024-08-27 21:18:10 - INFO - epoch-238, train_loss-3.1815, train_rmse-1.7837, valid_rmse-2.5120, valid_pr-0.6590
2024-08-27 21:18:12 - INFO - epoch-239, train_loss-2.6526, train_rmse-1.6287, valid_rmse-2.4619, valid_pr-0.6909
2024-08-27 21:18:13 - INFO - epoch-240, train_loss-3.4068, train_rmse-1.8457, valid_rmse-2.3834, valid_pr-0.7094
2024-08-27 21:18:15 - INFO - epoch-241, train_loss-2.4626, train_rmse-1.5693, valid_rmse-2.2592, valid_pr-0.7325
2024-08-27 21:18:17 - INFO - epoch-242, train_loss-2.5860, train_rmse-1.6081, valid_rmse-2.1284, valid_pr-0.7567
2024-08-27 21:18:19 - INFO - epoch-243, train_loss-3.1542, train_rmse-1.7760, valid_rmse-2.0317, valid_pr-0.7621
2024-08-27 21:18:21 - INFO - epoch-244, train_loss-2.1782, train_rmse-1.4759, valid_rmse-1.9962, valid_pr-0.7574
2024-08-27 21:18:23 - INFO - epoch-245, train_loss-2.2588, train_rmse-1.5029, valid_rmse-2.0747, valid_pr-0.7333
2024-08-27 21:18:25 - INFO - epoch-246, train_loss-2.4102, train_rmse-1.5525, valid_rmse-2.1654, valid_pr-0.7039
2024-08-27 21:18:27 - INFO - epoch-247, train_loss-2.5920, train_rmse-1.6100, valid_rmse-2.2023, valid_pr-0.6858
2024-08-27 21:18:29 - INFO - epoch-248, train_loss-2.4875, train_rmse-1.5772, valid_rmse-2.1873, valid_pr-0.6799
2024-08-27 21:18:31 - INFO - epoch-249, train_loss-2.2773, train_rmse-1.5091, valid_rmse-2.2196, valid_pr-0.6676
2024-08-27 21:18:33 - INFO - epoch-250, train_loss-2.4007, train_rmse-1.5494, valid_rmse-2.1913, valid_pr-0.6706
2024-08-27 21:18:35 - INFO - epoch-251, train_loss-3.4411, train_rmse-1.8550, valid_rmse-2.0774, valid_pr-0.6982
2024-08-27 21:18:36 - INFO - epoch-252, train_loss-2.1336, train_rmse-1.4607, valid_rmse-2.0192, valid_pr-0.7079
2024-08-27 21:18:38 - INFO - epoch-253, train_loss-1.9707, train_rmse-1.4038, valid_rmse-1.9835, valid_pr-0.7115
2024-08-27 21:18:40 - INFO - epoch-254, train_loss-2.2298, train_rmse-1.4932, valid_rmse-1.9390, valid_pr-0.7205
2024-08-27 21:18:42 - INFO - epoch-255, train_loss-2.3991, train_rmse-1.5489, valid_rmse-1.9403, valid_pr-0.7183
2024-08-27 21:18:44 - INFO - epoch-256, train_loss-2.9982, train_rmse-1.7315, valid_rmse-1.9980, valid_pr-0.6973
2024-08-27 21:18:46 - INFO - epoch-257, train_loss-2.0649, train_rmse-1.4370, valid_rmse-2.1217, valid_pr-0.6482
2024-08-27 21:18:48 - INFO - epoch-258, train_loss-1.5865, train_rmse-1.2595, valid_rmse-2.2291, valid_pr-0.5961
2024-08-27 21:18:50 - INFO - epoch-259, train_loss-1.9462, train_rmse-1.3951, valid_rmse-2.3249, valid_pr-0.5436
2024-08-27 21:18:52 - INFO - epoch-260, train_loss-1.6245, train_rmse-1.2745, valid_rmse-2.3988, valid_pr-0.5001
2024-08-27 21:18:54 - INFO - epoch-261, train_loss-1.7243, train_rmse-1.3131, valid_rmse-2.4055, valid_pr-0.4969
2024-08-27 21:18:56 - INFO - epoch-262, train_loss-1.8940, train_rmse-1.3762, valid_rmse-2.3876, valid_pr-0.5107
2024-08-27 21:18:58 - INFO - epoch-263, train_loss-1.5652, train_rmse-1.2511, valid_rmse-2.4105, valid_pr-0.5034
2024-08-27 21:19:00 - INFO - epoch-264, train_loss-1.7598, train_rmse-1.3266, valid_rmse-2.4206, valid_pr-0.5075
2024-08-27 21:19:02 - INFO - epoch-265, train_loss-1.6588, train_rmse-1.2879, valid_rmse-2.4662, valid_pr-0.4951
2024-08-27 21:19:04 - INFO - epoch-266, train_loss-2.2466, train_rmse-1.4989, valid_rmse-2.5575, valid_pr-0.4491
2024-08-27 21:19:05 - INFO - epoch-267, train_loss-1.6502, train_rmse-1.2846, valid_rmse-2.6226, valid_pr-0.4229
2024-08-27 21:19:07 - INFO - epoch-268, train_loss-1.9475, train_rmse-1.3955, valid_rmse-2.7198, valid_pr-0.3652
2024-08-27 21:19:09 - INFO - epoch-269, train_loss-1.7893, train_rmse-1.3376, valid_rmse-2.7710, valid_pr-0.3278
2024-08-27 21:19:11 - INFO - epoch-270, train_loss-1.4106, train_rmse-1.1877, valid_rmse-2.7998, valid_pr-0.2967
2024-08-27 21:19:13 - INFO - epoch-271, train_loss-1.8908, train_rmse-1.3750, valid_rmse-2.7593, valid_pr-0.3233
2024-08-27 21:19:15 - INFO - epoch-272, train_loss-1.5566, train_rmse-1.2476, valid_rmse-2.6654, valid_pr-0.3784
2024-08-27 21:19:17 - INFO - epoch-273, train_loss-1.5854, train_rmse-1.2591, valid_rmse-2.5689, valid_pr-0.4337
2024-08-27 21:19:19 - INFO - epoch-274, train_loss-1.1376, train_rmse-1.0666, valid_rmse-2.4558, valid_pr-0.4932
2024-08-27 21:19:21 - INFO - epoch-275, train_loss-1.6021, train_rmse-1.2657, valid_rmse-2.3631, valid_pr-0.5429
2024-08-27 21:19:23 - INFO - epoch-276, train_loss-1.2934, train_rmse-1.1373, valid_rmse-2.2989, valid_pr-0.5793
2024-08-27 21:19:25 - INFO - epoch-277, train_loss-1.2753, train_rmse-1.1293, valid_rmse-2.2448, valid_pr-0.6093
2024-08-27 21:19:27 - INFO - epoch-278, train_loss-1.3823, train_rmse-1.1757, valid_rmse-2.2306, valid_pr-0.6178
2024-08-27 21:19:29 - INFO - epoch-279, train_loss-1.7062, train_rmse-1.3062, valid_rmse-2.2260, valid_pr-0.6193
2024-08-27 21:19:31 - INFO - epoch-280, train_loss-1.7637, train_rmse-1.3281, valid_rmse-2.2226, valid_pr-0.6184
2024-08-27 21:19:33 - INFO - epoch-281, train_loss-2.0086, train_rmse-1.4173, valid_rmse-2.2049, valid_pr-0.6260
2024-08-27 21:19:34 - INFO - epoch-282, train_loss-1.4735, train_rmse-1.2139, valid_rmse-2.1868, valid_pr-0.6291
2024-08-27 21:19:36 - INFO - epoch-283, train_loss-0.8568, train_rmse-0.9256, valid_rmse-2.1490, valid_pr-0.6456
2024-08-27 21:19:38 - INFO - epoch-284, train_loss-1.5117, train_rmse-1.2295, valid_rmse-2.0948, valid_pr-0.6629
2024-08-27 21:19:40 - INFO - epoch-285, train_loss-1.0027, train_rmse-1.0014, valid_rmse-2.0423, valid_pr-0.6858
2024-08-27 21:19:42 - INFO - epoch-286, train_loss-1.1156, train_rmse-1.0562, valid_rmse-2.0078, valid_pr-0.7033
2024-08-27 21:19:44 - INFO - epoch-287, train_loss-0.8399, train_rmse-0.9164, valid_rmse-2.0212, valid_pr-0.7060
2024-08-27 21:19:46 - INFO - epoch-288, train_loss-1.9134, train_rmse-1.3832, valid_rmse-2.0683, valid_pr-0.6984
2024-08-27 21:19:48 - INFO - epoch-289, train_loss-1.0039, train_rmse-1.0020, valid_rmse-2.1173, valid_pr-0.6834
2024-08-27 21:19:50 - INFO - epoch-290, train_loss-1.0805, train_rmse-1.0395, valid_rmse-2.1706, valid_pr-0.6708
2024-08-27 21:19:52 - INFO - epoch-291, train_loss-1.2689, train_rmse-1.1265, valid_rmse-2.2247, valid_pr-0.6512
2024-08-27 21:19:54 - INFO - epoch-292, train_loss-1.3900, train_rmse-1.1790, valid_rmse-2.2838, valid_pr-0.6211
2024-08-27 21:19:56 - INFO - epoch-293, train_loss-1.3124, train_rmse-1.1456, valid_rmse-2.3202, valid_pr-0.6055
2024-08-27 21:19:57 - INFO - epoch-294, train_loss-1.3459, train_rmse-1.1601, valid_rmse-2.3919, valid_pr-0.5703
2024-08-27 21:19:59 - INFO - epoch-295, train_loss-0.9529, train_rmse-0.9762, valid_rmse-2.4485, valid_pr-0.5378
2024-08-27 21:20:01 - INFO - epoch-296, train_loss-0.8958, train_rmse-0.9465, valid_rmse-2.4941, valid_pr-0.5043
2024-08-27 21:20:03 - INFO - epoch-297, train_loss-1.0938, train_rmse-1.0458, valid_rmse-2.5563, valid_pr-0.4748
2024-08-27 21:20:05 - INFO - epoch-298, train_loss-1.2830, train_rmse-1.1327, valid_rmse-2.5982, valid_pr-0.4612
2024-08-27 21:20:07 - INFO - epoch-299, train_loss-1.4934, train_rmse-1.2221, valid_rmse-2.6062, valid_pr-0.4636
2024-08-27 21:20:09 - INFO - epoch-300, train_loss-2.4630, train_rmse-1.5694, valid_rmse-2.4939, valid_pr-0.5076
2024-08-27 21:20:11 - INFO - epoch-301, train_loss-1.2677, train_rmse-1.1259, valid_rmse-2.3709, valid_pr-0.5526
2024-08-27 21:20:13 - INFO - epoch-302, train_loss-1.0205, train_rmse-1.0102, valid_rmse-2.2834, valid_pr-0.5888
2024-08-27 21:20:15 - INFO - epoch-303, train_loss-1.0079, train_rmse-1.0040, valid_rmse-2.2296, valid_pr-0.6142
2024-08-27 21:20:17 - INFO - epoch-304, train_loss-1.3616, train_rmse-1.1669, valid_rmse-2.2089, valid_pr-0.6292
2024-08-27 21:20:18 - INFO - epoch-305, train_loss-2.8645, train_rmse-1.6925, valid_rmse-2.2013, valid_pr-0.6476
2024-08-27 21:20:20 - INFO - epoch-306, train_loss-1.3269, train_rmse-1.1519, valid_rmse-2.2228, valid_pr-0.6512
2024-08-27 21:20:22 - INFO - epoch-307, train_loss-1.0608, train_rmse-1.0300, valid_rmse-2.2370, valid_pr-0.6492
2024-08-27 21:20:24 - INFO - epoch-308, train_loss-1.7879, train_rmse-1.3371, valid_rmse-2.2974, valid_pr-0.6335
2024-08-27 21:20:26 - INFO - epoch-309, train_loss-1.2840, train_rmse-1.1331, valid_rmse-2.3100, valid_pr-0.6297
2024-08-27 21:20:28 - INFO - epoch-310, train_loss-1.1719, train_rmse-1.0826, valid_rmse-2.3049, valid_pr-0.6235
2024-08-27 21:20:30 - INFO - epoch-311, train_loss-2.0752, train_rmse-1.4406, valid_rmse-2.3422, valid_pr-0.5974
2024-08-27 21:20:32 - INFO - epoch-312, train_loss-0.9823, train_rmse-0.9911, valid_rmse-2.3830, valid_pr-0.5680
2024-08-27 21:20:34 - INFO - epoch-313, train_loss-1.6337, train_rmse-1.2781, valid_rmse-2.3505, valid_pr-0.5690
2024-08-27 21:20:36 - INFO - epoch-314, train_loss-0.9577, train_rmse-0.9786, valid_rmse-2.3055, valid_pr-0.5893
2024-08-27 21:20:38 - INFO - epoch-315, train_loss-1.2709, train_rmse-1.1274, valid_rmse-2.2489, valid_pr-0.6225
2024-08-27 21:20:40 - INFO - epoch-316, train_loss-1.3359, train_rmse-1.1558, valid_rmse-2.2131, valid_pr-0.6497
2024-08-27 21:20:42 - INFO - epoch-317, train_loss-1.4941, train_rmse-1.2223, valid_rmse-2.1954, valid_pr-0.6714
2024-08-27 21:20:44 - INFO - epoch-318, train_loss-1.3883, train_rmse-1.1783, valid_rmse-2.2040, valid_pr-0.6730
2024-08-27 21:20:46 - INFO - epoch-319, train_loss-1.1524, train_rmse-1.0735, valid_rmse-2.2322, valid_pr-0.6593
2024-08-27 21:20:46 - INFO - early stop in epoch 319
2024-08-27 21:20:46 - INFO - best_rmse: 1.9263
