2024-10-10 08:42:22 - INFO - /blue/yanjun.li/tzutang.lin/GIGN/GIGN/finetuning_pdbbind.py
2024-10-10 08:42:22 - INFO - train data: 81
2024-10-10 08:42:22 - INFO - valid data: 10
2024-10-10 08:43:01 - INFO - epoch-0, train_loss-3.1745, train_rmse-1.7817, valid_rmse-1.9062, valid_pr--0.1495
2024-10-10 08:43:04 - INFO - epoch-1, train_loss-2.5528, train_rmse-1.5978, valid_rmse-1.8452, valid_pr--0.0276
2024-10-10 08:43:07 - INFO - epoch-2, train_loss-1.6629, train_rmse-1.2896, valid_rmse-1.8147, valid_pr-0.0233
2024-10-10 08:43:10 - INFO - epoch-3, train_loss-1.3464, train_rmse-1.1603, valid_rmse-1.7896, valid_pr-0.0781
2024-10-10 08:43:13 - INFO - epoch-4, train_loss-1.2149, train_rmse-1.1022, valid_rmse-1.7416, valid_pr-0.1335
2024-10-10 08:43:16 - INFO - epoch-5, train_loss-0.9245, train_rmse-0.9615, valid_rmse-1.6915, valid_pr-0.1892
2024-10-10 08:43:19 - INFO - epoch-6, train_loss-1.0303, train_rmse-1.0150, valid_rmse-1.6147, valid_pr-0.2937
2024-10-10 08:43:22 - INFO - epoch-7, train_loss-0.7693, train_rmse-0.8771, valid_rmse-1.5425, valid_pr-0.3915
2024-10-10 08:43:25 - INFO - epoch-8, train_loss-0.6494, train_rmse-0.8059, valid_rmse-1.4751, valid_pr-0.4625
2024-10-10 08:43:28 - INFO - epoch-9, train_loss-0.6469, train_rmse-0.8043, valid_rmse-1.4269, valid_pr-0.5064
2024-10-10 08:43:31 - INFO - epoch-10, train_loss-0.5892, train_rmse-0.7676, valid_rmse-1.3807, valid_pr-0.5421
2024-10-10 08:43:34 - INFO - epoch-11, train_loss-0.5565, train_rmse-0.7460, valid_rmse-1.3679, valid_pr-0.5316
2024-10-10 08:43:37 - INFO - epoch-12, train_loss-0.5078, train_rmse-0.7126, valid_rmse-1.3757, valid_pr-0.4802
2024-10-10 08:43:40 - INFO - epoch-13, train_loss-0.4040, train_rmse-0.6356, valid_rmse-1.4062, valid_pr-0.3917
2024-10-10 08:43:43 - INFO - epoch-14, train_loss-0.3890, train_rmse-0.6237, valid_rmse-1.4372, valid_pr-0.2991
2024-10-10 08:43:46 - INFO - epoch-15, train_loss-0.4043, train_rmse-0.6359, valid_rmse-1.4687, valid_pr-0.2278
2024-10-10 08:43:49 - INFO - epoch-16, train_loss-0.3584, train_rmse-0.5987, valid_rmse-1.5023, valid_pr-0.1607
2024-10-10 08:43:52 - INFO - epoch-17, train_loss-0.4118, train_rmse-0.6417, valid_rmse-1.5297, valid_pr-0.1061
2024-10-10 08:43:55 - INFO - epoch-18, train_loss-0.2860, train_rmse-0.5347, valid_rmse-1.5642, valid_pr-0.0447
2024-10-10 08:43:58 - INFO - epoch-19, train_loss-0.3097, train_rmse-0.5565, valid_rmse-1.5891, valid_pr-0.0058
2024-10-10 08:44:01 - INFO - epoch-20, train_loss-0.2065, train_rmse-0.4544, valid_rmse-1.6139, valid_pr--0.0326
2024-10-10 08:44:04 - INFO - epoch-21, train_loss-0.2561, train_rmse-0.5060, valid_rmse-1.6372, valid_pr--0.0639
2024-10-10 08:44:07 - INFO - epoch-22, train_loss-0.2394, train_rmse-0.4893, valid_rmse-1.6604, valid_pr--0.0947
2024-10-10 08:44:10 - INFO - epoch-23, train_loss-0.2886, train_rmse-0.5372, valid_rmse-1.6846, valid_pr--0.1289
2024-10-10 08:44:13 - INFO - epoch-24, train_loss-0.1997, train_rmse-0.4469, valid_rmse-1.7020, valid_pr--0.1506
2024-10-10 08:44:15 - INFO - epoch-25, train_loss-0.1950, train_rmse-0.4415, valid_rmse-1.7154, valid_pr--0.1704
2024-10-10 08:44:18 - INFO - epoch-26, train_loss-0.1938, train_rmse-0.4403, valid_rmse-1.7172, valid_pr--0.1721
2024-10-10 08:44:21 - INFO - epoch-27, train_loss-0.1996, train_rmse-0.4468, valid_rmse-1.7203, valid_pr--0.1665
2024-10-10 08:44:24 - INFO - epoch-28, train_loss-0.1737, train_rmse-0.4167, valid_rmse-1.7200, valid_pr--0.1628
2024-10-10 08:44:27 - INFO - epoch-29, train_loss-0.1534, train_rmse-0.3917, valid_rmse-1.7269, valid_pr--0.1696
2024-10-10 08:44:30 - INFO - epoch-30, train_loss-0.1778, train_rmse-0.4217, valid_rmse-1.7323, valid_pr--0.1806
2024-10-10 08:44:33 - INFO - epoch-31, train_loss-0.1529, train_rmse-0.3910, valid_rmse-1.7383, valid_pr--0.1834
2024-10-10 08:44:36 - INFO - epoch-32, train_loss-0.1435, train_rmse-0.3789, valid_rmse-1.7404, valid_pr--0.1810
2024-10-10 08:44:39 - INFO - epoch-33, train_loss-0.1338, train_rmse-0.3657, valid_rmse-1.7349, valid_pr--0.1736
2024-10-10 08:44:42 - INFO - epoch-34, train_loss-0.1598, train_rmse-0.3997, valid_rmse-1.7340, valid_pr--0.1725
2024-10-10 08:44:45 - INFO - epoch-35, train_loss-0.1429, train_rmse-0.3781, valid_rmse-1.7304, valid_pr--0.1648
2024-10-10 08:44:48 - INFO - epoch-36, train_loss-0.1446, train_rmse-0.3803, valid_rmse-1.7270, valid_pr--0.1593
2024-10-10 08:44:51 - INFO - epoch-37, train_loss-0.1645, train_rmse-0.4056, valid_rmse-1.7240, valid_pr--0.1483
2024-10-10 08:44:54 - INFO - epoch-38, train_loss-0.1321, train_rmse-0.3634, valid_rmse-1.7101, valid_pr--0.1251
2024-10-10 08:44:57 - INFO - epoch-39, train_loss-0.1470, train_rmse-0.3834, valid_rmse-1.7112, valid_pr--0.1249
2024-10-10 08:45:00 - INFO - epoch-40, train_loss-0.1495, train_rmse-0.3866, valid_rmse-1.7140, valid_pr--0.1261
2024-10-10 08:45:03 - INFO - epoch-41, train_loss-0.0974, train_rmse-0.3120, valid_rmse-1.7074, valid_pr--0.1136
2024-10-10 08:45:06 - INFO - epoch-42, train_loss-0.0734, train_rmse-0.2709, valid_rmse-1.7056, valid_pr--0.1091
2024-10-10 08:45:09 - INFO - epoch-43, train_loss-0.0969, train_rmse-0.3114, valid_rmse-1.7005, valid_pr--0.1036
2024-10-10 08:45:12 - INFO - epoch-44, train_loss-0.1076, train_rmse-0.3280, valid_rmse-1.6996, valid_pr--0.1043
2024-10-10 08:45:15 - INFO - epoch-45, train_loss-0.1113, train_rmse-0.3335, valid_rmse-1.6850, valid_pr--0.0917
2024-10-10 08:45:18 - INFO - epoch-46, train_loss-0.1033, train_rmse-0.3214, valid_rmse-1.6818, valid_pr--0.0913
2024-10-10 08:45:21 - INFO - epoch-47, train_loss-0.1053, train_rmse-0.3245, valid_rmse-1.6796, valid_pr--0.0839
2024-10-10 08:45:24 - INFO - epoch-48, train_loss-0.1228, train_rmse-0.3504, valid_rmse-1.6744, valid_pr--0.0785
2024-10-10 08:45:27 - INFO - epoch-49, train_loss-0.1243, train_rmse-0.3526, valid_rmse-1.6744, valid_pr--0.0815
2024-10-10 08:45:30 - INFO - epoch-50, train_loss-0.1210, train_rmse-0.3478, valid_rmse-1.6739, valid_pr--0.0810
2024-10-10 08:45:33 - INFO - epoch-51, train_loss-0.0857, train_rmse-0.2927, valid_rmse-1.6821, valid_pr--0.0963
2024-10-10 08:45:36 - INFO - epoch-52, train_loss-0.1085, train_rmse-0.3295, valid_rmse-1.6785, valid_pr--0.0967
2024-10-10 08:45:39 - INFO - epoch-53, train_loss-0.1263, train_rmse-0.3554, valid_rmse-1.6844, valid_pr--0.1078
2024-10-10 08:45:42 - INFO - epoch-54, train_loss-0.0851, train_rmse-0.2917, valid_rmse-1.6904, valid_pr--0.1089
2024-10-10 08:45:45 - INFO - epoch-55, train_loss-0.0670, train_rmse-0.2588, valid_rmse-1.6919, valid_pr--0.1002
2024-10-10 08:45:48 - INFO - epoch-56, train_loss-0.0712, train_rmse-0.2668, valid_rmse-1.6942, valid_pr--0.0979
2024-10-10 08:45:51 - INFO - epoch-57, train_loss-0.0732, train_rmse-0.2705, valid_rmse-1.6956, valid_pr--0.0957
2024-10-10 08:45:54 - INFO - epoch-58, train_loss-0.0798, train_rmse-0.2825, valid_rmse-1.7000, valid_pr--0.0914
2024-10-10 08:45:57 - INFO - epoch-59, train_loss-0.0677, train_rmse-0.2602, valid_rmse-1.6990, valid_pr--0.0864
2024-10-10 08:46:00 - INFO - epoch-60, train_loss-0.1095, train_rmse-0.3309, valid_rmse-1.7055, valid_pr--0.0897
2024-10-10 08:46:04 - INFO - epoch-61, train_loss-0.0794, train_rmse-0.2817, valid_rmse-1.7010, valid_pr--0.0811
2024-10-10 08:46:07 - INFO - epoch-62, train_loss-0.0552, train_rmse-0.2349, valid_rmse-1.7032, valid_pr--0.0794
2024-10-10 08:46:10 - INFO - epoch-63, train_loss-0.0983, train_rmse-0.3135, valid_rmse-1.6979, valid_pr--0.0748
2024-10-10 08:46:13 - INFO - epoch-64, train_loss-0.0680, train_rmse-0.2608, valid_rmse-1.6948, valid_pr--0.0706
2024-10-10 08:46:16 - INFO - epoch-65, train_loss-0.0852, train_rmse-0.2919, valid_rmse-1.6923, valid_pr--0.0715
2024-10-10 08:46:18 - INFO - epoch-66, train_loss-0.0758, train_rmse-0.2753, valid_rmse-1.6872, valid_pr--0.0732
2024-10-10 08:46:21 - INFO - epoch-67, train_loss-0.0807, train_rmse-0.2840, valid_rmse-1.6878, valid_pr--0.0791
2024-10-10 08:46:25 - INFO - epoch-68, train_loss-0.0578, train_rmse-0.2403, valid_rmse-1.6779, valid_pr--0.0719
2024-10-10 08:46:28 - INFO - epoch-69, train_loss-0.0715, train_rmse-0.2673, valid_rmse-1.6789, valid_pr--0.0785
2024-10-10 08:46:30 - INFO - epoch-70, train_loss-0.0645, train_rmse-0.2540, valid_rmse-1.6817, valid_pr--0.0861
2024-10-10 08:46:33 - INFO - epoch-71, train_loss-0.0832, train_rmse-0.2885, valid_rmse-1.6821, valid_pr--0.0886
2024-10-10 08:46:36 - INFO - epoch-72, train_loss-0.0629, train_rmse-0.2507, valid_rmse-1.6802, valid_pr--0.0858
2024-10-10 08:46:39 - INFO - epoch-73, train_loss-0.0568, train_rmse-0.2383, valid_rmse-1.6896, valid_pr--0.0982
2024-10-10 08:46:42 - INFO - epoch-74, train_loss-0.0687, train_rmse-0.2621, valid_rmse-1.6825, valid_pr--0.0886
2024-10-10 08:46:45 - INFO - epoch-75, train_loss-0.0679, train_rmse-0.2607, valid_rmse-1.6867, valid_pr--0.0885
2024-10-10 08:46:48 - INFO - epoch-76, train_loss-0.0647, train_rmse-0.2544, valid_rmse-1.6939, valid_pr--0.0921
2024-10-10 08:46:51 - INFO - epoch-77, train_loss-0.0590, train_rmse-0.2429, valid_rmse-1.7026, valid_pr--0.0953
2024-10-10 08:46:54 - INFO - epoch-78, train_loss-0.0567, train_rmse-0.2382, valid_rmse-1.7137, valid_pr--0.1067
2024-10-10 08:46:57 - INFO - epoch-79, train_loss-0.0526, train_rmse-0.2294, valid_rmse-1.7177, valid_pr--0.1122
2024-10-10 08:47:00 - INFO - epoch-80, train_loss-0.0593, train_rmse-0.2434, valid_rmse-1.7232, valid_pr--0.1216
2024-10-10 08:47:03 - INFO - epoch-81, train_loss-0.0642, train_rmse-0.2534, valid_rmse-1.7327, valid_pr--0.1367
2024-10-10 08:47:06 - INFO - epoch-82, train_loss-0.0476, train_rmse-0.2182, valid_rmse-1.7417, valid_pr--0.1463
2024-10-10 08:47:09 - INFO - epoch-83, train_loss-0.0505, train_rmse-0.2248, valid_rmse-1.7461, valid_pr--0.1588
2024-10-10 08:47:12 - INFO - epoch-84, train_loss-0.0446, train_rmse-0.2112, valid_rmse-1.7485, valid_pr--0.1617
2024-10-10 08:47:15 - INFO - epoch-85, train_loss-0.0874, train_rmse-0.2956, valid_rmse-1.7609, valid_pr--0.1793
2024-10-10 08:47:18 - INFO - epoch-86, train_loss-0.0740, train_rmse-0.2720, valid_rmse-1.7771, valid_pr--0.1963
2024-10-10 08:47:21 - INFO - epoch-87, train_loss-0.0716, train_rmse-0.2676, valid_rmse-1.7778, valid_pr--0.2111
2024-10-10 08:47:24 - INFO - epoch-88, train_loss-0.0536, train_rmse-0.2316, valid_rmse-1.7768, valid_pr--0.2100
2024-10-10 08:47:27 - INFO - epoch-89, train_loss-0.0904, train_rmse-0.3006, valid_rmse-1.7882, valid_pr--0.2172
2024-10-10 08:47:30 - INFO - epoch-90, train_loss-0.0734, train_rmse-0.2710, valid_rmse-1.7784, valid_pr--0.2100
2024-10-10 08:47:33 - INFO - epoch-91, train_loss-0.0536, train_rmse-0.2316, valid_rmse-1.7811, valid_pr--0.2197
2024-10-10 08:47:36 - INFO - epoch-92, train_loss-0.0636, train_rmse-0.2522, valid_rmse-1.7786, valid_pr--0.2227
2024-10-10 08:47:39 - INFO - epoch-93, train_loss-0.0710, train_rmse-0.2665, valid_rmse-1.7754, valid_pr--0.2221
2024-10-10 08:47:42 - INFO - epoch-94, train_loss-0.0612, train_rmse-0.2474, valid_rmse-1.7716, valid_pr--0.2173
2024-10-10 08:47:45 - INFO - epoch-95, train_loss-0.0652, train_rmse-0.2553, valid_rmse-1.7693, valid_pr--0.2189
2024-10-10 08:47:48 - INFO - epoch-96, train_loss-0.0359, train_rmse-0.1894, valid_rmse-1.7706, valid_pr--0.2188
2024-10-10 08:47:51 - INFO - epoch-97, train_loss-0.0452, train_rmse-0.2126, valid_rmse-1.7669, valid_pr--0.2186
2024-10-10 08:47:54 - INFO - epoch-98, train_loss-0.0461, train_rmse-0.2147, valid_rmse-1.7650, valid_pr--0.2225
2024-10-10 08:47:56 - INFO - epoch-99, train_loss-0.0567, train_rmse-0.2381, valid_rmse-1.7691, valid_pr--0.2281
2024-10-10 08:48:00 - INFO - epoch-100, train_loss-0.0565, train_rmse-0.2377, valid_rmse-1.7714, valid_pr--0.2336
2024-10-10 08:48:02 - INFO - epoch-101, train_loss-0.0685, train_rmse-0.2617, valid_rmse-1.7655, valid_pr--0.2252
2024-10-10 08:48:05 - INFO - epoch-102, train_loss-0.0469, train_rmse-0.2166, valid_rmse-1.7583, valid_pr--0.2163
2024-10-10 08:48:08 - INFO - epoch-103, train_loss-0.0550, train_rmse-0.2346, valid_rmse-1.7647, valid_pr--0.2191
2024-10-10 08:48:11 - INFO - epoch-104, train_loss-0.0692, train_rmse-0.2631, valid_rmse-1.7507, valid_pr--0.2131
2024-10-10 08:48:14 - INFO - epoch-105, train_loss-0.0616, train_rmse-0.2481, valid_rmse-1.7370, valid_pr--0.2044
2024-10-10 08:48:17 - INFO - epoch-106, train_loss-0.0590, train_rmse-0.2428, valid_rmse-1.7284, valid_pr--0.1998
2024-10-10 08:48:19 - INFO - epoch-107, train_loss-0.0579, train_rmse-0.2407, valid_rmse-1.7274, valid_pr--0.2007
2024-10-10 08:48:22 - INFO - epoch-108, train_loss-0.0571, train_rmse-0.2389, valid_rmse-1.7242, valid_pr--0.1943
2024-10-10 08:48:25 - INFO - epoch-109, train_loss-0.0364, train_rmse-0.1908, valid_rmse-1.7214, valid_pr--0.1944
2024-10-10 08:48:28 - INFO - epoch-110, train_loss-0.0498, train_rmse-0.2232, valid_rmse-1.7157, valid_pr--0.1874
2024-10-10 08:48:31 - INFO - epoch-111, train_loss-0.0347, train_rmse-0.1863, valid_rmse-1.7140, valid_pr--0.1847
2024-10-10 08:48:34 - INFO - epoch-112, train_loss-0.0540, train_rmse-0.2325, valid_rmse-1.7127, valid_pr--0.1844
2024-10-10 08:48:34 - INFO - Early stopping in epoch 112. Best RMSE: 1.3679
2024-10-10 08:48:35 - INFO - Training finished and last epoch model saved for repeat 0.
