2024-10-10 08:54:13 - INFO - /blue/yanjun.li/tzutang.lin/GIGN/GIGN/finetuning_pdbbind.py
2024-10-10 08:54:13 - INFO - train data: 81
2024-10-10 08:54:13 - INFO - valid data: 10
2024-10-10 08:54:16 - INFO - epoch-0, train_loss-3.3137, train_rmse-1.8204, valid_rmse-2.0025, valid_pr--0.2619
2024-10-10 08:54:19 - INFO - epoch-1, train_loss-2.5066, train_rmse-1.5832, valid_rmse-1.9500, valid_pr--0.1438
2024-10-10 08:54:22 - INFO - epoch-2, train_loss-2.0013, train_rmse-1.4147, valid_rmse-1.9223, valid_pr--0.0535
2024-10-10 08:54:25 - INFO - epoch-3, train_loss-1.4282, train_rmse-1.1951, valid_rmse-1.8998, valid_pr--0.0618
2024-10-10 08:54:28 - INFO - epoch-4, train_loss-1.0374, train_rmse-1.0185, valid_rmse-1.8445, valid_pr--0.0114
2024-10-10 08:54:31 - INFO - epoch-5, train_loss-0.9887, train_rmse-0.9944, valid_rmse-1.7832, valid_pr-0.0396
2024-10-10 08:54:34 - INFO - epoch-6, train_loss-0.8581, train_rmse-0.9263, valid_rmse-1.6932, valid_pr-0.1544
2024-10-10 08:54:37 - INFO - epoch-7, train_loss-0.8120, train_rmse-0.9011, valid_rmse-1.6056, valid_pr-0.2913
2024-10-10 08:54:40 - INFO - epoch-8, train_loss-0.6655, train_rmse-0.8158, valid_rmse-1.5404, valid_pr-0.4108
2024-10-10 08:54:43 - INFO - epoch-9, train_loss-0.5638, train_rmse-0.7508, valid_rmse-1.5021, valid_pr-0.5061
2024-10-10 08:54:46 - INFO - epoch-10, train_loss-0.5465, train_rmse-0.7393, valid_rmse-1.4714, valid_pr-0.5691
2024-10-10 08:54:49 - INFO - epoch-11, train_loss-0.4974, train_rmse-0.7053, valid_rmse-1.4497, valid_pr-0.6310
2024-10-10 08:54:52 - INFO - epoch-12, train_loss-0.4634, train_rmse-0.6808, valid_rmse-1.4497, valid_pr-0.6694
2024-10-10 08:54:55 - INFO - epoch-13, train_loss-0.4406, train_rmse-0.6637, valid_rmse-1.4581, valid_pr-0.6389
2024-10-10 08:54:58 - INFO - epoch-14, train_loss-0.4763, train_rmse-0.6902, valid_rmse-1.4777, valid_pr-0.4970
2024-10-10 08:55:02 - INFO - epoch-15, train_loss-0.3604, train_rmse-0.6003, valid_rmse-1.5069, valid_pr-0.3021
2024-10-10 08:55:05 - INFO - epoch-16, train_loss-0.3297, train_rmse-0.5742, valid_rmse-1.5375, valid_pr-0.1360
2024-10-10 08:55:08 - INFO - epoch-17, train_loss-0.3025, train_rmse-0.5500, valid_rmse-1.5638, valid_pr-0.0143
2024-10-10 08:55:11 - INFO - epoch-18, train_loss-0.2906, train_rmse-0.5391, valid_rmse-1.5904, valid_pr--0.0763
2024-10-10 08:55:14 - INFO - epoch-19, train_loss-0.2812, train_rmse-0.5302, valid_rmse-1.6149, valid_pr--0.1630
2024-10-10 08:55:17 - INFO - epoch-20, train_loss-0.2882, train_rmse-0.5369, valid_rmse-1.6437, valid_pr--0.2330
2024-10-10 08:55:20 - INFO - epoch-21, train_loss-0.2875, train_rmse-0.5362, valid_rmse-1.6624, valid_pr--0.2632
2024-10-10 08:55:23 - INFO - epoch-22, train_loss-0.2606, train_rmse-0.5105, valid_rmse-1.6823, valid_pr--0.2919
2024-10-10 08:55:26 - INFO - epoch-23, train_loss-0.1756, train_rmse-0.4191, valid_rmse-1.7005, valid_pr--0.3244
2024-10-10 08:55:29 - INFO - epoch-24, train_loss-0.2051, train_rmse-0.4528, valid_rmse-1.7127, valid_pr--0.3402
2024-10-10 08:55:32 - INFO - epoch-25, train_loss-0.2090, train_rmse-0.4571, valid_rmse-1.7198, valid_pr--0.3242
2024-10-10 08:55:35 - INFO - epoch-26, train_loss-0.1762, train_rmse-0.4197, valid_rmse-1.7307, valid_pr--0.3445
2024-10-10 08:55:38 - INFO - epoch-27, train_loss-0.1340, train_rmse-0.3661, valid_rmse-1.7523, valid_pr--0.3733
2024-10-10 08:55:41 - INFO - epoch-28, train_loss-0.1850, train_rmse-0.4302, valid_rmse-1.7629, valid_pr--0.3816
2024-10-10 08:55:45 - INFO - epoch-29, train_loss-0.2506, train_rmse-0.5006, valid_rmse-1.7722, valid_pr--0.3987
2024-10-10 08:55:47 - INFO - epoch-30, train_loss-0.1501, train_rmse-0.3875, valid_rmse-1.7781, valid_pr--0.4036
2024-10-10 08:55:50 - INFO - epoch-31, train_loss-0.1469, train_rmse-0.3833, valid_rmse-1.7837, valid_pr--0.3976
2024-10-10 08:55:53 - INFO - epoch-32, train_loss-0.1363, train_rmse-0.3692, valid_rmse-1.7849, valid_pr--0.3983
2024-10-10 08:55:56 - INFO - epoch-33, train_loss-0.1237, train_rmse-0.3517, valid_rmse-1.7892, valid_pr--0.3968
2024-10-10 08:55:59 - INFO - epoch-34, train_loss-0.1142, train_rmse-0.3380, valid_rmse-1.7837, valid_pr--0.3860
2024-10-10 08:56:02 - INFO - epoch-35, train_loss-0.1554, train_rmse-0.3942, valid_rmse-1.7809, valid_pr--0.3743
2024-10-10 08:56:05 - INFO - epoch-36, train_loss-0.1431, train_rmse-0.3783, valid_rmse-1.7777, valid_pr--0.3595
2024-10-10 08:56:08 - INFO - epoch-37, train_loss-0.1132, train_rmse-0.3365, valid_rmse-1.7833, valid_pr--0.3749
2024-10-10 08:56:12 - INFO - epoch-38, train_loss-0.1273, train_rmse-0.3568, valid_rmse-1.7831, valid_pr--0.3721
2024-10-10 08:56:14 - INFO - epoch-39, train_loss-0.1239, train_rmse-0.3520, valid_rmse-1.7721, valid_pr--0.3665
2024-10-10 08:56:18 - INFO - epoch-40, train_loss-0.1102, train_rmse-0.3320, valid_rmse-1.7678, valid_pr--0.3528
2024-10-10 08:56:21 - INFO - epoch-41, train_loss-0.1073, train_rmse-0.3276, valid_rmse-1.7795, valid_pr--0.3662
2024-10-10 08:56:24 - INFO - epoch-42, train_loss-0.1079, train_rmse-0.3284, valid_rmse-1.7852, valid_pr--0.3764
2024-10-10 08:56:27 - INFO - epoch-43, train_loss-0.1066, train_rmse-0.3265, valid_rmse-1.7902, valid_pr--0.3900
2024-10-10 08:56:30 - INFO - epoch-44, train_loss-0.1114, train_rmse-0.3338, valid_rmse-1.8004, valid_pr--0.4057
2024-10-10 08:56:33 - INFO - epoch-45, train_loss-0.1040, train_rmse-0.3225, valid_rmse-1.8133, valid_pr--0.4174
2024-10-10 08:56:36 - INFO - epoch-46, train_loss-0.0936, train_rmse-0.3059, valid_rmse-1.8192, valid_pr--0.4287
2024-10-10 08:56:39 - INFO - epoch-47, train_loss-0.1017, train_rmse-0.3189, valid_rmse-1.8297, valid_pr--0.4335
2024-10-10 08:56:42 - INFO - epoch-48, train_loss-0.1023, train_rmse-0.3199, valid_rmse-1.8310, valid_pr--0.4259
2024-10-10 08:56:45 - INFO - epoch-49, train_loss-0.1073, train_rmse-0.3275, valid_rmse-1.8284, valid_pr--0.4187
2024-10-10 08:56:48 - INFO - epoch-50, train_loss-0.1018, train_rmse-0.3190, valid_rmse-1.8221, valid_pr--0.4292
2024-10-10 08:56:51 - INFO - epoch-51, train_loss-0.1217, train_rmse-0.3488, valid_rmse-1.8259, valid_pr--0.4287
2024-10-10 08:56:55 - INFO - epoch-52, train_loss-0.0952, train_rmse-0.3085, valid_rmse-1.8271, valid_pr--0.4338
2024-10-10 08:56:58 - INFO - epoch-53, train_loss-0.0713, train_rmse-0.2671, valid_rmse-1.8273, valid_pr--0.4353
2024-10-10 08:57:01 - INFO - epoch-54, train_loss-0.0917, train_rmse-0.3029, valid_rmse-1.8228, valid_pr--0.4333
2024-10-10 08:57:04 - INFO - epoch-55, train_loss-0.0953, train_rmse-0.3086, valid_rmse-1.8276, valid_pr--0.4401
2024-10-10 08:57:07 - INFO - epoch-56, train_loss-0.0891, train_rmse-0.2985, valid_rmse-1.8348, valid_pr--0.4468
2024-10-10 08:57:10 - INFO - epoch-57, train_loss-0.0927, train_rmse-0.3045, valid_rmse-1.8364, valid_pr--0.4491
2024-10-10 08:57:13 - INFO - epoch-58, train_loss-0.0646, train_rmse-0.2541, valid_rmse-1.8318, valid_pr--0.4374
2024-10-10 08:57:16 - INFO - epoch-59, train_loss-0.0544, train_rmse-0.2333, valid_rmse-1.8249, valid_pr--0.4313
2024-10-10 08:57:19 - INFO - epoch-60, train_loss-0.1088, train_rmse-0.3299, valid_rmse-1.8134, valid_pr--0.4142
2024-10-10 08:57:22 - INFO - epoch-61, train_loss-0.0776, train_rmse-0.2785, valid_rmse-1.8054, valid_pr--0.3924
2024-10-10 08:57:25 - INFO - epoch-62, train_loss-0.0561, train_rmse-0.2369, valid_rmse-1.7953, valid_pr--0.3689
2024-10-10 08:57:28 - INFO - epoch-63, train_loss-0.0999, train_rmse-0.3160, valid_rmse-1.7881, valid_pr--0.3544
2024-10-10 08:57:31 - INFO - epoch-64, train_loss-0.0549, train_rmse-0.2342, valid_rmse-1.7748, valid_pr--0.3264
2024-10-10 08:57:34 - INFO - epoch-65, train_loss-0.0608, train_rmse-0.2466, valid_rmse-1.7658, valid_pr--0.3063
2024-10-10 08:57:37 - INFO - epoch-66, train_loss-0.0600, train_rmse-0.2450, valid_rmse-1.7509, valid_pr--0.2723
2024-10-10 08:57:40 - INFO - epoch-67, train_loss-0.0766, train_rmse-0.2767, valid_rmse-1.7486, valid_pr--0.2566
2024-10-10 08:57:43 - INFO - epoch-68, train_loss-0.0715, train_rmse-0.2673, valid_rmse-1.7433, valid_pr--0.2379
2024-10-10 08:57:46 - INFO - epoch-69, train_loss-0.0677, train_rmse-0.2603, valid_rmse-1.7334, valid_pr--0.2170
2024-10-10 08:57:49 - INFO - epoch-70, train_loss-0.0584, train_rmse-0.2417, valid_rmse-1.7309, valid_pr--0.2036
2024-10-10 08:57:52 - INFO - epoch-71, train_loss-0.0561, train_rmse-0.2369, valid_rmse-1.7236, valid_pr--0.1933
2024-10-10 08:57:55 - INFO - epoch-72, train_loss-0.0939, train_rmse-0.3065, valid_rmse-1.7158, valid_pr--0.1746
2024-10-10 08:57:58 - INFO - epoch-73, train_loss-0.0866, train_rmse-0.2943, valid_rmse-1.7213, valid_pr--0.1783
2024-10-10 08:58:01 - INFO - epoch-74, train_loss-0.0702, train_rmse-0.2649, valid_rmse-1.7242, valid_pr--0.1892
2024-10-10 08:58:04 - INFO - epoch-75, train_loss-0.0496, train_rmse-0.2228, valid_rmse-1.7276, valid_pr--0.1943
2024-10-10 08:58:07 - INFO - epoch-76, train_loss-0.0577, train_rmse-0.2402, valid_rmse-1.7268, valid_pr--0.1961
2024-10-10 08:58:10 - INFO - epoch-77, train_loss-0.0756, train_rmse-0.2749, valid_rmse-1.7320, valid_pr--0.2111
2024-10-10 08:58:13 - INFO - epoch-78, train_loss-0.0665, train_rmse-0.2578, valid_rmse-1.7417, valid_pr--0.2363
2024-10-10 08:58:16 - INFO - epoch-79, train_loss-0.0961, train_rmse-0.3099, valid_rmse-1.7440, valid_pr--0.2603
2024-10-10 08:58:20 - INFO - epoch-80, train_loss-0.0704, train_rmse-0.2654, valid_rmse-1.7542, valid_pr--0.2926
2024-10-10 08:58:22 - INFO - epoch-81, train_loss-0.0561, train_rmse-0.2368, valid_rmse-1.7687, valid_pr--0.3240
2024-10-10 08:58:25 - INFO - epoch-82, train_loss-0.0700, train_rmse-0.2646, valid_rmse-1.7846, valid_pr--0.3494
2024-10-10 08:58:28 - INFO - epoch-83, train_loss-0.0507, train_rmse-0.2251, valid_rmse-1.7924, valid_pr--0.3716
2024-10-10 08:58:31 - INFO - epoch-84, train_loss-0.0667, train_rmse-0.2582, valid_rmse-1.8013, valid_pr--0.3898
2024-10-10 08:58:34 - INFO - epoch-85, train_loss-0.0512, train_rmse-0.2262, valid_rmse-1.8004, valid_pr--0.4012
2024-10-10 08:58:37 - INFO - epoch-86, train_loss-0.0767, train_rmse-0.2769, valid_rmse-1.7921, valid_pr--0.4034
2024-10-10 08:58:40 - INFO - epoch-87, train_loss-0.0757, train_rmse-0.2751, valid_rmse-1.7920, valid_pr--0.4066
2024-10-10 08:58:43 - INFO - epoch-88, train_loss-0.0639, train_rmse-0.2528, valid_rmse-1.7901, valid_pr--0.4021
2024-10-10 08:58:46 - INFO - epoch-89, train_loss-0.0516, train_rmse-0.2271, valid_rmse-1.7902, valid_pr--0.4036
2024-10-10 08:58:49 - INFO - epoch-90, train_loss-0.0736, train_rmse-0.2713, valid_rmse-1.7838, valid_pr--0.3968
2024-10-10 08:58:52 - INFO - epoch-91, train_loss-0.0529, train_rmse-0.2300, valid_rmse-1.7746, valid_pr--0.3822
2024-10-10 08:58:55 - INFO - epoch-92, train_loss-0.0679, train_rmse-0.2606, valid_rmse-1.7697, valid_pr--0.3753
2024-10-10 08:58:58 - INFO - epoch-93, train_loss-0.0571, train_rmse-0.2391, valid_rmse-1.7692, valid_pr--0.3718
2024-10-10 08:59:02 - INFO - epoch-94, train_loss-0.0551, train_rmse-0.2348, valid_rmse-1.7660, valid_pr--0.3706
2024-10-10 08:59:05 - INFO - epoch-95, train_loss-0.0681, train_rmse-0.2610, valid_rmse-1.7637, valid_pr--0.3595
2024-10-10 08:59:08 - INFO - epoch-96, train_loss-0.0974, train_rmse-0.3121, valid_rmse-1.7679, valid_pr--0.3625
2024-10-10 08:59:11 - INFO - epoch-97, train_loss-0.0590, train_rmse-0.2429, valid_rmse-1.7683, valid_pr--0.3605
2024-10-10 08:59:14 - INFO - epoch-98, train_loss-0.0639, train_rmse-0.2527, valid_rmse-1.7716, valid_pr--0.3580
2024-10-10 08:59:17 - INFO - epoch-99, train_loss-0.0662, train_rmse-0.2573, valid_rmse-1.7757, valid_pr--0.3567
2024-10-10 08:59:20 - INFO - epoch-100, train_loss-0.0624, train_rmse-0.2498, valid_rmse-1.7773, valid_pr--0.3569
2024-10-10 08:59:23 - INFO - epoch-101, train_loss-0.0677, train_rmse-0.2603, valid_rmse-1.7807, valid_pr--0.3600
2024-10-10 08:59:26 - INFO - epoch-102, train_loss-0.0455, train_rmse-0.2133, valid_rmse-1.7782, valid_pr--0.3550
2024-10-10 08:59:29 - INFO - epoch-103, train_loss-0.0615, train_rmse-0.2480, valid_rmse-1.7772, valid_pr--0.3482
2024-10-10 08:59:32 - INFO - epoch-104, train_loss-0.0451, train_rmse-0.2124, valid_rmse-1.7786, valid_pr--0.3438
2024-10-10 08:59:35 - INFO - epoch-105, train_loss-0.0504, train_rmse-0.2245, valid_rmse-1.7782, valid_pr--0.3293
2024-10-10 08:59:38 - INFO - epoch-106, train_loss-0.0411, train_rmse-0.2027, valid_rmse-1.7616, valid_pr--0.3043
2024-10-10 08:59:41 - INFO - epoch-107, train_loss-0.0363, train_rmse-0.1904, valid_rmse-1.7553, valid_pr--0.2931
2024-10-10 08:59:44 - INFO - epoch-108, train_loss-0.0621, train_rmse-0.2492, valid_rmse-1.7532, valid_pr--0.2912
2024-10-10 08:59:47 - INFO - epoch-109, train_loss-0.0527, train_rmse-0.2296, valid_rmse-1.7439, valid_pr--0.2730
2024-10-10 08:59:50 - INFO - epoch-110, train_loss-0.0383, train_rmse-0.1957, valid_rmse-1.7464, valid_pr--0.2767
2024-10-10 08:59:54 - INFO - epoch-111, train_loss-0.0417, train_rmse-0.2041, valid_rmse-1.7397, valid_pr--0.2634
2024-10-10 08:59:57 - INFO - epoch-112, train_loss-0.0425, train_rmse-0.2062, valid_rmse-1.7362, valid_pr--0.2593
2024-10-10 09:00:00 - INFO - epoch-113, train_loss-0.0553, train_rmse-0.2351, valid_rmse-1.7327, valid_pr--0.2664
2024-10-10 09:00:00 - INFO - Early stopping in epoch 113. Best RMSE: 1.4497
2024-10-10 09:00:00 - INFO - Training finished and last epoch model saved for repeat 2.
