2024-09-25 15:59:26 - INFO - finetuning_pdbbind.py
2024-09-25 15:59:26 - INFO - train data: 81
2024-09-25 15:59:26 - INFO - valid data: 10
2024-09-25 16:00:00 - INFO - epoch-0, train_loss-3.4143, train_rmse-1.8478, valid_rmse-1.9945, valid_pr--0.2412
2024-09-25 16:00:04 - INFO - epoch-1, train_loss-2.0690, train_rmse-1.4384, valid_rmse-1.9806, valid_pr--0.1351
2024-09-25 16:00:07 - INFO - epoch-2, train_loss-1.7624, train_rmse-1.3275, valid_rmse-1.9686, valid_pr--0.0812
2024-09-25 16:00:10 - INFO - epoch-3, train_loss-1.0775, train_rmse-1.0380, valid_rmse-1.9477, valid_pr--0.0556
2024-09-25 16:00:12 - INFO - epoch-4, train_loss-1.1285, train_rmse-1.0623, valid_rmse-1.8868, valid_pr--0.0032
2024-09-25 16:00:16 - INFO - epoch-5, train_loss-0.9187, train_rmse-0.9585, valid_rmse-1.8426, valid_pr-0.0292
2024-09-25 16:00:18 - INFO - epoch-6, train_loss-0.7262, train_rmse-0.8522, valid_rmse-1.7838, valid_pr-0.0722
2024-09-25 16:00:21 - INFO - epoch-7, train_loss-0.6803, train_rmse-0.8248, valid_rmse-1.7284, valid_pr-0.1117
2024-09-25 16:00:24 - INFO - epoch-8, train_loss-0.7005, train_rmse-0.8369, valid_rmse-1.6774, valid_pr-0.1509
2024-09-25 16:00:27 - INFO - epoch-9, train_loss-0.6685, train_rmse-0.8176, valid_rmse-1.6412, valid_pr-0.1605
2024-09-25 16:00:30 - INFO - epoch-10, train_loss-0.5472, train_rmse-0.7397, valid_rmse-1.6372, valid_pr-0.1140
2024-09-25 16:00:33 - INFO - epoch-11, train_loss-0.5101, train_rmse-0.7142, valid_rmse-1.6411, valid_pr-0.0195
2024-09-25 16:00:36 - INFO - epoch-12, train_loss-0.4973, train_rmse-0.7052, valid_rmse-1.6345, valid_pr--0.0530
2024-09-25 16:00:39 - INFO - epoch-13, train_loss-0.4340, train_rmse-0.6588, valid_rmse-1.6518, valid_pr--0.2200
2024-09-25 16:00:42 - INFO - epoch-14, train_loss-0.3917, train_rmse-0.6259, valid_rmse-1.6544, valid_pr--0.3218
2024-09-25 16:00:45 - INFO - epoch-15, train_loss-0.3618, train_rmse-0.6015, valid_rmse-1.6678, valid_pr--0.4322
2024-09-25 16:00:48 - INFO - epoch-16, train_loss-0.3281, train_rmse-0.5728, valid_rmse-1.6638, valid_pr--0.4620
2024-09-25 16:00:51 - INFO - epoch-17, train_loss-0.3524, train_rmse-0.5936, valid_rmse-1.6738, valid_pr--0.4978
2024-09-25 16:00:54 - INFO - epoch-18, train_loss-0.2816, train_rmse-0.5307, valid_rmse-1.6796, valid_pr--0.4693
2024-09-25 16:00:57 - INFO - epoch-19, train_loss-0.2739, train_rmse-0.5234, valid_rmse-1.6926, valid_pr--0.4574
2024-09-25 16:01:00 - INFO - epoch-20, train_loss-0.2335, train_rmse-0.4832, valid_rmse-1.6991, valid_pr--0.4349
2024-09-25 16:01:03 - INFO - epoch-21, train_loss-0.2000, train_rmse-0.4472, valid_rmse-1.7138, valid_pr--0.4248
2024-09-25 16:01:05 - INFO - epoch-22, train_loss-0.2101, train_rmse-0.4584, valid_rmse-1.7152, valid_pr--0.3840
2024-09-25 16:01:08 - INFO - epoch-23, train_loss-0.2000, train_rmse-0.4472, valid_rmse-1.7068, valid_pr--0.3285
2024-09-25 16:01:11 - INFO - epoch-24, train_loss-0.1887, train_rmse-0.4344, valid_rmse-1.7076, valid_pr--0.3251
2024-09-25 16:01:14 - INFO - epoch-25, train_loss-0.1397, train_rmse-0.3737, valid_rmse-1.7067, valid_pr--0.3126
2024-09-25 16:01:17 - INFO - epoch-26, train_loss-0.1650, train_rmse-0.4063, valid_rmse-1.7156, valid_pr--0.3139
2024-09-25 16:01:20 - INFO - epoch-27, train_loss-0.1733, train_rmse-0.4163, valid_rmse-1.7155, valid_pr--0.3152
2024-09-25 16:01:23 - INFO - epoch-28, train_loss-0.1645, train_rmse-0.4056, valid_rmse-1.7258, valid_pr--0.3276
2024-09-25 16:01:26 - INFO - epoch-29, train_loss-0.1268, train_rmse-0.3560, valid_rmse-1.7275, valid_pr--0.3242
2024-09-25 16:01:29 - INFO - epoch-30, train_loss-0.1959, train_rmse-0.4426, valid_rmse-1.7305, valid_pr--0.3254
2024-09-25 16:01:31 - INFO - epoch-31, train_loss-0.1913, train_rmse-0.4374, valid_rmse-1.7381, valid_pr--0.3568
2024-09-25 16:01:34 - INFO - epoch-32, train_loss-0.1659, train_rmse-0.4073, valid_rmse-1.7423, valid_pr--0.3689
2024-09-25 16:01:37 - INFO - epoch-33, train_loss-0.0971, train_rmse-0.3116, valid_rmse-1.7517, valid_pr--0.3686
2024-09-25 16:01:40 - INFO - epoch-34, train_loss-0.1194, train_rmse-0.3456, valid_rmse-1.7585, valid_pr--0.3600
2024-09-25 16:01:43 - INFO - epoch-35, train_loss-0.1139, train_rmse-0.3376, valid_rmse-1.7662, valid_pr--0.3539
2024-09-25 16:01:46 - INFO - epoch-36, train_loss-0.1199, train_rmse-0.3463, valid_rmse-1.7727, valid_pr--0.3345
2024-09-25 16:01:49 - INFO - epoch-37, train_loss-0.1056, train_rmse-0.3250, valid_rmse-1.7662, valid_pr--0.3051
2024-09-25 16:01:52 - INFO - epoch-38, train_loss-0.1012, train_rmse-0.3181, valid_rmse-1.7653, valid_pr--0.3033
2024-09-25 16:01:54 - INFO - epoch-39, train_loss-0.1026, train_rmse-0.3202, valid_rmse-1.7712, valid_pr--0.3123
2024-09-25 16:01:57 - INFO - epoch-40, train_loss-0.1218, train_rmse-0.3490, valid_rmse-1.7761, valid_pr--0.3269
2024-09-25 16:02:00 - INFO - epoch-41, train_loss-0.0910, train_rmse-0.3017, valid_rmse-1.7713, valid_pr--0.3218
2024-09-25 16:02:03 - INFO - epoch-42, train_loss-0.0994, train_rmse-0.3153, valid_rmse-1.7808, valid_pr--0.3338
2024-09-25 16:02:06 - INFO - epoch-43, train_loss-0.0945, train_rmse-0.3074, valid_rmse-1.7874, valid_pr--0.3412
2024-09-25 16:02:09 - INFO - epoch-44, train_loss-0.1268, train_rmse-0.3561, valid_rmse-1.8019, valid_pr--0.3578
2024-09-25 16:02:12 - INFO - epoch-45, train_loss-0.0969, train_rmse-0.3113, valid_rmse-1.8140, valid_pr--0.3707
2024-09-25 16:02:15 - INFO - epoch-46, train_loss-0.0770, train_rmse-0.2775, valid_rmse-1.8163, valid_pr--0.3660
2024-09-25 16:02:18 - INFO - epoch-47, train_loss-0.0906, train_rmse-0.3009, valid_rmse-1.8120, valid_pr--0.3546
2024-09-25 16:02:21 - INFO - epoch-48, train_loss-0.1024, train_rmse-0.3200, valid_rmse-1.8069, valid_pr--0.3359
2024-09-25 16:02:24 - INFO - epoch-49, train_loss-0.1035, train_rmse-0.3217, valid_rmse-1.7846, valid_pr--0.3293
2024-09-25 16:02:26 - INFO - epoch-50, train_loss-0.1091, train_rmse-0.3303, valid_rmse-1.7882, valid_pr--0.3127
2024-09-25 16:02:29 - INFO - epoch-51, train_loss-0.0754, train_rmse-0.2745, valid_rmse-1.7848, valid_pr--0.3023
2024-09-25 16:02:32 - INFO - epoch-52, train_loss-0.0679, train_rmse-0.2606, valid_rmse-1.7860, valid_pr--0.2850
2024-09-25 16:02:35 - INFO - epoch-53, train_loss-0.0722, train_rmse-0.2686, valid_rmse-1.7897, valid_pr--0.2805
2024-09-25 16:02:38 - INFO - epoch-54, train_loss-0.0722, train_rmse-0.2687, valid_rmse-1.7967, valid_pr--0.2815
2024-09-25 16:02:41 - INFO - epoch-55, train_loss-0.0743, train_rmse-0.2726, valid_rmse-1.7955, valid_pr--0.2749
2024-09-25 16:02:44 - INFO - epoch-56, train_loss-0.0850, train_rmse-0.2915, valid_rmse-1.8021, valid_pr--0.2764
2024-09-25 16:02:47 - INFO - epoch-57, train_loss-0.0593, train_rmse-0.2435, valid_rmse-1.7880, valid_pr--0.2792
2024-09-25 16:02:49 - INFO - epoch-58, train_loss-0.0638, train_rmse-0.2525, valid_rmse-1.7793, valid_pr--0.2780
2024-09-25 16:02:53 - INFO - epoch-59, train_loss-0.0863, train_rmse-0.2938, valid_rmse-1.7800, valid_pr--0.2770
2024-09-25 16:02:55 - INFO - epoch-60, train_loss-0.0577, train_rmse-0.2403, valid_rmse-1.7662, valid_pr--0.2715
2024-09-25 16:02:58 - INFO - epoch-61, train_loss-0.0772, train_rmse-0.2779, valid_rmse-1.7677, valid_pr--0.2737
2024-09-25 16:03:01 - INFO - epoch-62, train_loss-0.1012, train_rmse-0.3182, valid_rmse-1.7660, valid_pr--0.2709
2024-09-25 16:03:04 - INFO - epoch-63, train_loss-0.0616, train_rmse-0.2481, valid_rmse-1.7609, valid_pr--0.2742
2024-09-25 16:03:07 - INFO - epoch-64, train_loss-0.0912, train_rmse-0.3020, valid_rmse-1.7630, valid_pr--0.2787
2024-09-25 16:03:10 - INFO - epoch-65, train_loss-0.0708, train_rmse-0.2661, valid_rmse-1.7657, valid_pr--0.2826
2024-09-25 16:03:13 - INFO - epoch-66, train_loss-0.0850, train_rmse-0.2916, valid_rmse-1.7639, valid_pr--0.2885
2024-09-25 16:03:16 - INFO - epoch-67, train_loss-0.1071, train_rmse-0.3273, valid_rmse-1.7695, valid_pr--0.3017
2024-09-25 16:03:19 - INFO - epoch-68, train_loss-0.0876, train_rmse-0.2960, valid_rmse-1.7693, valid_pr--0.3063
2024-09-25 16:03:21 - INFO - epoch-69, train_loss-0.0463, train_rmse-0.2153, valid_rmse-1.7719, valid_pr--0.3077
2024-09-25 16:03:24 - INFO - epoch-70, train_loss-0.0620, train_rmse-0.2490, valid_rmse-1.7729, valid_pr--0.3146
2024-09-25 16:03:27 - INFO - epoch-71, train_loss-0.0616, train_rmse-0.2482, valid_rmse-1.7670, valid_pr--0.3136
2024-09-25 16:03:30 - INFO - epoch-72, train_loss-0.0614, train_rmse-0.2479, valid_rmse-1.7697, valid_pr--0.3234
2024-09-25 16:03:33 - INFO - epoch-73, train_loss-0.0603, train_rmse-0.2457, valid_rmse-1.7677, valid_pr--0.3291
2024-09-25 16:03:36 - INFO - epoch-74, train_loss-0.0690, train_rmse-0.2626, valid_rmse-1.7646, valid_pr--0.3304
2024-09-25 16:03:39 - INFO - epoch-75, train_loss-0.1141, train_rmse-0.3377, valid_rmse-1.7569, valid_pr--0.3176
2024-09-25 16:03:42 - INFO - epoch-76, train_loss-0.0554, train_rmse-0.2354, valid_rmse-1.7578, valid_pr--0.3210
2024-09-25 16:03:44 - INFO - epoch-77, train_loss-0.0552, train_rmse-0.2350, valid_rmse-1.7575, valid_pr--0.3153
2024-09-25 16:03:47 - INFO - epoch-78, train_loss-0.0750, train_rmse-0.2738, valid_rmse-1.7596, valid_pr--0.3194
2024-09-25 16:03:50 - INFO - epoch-79, train_loss-0.0718, train_rmse-0.2679, valid_rmse-1.7656, valid_pr--0.3238
2024-09-25 16:03:53 - INFO - epoch-80, train_loss-0.0957, train_rmse-0.3093, valid_rmse-1.7723, valid_pr--0.3309
2024-09-25 16:03:56 - INFO - epoch-81, train_loss-0.0589, train_rmse-0.2426, valid_rmse-1.7806, valid_pr--0.3346
2024-09-25 16:03:59 - INFO - epoch-82, train_loss-0.0558, train_rmse-0.2363, valid_rmse-1.7943, valid_pr--0.3471
2024-09-25 16:04:02 - INFO - epoch-83, train_loss-0.0718, train_rmse-0.2679, valid_rmse-1.8094, valid_pr--0.3645
2024-09-25 16:04:05 - INFO - epoch-84, train_loss-0.0427, train_rmse-0.2067, valid_rmse-1.8111, valid_pr--0.3702
2024-09-25 16:04:08 - INFO - epoch-85, train_loss-0.0829, train_rmse-0.2880, valid_rmse-1.8049, valid_pr--0.3596
2024-09-25 16:04:11 - INFO - epoch-86, train_loss-0.0563, train_rmse-0.2373, valid_rmse-1.7988, valid_pr--0.3458
2024-09-25 16:04:14 - INFO - epoch-87, train_loss-0.0742, train_rmse-0.2725, valid_rmse-1.7925, valid_pr--0.3357
2024-09-25 16:04:17 - INFO - epoch-88, train_loss-0.0505, train_rmse-0.2248, valid_rmse-1.7934, valid_pr--0.3367
2024-09-25 16:04:20 - INFO - epoch-89, train_loss-0.0422, train_rmse-0.2055, valid_rmse-1.7868, valid_pr--0.3296
2024-09-25 16:04:22 - INFO - epoch-90, train_loss-0.0430, train_rmse-0.2074, valid_rmse-1.7913, valid_pr--0.3368
2024-09-25 16:04:25 - INFO - epoch-91, train_loss-0.0426, train_rmse-0.2065, valid_rmse-1.7927, valid_pr--0.3370
2024-09-25 16:04:28 - INFO - epoch-92, train_loss-0.0448, train_rmse-0.2117, valid_rmse-1.7929, valid_pr--0.3419
2024-09-25 16:04:31 - INFO - epoch-93, train_loss-0.0667, train_rmse-0.2582, valid_rmse-1.7935, valid_pr--0.3458
2024-09-25 16:04:34 - INFO - epoch-94, train_loss-0.0642, train_rmse-0.2533, valid_rmse-1.7952, valid_pr--0.3391
2024-09-25 16:04:37 - INFO - epoch-95, train_loss-0.0385, train_rmse-0.1962, valid_rmse-1.7945, valid_pr--0.3314
2024-09-25 16:04:40 - INFO - epoch-96, train_loss-0.0801, train_rmse-0.2830, valid_rmse-1.7950, valid_pr--0.3273
2024-09-25 16:04:43 - INFO - epoch-97, train_loss-0.0472, train_rmse-0.2173, valid_rmse-1.7918, valid_pr--0.3231
2024-09-25 16:04:46 - INFO - epoch-98, train_loss-0.0629, train_rmse-0.2507, valid_rmse-1.7878, valid_pr--0.3207
2024-09-25 16:04:48 - INFO - epoch-99, train_loss-0.0561, train_rmse-0.2368, valid_rmse-1.7859, valid_pr--0.3158
2024-09-25 16:04:51 - INFO - epoch-100, train_loss-0.0419, train_rmse-0.2048, valid_rmse-1.7850, valid_pr--0.3157
2024-09-25 16:04:54 - INFO - epoch-101, train_loss-0.0524, train_rmse-0.2290, valid_rmse-1.7783, valid_pr--0.3050
2024-09-25 16:04:57 - INFO - epoch-102, train_loss-0.0648, train_rmse-0.2545, valid_rmse-1.7725, valid_pr--0.3018
2024-09-25 16:05:00 - INFO - epoch-103, train_loss-0.0540, train_rmse-0.2324, valid_rmse-1.7599, valid_pr--0.2935
2024-09-25 16:05:03 - INFO - epoch-104, train_loss-0.0460, train_rmse-0.2146, valid_rmse-1.7633, valid_pr--0.2975
2024-09-25 16:05:06 - INFO - epoch-105, train_loss-0.0502, train_rmse-0.2241, valid_rmse-1.7654, valid_pr--0.3028
2024-09-25 16:05:09 - INFO - epoch-106, train_loss-0.0520, train_rmse-0.2281, valid_rmse-1.7723, valid_pr--0.3135
2024-09-25 16:05:12 - INFO - epoch-107, train_loss-0.0386, train_rmse-0.1964, valid_rmse-1.7740, valid_pr--0.3252
2024-09-25 16:05:15 - INFO - epoch-108, train_loss-0.0491, train_rmse-0.2216, valid_rmse-1.7736, valid_pr--0.3322
2024-09-25 16:05:17 - INFO - epoch-109, train_loss-0.0607, train_rmse-0.2464, valid_rmse-1.7729, valid_pr--0.3329
2024-09-25 16:05:20 - INFO - epoch-110, train_loss-0.0442, train_rmse-0.2102, valid_rmse-1.7741, valid_pr--0.3374
2024-09-25 16:05:23 - INFO - epoch-111, train_loss-0.0518, train_rmse-0.2277, valid_rmse-1.7725, valid_pr--0.3415
2024-09-25 16:05:26 - INFO - epoch-112, train_loss-0.0543, train_rmse-0.2330, valid_rmse-1.7712, valid_pr--0.3348
2024-09-25 16:05:29 - INFO - epoch-113, train_loss-0.0475, train_rmse-0.2179, valid_rmse-1.7619, valid_pr--0.3301
2024-09-25 16:05:29 - INFO - early stop in epoch 113
2024-09-25 16:05:29 - INFO - best_rmse: 1.6345
