2024-09-25 16:11:18 - INFO - finetuning_pdbbind.py
2024-09-25 16:11:18 - INFO - train data: 81
2024-09-25 16:11:18 - INFO - valid data: 10
2024-09-25 16:11:21 - INFO - epoch-0, train_loss-3.1919, train_rmse-1.7866, valid_rmse-1.9694, valid_pr--0.1933
2024-09-25 16:11:24 - INFO - epoch-1, train_loss-2.2873, train_rmse-1.5124, valid_rmse-1.9253, valid_pr--0.0656
2024-09-25 16:11:27 - INFO - epoch-2, train_loss-1.6590, train_rmse-1.2880, valid_rmse-1.8966, valid_pr--0.0236
2024-09-25 16:11:30 - INFO - epoch-3, train_loss-1.2995, train_rmse-1.1400, valid_rmse-1.8312, valid_pr-0.0072
2024-09-25 16:11:33 - INFO - epoch-4, train_loss-1.2473, train_rmse-1.1168, valid_rmse-1.7344, valid_pr-0.1066
2024-09-25 16:11:36 - INFO - epoch-5, train_loss-0.9663, train_rmse-0.9830, valid_rmse-1.6299, valid_pr-0.2184
2024-09-25 16:11:39 - INFO - epoch-6, train_loss-0.7791, train_rmse-0.8826, valid_rmse-1.5472, valid_pr-0.3122
2024-09-25 16:11:42 - INFO - epoch-7, train_loss-0.7753, train_rmse-0.8805, valid_rmse-1.4740, valid_pr-0.4130
2024-09-25 16:11:45 - INFO - epoch-8, train_loss-0.7602, train_rmse-0.8719, valid_rmse-1.4332, valid_pr-0.4954
2024-09-25 16:11:48 - INFO - epoch-9, train_loss-0.6611, train_rmse-0.8131, valid_rmse-1.4151, valid_pr-0.5326
2024-09-25 16:11:51 - INFO - epoch-10, train_loss-0.6369, train_rmse-0.7980, valid_rmse-1.4347, valid_pr-0.4796
2024-09-25 16:11:54 - INFO - epoch-11, train_loss-0.5229, train_rmse-0.7231, valid_rmse-1.4515, valid_pr-0.4106
2024-09-25 16:11:57 - INFO - epoch-12, train_loss-0.5404, train_rmse-0.7351, valid_rmse-1.4787, valid_pr-0.3084
2024-09-25 16:12:00 - INFO - epoch-13, train_loss-0.4583, train_rmse-0.6769, valid_rmse-1.5043, valid_pr-0.1898
2024-09-25 16:12:03 - INFO - epoch-14, train_loss-0.4097, train_rmse-0.6401, valid_rmse-1.5224, valid_pr-0.0985
2024-09-25 16:12:05 - INFO - epoch-15, train_loss-0.3871, train_rmse-0.6222, valid_rmse-1.5471, valid_pr--0.0009
2024-09-25 16:12:08 - INFO - epoch-16, train_loss-0.3582, train_rmse-0.5985, valid_rmse-1.5840, valid_pr--0.1070
2024-09-25 16:12:11 - INFO - epoch-17, train_loss-0.4149, train_rmse-0.6441, valid_rmse-1.6279, valid_pr--0.1799
2024-09-25 16:12:14 - INFO - epoch-18, train_loss-0.3352, train_rmse-0.5790, valid_rmse-1.6679, valid_pr--0.2433
2024-09-25 16:12:17 - INFO - epoch-19, train_loss-0.3001, train_rmse-0.5478, valid_rmse-1.7046, valid_pr--0.2938
2024-09-25 16:12:20 - INFO - epoch-20, train_loss-0.2456, train_rmse-0.4956, valid_rmse-1.7307, valid_pr--0.3069
2024-09-25 16:12:23 - INFO - epoch-21, train_loss-0.2408, train_rmse-0.4907, valid_rmse-1.7609, valid_pr--0.3308
2024-09-25 16:12:26 - INFO - epoch-22, train_loss-0.2138, train_rmse-0.4624, valid_rmse-1.7852, valid_pr--0.3553
2024-09-25 16:12:29 - INFO - epoch-23, train_loss-0.2435, train_rmse-0.4935, valid_rmse-1.8083, valid_pr--0.3620
2024-09-25 16:12:32 - INFO - epoch-24, train_loss-0.2624, train_rmse-0.5123, valid_rmse-1.8305, valid_pr--0.3733
2024-09-25 16:12:34 - INFO - epoch-25, train_loss-0.2128, train_rmse-0.4613, valid_rmse-1.8354, valid_pr--0.3648
2024-09-25 16:12:37 - INFO - epoch-26, train_loss-0.2401, train_rmse-0.4900, valid_rmse-1.8322, valid_pr--0.3512
2024-09-25 16:12:40 - INFO - epoch-27, train_loss-0.2143, train_rmse-0.4629, valid_rmse-1.8289, valid_pr--0.3434
2024-09-25 16:12:43 - INFO - epoch-28, train_loss-0.2578, train_rmse-0.5077, valid_rmse-1.8322, valid_pr--0.3489
2024-09-25 16:12:46 - INFO - epoch-29, train_loss-0.1725, train_rmse-0.4154, valid_rmse-1.8358, valid_pr--0.3448
2024-09-25 16:12:49 - INFO - epoch-30, train_loss-0.2063, train_rmse-0.4542, valid_rmse-1.8270, valid_pr--0.3362
2024-09-25 16:12:52 - INFO - epoch-31, train_loss-0.1579, train_rmse-0.3973, valid_rmse-1.8165, valid_pr--0.3276
2024-09-25 16:12:55 - INFO - epoch-32, train_loss-0.1548, train_rmse-0.3935, valid_rmse-1.8194, valid_pr--0.3289
2024-09-25 16:12:58 - INFO - epoch-33, train_loss-0.1647, train_rmse-0.4058, valid_rmse-1.8150, valid_pr--0.3278
2024-09-25 16:13:01 - INFO - epoch-34, train_loss-0.1270, train_rmse-0.3563, valid_rmse-1.8063, valid_pr--0.3225
2024-09-25 16:13:04 - INFO - epoch-35, train_loss-0.1376, train_rmse-0.3710, valid_rmse-1.7893, valid_pr--0.2975
2024-09-25 16:13:07 - INFO - epoch-36, train_loss-0.1484, train_rmse-0.3853, valid_rmse-1.7810, valid_pr--0.2865
2024-09-25 16:13:10 - INFO - epoch-37, train_loss-0.1118, train_rmse-0.3343, valid_rmse-1.7669, valid_pr--0.2660
2024-09-25 16:13:13 - INFO - epoch-38, train_loss-0.1534, train_rmse-0.3917, valid_rmse-1.7603, valid_pr--0.2542
2024-09-25 16:13:16 - INFO - epoch-39, train_loss-0.1343, train_rmse-0.3664, valid_rmse-1.7547, valid_pr--0.2482
2024-09-25 16:13:18 - INFO - epoch-40, train_loss-0.0949, train_rmse-0.3081, valid_rmse-1.7587, valid_pr--0.2546
2024-09-25 16:13:21 - INFO - epoch-41, train_loss-0.1147, train_rmse-0.3387, valid_rmse-1.7468, valid_pr--0.2371
2024-09-25 16:13:24 - INFO - epoch-42, train_loss-0.1357, train_rmse-0.3684, valid_rmse-1.7363, valid_pr--0.2184
2024-09-25 16:13:27 - INFO - epoch-43, train_loss-0.1111, train_rmse-0.3333, valid_rmse-1.7280, valid_pr--0.2122
2024-09-25 16:13:30 - INFO - epoch-44, train_loss-0.1007, train_rmse-0.3173, valid_rmse-1.7242, valid_pr--0.2113
2024-09-25 16:13:33 - INFO - epoch-45, train_loss-0.0940, train_rmse-0.3066, valid_rmse-1.7289, valid_pr--0.2374
2024-09-25 16:13:36 - INFO - epoch-46, train_loss-0.0908, train_rmse-0.3013, valid_rmse-1.7374, valid_pr--0.2581
2024-09-25 16:13:39 - INFO - epoch-47, train_loss-0.0882, train_rmse-0.2970, valid_rmse-1.7323, valid_pr--0.2618
2024-09-25 16:13:42 - INFO - epoch-48, train_loss-0.0864, train_rmse-0.2939, valid_rmse-1.7305, valid_pr--0.2594
2024-09-25 16:13:45 - INFO - epoch-49, train_loss-0.1374, train_rmse-0.3707, valid_rmse-1.7235, valid_pr--0.2594
2024-09-25 16:13:48 - INFO - epoch-50, train_loss-0.0981, train_rmse-0.3132, valid_rmse-1.7174, valid_pr--0.2526
2024-09-25 16:13:51 - INFO - epoch-51, train_loss-0.1042, train_rmse-0.3228, valid_rmse-1.7147, valid_pr--0.2615
2024-09-25 16:13:54 - INFO - epoch-52, train_loss-0.0664, train_rmse-0.2576, valid_rmse-1.7155, valid_pr--0.2763
2024-09-25 16:13:57 - INFO - epoch-53, train_loss-0.0918, train_rmse-0.3030, valid_rmse-1.7217, valid_pr--0.2890
2024-09-25 16:14:00 - INFO - epoch-54, train_loss-0.0978, train_rmse-0.3127, valid_rmse-1.7233, valid_pr--0.2991
2024-09-25 16:14:03 - INFO - epoch-55, train_loss-0.0674, train_rmse-0.2596, valid_rmse-1.7181, valid_pr--0.2839
2024-09-25 16:14:05 - INFO - epoch-56, train_loss-0.0627, train_rmse-0.2504, valid_rmse-1.7250, valid_pr--0.2845
2024-09-25 16:14:08 - INFO - epoch-57, train_loss-0.0986, train_rmse-0.3140, valid_rmse-1.7306, valid_pr--0.2759
2024-09-25 16:14:11 - INFO - epoch-58, train_loss-0.0647, train_rmse-0.2544, valid_rmse-1.7335, valid_pr--0.2692
2024-09-25 16:14:14 - INFO - epoch-59, train_loss-0.0800, train_rmse-0.2828, valid_rmse-1.7380, valid_pr--0.2636
2024-09-25 16:14:17 - INFO - epoch-60, train_loss-0.0861, train_rmse-0.2934, valid_rmse-1.7389, valid_pr--0.2504
2024-09-25 16:14:20 - INFO - epoch-61, train_loss-0.0864, train_rmse-0.2940, valid_rmse-1.7383, valid_pr--0.2379
2024-09-25 16:14:23 - INFO - epoch-62, train_loss-0.0589, train_rmse-0.2426, valid_rmse-1.7382, valid_pr--0.2347
2024-09-25 16:14:26 - INFO - epoch-63, train_loss-0.1044, train_rmse-0.3231, valid_rmse-1.7402, valid_pr--0.2333
2024-09-25 16:14:28 - INFO - epoch-64, train_loss-0.0781, train_rmse-0.2794, valid_rmse-1.7455, valid_pr--0.2387
2024-09-25 16:14:31 - INFO - epoch-65, train_loss-0.0677, train_rmse-0.2602, valid_rmse-1.7489, valid_pr--0.2342
2024-09-25 16:14:34 - INFO - epoch-66, train_loss-0.1057, train_rmse-0.3251, valid_rmse-1.7507, valid_pr--0.2421
2024-09-25 16:14:37 - INFO - epoch-67, train_loss-0.0723, train_rmse-0.2688, valid_rmse-1.7528, valid_pr--0.2374
2024-09-25 16:14:40 - INFO - epoch-68, train_loss-0.0706, train_rmse-0.2657, valid_rmse-1.7494, valid_pr--0.2355
2024-09-25 16:14:43 - INFO - epoch-69, train_loss-0.0731, train_rmse-0.2704, valid_rmse-1.7446, valid_pr--0.2427
2024-09-25 16:14:46 - INFO - epoch-70, train_loss-0.0869, train_rmse-0.2947, valid_rmse-1.7371, valid_pr--0.2391
2024-09-25 16:14:49 - INFO - epoch-71, train_loss-0.0584, train_rmse-0.2416, valid_rmse-1.7345, valid_pr--0.2477
2024-09-25 16:14:52 - INFO - epoch-72, train_loss-0.0781, train_rmse-0.2794, valid_rmse-1.7295, valid_pr--0.2438
2024-09-25 16:14:55 - INFO - epoch-73, train_loss-0.0403, train_rmse-0.2007, valid_rmse-1.7310, valid_pr--0.2641
2024-09-25 16:14:58 - INFO - epoch-74, train_loss-0.0657, train_rmse-0.2563, valid_rmse-1.7273, valid_pr--0.2738
2024-09-25 16:15:01 - INFO - epoch-75, train_loss-0.0906, train_rmse-0.3009, valid_rmse-1.7283, valid_pr--0.2872
2024-09-25 16:15:04 - INFO - epoch-76, train_loss-0.0486, train_rmse-0.2203, valid_rmse-1.7255, valid_pr--0.2821
2024-09-25 16:15:07 - INFO - epoch-77, train_loss-0.0603, train_rmse-0.2456, valid_rmse-1.7313, valid_pr--0.2889
2024-09-25 16:15:11 - INFO - epoch-78, train_loss-0.0625, train_rmse-0.2500, valid_rmse-1.7294, valid_pr--0.2770
2024-09-25 16:15:14 - INFO - epoch-79, train_loss-0.0691, train_rmse-0.2629, valid_rmse-1.7152, valid_pr--0.2496
2024-09-25 16:15:16 - INFO - epoch-80, train_loss-0.0559, train_rmse-0.2365, valid_rmse-1.7113, valid_pr--0.2384
2024-09-25 16:15:19 - INFO - epoch-81, train_loss-0.0677, train_rmse-0.2601, valid_rmse-1.7089, valid_pr--0.2355
2024-09-25 16:15:23 - INFO - epoch-82, train_loss-0.0619, train_rmse-0.2487, valid_rmse-1.7137, valid_pr--0.2404
2024-09-25 16:15:26 - INFO - epoch-83, train_loss-0.0485, train_rmse-0.2203, valid_rmse-1.7180, valid_pr--0.2540
2024-09-25 16:15:29 - INFO - epoch-84, train_loss-0.0687, train_rmse-0.2621, valid_rmse-1.7193, valid_pr--0.2520
2024-09-25 16:15:32 - INFO - epoch-85, train_loss-0.0644, train_rmse-0.2537, valid_rmse-1.7226, valid_pr--0.2495
2024-09-25 16:15:35 - INFO - epoch-86, train_loss-0.0477, train_rmse-0.2185, valid_rmse-1.7167, valid_pr--0.2407
2024-09-25 16:15:37 - INFO - epoch-87, train_loss-0.0773, train_rmse-0.2781, valid_rmse-1.7091, valid_pr--0.2300
2024-09-25 16:15:40 - INFO - epoch-88, train_loss-0.0658, train_rmse-0.2565, valid_rmse-1.7060, valid_pr--0.2255
2024-09-25 16:15:43 - INFO - epoch-89, train_loss-0.0387, train_rmse-0.1968, valid_rmse-1.7053, valid_pr--0.2261
2024-09-25 16:15:46 - INFO - epoch-90, train_loss-0.0545, train_rmse-0.2335, valid_rmse-1.7074, valid_pr--0.2333
2024-09-25 16:15:49 - INFO - epoch-91, train_loss-0.0451, train_rmse-0.2124, valid_rmse-1.7109, valid_pr--0.2373
2024-09-25 16:15:52 - INFO - epoch-92, train_loss-0.0634, train_rmse-0.2518, valid_rmse-1.7157, valid_pr--0.2409
2024-09-25 16:15:55 - INFO - epoch-93, train_loss-0.0537, train_rmse-0.2318, valid_rmse-1.7218, valid_pr--0.2492
2024-09-25 16:15:58 - INFO - epoch-94, train_loss-0.0447, train_rmse-0.2114, valid_rmse-1.7241, valid_pr--0.2580
2024-09-25 16:16:01 - INFO - epoch-95, train_loss-0.0511, train_rmse-0.2260, valid_rmse-1.7264, valid_pr--0.2636
2024-09-25 16:16:04 - INFO - epoch-96, train_loss-0.0570, train_rmse-0.2387, valid_rmse-1.7275, valid_pr--0.2559
2024-09-25 16:16:07 - INFO - epoch-97, train_loss-0.0537, train_rmse-0.2317, valid_rmse-1.7333, valid_pr--0.2615
2024-09-25 16:16:10 - INFO - epoch-98, train_loss-0.0425, train_rmse-0.2061, valid_rmse-1.7396, valid_pr--0.2695
2024-09-25 16:16:13 - INFO - epoch-99, train_loss-0.0454, train_rmse-0.2130, valid_rmse-1.7418, valid_pr--0.2720
2024-09-25 16:16:16 - INFO - epoch-100, train_loss-0.0663, train_rmse-0.2574, valid_rmse-1.7390, valid_pr--0.2634
2024-09-25 16:16:18 - INFO - epoch-101, train_loss-0.0444, train_rmse-0.2107, valid_rmse-1.7381, valid_pr--0.2658
2024-09-25 16:16:21 - INFO - epoch-102, train_loss-0.0569, train_rmse-0.2385, valid_rmse-1.7349, valid_pr--0.2576
2024-09-25 16:16:24 - INFO - epoch-103, train_loss-0.0542, train_rmse-0.2328, valid_rmse-1.7386, valid_pr--0.2533
2024-09-25 16:16:27 - INFO - epoch-104, train_loss-0.0367, train_rmse-0.1917, valid_rmse-1.7380, valid_pr--0.2460
2024-09-25 16:16:30 - INFO - epoch-105, train_loss-0.0709, train_rmse-0.2663, valid_rmse-1.7363, valid_pr--0.2421
2024-09-25 16:16:33 - INFO - epoch-106, train_loss-0.0466, train_rmse-0.2159, valid_rmse-1.7346, valid_pr--0.2346
2024-09-25 16:16:36 - INFO - epoch-107, train_loss-0.0593, train_rmse-0.2435, valid_rmse-1.7249, valid_pr--0.2240
2024-09-25 16:16:38 - INFO - epoch-108, train_loss-0.0411, train_rmse-0.2027, valid_rmse-1.7270, valid_pr--0.2206
2024-09-25 16:16:42 - INFO - epoch-109, train_loss-0.0551, train_rmse-0.2347, valid_rmse-1.7268, valid_pr--0.2324
2024-09-25 16:16:45 - INFO - epoch-110, train_loss-0.0468, train_rmse-0.2163, valid_rmse-1.7342, valid_pr--0.2462
2024-09-25 16:16:45 - INFO - early stop in epoch 110
2024-09-25 16:16:45 - INFO - best_rmse: 1.4151
