2024-09-25 16:17:40 - INFO - train_pdbbind.py
2024-09-25 16:17:40 - INFO - train data: 81
2024-09-25 16:17:40 - INFO - valid data: 10
2024-09-25 16:17:43 - INFO - epoch-0, train_loss-37.8309, train_rmse-6.1507, valid_rmse-5.8066, valid_pr--0.2544
2024-09-25 16:17:46 - INFO - epoch-1, train_loss-36.0262, train_rmse-6.0022, valid_rmse-5.8523, valid_pr--0.4451
2024-09-25 16:17:49 - INFO - epoch-2, train_loss-35.9862, train_rmse-5.9989, valid_rmse-5.8124, valid_pr-0.2439
2024-09-25 16:17:51 - INFO - epoch-3, train_loss-35.4194, train_rmse-5.9514, valid_rmse-5.8188, valid_pr-0.7285
2024-09-25 16:17:55 - INFO - epoch-4, train_loss-35.4301, train_rmse-5.9523, valid_rmse-5.7967, valid_pr-0.6167
2024-09-25 16:17:58 - INFO - epoch-5, train_loss-35.2106, train_rmse-5.9339, valid_rmse-5.7569, valid_pr-0.5653
2024-09-25 16:18:01 - INFO - epoch-6, train_loss-35.2159, train_rmse-5.9343, valid_rmse-5.7409, valid_pr-0.5590
2024-09-25 16:18:04 - INFO - epoch-7, train_loss-35.0166, train_rmse-5.9175, valid_rmse-5.7580, valid_pr-0.5107
2024-09-25 16:18:07 - INFO - epoch-8, train_loss-35.0397, train_rmse-5.9194, valid_rmse-5.7533, valid_pr-0.5081
2024-09-25 16:18:09 - INFO - epoch-9, train_loss-34.7045, train_rmse-5.8911, valid_rmse-5.7086, valid_pr-0.5517
2024-09-25 16:18:12 - INFO - epoch-10, train_loss-34.8866, train_rmse-5.9065, valid_rmse-5.7923, valid_pr-0.8315
2024-09-25 16:18:15 - INFO - epoch-11, train_loss-34.6128, train_rmse-5.8833, valid_rmse-5.9419, valid_pr--0.1438
2024-09-25 16:18:18 - INFO - epoch-12, train_loss-34.7061, train_rmse-5.8912, valid_rmse-6.1734, valid_pr--0.3446
2024-09-25 16:18:21 - INFO - epoch-13, train_loss-34.5591, train_rmse-5.8787, valid_rmse-6.3733, valid_pr--0.3959
2024-09-25 16:18:24 - INFO - epoch-14, train_loss-34.3548, train_rmse-5.8613, valid_rmse-6.4047, valid_pr--0.3979
2024-09-25 16:18:27 - INFO - epoch-15, train_loss-34.3435, train_rmse-5.8603, valid_rmse-6.3341, valid_pr--0.4234
2024-09-25 16:18:30 - INFO - epoch-16, train_loss-34.2051, train_rmse-5.8485, valid_rmse-6.1552, valid_pr--0.4263
2024-09-25 16:18:33 - INFO - epoch-17, train_loss-34.2806, train_rmse-5.8550, valid_rmse-5.9246, valid_pr--0.3787
2024-09-25 16:18:36 - INFO - epoch-18, train_loss-34.1808, train_rmse-5.8464, valid_rmse-5.8885, valid_pr--0.4105
2024-09-25 16:18:38 - INFO - epoch-19, train_loss-33.8670, train_rmse-5.8195, valid_rmse-5.9709, valid_pr--0.4033
2024-09-25 16:18:41 - INFO - epoch-20, train_loss-34.1182, train_rmse-5.8411, valid_rmse-6.0689, valid_pr--0.3782
2024-09-25 16:18:44 - INFO - epoch-21, train_loss-33.7378, train_rmse-5.8084, valid_rmse-6.1691, valid_pr--0.4002
2024-09-25 16:18:47 - INFO - epoch-22, train_loss-33.7944, train_rmse-5.8133, valid_rmse-6.2054, valid_pr--0.3965
2024-09-25 16:18:50 - INFO - epoch-23, train_loss-33.6459, train_rmse-5.8005, valid_rmse-6.1335, valid_pr--0.3673
2024-09-25 16:18:53 - INFO - epoch-24, train_loss-33.5154, train_rmse-5.7892, valid_rmse-5.9721, valid_pr--0.3199
2024-09-25 16:18:56 - INFO - epoch-25, train_loss-33.4025, train_rmse-5.7795, valid_rmse-5.7536, valid_pr--0.2446
2024-09-25 16:18:59 - INFO - epoch-26, train_loss-33.5100, train_rmse-5.7888, valid_rmse-5.4723, valid_pr--0.0462
2024-09-25 16:19:02 - INFO - epoch-27, train_loss-33.3411, train_rmse-5.7742, valid_rmse-5.2516, valid_pr-0.1302
2024-09-25 16:19:05 - INFO - epoch-28, train_loss-33.2730, train_rmse-5.7683, valid_rmse-5.0872, valid_pr-0.1765
2024-09-25 16:19:08 - INFO - epoch-29, train_loss-33.1960, train_rmse-5.7616, valid_rmse-5.0566, valid_pr-0.1752
2024-09-25 16:19:10 - INFO - epoch-30, train_loss-33.1751, train_rmse-5.7598, valid_rmse-5.0872, valid_pr-0.1498
2024-09-25 16:19:13 - INFO - epoch-31, train_loss-32.9985, train_rmse-5.7444, valid_rmse-5.0782, valid_pr-0.2019
2024-09-25 16:19:16 - INFO - epoch-32, train_loss-33.0207, train_rmse-5.7464, valid_rmse-4.8858, valid_pr-0.3427
2024-09-25 16:19:19 - INFO - epoch-33, train_loss-32.8137, train_rmse-5.7283, valid_rmse-4.6612, valid_pr-0.3850
2024-09-25 16:19:22 - INFO - epoch-34, train_loss-32.6976, train_rmse-5.7182, valid_rmse-4.3688, valid_pr-0.4308
2024-09-25 16:19:25 - INFO - epoch-35, train_loss-32.7845, train_rmse-5.7258, valid_rmse-4.2669, valid_pr-0.4442
2024-09-25 16:19:28 - INFO - epoch-36, train_loss-32.6270, train_rmse-5.7120, valid_rmse-4.2671, valid_pr-0.4478
2024-09-25 16:19:31 - INFO - epoch-37, train_loss-32.5967, train_rmse-5.7094, valid_rmse-4.2552, valid_pr-0.4686
2024-09-25 16:19:34 - INFO - epoch-38, train_loss-32.4609, train_rmse-5.6974, valid_rmse-4.1869, valid_pr-0.4907
2024-09-25 16:19:37 - INFO - epoch-39, train_loss-32.4246, train_rmse-5.6943, valid_rmse-4.0565, valid_pr-0.4986
2024-09-25 16:19:40 - INFO - epoch-40, train_loss-32.2453, train_rmse-5.6785, valid_rmse-3.9118, valid_pr-0.5124
2024-09-25 16:19:42 - INFO - epoch-41, train_loss-32.1374, train_rmse-5.6690, valid_rmse-3.7264, valid_pr-0.5215
2024-09-25 16:19:45 - INFO - epoch-42, train_loss-32.2716, train_rmse-5.6808, valid_rmse-3.7950, valid_pr-0.5430
2024-09-25 16:19:48 - INFO - epoch-43, train_loss-32.1894, train_rmse-5.6736, valid_rmse-4.0196, valid_pr-0.5735
2024-09-25 16:19:51 - INFO - epoch-44, train_loss-32.1151, train_rmse-5.6670, valid_rmse-4.1019, valid_pr-0.6046
2024-09-25 16:19:54 - INFO - epoch-45, train_loss-31.8033, train_rmse-5.6394, valid_rmse-4.1834, valid_pr-0.6258
2024-09-25 16:19:57 - INFO - epoch-46, train_loss-31.9160, train_rmse-5.6494, valid_rmse-4.3139, valid_pr-0.6645
2024-09-25 16:20:00 - INFO - epoch-47, train_loss-31.7054, train_rmse-5.6308, valid_rmse-4.3260, valid_pr-0.6965
2024-09-25 16:20:03 - INFO - epoch-48, train_loss-31.5720, train_rmse-5.6189, valid_rmse-4.3708, valid_pr-0.7296
2024-09-25 16:20:05 - INFO - epoch-49, train_loss-31.6720, train_rmse-5.6278, valid_rmse-4.3856, valid_pr-0.7566
2024-09-25 16:20:08 - INFO - epoch-50, train_loss-31.4054, train_rmse-5.6041, valid_rmse-4.2320, valid_pr-0.7632
2024-09-25 16:20:11 - INFO - epoch-51, train_loss-31.4491, train_rmse-5.6080, valid_rmse-4.1879, valid_pr-0.7883
2024-09-25 16:20:14 - INFO - epoch-52, train_loss-31.1831, train_rmse-5.5842, valid_rmse-4.2956, valid_pr-0.8268
2024-09-25 16:20:17 - INFO - epoch-53, train_loss-31.1053, train_rmse-5.5772, valid_rmse-4.2817, valid_pr-0.8344
2024-09-25 16:20:20 - INFO - epoch-54, train_loss-31.0626, train_rmse-5.5734, valid_rmse-4.3076, valid_pr-0.8335
2024-09-25 16:20:23 - INFO - epoch-55, train_loss-30.9683, train_rmse-5.5649, valid_rmse-4.2589, valid_pr-0.8343
2024-09-25 16:20:26 - INFO - epoch-56, train_loss-30.8455, train_rmse-5.5539, valid_rmse-4.1541, valid_pr-0.8543
2024-09-25 16:20:29 - INFO - epoch-57, train_loss-30.6788, train_rmse-5.5388, valid_rmse-3.9791, valid_pr-0.8660
2024-09-25 16:20:32 - INFO - epoch-58, train_loss-30.5819, train_rmse-5.5301, valid_rmse-3.9421, valid_pr-0.8639
2024-09-25 16:20:35 - INFO - epoch-59, train_loss-30.4927, train_rmse-5.5220, valid_rmse-3.9436, valid_pr-0.8536
2024-09-25 16:20:38 - INFO - epoch-60, train_loss-30.5800, train_rmse-5.5299, valid_rmse-4.0407, valid_pr-0.8611
2024-09-25 16:20:41 - INFO - epoch-61, train_loss-30.3385, train_rmse-5.5080, valid_rmse-4.0545, valid_pr-0.8470
2024-09-25 16:20:44 - INFO - epoch-62, train_loss-30.2745, train_rmse-5.5022, valid_rmse-4.2651, valid_pr-0.8554
2024-09-25 16:20:47 - INFO - epoch-63, train_loss-29.9232, train_rmse-5.4702, valid_rmse-4.3643, valid_pr-0.7951
2024-09-25 16:20:50 - INFO - epoch-64, train_loss-29.8291, train_rmse-5.4616, valid_rmse-4.3737, valid_pr-0.7339
2024-09-25 16:20:52 - INFO - epoch-65, train_loss-29.9970, train_rmse-5.4770, valid_rmse-4.3413, valid_pr-0.7002
2024-09-25 16:20:55 - INFO - epoch-66, train_loss-29.7532, train_rmse-5.4547, valid_rmse-4.2742, valid_pr-0.6467
2024-09-25 16:20:58 - INFO - epoch-67, train_loss-29.4281, train_rmse-5.4248, valid_rmse-4.2969, valid_pr-0.6304
2024-09-25 16:21:01 - INFO - epoch-68, train_loss-29.3406, train_rmse-5.4167, valid_rmse-4.3277, valid_pr-0.6018
2024-09-25 16:21:04 - INFO - epoch-69, train_loss-29.3046, train_rmse-5.4134, valid_rmse-4.3582, valid_pr-0.6066
2024-09-25 16:21:07 - INFO - epoch-70, train_loss-29.1962, train_rmse-5.4033, valid_rmse-4.3833, valid_pr-0.5900
2024-09-25 16:21:10 - INFO - epoch-71, train_loss-28.8624, train_rmse-5.3724, valid_rmse-4.4833, valid_pr-0.5392
2024-09-25 16:21:13 - INFO - epoch-72, train_loss-28.7730, train_rmse-5.3640, valid_rmse-4.4458, valid_pr-0.5094
2024-09-25 16:21:15 - INFO - epoch-73, train_loss-28.8572, train_rmse-5.3719, valid_rmse-4.5272, valid_pr-0.5481
2024-09-25 16:21:18 - INFO - epoch-74, train_loss-28.5193, train_rmse-5.3403, valid_rmse-4.6337, valid_pr-0.6072
2024-09-25 16:21:21 - INFO - epoch-75, train_loss-28.3503, train_rmse-5.3245, valid_rmse-4.7075, valid_pr-0.6559
2024-09-25 16:21:24 - INFO - epoch-76, train_loss-28.2338, train_rmse-5.3135, valid_rmse-4.7553, valid_pr-0.6174
2024-09-25 16:21:27 - INFO - epoch-77, train_loss-28.2184, train_rmse-5.3121, valid_rmse-4.6833, valid_pr-0.5072
2024-09-25 16:21:30 - INFO - epoch-78, train_loss-28.0344, train_rmse-5.2948, valid_rmse-4.5749, valid_pr-0.4056
2024-09-25 16:21:33 - INFO - epoch-79, train_loss-27.9655, train_rmse-5.2882, valid_rmse-4.4414, valid_pr-0.3436
2024-09-25 16:21:36 - INFO - epoch-80, train_loss-27.5834, train_rmse-5.2520, valid_rmse-4.3723, valid_pr-0.3525
2024-09-25 16:21:39 - INFO - epoch-81, train_loss-27.4773, train_rmse-5.2419, valid_rmse-4.3417, valid_pr-0.3765
2024-09-25 16:21:42 - INFO - epoch-82, train_loss-27.2566, train_rmse-5.2208, valid_rmse-4.4123, valid_pr-0.4522
2024-09-25 16:21:45 - INFO - epoch-83, train_loss-27.2074, train_rmse-5.2161, valid_rmse-4.6335, valid_pr-0.5046
2024-09-25 16:21:48 - INFO - epoch-84, train_loss-27.0287, train_rmse-5.1989, valid_rmse-4.8097, valid_pr-0.5115
2024-09-25 16:21:50 - INFO - epoch-85, train_loss-26.7457, train_rmse-5.1716, valid_rmse-4.8425, valid_pr-0.4803
2024-09-25 16:21:53 - INFO - epoch-86, train_loss-26.6622, train_rmse-5.1635, valid_rmse-4.7154, valid_pr-0.4638
2024-09-25 16:21:56 - INFO - epoch-87, train_loss-26.3781, train_rmse-5.1360, valid_rmse-4.5479, valid_pr-0.4655
2024-09-25 16:21:59 - INFO - epoch-88, train_loss-26.1819, train_rmse-5.1168, valid_rmse-4.3899, valid_pr-0.4530
2024-09-25 16:22:02 - INFO - epoch-89, train_loss-26.2531, train_rmse-5.1238, valid_rmse-4.3145, valid_pr-0.4716
2024-09-25 16:22:05 - INFO - epoch-90, train_loss-25.9425, train_rmse-5.0934, valid_rmse-4.2677, valid_pr-0.5077
2024-09-25 16:22:08 - INFO - epoch-91, train_loss-25.8170, train_rmse-5.0810, valid_rmse-4.2343, valid_pr-0.5308
2024-09-25 16:22:11 - INFO - epoch-92, train_loss-25.4110, train_rmse-5.0409, valid_rmse-4.2475, valid_pr-0.5178
2024-09-25 16:22:14 - INFO - epoch-93, train_loss-25.4793, train_rmse-5.0477, valid_rmse-4.2195, valid_pr-0.4383
2024-09-25 16:22:17 - INFO - epoch-94, train_loss-25.2417, train_rmse-5.0241, valid_rmse-4.1840, valid_pr-0.3792
2024-09-25 16:22:20 - INFO - epoch-95, train_loss-24.9588, train_rmse-4.9959, valid_rmse-4.1936, valid_pr-0.3322
2024-09-25 16:22:23 - INFO - epoch-96, train_loss-24.8808, train_rmse-4.9881, valid_rmse-4.2162, valid_pr-0.2641
2024-09-25 16:22:26 - INFO - epoch-97, train_loss-24.5325, train_rmse-4.9530, valid_rmse-4.2656, valid_pr-0.2310
2024-09-25 16:22:28 - INFO - epoch-98, train_loss-24.4839, train_rmse-4.9481, valid_rmse-4.2897, valid_pr-0.2523
2024-09-25 16:22:31 - INFO - epoch-99, train_loss-24.2154, train_rmse-4.9209, valid_rmse-4.2812, valid_pr-0.2764
2024-09-25 16:22:34 - INFO - epoch-100, train_loss-24.0534, train_rmse-4.9044, valid_rmse-4.2657, valid_pr-0.2843
2024-09-25 16:22:37 - INFO - epoch-101, train_loss-23.7146, train_rmse-4.8698, valid_rmse-4.2528, valid_pr-0.2970
2024-09-25 16:22:40 - INFO - epoch-102, train_loss-23.7222, train_rmse-4.8705, valid_rmse-4.2357, valid_pr-0.3232
2024-09-25 16:22:43 - INFO - epoch-103, train_loss-23.3916, train_rmse-4.8365, valid_rmse-4.2654, valid_pr-0.3456
2024-09-25 16:22:46 - INFO - epoch-104, train_loss-23.2541, train_rmse-4.8223, valid_rmse-4.2792, valid_pr-0.3470
2024-09-25 16:22:49 - INFO - epoch-105, train_loss-23.0729, train_rmse-4.8034, valid_rmse-4.3466, valid_pr-0.3226
2024-09-25 16:22:52 - INFO - epoch-106, train_loss-22.7353, train_rmse-4.7682, valid_rmse-4.4284, valid_pr-0.3187
2024-09-25 16:22:55 - INFO - epoch-107, train_loss-22.5761, train_rmse-4.7514, valid_rmse-4.5715, valid_pr-0.2947
2024-09-25 16:22:58 - INFO - epoch-108, train_loss-22.3309, train_rmse-4.7256, valid_rmse-4.6953, valid_pr-0.2623
2024-09-25 16:23:01 - INFO - epoch-109, train_loss-22.2853, train_rmse-4.7207, valid_rmse-4.7697, valid_pr-0.2239
2024-09-25 16:23:04 - INFO - epoch-110, train_loss-22.0435, train_rmse-4.6950, valid_rmse-4.8248, valid_pr-0.1806
2024-09-25 16:23:07 - INFO - epoch-111, train_loss-21.7609, train_rmse-4.6649, valid_rmse-4.8354, valid_pr-0.1524
2024-09-25 16:23:10 - INFO - epoch-112, train_loss-21.5067, train_rmse-4.6375, valid_rmse-4.8443, valid_pr-0.1327
2024-09-25 16:23:13 - INFO - epoch-113, train_loss-21.3573, train_rmse-4.6214, valid_rmse-4.7985, valid_pr-0.1557
2024-09-25 16:23:16 - INFO - epoch-114, train_loss-21.2134, train_rmse-4.6058, valid_rmse-4.7190, valid_pr-0.1876
2024-09-25 16:23:19 - INFO - epoch-115, train_loss-20.8066, train_rmse-4.5614, valid_rmse-4.6339, valid_pr-0.1994
2024-09-25 16:23:22 - INFO - epoch-116, train_loss-20.7913, train_rmse-4.5597, valid_rmse-4.5519, valid_pr-0.2299
2024-09-25 16:23:24 - INFO - epoch-117, train_loss-20.4512, train_rmse-4.5223, valid_rmse-4.4724, valid_pr-0.2885
2024-09-25 16:23:27 - INFO - epoch-118, train_loss-20.3360, train_rmse-4.5095, valid_rmse-4.3883, valid_pr-0.3295
2024-09-25 16:23:30 - INFO - epoch-119, train_loss-19.9649, train_rmse-4.4682, valid_rmse-4.3272, valid_pr-0.3731
2024-09-25 16:23:33 - INFO - epoch-120, train_loss-19.6468, train_rmse-4.4325, valid_rmse-4.2995, valid_pr-0.4405
2024-09-25 16:23:36 - INFO - epoch-121, train_loss-19.4556, train_rmse-4.4109, valid_rmse-4.3269, valid_pr-0.5080
2024-09-25 16:23:39 - INFO - epoch-122, train_loss-19.2735, train_rmse-4.3902, valid_rmse-4.3399, valid_pr-0.5959
2024-09-25 16:23:42 - INFO - epoch-123, train_loss-19.0542, train_rmse-4.3651, valid_rmse-4.3345, valid_pr-0.6412
2024-09-25 16:23:45 - INFO - epoch-124, train_loss-18.8096, train_rmse-4.3370, valid_rmse-4.3057, valid_pr-0.6675
2024-09-25 16:23:48 - INFO - epoch-125, train_loss-18.7157, train_rmse-4.3262, valid_rmse-4.2186, valid_pr-0.6853
2024-09-25 16:23:51 - INFO - epoch-126, train_loss-18.3280, train_rmse-4.2811, valid_rmse-4.1405, valid_pr-0.6859
2024-09-25 16:23:54 - INFO - epoch-127, train_loss-18.2260, train_rmse-4.2692, valid_rmse-4.0565, valid_pr-0.6755
2024-09-25 16:23:56 - INFO - epoch-128, train_loss-18.0154, train_rmse-4.2445, valid_rmse-4.0046, valid_pr-0.6504
2024-09-25 16:23:59 - INFO - epoch-129, train_loss-17.7104, train_rmse-4.2084, valid_rmse-4.0139, valid_pr-0.6255
2024-09-25 16:24:02 - INFO - epoch-130, train_loss-18.0255, train_rmse-4.2457, valid_rmse-4.1226, valid_pr-0.6048
2024-09-25 16:24:05 - INFO - epoch-131, train_loss-17.2392, train_rmse-4.1520, valid_rmse-4.2242, valid_pr-0.5521
2024-09-25 16:24:08 - INFO - epoch-132, train_loss-16.8892, train_rmse-4.1096, valid_rmse-4.2571, valid_pr-0.4874
2024-09-25 16:24:11 - INFO - epoch-133, train_loss-16.8828, train_rmse-4.1089, valid_rmse-4.1717, valid_pr-0.4132
2024-09-25 16:24:14 - INFO - epoch-134, train_loss-16.4955, train_rmse-4.0615, valid_rmse-4.0688, valid_pr-0.3974
2024-09-25 16:24:17 - INFO - epoch-135, train_loss-16.7768, train_rmse-4.0959, valid_rmse-3.8798, valid_pr-0.3983
2024-09-25 16:24:20 - INFO - epoch-136, train_loss-16.0906, train_rmse-4.0113, valid_rmse-3.6974, valid_pr-0.4141
2024-09-25 16:24:23 - INFO - epoch-137, train_loss-16.0187, train_rmse-4.0023, valid_rmse-3.5552, valid_pr-0.3923
2024-09-25 16:24:26 - INFO - epoch-138, train_loss-15.8629, train_rmse-3.9828, valid_rmse-3.4850, valid_pr-0.3315
2024-09-25 16:24:29 - INFO - epoch-139, train_loss-15.4654, train_rmse-3.9326, valid_rmse-3.4604, valid_pr-0.2541
2024-09-25 16:24:32 - INFO - epoch-140, train_loss-15.3056, train_rmse-3.9122, valid_rmse-3.4707, valid_pr-0.2088
2024-09-25 16:24:35 - INFO - epoch-141, train_loss-15.2140, train_rmse-3.9005, valid_rmse-3.4931, valid_pr-0.2133
2024-09-25 16:24:38 - INFO - epoch-142, train_loss-14.7805, train_rmse-3.8445, valid_rmse-3.5039, valid_pr-0.2377
2024-09-25 16:24:41 - INFO - epoch-143, train_loss-14.7201, train_rmse-3.8367, valid_rmse-3.4604, valid_pr-0.2211
2024-09-25 16:24:44 - INFO - epoch-144, train_loss-14.4082, train_rmse-3.7958, valid_rmse-3.4685, valid_pr-0.0970
2024-09-25 16:24:47 - INFO - epoch-145, train_loss-14.0937, train_rmse-3.7542, valid_rmse-3.5506, valid_pr--0.0312
2024-09-25 16:24:50 - INFO - epoch-146, train_loss-13.6813, train_rmse-3.6988, valid_rmse-3.6578, valid_pr--0.0739
2024-09-25 16:24:53 - INFO - epoch-147, train_loss-13.6390, train_rmse-3.6931, valid_rmse-3.7222, valid_pr--0.0879
2024-09-25 16:24:56 - INFO - epoch-148, train_loss-13.4278, train_rmse-3.6644, valid_rmse-3.6931, valid_pr--0.0826
2024-09-25 16:24:59 - INFO - epoch-149, train_loss-13.7240, train_rmse-3.7046, valid_rmse-3.6676, valid_pr--0.1013
2024-09-25 16:25:01 - INFO - epoch-150, train_loss-13.6703, train_rmse-3.6973, valid_rmse-3.6566, valid_pr--0.0588
2024-09-25 16:25:04 - INFO - epoch-151, train_loss-12.8618, train_rmse-3.5863, valid_rmse-3.6806, valid_pr--0.0099
2024-09-25 16:25:07 - INFO - epoch-152, train_loss-13.0086, train_rmse-3.6067, valid_rmse-3.6311, valid_pr-0.0678
2024-09-25 16:25:10 - INFO - epoch-153, train_loss-12.2626, train_rmse-3.5018, valid_rmse-3.5707, valid_pr-0.1355
2024-09-25 16:25:13 - INFO - epoch-154, train_loss-12.2883, train_rmse-3.5055, valid_rmse-3.4644, valid_pr-0.1900
2024-09-25 16:25:16 - INFO - epoch-155, train_loss-12.4522, train_rmse-3.5288, valid_rmse-3.3740, valid_pr-0.2390
2024-09-25 16:25:19 - INFO - epoch-156, train_loss-11.7844, train_rmse-3.4328, valid_rmse-3.3616, valid_pr-0.2957
2024-09-25 16:25:22 - INFO - epoch-157, train_loss-11.5863, train_rmse-3.4039, valid_rmse-3.4178, valid_pr-0.3207
2024-09-25 16:25:25 - INFO - epoch-158, train_loss-11.4120, train_rmse-3.3782, valid_rmse-3.4848, valid_pr-0.2749
2024-09-25 16:25:28 - INFO - epoch-159, train_loss-11.4127, train_rmse-3.3783, valid_rmse-3.5334, valid_pr-0.2306
2024-09-25 16:25:31 - INFO - epoch-160, train_loss-11.1649, train_rmse-3.3414, valid_rmse-3.4804, valid_pr-0.2104
2024-09-25 16:25:34 - INFO - epoch-161, train_loss-11.0938, train_rmse-3.3307, valid_rmse-3.3182, valid_pr-0.2420
2024-09-25 16:25:37 - INFO - epoch-162, train_loss-11.0577, train_rmse-3.3253, valid_rmse-3.2143, valid_pr-0.2724
2024-09-25 16:25:40 - INFO - epoch-163, train_loss-10.7729, train_rmse-3.2822, valid_rmse-3.1319, valid_pr-0.3060
2024-09-25 16:25:43 - INFO - epoch-164, train_loss-10.6408, train_rmse-3.2620, valid_rmse-3.0862, valid_pr-0.3540
2024-09-25 16:25:46 - INFO - epoch-165, train_loss-10.0897, train_rmse-3.1764, valid_rmse-3.0964, valid_pr-0.3500
2024-09-25 16:25:49 - INFO - epoch-166, train_loss-9.8058, train_rmse-3.1314, valid_rmse-3.1372, valid_pr-0.3553
2024-09-25 16:25:52 - INFO - epoch-167, train_loss-9.6135, train_rmse-3.1006, valid_rmse-3.1605, valid_pr-0.2989
2024-09-25 16:25:55 - INFO - epoch-168, train_loss-9.6923, train_rmse-3.1133, valid_rmse-3.1703, valid_pr-0.1666
2024-09-25 16:25:57 - INFO - epoch-169, train_loss-9.3886, train_rmse-3.0641, valid_rmse-3.2070, valid_pr-0.0691
2024-09-25 16:26:00 - INFO - epoch-170, train_loss-9.0803, train_rmse-3.0134, valid_rmse-3.2591, valid_pr-0.0110
2024-09-25 16:26:03 - INFO - epoch-171, train_loss-8.9724, train_rmse-2.9954, valid_rmse-3.2683, valid_pr--0.0128
2024-09-25 16:26:06 - INFO - epoch-172, train_loss-9.0122, train_rmse-3.0020, valid_rmse-3.2517, valid_pr--0.0231
2024-09-25 16:26:09 - INFO - epoch-173, train_loss-8.6475, train_rmse-2.9407, valid_rmse-3.2006, valid_pr--0.0125
2024-09-25 16:26:12 - INFO - epoch-174, train_loss-8.5059, train_rmse-2.9165, valid_rmse-3.2177, valid_pr-0.0018
2024-09-25 16:26:15 - INFO - epoch-175, train_loss-8.1993, train_rmse-2.8634, valid_rmse-3.2242, valid_pr-0.0527
2024-09-25 16:26:18 - INFO - epoch-176, train_loss-8.2218, train_rmse-2.8674, valid_rmse-3.2462, valid_pr-0.0834
2024-09-25 16:26:21 - INFO - epoch-177, train_loss-7.9289, train_rmse-2.8158, valid_rmse-3.2396, valid_pr-0.1079
2024-09-25 16:26:24 - INFO - epoch-178, train_loss-7.5356, train_rmse-2.7451, valid_rmse-3.1690, valid_pr-0.1333
2024-09-25 16:26:27 - INFO - epoch-179, train_loss-7.6125, train_rmse-2.7591, valid_rmse-3.1153, valid_pr-0.1661
2024-09-25 16:26:30 - INFO - epoch-180, train_loss-7.3446, train_rmse-2.7101, valid_rmse-3.0646, valid_pr-0.1813
2024-09-25 16:26:33 - INFO - epoch-181, train_loss-7.3831, train_rmse-2.7172, valid_rmse-2.9869, valid_pr-0.2041
2024-09-25 16:26:36 - INFO - epoch-182, train_loss-6.9349, train_rmse-2.6334, valid_rmse-2.8759, valid_pr-0.2367
2024-09-25 16:26:39 - INFO - epoch-183, train_loss-7.2454, train_rmse-2.6917, valid_rmse-2.7414, valid_pr-0.2817
2024-09-25 16:26:42 - INFO - epoch-184, train_loss-7.1899, train_rmse-2.6814, valid_rmse-2.6541, valid_pr-0.3015
2024-09-25 16:26:45 - INFO - epoch-185, train_loss-6.8154, train_rmse-2.6106, valid_rmse-2.5854, valid_pr-0.2806
2024-09-25 16:26:48 - INFO - epoch-186, train_loss-6.6101, train_rmse-2.5710, valid_rmse-2.6231, valid_pr-0.2376
2024-09-25 16:26:51 - INFO - epoch-187, train_loss-6.8104, train_rmse-2.6097, valid_rmse-2.6745, valid_pr-0.1907
2024-09-25 16:26:54 - INFO - epoch-188, train_loss-6.5426, train_rmse-2.5578, valid_rmse-2.7774, valid_pr-0.1389
2024-09-25 16:26:57 - INFO - epoch-189, train_loss-6.0926, train_rmse-2.4683, valid_rmse-2.8239, valid_pr-0.1268
2024-09-25 16:27:00 - INFO - epoch-190, train_loss-6.2844, train_rmse-2.5069, valid_rmse-2.8552, valid_pr-0.1311
2024-09-25 16:27:03 - INFO - epoch-191, train_loss-6.2114, train_rmse-2.4923, valid_rmse-2.7763, valid_pr-0.1444
2024-09-25 16:27:06 - INFO - epoch-192, train_loss-5.6941, train_rmse-2.3862, valid_rmse-2.6457, valid_pr-0.1546
2024-09-25 16:27:09 - INFO - epoch-193, train_loss-5.5994, train_rmse-2.3663, valid_rmse-2.5350, valid_pr-0.1337
2024-09-25 16:27:12 - INFO - epoch-194, train_loss-5.6315, train_rmse-2.3731, valid_rmse-2.4365, valid_pr-0.1188
2024-09-25 16:27:15 - INFO - epoch-195, train_loss-5.3932, train_rmse-2.3223, valid_rmse-2.3506, valid_pr-0.1163
2024-09-25 16:27:18 - INFO - epoch-196, train_loss-5.1462, train_rmse-2.2685, valid_rmse-2.2596, valid_pr-0.1215
2024-09-25 16:27:21 - INFO - epoch-197, train_loss-4.9520, train_rmse-2.2253, valid_rmse-2.2184, valid_pr-0.1197
2024-09-25 16:27:24 - INFO - epoch-198, train_loss-5.4837, train_rmse-2.3417, valid_rmse-2.2374, valid_pr-0.1179
2024-09-25 16:27:27 - INFO - epoch-199, train_loss-4.6539, train_rmse-2.1573, valid_rmse-2.2325, valid_pr-0.1275
2024-09-25 16:27:30 - INFO - epoch-200, train_loss-5.1752, train_rmse-2.2749, valid_rmse-2.2042, valid_pr-0.1696
2024-09-25 16:27:33 - INFO - epoch-201, train_loss-4.5624, train_rmse-2.1360, valid_rmse-2.1397, valid_pr-0.2226
2024-09-25 16:27:35 - INFO - epoch-202, train_loss-4.4531, train_rmse-2.1102, valid_rmse-2.1092, valid_pr-0.2649
2024-09-25 16:27:38 - INFO - epoch-203, train_loss-4.4673, train_rmse-2.1136, valid_rmse-2.0719, valid_pr-0.3020
2024-09-25 16:27:41 - INFO - epoch-204, train_loss-4.7564, train_rmse-2.1809, valid_rmse-2.0185, valid_pr-0.3362
2024-09-25 16:27:44 - INFO - epoch-205, train_loss-4.1031, train_rmse-2.0256, valid_rmse-1.9383, valid_pr-0.3818
2024-09-25 16:27:47 - INFO - epoch-206, train_loss-4.1178, train_rmse-2.0292, valid_rmse-1.8921, valid_pr-0.4234
2024-09-25 16:27:50 - INFO - epoch-207, train_loss-4.0509, train_rmse-2.0127, valid_rmse-1.8590, valid_pr-0.4427
2024-09-25 16:27:53 - INFO - epoch-208, train_loss-3.7665, train_rmse-1.9408, valid_rmse-1.8625, valid_pr-0.4260
2024-09-25 16:27:56 - INFO - epoch-209, train_loss-3.7516, train_rmse-1.9369, valid_rmse-1.8949, valid_pr-0.3989
2024-09-25 16:27:59 - INFO - epoch-210, train_loss-3.6317, train_rmse-1.9057, valid_rmse-1.9498, valid_pr-0.3613
2024-09-25 16:28:02 - INFO - epoch-211, train_loss-3.4930, train_rmse-1.8689, valid_rmse-1.9921, valid_pr-0.3468
2024-09-25 16:28:05 - INFO - epoch-212, train_loss-3.3893, train_rmse-1.8410, valid_rmse-1.9830, valid_pr-0.3534
2024-09-25 16:28:08 - INFO - epoch-213, train_loss-3.6631, train_rmse-1.9139, valid_rmse-1.9031, valid_pr-0.3801
2024-09-25 16:28:11 - INFO - epoch-214, train_loss-3.7324, train_rmse-1.9319, valid_rmse-1.8851, valid_pr-0.3971
2024-09-25 16:28:14 - INFO - epoch-215, train_loss-3.4763, train_rmse-1.8645, valid_rmse-1.8545, valid_pr-0.4391
2024-09-25 16:28:17 - INFO - epoch-216, train_loss-3.2237, train_rmse-1.7955, valid_rmse-1.8531, valid_pr-0.4702
2024-09-25 16:28:19 - INFO - epoch-217, train_loss-3.3406, train_rmse-1.8277, valid_rmse-1.8334, valid_pr-0.5018
2024-09-25 16:28:23 - INFO - epoch-218, train_loss-3.2198, train_rmse-1.7944, valid_rmse-1.7778, valid_pr-0.5185
2024-09-25 16:28:26 - INFO - epoch-219, train_loss-3.6214, train_rmse-1.9030, valid_rmse-1.7245, valid_pr-0.5028
2024-09-25 16:28:29 - INFO - epoch-220, train_loss-2.9426, train_rmse-1.7154, valid_rmse-1.7365, valid_pr-0.4504
2024-09-25 16:28:32 - INFO - epoch-221, train_loss-2.7842, train_rmse-1.6686, valid_rmse-1.8241, valid_pr-0.3904
2024-09-25 16:28:35 - INFO - epoch-222, train_loss-2.8439, train_rmse-1.6864, valid_rmse-1.9821, valid_pr-0.3328
2024-09-25 16:28:38 - INFO - epoch-223, train_loss-2.7845, train_rmse-1.6687, valid_rmse-2.1574, valid_pr-0.2867
2024-09-25 16:28:41 - INFO - epoch-224, train_loss-3.1889, train_rmse-1.7858, valid_rmse-2.2587, valid_pr-0.2311
2024-09-25 16:28:44 - INFO - epoch-225, train_loss-2.8661, train_rmse-1.6930, valid_rmse-2.2192, valid_pr-0.1924
2024-09-25 16:28:47 - INFO - epoch-226, train_loss-2.4903, train_rmse-1.5781, valid_rmse-2.1614, valid_pr-0.1473
2024-09-25 16:28:50 - INFO - epoch-227, train_loss-2.2251, train_rmse-1.4917, valid_rmse-2.1129, valid_pr-0.1046
2024-09-25 16:28:53 - INFO - epoch-228, train_loss-2.5129, train_rmse-1.5852, valid_rmse-2.0511, valid_pr-0.0838
2024-09-25 16:28:56 - INFO - epoch-229, train_loss-2.6604, train_rmse-1.6311, valid_rmse-1.9810, valid_pr-0.0886
2024-09-25 16:28:59 - INFO - epoch-230, train_loss-2.5385, train_rmse-1.5933, valid_rmse-1.8771, valid_pr-0.1097
2024-09-25 16:29:02 - INFO - epoch-231, train_loss-2.4421, train_rmse-1.5627, valid_rmse-1.8148, valid_pr-0.1224
2024-09-25 16:29:05 - INFO - epoch-232, train_loss-2.2323, train_rmse-1.4941, valid_rmse-1.7778, valid_pr-0.1262
2024-09-25 16:29:08 - INFO - epoch-233, train_loss-2.2362, train_rmse-1.4954, valid_rmse-1.7230, valid_pr-0.1523
2024-09-25 16:29:11 - INFO - epoch-234, train_loss-1.9221, train_rmse-1.3864, valid_rmse-1.6409, valid_pr-0.1953
2024-09-25 16:29:13 - INFO - epoch-235, train_loss-2.2736, train_rmse-1.5078, valid_rmse-1.5922, valid_pr-0.2389
2024-09-25 16:29:16 - INFO - epoch-236, train_loss-2.3313, train_rmse-1.5269, valid_rmse-1.5200, valid_pr-0.3034
2024-09-25 16:29:19 - INFO - epoch-237, train_loss-1.9983, train_rmse-1.4136, valid_rmse-1.5260, valid_pr-0.2965
2024-09-25 16:29:22 - INFO - epoch-238, train_loss-1.8978, train_rmse-1.3776, valid_rmse-1.5870, valid_pr-0.2521
2024-09-25 16:29:25 - INFO - epoch-239, train_loss-1.9441, train_rmse-1.3943, valid_rmse-1.6474, valid_pr-0.2048
2024-09-25 16:29:28 - INFO - epoch-240, train_loss-1.9213, train_rmse-1.3861, valid_rmse-1.7143, valid_pr-0.1432
2024-09-25 16:29:31 - INFO - epoch-241, train_loss-1.6708, train_rmse-1.2926, valid_rmse-1.7536, valid_pr-0.0961
2024-09-25 16:29:34 - INFO - epoch-242, train_loss-1.8011, train_rmse-1.3420, valid_rmse-1.7632, valid_pr-0.0702
2024-09-25 16:29:37 - INFO - epoch-243, train_loss-1.7401, train_rmse-1.3191, valid_rmse-1.8152, valid_pr-0.0157
2024-09-25 16:29:40 - INFO - epoch-244, train_loss-2.2367, train_rmse-1.4956, valid_rmse-1.7919, valid_pr--0.0035
2024-09-25 16:29:43 - INFO - epoch-245, train_loss-2.3876, train_rmse-1.5452, valid_rmse-1.7118, valid_pr-0.0241
2024-09-25 16:29:46 - INFO - epoch-246, train_loss-1.5319, train_rmse-1.2377, valid_rmse-1.6403, valid_pr-0.0609
2024-09-25 16:29:49 - INFO - epoch-247, train_loss-1.7620, train_rmse-1.3274, valid_rmse-1.5815, valid_pr-0.1328
2024-09-25 16:29:52 - INFO - epoch-248, train_loss-1.5255, train_rmse-1.2351, valid_rmse-1.5360, valid_pr-0.2155
2024-09-25 16:29:55 - INFO - epoch-249, train_loss-1.5669, train_rmse-1.2518, valid_rmse-1.4528, valid_pr-0.3533
2024-09-25 16:29:57 - INFO - epoch-250, train_loss-2.0134, train_rmse-1.4189, valid_rmse-1.3660, valid_pr-0.4947
2024-09-25 16:30:00 - INFO - epoch-251, train_loss-1.6186, train_rmse-1.2722, valid_rmse-1.2811, valid_pr-0.5863
2024-09-25 16:30:04 - INFO - epoch-252, train_loss-1.4231, train_rmse-1.1929, valid_rmse-1.2047, valid_pr-0.6314
2024-09-25 16:30:07 - INFO - epoch-253, train_loss-1.2742, train_rmse-1.1288, valid_rmse-1.1379, valid_pr-0.6794
2024-09-25 16:30:10 - INFO - epoch-254, train_loss-1.3875, train_rmse-1.1779, valid_rmse-1.0560, valid_pr-0.7268
2024-09-25 16:30:13 - INFO - epoch-255, train_loss-1.7697, train_rmse-1.3303, valid_rmse-1.0215, valid_pr-0.7474
2024-09-25 16:30:16 - INFO - epoch-256, train_loss-1.6652, train_rmse-1.2904, valid_rmse-1.0479, valid_pr-0.7453
2024-09-25 16:30:18 - INFO - epoch-257, train_loss-1.8192, train_rmse-1.3488, valid_rmse-1.1190, valid_pr-0.7187
2024-09-25 16:30:21 - INFO - epoch-258, train_loss-1.2948, train_rmse-1.1379, valid_rmse-1.2062, valid_pr-0.6761
2024-09-25 16:30:24 - INFO - epoch-259, train_loss-1.4738, train_rmse-1.2140, valid_rmse-1.2316, valid_pr-0.6565
2024-09-25 16:30:27 - INFO - epoch-260, train_loss-1.3038, train_rmse-1.1418, valid_rmse-1.2013, valid_pr-0.6799
2024-09-25 16:30:30 - INFO - epoch-261, train_loss-1.3818, train_rmse-1.1755, valid_rmse-1.1473, valid_pr-0.7068
2024-09-25 16:30:33 - INFO - epoch-262, train_loss-1.3685, train_rmse-1.1699, valid_rmse-1.1269, valid_pr-0.6934
2024-09-25 16:30:36 - INFO - epoch-263, train_loss-1.1524, train_rmse-1.0735, valid_rmse-1.1270, valid_pr-0.6750
2024-09-25 16:30:39 - INFO - epoch-264, train_loss-1.5205, train_rmse-1.2331, valid_rmse-1.1154, valid_pr-0.6850
2024-09-25 16:30:42 - INFO - epoch-265, train_loss-1.0377, train_rmse-1.0187, valid_rmse-1.1096, valid_pr-0.7255
2024-09-25 16:30:45 - INFO - epoch-266, train_loss-1.0913, train_rmse-1.0446, valid_rmse-1.1294, valid_pr-0.7341
2024-09-25 16:30:47 - INFO - epoch-267, train_loss-1.0181, train_rmse-1.0090, valid_rmse-1.1704, valid_pr-0.6893
2024-09-25 16:30:51 - INFO - epoch-268, train_loss-1.5472, train_rmse-1.2439, valid_rmse-1.1772, valid_pr-0.6666
2024-09-25 16:30:53 - INFO - epoch-269, train_loss-1.3461, train_rmse-1.1602, valid_rmse-1.1775, valid_pr-0.6436
2024-09-25 16:30:56 - INFO - epoch-270, train_loss-1.4987, train_rmse-1.2242, valid_rmse-1.1902, valid_pr-0.6082
2024-09-25 16:30:59 - INFO - epoch-271, train_loss-1.0617, train_rmse-1.0304, valid_rmse-1.1779, valid_pr-0.6118
2024-09-25 16:31:02 - INFO - epoch-272, train_loss-0.8960, train_rmse-0.9466, valid_rmse-1.1755, valid_pr-0.6137
2024-09-25 16:31:05 - INFO - epoch-273, train_loss-1.3368, train_rmse-1.1562, valid_rmse-1.1778, valid_pr-0.6156
2024-09-25 16:31:08 - INFO - epoch-274, train_loss-1.5496, train_rmse-1.2448, valid_rmse-1.2251, valid_pr-0.5720
2024-09-25 16:31:11 - INFO - epoch-275, train_loss-2.0560, train_rmse-1.4339, valid_rmse-1.3060, valid_pr-0.4946
2024-09-25 16:31:13 - INFO - epoch-276, train_loss-1.1384, train_rmse-1.0670, valid_rmse-1.4218, valid_pr-0.3980
2024-09-25 16:31:16 - INFO - epoch-277, train_loss-1.0738, train_rmse-1.0362, valid_rmse-1.5593, valid_pr-0.3021
2024-09-25 16:31:19 - INFO - epoch-278, train_loss-1.1354, train_rmse-1.0656, valid_rmse-1.7206, valid_pr-0.2216
2024-09-25 16:31:22 - INFO - epoch-279, train_loss-1.5793, train_rmse-1.2567, valid_rmse-1.7796, valid_pr-0.2030
2024-09-25 16:31:25 - INFO - epoch-280, train_loss-1.1698, train_rmse-1.0816, valid_rmse-1.8434, valid_pr-0.1833
2024-09-25 16:31:28 - INFO - epoch-281, train_loss-0.9776, train_rmse-0.9888, valid_rmse-1.8819, valid_pr-0.1803
2024-09-25 16:31:31 - INFO - epoch-282, train_loss-1.2131, train_rmse-1.1014, valid_rmse-1.8500, valid_pr-0.2046
2024-09-25 16:31:34 - INFO - epoch-283, train_loss-0.4853, train_rmse-0.6966, valid_rmse-1.7661, valid_pr-0.2470
2024-09-25 16:31:37 - INFO - epoch-284, train_loss-0.9017, train_rmse-0.9496, valid_rmse-1.7051, valid_pr-0.2676
2024-09-25 16:31:40 - INFO - epoch-285, train_loss-1.0858, train_rmse-1.0420, valid_rmse-1.6713, valid_pr-0.2835
2024-09-25 16:31:43 - INFO - epoch-286, train_loss-1.0970, train_rmse-1.0474, valid_rmse-1.7040, valid_pr-0.2765
2024-09-25 16:31:46 - INFO - epoch-287, train_loss-1.2167, train_rmse-1.1030, valid_rmse-1.7669, valid_pr-0.2512
2024-09-25 16:31:49 - INFO - epoch-288, train_loss-1.1364, train_rmse-1.0660, valid_rmse-1.7975, valid_pr-0.2348
2024-09-25 16:31:52 - INFO - epoch-289, train_loss-0.8930, train_rmse-0.9450, valid_rmse-1.8080, valid_pr-0.2260
2024-09-25 16:31:55 - INFO - epoch-290, train_loss-0.9699, train_rmse-0.9849, valid_rmse-1.7766, valid_pr-0.2342
2024-09-25 16:31:58 - INFO - epoch-291, train_loss-0.7136, train_rmse-0.8447, valid_rmse-1.7173, valid_pr-0.2523
2024-09-25 16:32:01 - INFO - epoch-292, train_loss-0.8766, train_rmse-0.9363, valid_rmse-1.6260, valid_pr-0.2880
2024-09-25 16:32:04 - INFO - epoch-293, train_loss-0.9094, train_rmse-0.9536, valid_rmse-1.5453, valid_pr-0.3401
2024-09-25 16:32:07 - INFO - epoch-294, train_loss-1.2536, train_rmse-1.1197, valid_rmse-1.5129, valid_pr-0.3705
2024-09-25 16:32:10 - INFO - epoch-295, train_loss-0.9609, train_rmse-0.9803, valid_rmse-1.4220, valid_pr-0.4337
2024-09-25 16:32:13 - INFO - epoch-296, train_loss-0.8141, train_rmse-0.9023, valid_rmse-1.3395, valid_pr-0.4927
2024-09-25 16:32:16 - INFO - epoch-297, train_loss-1.4585, train_rmse-1.2077, valid_rmse-1.2478, valid_pr-0.5612
2024-09-25 16:32:19 - INFO - epoch-298, train_loss-1.3022, train_rmse-1.1411, valid_rmse-1.1556, valid_pr-0.6496
2024-09-25 16:32:22 - INFO - epoch-299, train_loss-0.9810, train_rmse-0.9905, valid_rmse-1.1310, valid_pr-0.6766
2024-09-25 16:32:25 - INFO - epoch-300, train_loss-0.8868, train_rmse-0.9417, valid_rmse-1.1888, valid_pr-0.6333
2024-09-25 16:32:27 - INFO - epoch-301, train_loss-0.9293, train_rmse-0.9640, valid_rmse-1.3113, valid_pr-0.5425
2024-09-25 16:32:30 - INFO - epoch-302, train_loss-0.9242, train_rmse-0.9613, valid_rmse-1.4406, valid_pr-0.4702
2024-09-25 16:32:33 - INFO - epoch-303, train_loss-0.8515, train_rmse-0.9228, valid_rmse-1.5328, valid_pr-0.4228
2024-09-25 16:32:36 - INFO - epoch-304, train_loss-1.0282, train_rmse-1.0140, valid_rmse-1.5471, valid_pr-0.4039
2024-09-25 16:32:39 - INFO - epoch-305, train_loss-0.8742, train_rmse-0.9350, valid_rmse-1.5579, valid_pr-0.3837
2024-09-25 16:32:42 - INFO - epoch-306, train_loss-0.7738, train_rmse-0.8796, valid_rmse-1.5542, valid_pr-0.3691
2024-09-25 16:32:45 - INFO - epoch-307, train_loss-0.9893, train_rmse-0.9946, valid_rmse-1.5860, valid_pr-0.3225
2024-09-25 16:32:48 - INFO - epoch-308, train_loss-0.8913, train_rmse-0.9441, valid_rmse-1.6031, valid_pr-0.2952
2024-09-25 16:32:51 - INFO - epoch-309, train_loss-1.0286, train_rmse-1.0142, valid_rmse-1.6567, valid_pr-0.2603
2024-09-25 16:32:54 - INFO - epoch-310, train_loss-1.0068, train_rmse-1.0034, valid_rmse-1.6749, valid_pr-0.2413
2024-09-25 16:32:57 - INFO - epoch-311, train_loss-1.1367, train_rmse-1.0662, valid_rmse-1.6666, valid_pr-0.2280
2024-09-25 16:33:00 - INFO - epoch-312, train_loss-1.0642, train_rmse-1.0316, valid_rmse-1.6425, valid_pr-0.2305
2024-09-25 16:33:03 - INFO - epoch-313, train_loss-1.1868, train_rmse-1.0894, valid_rmse-1.5551, valid_pr-0.2889
2024-09-25 16:33:06 - INFO - epoch-314, train_loss-0.8634, train_rmse-0.9292, valid_rmse-1.4687, valid_pr-0.3494
2024-09-25 16:33:09 - INFO - epoch-315, train_loss-0.8791, train_rmse-0.9376, valid_rmse-1.4194, valid_pr-0.4196
2024-09-25 16:33:11 - INFO - epoch-316, train_loss-1.1411, train_rmse-1.0682, valid_rmse-1.3944, valid_pr-0.4616
2024-09-25 16:33:14 - INFO - epoch-317, train_loss-1.3825, train_rmse-1.1758, valid_rmse-1.4038, valid_pr-0.4706
2024-09-25 16:33:17 - INFO - epoch-318, train_loss-0.7744, train_rmse-0.8800, valid_rmse-1.3467, valid_pr-0.5368
2024-09-25 16:33:20 - INFO - epoch-319, train_loss-0.8865, train_rmse-0.9416, valid_rmse-1.2763, valid_pr-0.6298
2024-09-25 16:33:23 - INFO - epoch-320, train_loss-0.8935, train_rmse-0.9453, valid_rmse-1.2088, valid_pr-0.6888
2024-09-25 16:33:26 - INFO - epoch-321, train_loss-1.1620, train_rmse-1.0780, valid_rmse-1.1800, valid_pr-0.6992
2024-09-25 16:33:28 - INFO - epoch-322, train_loss-1.3104, train_rmse-1.1447, valid_rmse-1.1539, valid_pr-0.7255
2024-09-25 16:33:31 - INFO - epoch-323, train_loss-1.0809, train_rmse-1.0396, valid_rmse-1.1647, valid_pr-0.7094
2024-09-25 16:33:34 - INFO - epoch-324, train_loss-0.5736, train_rmse-0.7574, valid_rmse-1.1630, valid_pr-0.6947
2024-09-25 16:33:37 - INFO - epoch-325, train_loss-0.8887, train_rmse-0.9427, valid_rmse-1.1982, valid_pr-0.6445
2024-09-25 16:33:40 - INFO - epoch-326, train_loss-0.9333, train_rmse-0.9661, valid_rmse-1.2826, valid_pr-0.5262
2024-09-25 16:33:43 - INFO - epoch-327, train_loss-1.2481, train_rmse-1.1172, valid_rmse-1.3932, valid_pr-0.3953
2024-09-25 16:33:46 - INFO - epoch-328, train_loss-0.9813, train_rmse-0.9906, valid_rmse-1.4659, valid_pr-0.3028
2024-09-25 16:33:49 - INFO - epoch-329, train_loss-0.6916, train_rmse-0.8316, valid_rmse-1.5266, valid_pr-0.2229
2024-09-25 16:33:52 - INFO - epoch-330, train_loss-1.2350, train_rmse-1.1113, valid_rmse-1.5798, valid_pr-0.1691
2024-09-25 16:33:55 - INFO - epoch-331, train_loss-1.4133, train_rmse-1.1888, valid_rmse-1.6040, valid_pr-0.1452
2024-09-25 16:33:58 - INFO - epoch-332, train_loss-1.2008, train_rmse-1.0958, valid_rmse-1.6287, valid_pr-0.1415
2024-09-25 16:34:01 - INFO - epoch-333, train_loss-1.2449, train_rmse-1.1158, valid_rmse-1.6259, valid_pr-0.1600
2024-09-25 16:34:04 - INFO - epoch-334, train_loss-0.6259, train_rmse-0.7911, valid_rmse-1.5735, valid_pr-0.2160
2024-09-25 16:34:07 - INFO - epoch-335, train_loss-1.1430, train_rmse-1.0691, valid_rmse-1.5706, valid_pr-0.2423
2024-09-25 16:34:10 - INFO - epoch-336, train_loss-0.7829, train_rmse-0.8848, valid_rmse-1.5524, valid_pr-0.2780
2024-09-25 16:34:12 - INFO - epoch-337, train_loss-0.6651, train_rmse-0.8155, valid_rmse-1.5194, valid_pr-0.3353
2024-09-25 16:34:15 - INFO - epoch-338, train_loss-1.4731, train_rmse-1.2137, valid_rmse-1.5091, valid_pr-0.3611
2024-09-25 16:34:18 - INFO - epoch-339, train_loss-1.2351, train_rmse-1.1113, valid_rmse-1.4747, valid_pr-0.3620
2024-09-25 16:34:21 - INFO - epoch-340, train_loss-0.7332, train_rmse-0.8563, valid_rmse-1.4701, valid_pr-0.3248
2024-09-25 16:34:24 - INFO - epoch-341, train_loss-1.2747, train_rmse-1.1290, valid_rmse-1.4867, valid_pr-0.2663
2024-09-25 16:34:27 - INFO - epoch-342, train_loss-0.7333, train_rmse-0.8563, valid_rmse-1.4798, valid_pr-0.2278
2024-09-25 16:34:30 - INFO - epoch-343, train_loss-0.7916, train_rmse-0.8897, valid_rmse-1.5183, valid_pr-0.1634
2024-09-25 16:34:33 - INFO - epoch-344, train_loss-0.5724, train_rmse-0.7566, valid_rmse-1.5393, valid_pr-0.1411
2024-09-25 16:34:36 - INFO - epoch-345, train_loss-0.6406, train_rmse-0.8004, valid_rmse-1.5538, valid_pr-0.1317
2024-09-25 16:34:39 - INFO - epoch-346, train_loss-0.8175, train_rmse-0.9042, valid_rmse-1.5797, valid_pr-0.1338
2024-09-25 16:34:42 - INFO - epoch-347, train_loss-1.4371, train_rmse-1.1988, valid_rmse-1.6016, valid_pr-0.1404
2024-09-25 16:34:45 - INFO - epoch-348, train_loss-0.7786, train_rmse-0.8824, valid_rmse-1.6313, valid_pr-0.1483
2024-09-25 16:34:48 - INFO - epoch-349, train_loss-0.9738, train_rmse-0.9868, valid_rmse-1.6782, valid_pr-0.1405
2024-09-25 16:34:51 - INFO - epoch-350, train_loss-0.7107, train_rmse-0.8430, valid_rmse-1.6760, valid_pr-0.1533
2024-09-25 16:34:54 - INFO - epoch-351, train_loss-0.8643, train_rmse-0.9297, valid_rmse-1.6604, valid_pr-0.1778
2024-09-25 16:34:57 - INFO - epoch-352, train_loss-1.1475, train_rmse-1.0712, valid_rmse-1.6494, valid_pr-0.2073
2024-09-25 16:35:00 - INFO - epoch-353, train_loss-0.7420, train_rmse-0.8614, valid_rmse-1.6686, valid_pr-0.1934
2024-09-25 16:35:03 - INFO - epoch-354, train_loss-1.2458, train_rmse-1.1162, valid_rmse-1.6791, valid_pr-0.1927
2024-09-25 16:35:06 - INFO - epoch-355, train_loss-1.3547, train_rmse-1.1639, valid_rmse-1.6412, valid_pr-0.2261
2024-09-25 16:35:09 - INFO - epoch-356, train_loss-1.2495, train_rmse-1.1178, valid_rmse-1.5765, valid_pr-0.3017
2024-09-25 16:35:09 - INFO - early stop in epoch 356
2024-09-25 16:35:09 - INFO - best_rmse: 1.0215
