2024-09-25 16:05:29 - INFO - finetuning_pdbbind.py
2024-09-25 16:05:29 - INFO - train data: 81
2024-09-25 16:05:29 - INFO - valid data: 10
2024-09-25 16:05:32 - INFO - epoch-0, train_loss-3.3109, train_rmse-1.8196, valid_rmse-1.9929, valid_pr--0.2100
2024-09-25 16:05:35 - INFO - epoch-1, train_loss-2.2069, train_rmse-1.4856, valid_rmse-1.9359, valid_pr--0.0740
2024-09-25 16:05:38 - INFO - epoch-2, train_loss-1.8167, train_rmse-1.3479, valid_rmse-1.9379, valid_pr--0.0620
2024-09-25 16:05:41 - INFO - epoch-3, train_loss-1.6252, train_rmse-1.2749, valid_rmse-1.9486, valid_pr--0.1032
2024-09-25 16:05:44 - INFO - epoch-4, train_loss-1.0260, train_rmse-1.0129, valid_rmse-1.9369, valid_pr--0.1158
2024-09-25 16:05:47 - INFO - epoch-5, train_loss-1.0590, train_rmse-1.0291, valid_rmse-1.9002, valid_pr--0.1167
2024-09-25 16:05:50 - INFO - epoch-6, train_loss-0.8906, train_rmse-0.9437, valid_rmse-1.8545, valid_pr--0.0831
2024-09-25 16:05:53 - INFO - epoch-7, train_loss-0.7857, train_rmse-0.8864, valid_rmse-1.8129, valid_pr--0.0515
2024-09-25 16:05:56 - INFO - epoch-8, train_loss-0.8192, train_rmse-0.9051, valid_rmse-1.7712, valid_pr--0.0339
2024-09-25 16:05:59 - INFO - epoch-9, train_loss-0.6255, train_rmse-0.7909, valid_rmse-1.7067, valid_pr-0.0332
2024-09-25 16:06:02 - INFO - epoch-10, train_loss-0.5987, train_rmse-0.7738, valid_rmse-1.6605, valid_pr-0.0614
2024-09-25 16:06:05 - INFO - epoch-11, train_loss-0.5887, train_rmse-0.7673, valid_rmse-1.6232, valid_pr-0.0965
2024-09-25 16:06:08 - INFO - epoch-12, train_loss-0.5077, train_rmse-0.7125, valid_rmse-1.6070, valid_pr-0.0861
2024-09-25 16:06:11 - INFO - epoch-13, train_loss-0.4533, train_rmse-0.6732, valid_rmse-1.5969, valid_pr-0.0484
2024-09-25 16:06:14 - INFO - epoch-14, train_loss-0.4439, train_rmse-0.6663, valid_rmse-1.5950, valid_pr-0.0170
2024-09-25 16:06:17 - INFO - epoch-15, train_loss-0.3752, train_rmse-0.6125, valid_rmse-1.5845, valid_pr-0.0142
2024-09-25 16:06:21 - INFO - epoch-16, train_loss-0.3840, train_rmse-0.6197, valid_rmse-1.5784, valid_pr-0.0200
2024-09-25 16:06:24 - INFO - epoch-17, train_loss-0.4051, train_rmse-0.6365, valid_rmse-1.5817, valid_pr-0.0147
2024-09-25 16:06:27 - INFO - epoch-18, train_loss-0.3127, train_rmse-0.5592, valid_rmse-1.5867, valid_pr-0.0004
2024-09-25 16:06:30 - INFO - epoch-19, train_loss-0.3042, train_rmse-0.5515, valid_rmse-1.5915, valid_pr--0.0177
2024-09-25 16:06:33 - INFO - epoch-20, train_loss-0.2883, train_rmse-0.5369, valid_rmse-1.6084, valid_pr--0.0543
2024-09-25 16:06:36 - INFO - epoch-21, train_loss-0.2407, train_rmse-0.4906, valid_rmse-1.6142, valid_pr--0.0636
2024-09-25 16:06:39 - INFO - epoch-22, train_loss-0.2740, train_rmse-0.5235, valid_rmse-1.6313, valid_pr--0.0959
2024-09-25 16:06:42 - INFO - epoch-23, train_loss-0.2452, train_rmse-0.4952, valid_rmse-1.6551, valid_pr--0.1549
2024-09-25 16:06:44 - INFO - epoch-24, train_loss-0.2143, train_rmse-0.4630, valid_rmse-1.6775, valid_pr--0.2012
2024-09-25 16:06:47 - INFO - epoch-25, train_loss-0.1947, train_rmse-0.4412, valid_rmse-1.6943, valid_pr--0.2406
2024-09-25 16:06:50 - INFO - epoch-26, train_loss-0.2034, train_rmse-0.4510, valid_rmse-1.6984, valid_pr--0.2499
2024-09-25 16:06:53 - INFO - epoch-27, train_loss-0.1991, train_rmse-0.4462, valid_rmse-1.7037, valid_pr--0.2662
2024-09-25 16:06:56 - INFO - epoch-28, train_loss-0.1548, train_rmse-0.3934, valid_rmse-1.7079, valid_pr--0.2796
2024-09-25 16:06:59 - INFO - epoch-29, train_loss-0.1462, train_rmse-0.3823, valid_rmse-1.7212, valid_pr--0.3069
2024-09-25 16:07:02 - INFO - epoch-30, train_loss-0.1522, train_rmse-0.3901, valid_rmse-1.7340, valid_pr--0.3309
2024-09-25 16:07:05 - INFO - epoch-31, train_loss-0.1484, train_rmse-0.3852, valid_rmse-1.7579, valid_pr--0.3653
2024-09-25 16:07:08 - INFO - epoch-32, train_loss-0.1555, train_rmse-0.3944, valid_rmse-1.7643, valid_pr--0.3684
2024-09-25 16:07:11 - INFO - epoch-33, train_loss-0.1440, train_rmse-0.3794, valid_rmse-1.7744, valid_pr--0.3759
2024-09-25 16:07:14 - INFO - epoch-34, train_loss-0.1435, train_rmse-0.3788, valid_rmse-1.7749, valid_pr--0.3729
2024-09-25 16:07:17 - INFO - epoch-35, train_loss-0.0969, train_rmse-0.3113, valid_rmse-1.7694, valid_pr--0.3534
2024-09-25 16:07:19 - INFO - epoch-36, train_loss-0.1191, train_rmse-0.3451, valid_rmse-1.7571, valid_pr--0.3328
2024-09-25 16:07:22 - INFO - epoch-37, train_loss-0.1068, train_rmse-0.3269, valid_rmse-1.7542, valid_pr--0.3141
2024-09-25 16:07:25 - INFO - epoch-38, train_loss-0.1386, train_rmse-0.3723, valid_rmse-1.7485, valid_pr--0.2962
2024-09-25 16:07:28 - INFO - epoch-39, train_loss-0.1661, train_rmse-0.4076, valid_rmse-1.7458, valid_pr--0.2811
2024-09-25 16:07:31 - INFO - epoch-40, train_loss-0.1265, train_rmse-0.3557, valid_rmse-1.7413, valid_pr--0.2607
2024-09-25 16:07:34 - INFO - epoch-41, train_loss-0.1125, train_rmse-0.3354, valid_rmse-1.7274, valid_pr--0.2322
2024-09-25 16:07:37 - INFO - epoch-42, train_loss-0.1033, train_rmse-0.3213, valid_rmse-1.7212, valid_pr--0.2198
2024-09-25 16:07:40 - INFO - epoch-43, train_loss-0.1239, train_rmse-0.3520, valid_rmse-1.7196, valid_pr--0.2170
2024-09-25 16:07:43 - INFO - epoch-44, train_loss-0.1326, train_rmse-0.3641, valid_rmse-1.7095, valid_pr--0.1981
2024-09-25 16:07:46 - INFO - epoch-45, train_loss-0.1150, train_rmse-0.3390, valid_rmse-1.7111, valid_pr--0.1946
2024-09-25 16:07:49 - INFO - epoch-46, train_loss-0.1081, train_rmse-0.3288, valid_rmse-1.7092, valid_pr--0.1903
2024-09-25 16:07:52 - INFO - epoch-47, train_loss-0.1231, train_rmse-0.3509, valid_rmse-1.7123, valid_pr--0.1920
2024-09-25 16:07:55 - INFO - epoch-48, train_loss-0.0881, train_rmse-0.2968, valid_rmse-1.7128, valid_pr--0.1817
2024-09-25 16:07:58 - INFO - epoch-49, train_loss-0.0793, train_rmse-0.2816, valid_rmse-1.7169, valid_pr--0.1867
2024-09-25 16:08:01 - INFO - epoch-50, train_loss-0.0960, train_rmse-0.3099, valid_rmse-1.7229, valid_pr--0.1924
2024-09-25 16:08:04 - INFO - epoch-51, train_loss-0.0852, train_rmse-0.2919, valid_rmse-1.7228, valid_pr--0.1782
2024-09-25 16:08:07 - INFO - epoch-52, train_loss-0.0674, train_rmse-0.2596, valid_rmse-1.7219, valid_pr--0.1717
2024-09-25 16:08:09 - INFO - epoch-53, train_loss-0.0617, train_rmse-0.2483, valid_rmse-1.7275, valid_pr--0.1777
2024-09-25 16:08:12 - INFO - epoch-54, train_loss-0.0666, train_rmse-0.2581, valid_rmse-1.7384, valid_pr--0.1882
2024-09-25 16:08:15 - INFO - epoch-55, train_loss-0.0533, train_rmse-0.2309, valid_rmse-1.7370, valid_pr--0.1893
2024-09-25 16:08:18 - INFO - epoch-56, train_loss-0.1157, train_rmse-0.3401, valid_rmse-1.7454, valid_pr--0.2074
2024-09-25 16:08:21 - INFO - epoch-57, train_loss-0.0888, train_rmse-0.2980, valid_rmse-1.7501, valid_pr--0.2113
2024-09-25 16:08:24 - INFO - epoch-58, train_loss-0.0679, train_rmse-0.2605, valid_rmse-1.7488, valid_pr--0.2091
2024-09-25 16:08:27 - INFO - epoch-59, train_loss-0.0806, train_rmse-0.2840, valid_rmse-1.7503, valid_pr--0.2171
2024-09-25 16:08:30 - INFO - epoch-60, train_loss-0.0769, train_rmse-0.2773, valid_rmse-1.7498, valid_pr--0.2196
2024-09-25 16:08:33 - INFO - epoch-61, train_loss-0.1222, train_rmse-0.3495, valid_rmse-1.7552, valid_pr--0.2259
2024-09-25 16:08:36 - INFO - epoch-62, train_loss-0.0557, train_rmse-0.2360, valid_rmse-1.7598, valid_pr--0.2357
2024-09-25 16:08:39 - INFO - epoch-63, train_loss-0.0535, train_rmse-0.2312, valid_rmse-1.7689, valid_pr--0.2455
2024-09-25 16:08:42 - INFO - epoch-64, train_loss-0.0604, train_rmse-0.2457, valid_rmse-1.7782, valid_pr--0.2619
2024-09-25 16:08:45 - INFO - epoch-65, train_loss-0.0561, train_rmse-0.2369, valid_rmse-1.7813, valid_pr--0.2699
2024-09-25 16:08:48 - INFO - epoch-66, train_loss-0.0875, train_rmse-0.2959, valid_rmse-1.7836, valid_pr--0.2707
2024-09-25 16:08:51 - INFO - epoch-67, train_loss-0.0598, train_rmse-0.2445, valid_rmse-1.7846, valid_pr--0.2707
2024-09-25 16:08:54 - INFO - epoch-68, train_loss-0.0804, train_rmse-0.2836, valid_rmse-1.7779, valid_pr--0.2669
2024-09-25 16:08:56 - INFO - epoch-69, train_loss-0.0820, train_rmse-0.2864, valid_rmse-1.7830, valid_pr--0.2761
2024-09-25 16:08:59 - INFO - epoch-70, train_loss-0.0719, train_rmse-0.2682, valid_rmse-1.7851, valid_pr--0.2756
2024-09-25 16:09:02 - INFO - epoch-71, train_loss-0.0590, train_rmse-0.2430, valid_rmse-1.7823, valid_pr--0.2772
2024-09-25 16:09:05 - INFO - epoch-72, train_loss-0.0815, train_rmse-0.2854, valid_rmse-1.7794, valid_pr--0.2763
2024-09-25 16:09:08 - INFO - epoch-73, train_loss-0.0798, train_rmse-0.2825, valid_rmse-1.7730, valid_pr--0.2729
2024-09-25 16:09:11 - INFO - epoch-74, train_loss-0.0681, train_rmse-0.2610, valid_rmse-1.7747, valid_pr--0.2648
2024-09-25 16:09:14 - INFO - epoch-75, train_loss-0.0453, train_rmse-0.2129, valid_rmse-1.7774, valid_pr--0.2640
2024-09-25 16:09:17 - INFO - epoch-76, train_loss-0.0537, train_rmse-0.2318, valid_rmse-1.7796, valid_pr--0.2649
2024-09-25 16:09:20 - INFO - epoch-77, train_loss-0.0501, train_rmse-0.2237, valid_rmse-1.7805, valid_pr--0.2568
2024-09-25 16:09:23 - INFO - epoch-78, train_loss-0.0671, train_rmse-0.2590, valid_rmse-1.7750, valid_pr--0.2402
2024-09-25 16:09:26 - INFO - epoch-79, train_loss-0.0731, train_rmse-0.2703, valid_rmse-1.7643, valid_pr--0.2266
2024-09-25 16:09:29 - INFO - epoch-80, train_loss-0.0619, train_rmse-0.2487, valid_rmse-1.7667, valid_pr--0.2257
2024-09-25 16:09:32 - INFO - epoch-81, train_loss-0.0592, train_rmse-0.2433, valid_rmse-1.7759, valid_pr--0.2308
2024-09-25 16:09:35 - INFO - epoch-82, train_loss-0.0523, train_rmse-0.2288, valid_rmse-1.7770, valid_pr--0.2272
2024-09-25 16:09:38 - INFO - epoch-83, train_loss-0.0403, train_rmse-0.2007, valid_rmse-1.7761, valid_pr--0.2239
2024-09-25 16:09:41 - INFO - epoch-84, train_loss-0.0693, train_rmse-0.2633, valid_rmse-1.7798, valid_pr--0.2215
2024-09-25 16:09:44 - INFO - epoch-85, train_loss-0.0591, train_rmse-0.2430, valid_rmse-1.7762, valid_pr--0.2101
2024-09-25 16:09:47 - INFO - epoch-86, train_loss-0.0526, train_rmse-0.2294, valid_rmse-1.7698, valid_pr--0.2018
2024-09-25 16:09:50 - INFO - epoch-87, train_loss-0.0713, train_rmse-0.2670, valid_rmse-1.7729, valid_pr--0.1995
2024-09-25 16:09:53 - INFO - epoch-88, train_loss-0.0644, train_rmse-0.2538, valid_rmse-1.7759, valid_pr--0.1996
2024-09-25 16:09:56 - INFO - epoch-89, train_loss-0.0588, train_rmse-0.2425, valid_rmse-1.7774, valid_pr--0.2028
2024-09-25 16:09:59 - INFO - epoch-90, train_loss-0.0555, train_rmse-0.2356, valid_rmse-1.7782, valid_pr--0.2081
2024-09-25 16:10:01 - INFO - epoch-91, train_loss-0.0665, train_rmse-0.2580, valid_rmse-1.7783, valid_pr--0.2121
2024-09-25 16:10:04 - INFO - epoch-92, train_loss-0.0460, train_rmse-0.2144, valid_rmse-1.7721, valid_pr--0.2101
2024-09-25 16:10:07 - INFO - epoch-93, train_loss-0.0646, train_rmse-0.2541, valid_rmse-1.7761, valid_pr--0.2136
2024-09-25 16:10:10 - INFO - epoch-94, train_loss-0.0719, train_rmse-0.2681, valid_rmse-1.7741, valid_pr--0.2128
2024-09-25 16:10:13 - INFO - epoch-95, train_loss-0.0444, train_rmse-0.2108, valid_rmse-1.7732, valid_pr--0.2113
2024-09-25 16:10:16 - INFO - epoch-96, train_loss-0.0405, train_rmse-0.2012, valid_rmse-1.7724, valid_pr--0.2068
2024-09-25 16:10:19 - INFO - epoch-97, train_loss-0.0611, train_rmse-0.2471, valid_rmse-1.7700, valid_pr--0.2028
2024-09-25 16:10:22 - INFO - epoch-98, train_loss-0.0650, train_rmse-0.2549, valid_rmse-1.7639, valid_pr--0.1909
2024-09-25 16:10:25 - INFO - epoch-99, train_loss-0.0501, train_rmse-0.2238, valid_rmse-1.7603, valid_pr--0.1927
2024-09-25 16:10:27 - INFO - epoch-100, train_loss-0.0594, train_rmse-0.2437, valid_rmse-1.7652, valid_pr--0.1904
2024-09-25 16:10:31 - INFO - epoch-101, train_loss-0.0366, train_rmse-0.1913, valid_rmse-1.7750, valid_pr--0.1966
2024-09-25 16:10:34 - INFO - epoch-102, train_loss-0.0387, train_rmse-0.1968, valid_rmse-1.7707, valid_pr--0.1899
2024-09-25 16:10:37 - INFO - epoch-103, train_loss-0.0455, train_rmse-0.2134, valid_rmse-1.7774, valid_pr--0.1930
2024-09-25 16:10:40 - INFO - epoch-104, train_loss-0.0582, train_rmse-0.2412, valid_rmse-1.7757, valid_pr--0.1913
2024-09-25 16:10:42 - INFO - epoch-105, train_loss-0.0498, train_rmse-0.2232, valid_rmse-1.7757, valid_pr--0.1888
2024-09-25 16:10:46 - INFO - epoch-106, train_loss-0.0547, train_rmse-0.2338, valid_rmse-1.7822, valid_pr--0.1886
2024-09-25 16:10:49 - INFO - epoch-107, train_loss-0.0497, train_rmse-0.2229, valid_rmse-1.7820, valid_pr--0.1812
2024-09-25 16:10:52 - INFO - epoch-108, train_loss-0.0624, train_rmse-0.2498, valid_rmse-1.7788, valid_pr--0.1846
2024-09-25 16:10:54 - INFO - epoch-109, train_loss-0.0549, train_rmse-0.2344, valid_rmse-1.7799, valid_pr--0.1840
2024-09-25 16:10:58 - INFO - epoch-110, train_loss-0.0452, train_rmse-0.2126, valid_rmse-1.7794, valid_pr--0.1881
2024-09-25 16:11:01 - INFO - epoch-111, train_loss-0.0518, train_rmse-0.2276, valid_rmse-1.7810, valid_pr--0.1963
2024-09-25 16:11:04 - INFO - epoch-112, train_loss-0.0575, train_rmse-0.2398, valid_rmse-1.7720, valid_pr--0.1901
2024-09-25 16:11:06 - INFO - epoch-113, train_loss-0.0502, train_rmse-0.2241, valid_rmse-1.7777, valid_pr--0.1935
2024-09-25 16:11:09 - INFO - epoch-114, train_loss-0.0505, train_rmse-0.2247, valid_rmse-1.7779, valid_pr--0.1982
2024-09-25 16:11:12 - INFO - epoch-115, train_loss-0.0438, train_rmse-0.2094, valid_rmse-1.7818, valid_pr--0.2090
2024-09-25 16:11:15 - INFO - epoch-116, train_loss-0.0439, train_rmse-0.2096, valid_rmse-1.7868, valid_pr--0.2095
2024-09-25 16:11:18 - INFO - epoch-117, train_loss-0.0515, train_rmse-0.2270, valid_rmse-1.7848, valid_pr--0.2074
2024-09-25 16:11:18 - INFO - early stop in epoch 117
2024-09-25 16:11:18 - INFO - best_rmse: 1.5784
