2024-10-07 17:05:40 - INFO - /blue/yanjun.li/tzutang.lin/GIGN/GIGN/train_pdbbind.py
2024-10-07 17:05:40 - INFO - train data: 81
2024-10-07 17:05:40 - INFO - valid data: 10
2024-10-07 17:06:42 - INFO - epoch-0, train_loss-37.4212, train_rmse-6.1173, valid_rmse-5.9669, valid_pr--0.4533
2024-10-07 17:06:51 - INFO - epoch-1, train_loss-36.6068, train_rmse-6.0504, valid_rmse-5.9519, valid_pr--0.4663
2024-10-07 17:06:59 - INFO - epoch-2, train_loss-36.4288, train_rmse-6.0356, valid_rmse-5.9057, valid_pr--0.4751
2024-10-07 17:07:09 - INFO - epoch-3, train_loss-36.0941, train_rmse-6.0078, valid_rmse-5.7950, valid_pr--0.2425
2024-10-07 17:07:17 - INFO - epoch-4, train_loss-36.1640, train_rmse-6.0137, valid_rmse-5.7547, valid_pr--0.2563
2024-10-07 17:07:26 - INFO - epoch-5, train_loss-35.9886, train_rmse-5.9991, valid_rmse-5.7535, valid_pr--0.8415
2024-10-07 17:07:33 - INFO - epoch-6, train_loss-35.7625, train_rmse-5.9802, valid_rmse-5.7803, valid_pr--0.3657
2024-10-07 17:07:40 - INFO - epoch-7, train_loss-35.5116, train_rmse-5.9592, valid_rmse-5.8196, valid_pr--0.3491
2024-10-07 17:07:49 - INFO - epoch-8, train_loss-35.3711, train_rmse-5.9474, valid_rmse-5.8510, valid_pr--0.3241
2024-10-07 17:07:57 - INFO - epoch-9, train_loss-35.2789, train_rmse-5.9396, valid_rmse-5.8813, valid_pr--0.3098
2024-10-07 17:08:06 - INFO - epoch-10, train_loss-35.3304, train_rmse-5.9439, valid_rmse-5.8957, valid_pr--0.2957
2024-10-07 17:08:14 - INFO - epoch-11, train_loss-35.2620, train_rmse-5.9382, valid_rmse-5.9282, valid_pr--0.2974
2024-10-07 17:08:23 - INFO - epoch-12, train_loss-35.1916, train_rmse-5.9322, valid_rmse-5.9929, valid_pr--0.3061
2024-10-07 17:08:30 - INFO - epoch-13, train_loss-34.9078, train_rmse-5.9083, valid_rmse-6.1162, valid_pr--0.3139
2024-10-07 17:08:39 - INFO - epoch-14, train_loss-34.9963, train_rmse-5.9158, valid_rmse-6.2755, valid_pr--0.3333
2024-10-07 17:08:47 - INFO - epoch-15, train_loss-34.8659, train_rmse-5.9047, valid_rmse-6.5179, valid_pr--0.3604
2024-10-07 17:08:55 - INFO - epoch-16, train_loss-34.7013, train_rmse-5.8908, valid_rmse-6.7340, valid_pr--0.3762
2024-10-07 17:09:03 - INFO - epoch-17, train_loss-34.6170, train_rmse-5.8836, valid_rmse-7.0518, valid_pr--0.3911
2024-10-07 17:09:11 - INFO - epoch-18, train_loss-34.5377, train_rmse-5.8769, valid_rmse-7.4052, valid_pr--0.4051
2024-10-07 17:09:19 - INFO - epoch-19, train_loss-34.4200, train_rmse-5.8669, valid_rmse-7.8041, valid_pr--0.4179
2024-10-07 17:09:27 - INFO - epoch-20, train_loss-34.4439, train_rmse-5.8689, valid_rmse-8.1602, valid_pr--0.4217
2024-10-07 17:09:36 - INFO - epoch-21, train_loss-34.5914, train_rmse-5.8814, valid_rmse-8.4708, valid_pr--0.4216
2024-10-07 17:09:46 - INFO - epoch-22, train_loss-34.4163, train_rmse-5.8665, valid_rmse-8.7003, valid_pr--0.4168
2024-10-07 17:09:55 - INFO - epoch-23, train_loss-34.1173, train_rmse-5.8410, valid_rmse-8.8959, valid_pr--0.4150
2024-10-07 17:10:03 - INFO - epoch-24, train_loss-34.2029, train_rmse-5.8483, valid_rmse-9.1685, valid_pr--0.4135
2024-10-07 17:10:11 - INFO - epoch-25, train_loss-34.1330, train_rmse-5.8423, valid_rmse-9.4298, valid_pr--0.4071
2024-10-07 17:10:18 - INFO - epoch-26, train_loss-33.9606, train_rmse-5.8276, valid_rmse-9.6443, valid_pr--0.4020
2024-10-07 17:10:26 - INFO - epoch-27, train_loss-33.8553, train_rmse-5.8185, valid_rmse-9.9333, valid_pr--0.4008
2024-10-07 17:10:33 - INFO - epoch-28, train_loss-33.7192, train_rmse-5.8068, valid_rmse-10.0519, valid_pr--0.3993
2024-10-07 17:10:40 - INFO - epoch-29, train_loss-33.7202, train_rmse-5.8069, valid_rmse-10.0239, valid_pr--0.3964
2024-10-07 17:10:46 - INFO - epoch-30, train_loss-33.6996, train_rmse-5.8051, valid_rmse-10.0003, valid_pr--0.3922
2024-10-07 17:10:53 - INFO - epoch-31, train_loss-33.6328, train_rmse-5.7994, valid_rmse-9.9183, valid_pr--0.3871
2024-10-07 17:11:01 - INFO - epoch-32, train_loss-33.6359, train_rmse-5.7996, valid_rmse-9.8734, valid_pr--0.3871
2024-10-07 17:11:09 - INFO - epoch-33, train_loss-33.4443, train_rmse-5.7831, valid_rmse-9.8076, valid_pr--0.3844
2024-10-07 17:11:18 - INFO - epoch-34, train_loss-33.3028, train_rmse-5.7709, valid_rmse-9.6764, valid_pr--0.3841
2024-10-07 17:11:27 - INFO - epoch-35, train_loss-33.2604, train_rmse-5.7672, valid_rmse-9.5923, valid_pr--0.3848
2024-10-07 17:11:36 - INFO - epoch-36, train_loss-33.2655, train_rmse-5.7676, valid_rmse-9.4224, valid_pr--0.3841
2024-10-07 17:11:43 - INFO - epoch-37, train_loss-33.1467, train_rmse-5.7573, valid_rmse-9.2513, valid_pr--0.3803
2024-10-07 17:11:50 - INFO - epoch-38, train_loss-33.0780, train_rmse-5.7513, valid_rmse-8.9898, valid_pr--0.3705
2024-10-07 17:11:59 - INFO - epoch-39, train_loss-32.8284, train_rmse-5.7296, valid_rmse-8.7768, valid_pr--0.3615
2024-10-07 17:12:07 - INFO - epoch-40, train_loss-32.8007, train_rmse-5.7272, valid_rmse-8.4810, valid_pr--0.3465
2024-10-07 17:12:16 - INFO - epoch-41, train_loss-32.7043, train_rmse-5.7188, valid_rmse-8.2123, valid_pr--0.3265
2024-10-07 17:12:25 - INFO - epoch-42, train_loss-32.6779, train_rmse-5.7165, valid_rmse-7.9581, valid_pr--0.3041
2024-10-07 17:12:34 - INFO - epoch-43, train_loss-32.6585, train_rmse-5.7148, valid_rmse-7.6962, valid_pr--0.2854
2024-10-07 17:12:43 - INFO - epoch-44, train_loss-32.4756, train_rmse-5.6987, valid_rmse-7.5732, valid_pr--0.2880
2024-10-07 17:12:52 - INFO - epoch-45, train_loss-32.3735, train_rmse-5.6898, valid_rmse-7.5287, valid_pr--0.2848
2024-10-07 17:13:00 - INFO - epoch-46, train_loss-32.3075, train_rmse-5.6840, valid_rmse-7.5458, valid_pr--0.2822
2024-10-07 17:13:08 - INFO - epoch-47, train_loss-32.2840, train_rmse-5.6819, valid_rmse-7.6464, valid_pr--0.2822
2024-10-07 17:13:15 - INFO - epoch-48, train_loss-32.0812, train_rmse-5.6640, valid_rmse-7.5159, valid_pr--0.2817
2024-10-07 17:13:23 - INFO - epoch-49, train_loss-32.0341, train_rmse-5.6599, valid_rmse-7.3097, valid_pr--0.2835
2024-10-07 17:13:31 - INFO - epoch-50, train_loss-31.9758, train_rmse-5.6547, valid_rmse-7.0546, valid_pr--0.2900
2024-10-07 17:13:37 - INFO - epoch-51, train_loss-31.8073, train_rmse-5.6398, valid_rmse-6.7480, valid_pr--0.3046
2024-10-07 17:13:45 - INFO - epoch-52, train_loss-31.8243, train_rmse-5.6413, valid_rmse-6.4630, valid_pr--0.3232
2024-10-07 17:13:53 - INFO - epoch-53, train_loss-31.6563, train_rmse-5.6264, valid_rmse-6.2725, valid_pr--0.3354
2024-10-07 17:14:01 - INFO - epoch-54, train_loss-31.5259, train_rmse-5.6148, valid_rmse-6.1002, valid_pr--0.2992
2024-10-07 17:14:09 - INFO - epoch-55, train_loss-31.3569, train_rmse-5.5997, valid_rmse-6.0482, valid_pr--0.2566
2024-10-07 17:14:17 - INFO - epoch-56, train_loss-31.3961, train_rmse-5.6032, valid_rmse-5.9846, valid_pr--0.2193
2024-10-07 17:14:25 - INFO - epoch-57, train_loss-31.2904, train_rmse-5.5938, valid_rmse-5.9593, valid_pr--0.2181
2024-10-07 17:14:33 - INFO - epoch-58, train_loss-31.1326, train_rmse-5.5797, valid_rmse-5.8512, valid_pr--0.2423
2024-10-07 17:14:41 - INFO - epoch-59, train_loss-30.9763, train_rmse-5.5656, valid_rmse-5.6938, valid_pr--0.2735
2024-10-07 17:14:49 - INFO - epoch-60, train_loss-30.9664, train_rmse-5.5647, valid_rmse-5.5247, valid_pr--0.2931
2024-10-07 17:14:57 - INFO - epoch-61, train_loss-30.7249, train_rmse-5.5430, valid_rmse-5.3975, valid_pr--0.1344
2024-10-07 17:15:06 - INFO - epoch-62, train_loss-30.6294, train_rmse-5.5344, valid_rmse-5.3322, valid_pr--0.0118
2024-10-07 17:15:13 - INFO - epoch-63, train_loss-30.4754, train_rmse-5.5205, valid_rmse-5.2333, valid_pr-0.1371
2024-10-07 17:15:22 - INFO - epoch-64, train_loss-30.4385, train_rmse-5.5171, valid_rmse-5.1515, valid_pr-0.2096
2024-10-07 17:15:32 - INFO - epoch-65, train_loss-30.2957, train_rmse-5.5042, valid_rmse-5.0665, valid_pr-0.3431
2024-10-07 17:15:40 - INFO - epoch-66, train_loss-30.1606, train_rmse-5.4919, valid_rmse-5.0022, valid_pr-0.5653
2024-10-07 17:15:49 - INFO - epoch-67, train_loss-30.0110, train_rmse-5.4782, valid_rmse-4.9385, valid_pr-0.6279
2024-10-07 17:15:57 - INFO - epoch-68, train_loss-29.9644, train_rmse-5.4740, valid_rmse-4.9101, valid_pr-0.6712
2024-10-07 17:16:04 - INFO - epoch-69, train_loss-29.7858, train_rmse-5.4576, valid_rmse-4.9190, valid_pr-0.7005
2024-10-07 17:16:12 - INFO - epoch-70, train_loss-29.5498, train_rmse-5.4360, valid_rmse-4.9771, valid_pr-0.7417
2024-10-07 17:16:21 - INFO - epoch-71, train_loss-29.4794, train_rmse-5.4295, valid_rmse-5.0852, valid_pr-0.7240
2024-10-07 17:16:28 - INFO - epoch-72, train_loss-29.3376, train_rmse-5.4164, valid_rmse-5.1976, valid_pr-0.7076
2024-10-07 17:16:36 - INFO - epoch-73, train_loss-29.3416, train_rmse-5.4168, valid_rmse-5.3058, valid_pr-0.6729
2024-10-07 17:16:44 - INFO - epoch-74, train_loss-29.1265, train_rmse-5.3969, valid_rmse-5.2606, valid_pr-0.6435
2024-10-07 17:16:54 - INFO - epoch-75, train_loss-28.8213, train_rmse-5.3685, valid_rmse-5.2306, valid_pr-0.6917
2024-10-07 17:17:02 - INFO - epoch-76, train_loss-28.6448, train_rmse-5.3521, valid_rmse-5.1347, valid_pr-0.6895
2024-10-07 17:17:11 - INFO - epoch-77, train_loss-28.5697, train_rmse-5.3451, valid_rmse-4.9939, valid_pr-0.6605
2024-10-07 17:17:20 - INFO - epoch-78, train_loss-28.5407, train_rmse-5.3423, valid_rmse-4.8147, valid_pr-0.6536
2024-10-07 17:17:28 - INFO - epoch-79, train_loss-28.2827, train_rmse-5.3182, valid_rmse-4.6264, valid_pr-0.6698
2024-10-07 17:17:37 - INFO - epoch-80, train_loss-28.0843, train_rmse-5.2995, valid_rmse-4.5218, valid_pr-0.6527
2024-10-07 17:17:44 - INFO - epoch-81, train_loss-27.9247, train_rmse-5.2844, valid_rmse-4.4668, valid_pr-0.6257
2024-10-07 17:17:53 - INFO - epoch-82, train_loss-27.8374, train_rmse-5.2761, valid_rmse-4.4842, valid_pr-0.6003
2024-10-07 17:18:01 - INFO - epoch-83, train_loss-27.4755, train_rmse-5.2417, valid_rmse-4.5532, valid_pr-0.5973
2024-10-07 17:18:09 - INFO - epoch-84, train_loss-27.5381, train_rmse-5.2477, valid_rmse-4.5675, valid_pr-0.6553
2024-10-07 17:18:18 - INFO - epoch-85, train_loss-27.2271, train_rmse-5.2180, valid_rmse-4.5968, valid_pr-0.7368
2024-10-07 17:18:27 - INFO - epoch-86, train_loss-26.9797, train_rmse-5.1942, valid_rmse-4.6256, valid_pr-0.8376
2024-10-07 17:18:36 - INFO - epoch-87, train_loss-27.0175, train_rmse-5.1978, valid_rmse-4.6190, valid_pr-0.8212
2024-10-07 17:18:44 - INFO - epoch-88, train_loss-26.6843, train_rmse-5.1657, valid_rmse-4.5879, valid_pr-0.7346
2024-10-07 17:18:53 - INFO - epoch-89, train_loss-26.5982, train_rmse-5.1573, valid_rmse-4.5714, valid_pr-0.6002
2024-10-07 17:19:00 - INFO - epoch-90, train_loss-26.3672, train_rmse-5.1349, valid_rmse-4.5318, valid_pr-0.6185
2024-10-07 17:19:08 - INFO - epoch-91, train_loss-26.1234, train_rmse-5.1111, valid_rmse-4.4922, valid_pr-0.6432
2024-10-07 17:19:16 - INFO - epoch-92, train_loss-25.8965, train_rmse-5.0889, valid_rmse-4.4205, valid_pr-0.7436
2024-10-07 17:19:23 - INFO - epoch-93, train_loss-25.8001, train_rmse-5.0794, valid_rmse-4.4084, valid_pr-0.7243
2024-10-07 17:19:30 - INFO - epoch-94, train_loss-25.4872, train_rmse-5.0485, valid_rmse-4.4025, valid_pr-0.6516
2024-10-07 17:19:39 - INFO - epoch-95, train_loss-25.2926, train_rmse-5.0292, valid_rmse-4.3890, valid_pr-0.5472
2024-10-07 17:19:49 - INFO - epoch-96, train_loss-25.1936, train_rmse-5.0193, valid_rmse-4.4242, valid_pr-0.4751
2024-10-07 17:19:58 - INFO - epoch-97, train_loss-25.0661, train_rmse-5.0066, valid_rmse-4.4855, valid_pr-0.4018
2024-10-07 17:20:06 - INFO - epoch-98, train_loss-24.7219, train_rmse-4.9721, valid_rmse-4.5118, valid_pr-0.3970
2024-10-07 17:20:14 - INFO - epoch-99, train_loss-24.5354, train_rmse-4.9533, valid_rmse-4.5140, valid_pr-0.4627
2024-10-07 17:20:22 - INFO - epoch-100, train_loss-24.4308, train_rmse-4.9428, valid_rmse-4.4854, valid_pr-0.5129
2024-10-07 17:20:29 - INFO - epoch-101, train_loss-24.2659, train_rmse-4.9260, valid_rmse-4.4330, valid_pr-0.4920
2024-10-07 17:20:37 - INFO - epoch-102, train_loss-24.0864, train_rmse-4.9078, valid_rmse-4.3456, valid_pr-0.4447
2024-10-07 17:20:45 - INFO - epoch-103, train_loss-23.8063, train_rmse-4.8792, valid_rmse-4.2524, valid_pr-0.4138
2024-10-07 17:20:53 - INFO - epoch-104, train_loss-23.5527, train_rmse-4.8531, valid_rmse-4.1292, valid_pr-0.4211
2024-10-07 17:21:02 - INFO - epoch-105, train_loss-23.2610, train_rmse-4.8230, valid_rmse-4.0104, valid_pr-0.4371
2024-10-07 17:21:11 - INFO - epoch-106, train_loss-23.1362, train_rmse-4.8100, valid_rmse-3.9342, valid_pr-0.4686
2024-10-07 17:21:21 - INFO - epoch-107, train_loss-23.0734, train_rmse-4.8035, valid_rmse-3.9353, valid_pr-0.5062
2024-10-07 17:21:29 - INFO - epoch-108, train_loss-22.7324, train_rmse-4.7679, valid_rmse-3.9684, valid_pr-0.6122
2024-10-07 17:21:37 - INFO - epoch-109, train_loss-22.7003, train_rmse-4.7645, valid_rmse-3.9454, valid_pr-0.6603
2024-10-07 17:21:45 - INFO - epoch-110, train_loss-22.2849, train_rmse-4.7207, valid_rmse-3.8894, valid_pr-0.7447
2024-10-07 17:21:53 - INFO - epoch-111, train_loss-22.1917, train_rmse-4.7108, valid_rmse-3.8270, valid_pr-0.7687
2024-10-07 17:22:02 - INFO - epoch-112, train_loss-21.8361, train_rmse-4.6729, valid_rmse-3.8260, valid_pr-0.7690
2024-10-07 17:22:10 - INFO - epoch-113, train_loss-21.8716, train_rmse-4.6767, valid_rmse-3.8374, valid_pr-0.7748
2024-10-07 17:22:17 - INFO - epoch-114, train_loss-21.3817, train_rmse-4.6240, valid_rmse-3.9335, valid_pr-0.7568
2024-10-07 17:22:26 - INFO - epoch-115, train_loss-21.3500, train_rmse-4.6206, valid_rmse-3.9415, valid_pr-0.8064
2024-10-07 17:22:35 - INFO - epoch-116, train_loss-20.9120, train_rmse-4.5730, valid_rmse-4.0465, valid_pr-0.8582
2024-10-07 17:22:43 - INFO - epoch-117, train_loss-20.7219, train_rmse-4.5521, valid_rmse-4.1926, valid_pr-0.7499
2024-10-07 17:22:52 - INFO - epoch-118, train_loss-20.7431, train_rmse-4.5545, valid_rmse-4.1980, valid_pr-0.6601
2024-10-07 17:23:00 - INFO - epoch-119, train_loss-20.3346, train_rmse-4.5094, valid_rmse-4.1121, valid_pr-0.6452
2024-10-07 17:23:08 - INFO - epoch-120, train_loss-20.0950, train_rmse-4.4827, valid_rmse-4.0232, valid_pr-0.6953
2024-10-07 17:23:17 - INFO - epoch-121, train_loss-20.1480, train_rmse-4.4886, valid_rmse-3.9309, valid_pr-0.6851
2024-10-07 17:23:25 - INFO - epoch-122, train_loss-19.6319, train_rmse-4.4308, valid_rmse-3.9603, valid_pr-0.7013
2024-10-07 17:23:33 - INFO - epoch-123, train_loss-19.5090, train_rmse-4.4169, valid_rmse-4.0332, valid_pr-0.7175
2024-10-07 17:23:41 - INFO - epoch-124, train_loss-19.1784, train_rmse-4.3793, valid_rmse-4.1355, valid_pr-0.6835
2024-10-07 17:23:48 - INFO - epoch-125, train_loss-18.9222, train_rmse-4.3500, valid_rmse-4.2226, valid_pr-0.6094
2024-10-07 17:23:56 - INFO - epoch-126, train_loss-18.7113, train_rmse-4.3257, valid_rmse-4.2265, valid_pr-0.5701
2024-10-07 17:24:05 - INFO - epoch-127, train_loss-18.5115, train_rmse-4.3025, valid_rmse-4.2845, valid_pr-0.5451
2024-10-07 17:24:13 - INFO - epoch-128, train_loss-18.2587, train_rmse-4.2730, valid_rmse-4.2861, valid_pr-0.6278
2024-10-07 17:24:21 - INFO - epoch-129, train_loss-18.0077, train_rmse-4.2435, valid_rmse-4.3333, valid_pr-0.7078
2024-10-07 17:24:29 - INFO - epoch-130, train_loss-17.6747, train_rmse-4.2041, valid_rmse-4.2884, valid_pr-0.8122
2024-10-07 17:24:37 - INFO - epoch-131, train_loss-17.5981, train_rmse-4.1950, valid_rmse-4.2210, valid_pr-0.8468
2024-10-07 17:24:45 - INFO - epoch-132, train_loss-17.5976, train_rmse-4.1950, valid_rmse-4.1719, valid_pr-0.6740
2024-10-07 17:24:52 - INFO - epoch-133, train_loss-17.1480, train_rmse-4.1410, valid_rmse-4.1843, valid_pr-0.4365
2024-10-07 17:24:59 - INFO - epoch-134, train_loss-17.1983, train_rmse-4.1471, valid_rmse-4.2246, valid_pr-0.3028
2024-10-07 17:25:08 - INFO - epoch-135, train_loss-16.9866, train_rmse-4.1215, valid_rmse-4.2171, valid_pr-0.3200
2024-10-07 17:25:18 - INFO - epoch-136, train_loss-16.3500, train_rmse-4.0435, valid_rmse-4.1690, valid_pr-0.4315
2024-10-07 17:25:26 - INFO - epoch-137, train_loss-16.2031, train_rmse-4.0253, valid_rmse-4.2090, valid_pr-0.4700
2024-10-07 17:25:36 - INFO - epoch-138, train_loss-15.9034, train_rmse-3.9879, valid_rmse-4.3073, valid_pr-0.5531
2024-10-07 17:25:44 - INFO - epoch-139, train_loss-15.8839, train_rmse-3.9855, valid_rmse-4.3219, valid_pr-0.6386
2024-10-07 17:25:51 - INFO - epoch-140, train_loss-15.7160, train_rmse-3.9643, valid_rmse-4.2170, valid_pr-0.5634
2024-10-07 17:26:00 - INFO - epoch-141, train_loss-15.4332, train_rmse-3.9285, valid_rmse-4.0566, valid_pr-0.4985
2024-10-07 17:26:07 - INFO - epoch-142, train_loss-14.8369, train_rmse-3.8519, valid_rmse-3.9140, valid_pr-0.4618
2024-10-07 17:26:14 - INFO - epoch-143, train_loss-15.0871, train_rmse-3.8842, valid_rmse-3.7266, valid_pr-0.4014
2024-10-07 17:26:23 - INFO - epoch-144, train_loss-14.8363, train_rmse-3.8518, valid_rmse-3.5182, valid_pr-0.4602
2024-10-07 17:26:30 - INFO - epoch-145, train_loss-14.8422, train_rmse-3.8526, valid_rmse-3.3415, valid_pr-0.5509
2024-10-07 17:26:39 - INFO - epoch-146, train_loss-14.0804, train_rmse-3.7524, valid_rmse-3.2687, valid_pr-0.5581
2024-10-07 17:26:47 - INFO - epoch-147, train_loss-14.0042, train_rmse-3.7422, valid_rmse-3.2125, valid_pr-0.5950
2024-10-07 17:26:56 - INFO - epoch-148, train_loss-13.9719, train_rmse-3.7379, valid_rmse-3.2021, valid_pr-0.5869
2024-10-07 17:27:05 - INFO - epoch-149, train_loss-13.6695, train_rmse-3.6972, valid_rmse-3.2300, valid_pr-0.5244
2024-10-07 17:27:13 - INFO - epoch-150, train_loss-13.1438, train_rmse-3.6254, valid_rmse-3.2938, valid_pr-0.4230
2024-10-07 17:27:23 - INFO - epoch-151, train_loss-13.0649, train_rmse-3.6145, valid_rmse-3.3381, valid_pr-0.3654
2024-10-07 17:27:30 - INFO - epoch-152, train_loss-13.1241, train_rmse-3.6227, valid_rmse-3.2983, valid_pr-0.3677
2024-10-07 17:27:39 - INFO - epoch-153, train_loss-12.7164, train_rmse-3.5660, valid_rmse-3.2463, valid_pr-0.4026
2024-10-07 17:27:47 - INFO - epoch-154, train_loss-12.6360, train_rmse-3.5547, valid_rmse-3.1820, valid_pr-0.4023
2024-10-07 17:27:55 - INFO - epoch-155, train_loss-12.2679, train_rmse-3.5026, valid_rmse-3.0636, valid_pr-0.4832
2024-10-07 17:28:04 - INFO - epoch-156, train_loss-11.8421, train_rmse-3.4412, valid_rmse-3.0315, valid_pr-0.4186
2024-10-07 17:28:12 - INFO - epoch-157, train_loss-11.7654, train_rmse-3.4301, valid_rmse-3.0069, valid_pr-0.4282
2024-10-07 17:28:22 - INFO - epoch-158, train_loss-11.6173, train_rmse-3.4084, valid_rmse-2.9814, valid_pr-0.4656
2024-10-07 17:28:32 - INFO - epoch-159, train_loss-11.4538, train_rmse-3.3843, valid_rmse-2.9736, valid_pr-0.5482
2024-10-07 17:28:40 - INFO - epoch-160, train_loss-11.2137, train_rmse-3.3487, valid_rmse-2.9532, valid_pr-0.7067
2024-10-07 17:28:48 - INFO - epoch-161, train_loss-11.0147, train_rmse-3.3188, valid_rmse-2.9962, valid_pr-0.8146
2024-10-07 17:28:56 - INFO - epoch-162, train_loss-10.8934, train_rmse-3.3005, valid_rmse-2.9754, valid_pr-0.8198
2024-10-07 17:29:05 - INFO - epoch-163, train_loss-10.5940, train_rmse-3.2548, valid_rmse-2.8140, valid_pr-0.8502
2024-10-07 17:29:12 - INFO - epoch-164, train_loss-10.6315, train_rmse-3.2606, valid_rmse-2.6229, valid_pr-0.8459
2024-10-07 17:29:20 - INFO - epoch-165, train_loss-10.1463, train_rmse-3.1853, valid_rmse-2.4593, valid_pr-0.8024
2024-10-07 17:29:29 - INFO - epoch-166, train_loss-10.3539, train_rmse-3.2177, valid_rmse-2.3898, valid_pr-0.7737
2024-10-07 17:29:36 - INFO - epoch-167, train_loss-9.6705, train_rmse-3.1097, valid_rmse-2.3848, valid_pr-0.7534
2024-10-07 17:29:45 - INFO - epoch-168, train_loss-9.6367, train_rmse-3.1043, valid_rmse-2.3713, valid_pr-0.7665
2024-10-07 17:29:55 - INFO - epoch-169, train_loss-9.4293, train_rmse-3.0707, valid_rmse-2.3352, valid_pr-0.7964
2024-10-07 17:30:04 - INFO - epoch-170, train_loss-9.3348, train_rmse-3.0553, valid_rmse-2.3175, valid_pr-0.7540
2024-10-07 17:30:11 - INFO - epoch-171, train_loss-9.0569, train_rmse-3.0095, valid_rmse-2.3116, valid_pr-0.6385
2024-10-07 17:30:19 - INFO - epoch-172, train_loss-8.9233, train_rmse-2.9872, valid_rmse-2.2632, valid_pr-0.5635
2024-10-07 17:30:28 - INFO - epoch-173, train_loss-8.9691, train_rmse-2.9948, valid_rmse-2.2078, valid_pr-0.5420
2024-10-07 17:30:36 - INFO - epoch-174, train_loss-8.3879, train_rmse-2.8962, valid_rmse-2.0777, valid_pr-0.6565
2024-10-07 17:30:43 - INFO - epoch-175, train_loss-8.2068, train_rmse-2.8647, valid_rmse-1.9329, valid_pr-0.7288
2024-10-07 17:30:51 - INFO - epoch-176, train_loss-8.0131, train_rmse-2.8307, valid_rmse-1.7719, valid_pr-0.7503
2024-10-07 17:30:58 - INFO - epoch-177, train_loss-8.0078, train_rmse-2.8298, valid_rmse-1.6666, valid_pr-0.7438
2024-10-07 17:31:08 - INFO - epoch-178, train_loss-7.9840, train_rmse-2.8256, valid_rmse-1.6059, valid_pr-0.7520
2024-10-07 17:31:17 - INFO - epoch-179, train_loss-7.7764, train_rmse-2.7886, valid_rmse-1.6213, valid_pr-0.7688
2024-10-07 17:31:25 - INFO - epoch-180, train_loss-7.6526, train_rmse-2.7663, valid_rmse-1.6789, valid_pr-0.7585
2024-10-07 17:31:33 - INFO - epoch-181, train_loss-7.3493, train_rmse-2.7110, valid_rmse-1.7616, valid_pr-0.6778
2024-10-07 17:31:41 - INFO - epoch-182, train_loss-7.0883, train_rmse-2.6624, valid_rmse-1.8596, valid_pr-0.6403
2024-10-07 17:31:49 - INFO - epoch-183, train_loss-6.8179, train_rmse-2.6111, valid_rmse-1.8667, valid_pr-0.6381
2024-10-07 17:31:57 - INFO - epoch-184, train_loss-6.9961, train_rmse-2.6450, valid_rmse-1.8391, valid_pr-0.6593
2024-10-07 17:32:05 - INFO - epoch-185, train_loss-6.7457, train_rmse-2.5972, valid_rmse-1.8213, valid_pr-0.6827
2024-10-07 17:32:12 - INFO - epoch-186, train_loss-6.8248, train_rmse-2.6124, valid_rmse-1.7673, valid_pr-0.7110
2024-10-07 17:32:20 - INFO - epoch-187, train_loss-6.5390, train_rmse-2.5571, valid_rmse-1.7321, valid_pr-0.7422
2024-10-07 17:32:29 - INFO - epoch-188, train_loss-6.3081, train_rmse-2.5116, valid_rmse-1.7452, valid_pr-0.7962
2024-10-07 17:32:39 - INFO - epoch-189, train_loss-6.2292, train_rmse-2.4958, valid_rmse-1.7577, valid_pr-0.8133
2024-10-07 17:32:48 - INFO - epoch-190, train_loss-6.0391, train_rmse-2.4575, valid_rmse-1.8049, valid_pr-0.7727
2024-10-07 17:32:57 - INFO - epoch-191, train_loss-5.7922, train_rmse-2.4067, valid_rmse-1.8113, valid_pr-0.6563
2024-10-07 17:33:04 - INFO - epoch-192, train_loss-6.0080, train_rmse-2.4511, valid_rmse-1.7530, valid_pr-0.5601
2024-10-07 17:33:12 - INFO - epoch-193, train_loss-5.4021, train_rmse-2.3242, valid_rmse-1.7405, valid_pr-0.4239
2024-10-07 17:33:20 - INFO - epoch-194, train_loss-5.6045, train_rmse-2.3674, valid_rmse-1.7512, valid_pr-0.3377
2024-10-07 17:33:27 - INFO - epoch-195, train_loss-5.5067, train_rmse-2.3466, valid_rmse-1.6867, valid_pr-0.3746
2024-10-07 17:33:35 - INFO - epoch-196, train_loss-4.9075, train_rmse-2.2153, valid_rmse-1.5479, valid_pr-0.5293
2024-10-07 17:33:43 - INFO - epoch-197, train_loss-4.8075, train_rmse-2.1926, valid_rmse-1.3895, valid_pr-0.7187
2024-10-07 17:33:51 - INFO - epoch-198, train_loss-4.8648, train_rmse-2.2056, valid_rmse-1.2737, valid_pr-0.8536
2024-10-07 17:34:00 - INFO - epoch-199, train_loss-4.8015, train_rmse-2.1912, valid_rmse-1.2496, valid_pr-0.8843
2024-10-07 17:34:08 - INFO - epoch-200, train_loss-5.0106, train_rmse-2.2384, valid_rmse-1.3170, valid_pr-0.8807
2024-10-07 17:34:16 - INFO - epoch-201, train_loss-4.4913, train_rmse-2.1193, valid_rmse-1.4004, valid_pr-0.8727
2024-10-07 17:34:25 - INFO - epoch-202, train_loss-4.5499, train_rmse-2.1331, valid_rmse-1.4978, valid_pr-0.8629
2024-10-07 17:34:33 - INFO - epoch-203, train_loss-4.5352, train_rmse-2.1296, valid_rmse-1.7048, valid_pr-0.7957
2024-10-07 17:34:41 - INFO - epoch-204, train_loss-4.3155, train_rmse-2.0774, valid_rmse-1.8516, valid_pr-0.6881
2024-10-07 17:34:49 - INFO - epoch-205, train_loss-4.4434, train_rmse-2.1079, valid_rmse-1.9261, valid_pr-0.5567
2024-10-07 17:34:57 - INFO - epoch-206, train_loss-4.0115, train_rmse-2.0029, valid_rmse-1.9656, valid_pr-0.4472
2024-10-07 17:35:04 - INFO - epoch-207, train_loss-3.8890, train_rmse-1.9721, valid_rmse-2.0075, valid_pr-0.3808
2024-10-07 17:35:13 - INFO - epoch-208, train_loss-3.8865, train_rmse-1.9714, valid_rmse-2.0205, valid_pr-0.3325
2024-10-07 17:35:23 - INFO - epoch-209, train_loss-3.5482, train_rmse-1.8837, valid_rmse-2.0468, valid_pr-0.2402
2024-10-07 17:35:31 - INFO - epoch-210, train_loss-3.6435, train_rmse-1.9088, valid_rmse-2.0654, valid_pr-0.1648
2024-10-07 17:35:40 - INFO - epoch-211, train_loss-3.4650, train_rmse-1.8615, valid_rmse-2.0548, valid_pr-0.0990
2024-10-07 17:35:49 - INFO - epoch-212, train_loss-3.3953, train_rmse-1.8426, valid_rmse-2.0521, valid_pr-0.0668
2024-10-07 17:35:57 - INFO - epoch-213, train_loss-3.8176, train_rmse-1.9539, valid_rmse-2.0584, valid_pr-0.0617
2024-10-07 17:36:05 - INFO - epoch-214, train_loss-3.6649, train_rmse-1.9144, valid_rmse-2.0570, valid_pr-0.0635
2024-10-07 17:36:12 - INFO - epoch-215, train_loss-3.2020, train_rmse-1.7894, valid_rmse-2.0484, valid_pr-0.0384
2024-10-07 17:36:20 - INFO - epoch-216, train_loss-3.3104, train_rmse-1.8195, valid_rmse-2.0134, valid_pr-0.0445
2024-10-07 17:36:27 - INFO - epoch-217, train_loss-3.3067, train_rmse-1.8184, valid_rmse-1.9152, valid_pr-0.1102
2024-10-07 17:36:36 - INFO - epoch-218, train_loss-3.5602, train_rmse-1.8868, valid_rmse-1.8102, valid_pr-0.1672
2024-10-07 17:36:44 - INFO - epoch-219, train_loss-3.0642, train_rmse-1.7505, valid_rmse-1.6999, valid_pr-0.2112
2024-10-07 17:36:53 - INFO - epoch-220, train_loss-2.8742, train_rmse-1.6953, valid_rmse-1.5872, valid_pr-0.2961
2024-10-07 17:37:02 - INFO - epoch-221, train_loss-2.9551, train_rmse-1.7191, valid_rmse-1.5217, valid_pr-0.3507
2024-10-07 17:37:10 - INFO - epoch-222, train_loss-2.9673, train_rmse-1.7226, valid_rmse-1.4650, valid_pr-0.4278
2024-10-07 17:37:18 - INFO - epoch-223, train_loss-2.9966, train_rmse-1.7311, valid_rmse-1.4654, valid_pr-0.5430
2024-10-07 17:37:27 - INFO - epoch-224, train_loss-2.6212, train_rmse-1.6190, valid_rmse-1.5335, valid_pr-0.5719
2024-10-07 17:37:35 - INFO - epoch-225, train_loss-2.8086, train_rmse-1.6759, valid_rmse-1.6437, valid_pr-0.4578
2024-10-07 17:37:42 - INFO - epoch-226, train_loss-2.5284, train_rmse-1.5901, valid_rmse-1.6663, valid_pr-0.4505
2024-10-07 17:37:51 - INFO - epoch-227, train_loss-2.6852, train_rmse-1.6387, valid_rmse-1.6458, valid_pr-0.4910
2024-10-07 17:37:59 - INFO - epoch-228, train_loss-2.9883, train_rmse-1.7287, valid_rmse-1.5830, valid_pr-0.5707
2024-10-07 17:38:08 - INFO - epoch-229, train_loss-2.4104, train_rmse-1.5526, valid_rmse-1.5646, valid_pr-0.5382
2024-10-07 17:38:16 - INFO - epoch-230, train_loss-2.2111, train_rmse-1.4870, valid_rmse-1.5193, valid_pr-0.5240
2024-10-07 17:38:24 - INFO - epoch-231, train_loss-2.1348, train_rmse-1.4611, valid_rmse-1.5114, valid_pr-0.4841
2024-10-07 17:38:32 - INFO - epoch-232, train_loss-2.2420, train_rmse-1.4973, valid_rmse-1.6222, valid_pr-0.3469
2024-10-07 17:38:42 - INFO - epoch-233, train_loss-2.0217, train_rmse-1.4219, valid_rmse-1.6974, valid_pr-0.2536
2024-10-07 17:38:51 - INFO - epoch-234, train_loss-2.2790, train_rmse-1.5096, valid_rmse-1.7470, valid_pr-0.1906
2024-10-07 17:38:59 - INFO - epoch-235, train_loss-2.1394, train_rmse-1.4627, valid_rmse-1.7637, valid_pr-0.1793
2024-10-07 17:39:07 - INFO - epoch-236, train_loss-1.9827, train_rmse-1.4081, valid_rmse-1.7395, valid_pr-0.1963
2024-10-07 17:39:15 - INFO - epoch-237, train_loss-2.0329, train_rmse-1.4258, valid_rmse-1.7285, valid_pr-0.1850
2024-10-07 17:39:22 - INFO - epoch-238, train_loss-2.1083, train_rmse-1.4520, valid_rmse-1.6968, valid_pr-0.2039
2024-10-07 17:39:30 - INFO - epoch-239, train_loss-2.1111, train_rmse-1.4530, valid_rmse-1.6253, valid_pr-0.2640
2024-10-07 17:39:38 - INFO - epoch-240, train_loss-1.6417, train_rmse-1.2813, valid_rmse-1.5328, valid_pr-0.3337
2024-10-07 17:39:48 - INFO - epoch-241, train_loss-1.8512, train_rmse-1.3606, valid_rmse-1.4655, valid_pr-0.3782
2024-10-07 17:39:58 - INFO - epoch-242, train_loss-2.2944, train_rmse-1.5147, valid_rmse-1.4369, valid_pr-0.3857
2024-10-07 17:40:05 - INFO - epoch-243, train_loss-1.6386, train_rmse-1.2801, valid_rmse-1.4072, valid_pr-0.3990
2024-10-07 17:40:14 - INFO - epoch-244, train_loss-1.6558, train_rmse-1.2868, valid_rmse-1.4108, valid_pr-0.3873
2024-10-07 17:40:21 - INFO - epoch-245, train_loss-1.5170, train_rmse-1.2316, valid_rmse-1.4285, valid_pr-0.3631
2024-10-07 17:40:29 - INFO - epoch-246, train_loss-1.7192, train_rmse-1.3112, valid_rmse-1.4417, valid_pr-0.3462
2024-10-07 17:40:36 - INFO - epoch-247, train_loss-2.1960, train_rmse-1.4819, valid_rmse-1.3617, valid_pr-0.4179
2024-10-07 17:40:44 - INFO - epoch-248, train_loss-1.5404, train_rmse-1.2411, valid_rmse-1.2677, valid_pr-0.5170
2024-10-07 17:40:51 - INFO - epoch-249, train_loss-1.5956, train_rmse-1.2632, valid_rmse-1.2253, valid_pr-0.5668
2024-10-07 17:40:58 - INFO - epoch-250, train_loss-1.5301, train_rmse-1.2370, valid_rmse-1.2089, valid_pr-0.5967
2024-10-07 17:41:08 - INFO - epoch-251, train_loss-1.2782, train_rmse-1.1306, valid_rmse-1.2047, valid_pr-0.6243
2024-10-07 17:41:17 - INFO - epoch-252, train_loss-1.4541, train_rmse-1.2059, valid_rmse-1.2081, valid_pr-0.6568
2024-10-07 17:41:27 - INFO - epoch-253, train_loss-1.4195, train_rmse-1.1914, valid_rmse-1.2119, valid_pr-0.6562
2024-10-07 17:41:35 - INFO - epoch-254, train_loss-1.4251, train_rmse-1.1938, valid_rmse-1.2501, valid_pr-0.6157
2024-10-07 17:41:44 - INFO - epoch-255, train_loss-1.7084, train_rmse-1.3070, valid_rmse-1.2511, valid_pr-0.6483
2024-10-07 17:41:55 - INFO - epoch-256, train_loss-1.3063, train_rmse-1.1429, valid_rmse-1.2491, valid_pr-0.7033
2024-10-07 17:42:03 - INFO - epoch-257, train_loss-1.2389, train_rmse-1.1131, valid_rmse-1.2589, valid_pr-0.7373
2024-10-07 17:42:11 - INFO - epoch-258, train_loss-1.3647, train_rmse-1.1682, valid_rmse-1.2458, valid_pr-0.7462
2024-10-07 17:42:18 - INFO - epoch-259, train_loss-1.2002, train_rmse-1.0955, valid_rmse-1.2475, valid_pr-0.7325
2024-10-07 17:42:26 - INFO - epoch-260, train_loss-1.6148, train_rmse-1.2708, valid_rmse-1.2891, valid_pr-0.6433
2024-10-07 17:42:35 - INFO - epoch-261, train_loss-1.2697, train_rmse-1.1268, valid_rmse-1.3024, valid_pr-0.6049
2024-10-07 17:42:43 - INFO - epoch-262, train_loss-1.2933, train_rmse-1.1372, valid_rmse-1.3079, valid_pr-0.6249
2024-10-07 17:42:52 - INFO - epoch-263, train_loss-1.3700, train_rmse-1.1705, valid_rmse-1.3132, valid_pr-0.6066
2024-10-07 17:43:01 - INFO - epoch-264, train_loss-1.2394, train_rmse-1.1133, valid_rmse-1.3214, valid_pr-0.5901
2024-10-07 17:43:09 - INFO - epoch-265, train_loss-1.3601, train_rmse-1.1662, valid_rmse-1.3395, valid_pr-0.5367
2024-10-07 17:43:18 - INFO - epoch-266, train_loss-1.0779, train_rmse-1.0382, valid_rmse-1.3579, valid_pr-0.4886
2024-10-07 17:43:28 - INFO - epoch-267, train_loss-1.3752, train_rmse-1.1727, valid_rmse-1.3780, valid_pr-0.4429
2024-10-07 17:43:37 - INFO - epoch-268, train_loss-1.2885, train_rmse-1.1351, valid_rmse-1.4036, valid_pr-0.3627
2024-10-07 17:43:46 - INFO - epoch-269, train_loss-1.1434, train_rmse-1.0693, valid_rmse-1.4607, valid_pr-0.2386
2024-10-07 17:43:54 - INFO - epoch-270, train_loss-1.3376, train_rmse-1.1565, valid_rmse-1.5090, valid_pr-0.1491
2024-10-07 17:44:02 - INFO - epoch-271, train_loss-1.4176, train_rmse-1.1906, valid_rmse-1.5477, valid_pr-0.0817
2024-10-07 17:44:09 - INFO - epoch-272, train_loss-1.0791, train_rmse-1.0388, valid_rmse-1.5538, valid_pr-0.0716
2024-10-07 17:44:17 - INFO - epoch-273, train_loss-1.4669, train_rmse-1.2111, valid_rmse-1.5354, valid_pr-0.1001
2024-10-07 17:44:25 - INFO - epoch-274, train_loss-1.5122, train_rmse-1.2297, valid_rmse-1.5148, valid_pr-0.1307
2024-10-07 17:44:33 - INFO - epoch-275, train_loss-1.4345, train_rmse-1.1977, valid_rmse-1.4542, valid_pr-0.2781
2024-10-07 17:44:42 - INFO - epoch-276, train_loss-0.9831, train_rmse-0.9915, valid_rmse-1.4192, valid_pr-0.3909
2024-10-07 17:44:50 - INFO - epoch-277, train_loss-1.4151, train_rmse-1.1896, valid_rmse-1.4196, valid_pr-0.4040
2024-10-07 17:44:58 - INFO - epoch-278, train_loss-1.2746, train_rmse-1.1290, valid_rmse-1.4624, valid_pr-0.3280
2024-10-07 17:45:08 - INFO - epoch-279, train_loss-1.3827, train_rmse-1.1759, valid_rmse-1.5395, valid_pr-0.1824
2024-10-07 17:45:16 - INFO - epoch-280, train_loss-1.5234, train_rmse-1.2343, valid_rmse-1.5794, valid_pr-0.1611
2024-10-07 17:45:24 - INFO - epoch-281, train_loss-1.2501, train_rmse-1.1181, valid_rmse-1.6839, valid_pr-0.0583
2024-10-07 17:45:33 - INFO - epoch-282, train_loss-0.9137, train_rmse-0.9559, valid_rmse-1.7422, valid_pr-0.0014
2024-10-07 17:45:42 - INFO - epoch-283, train_loss-1.0947, train_rmse-1.0463, valid_rmse-1.7110, valid_pr-0.0612
2024-10-07 17:45:51 - INFO - epoch-284, train_loss-0.9964, train_rmse-0.9982, valid_rmse-1.6459, valid_pr-0.1976
2024-10-07 17:45:59 - INFO - epoch-285, train_loss-0.9596, train_rmse-0.9796, valid_rmse-1.5996, valid_pr-0.4548
2024-10-07 17:46:08 - INFO - epoch-286, train_loss-1.0264, train_rmse-1.0131, valid_rmse-1.5546, valid_pr-0.6376
2024-10-07 17:46:16 - INFO - epoch-287, train_loss-1.3708, train_rmse-1.1708, valid_rmse-1.5053, valid_pr-0.6692
2024-10-07 17:46:24 - INFO - epoch-288, train_loss-1.0150, train_rmse-1.0075, valid_rmse-1.4902, valid_pr-0.5949
2024-10-07 17:46:32 - INFO - epoch-289, train_loss-1.1715, train_rmse-1.0824, valid_rmse-1.4987, valid_pr-0.4573
2024-10-07 17:46:40 - INFO - epoch-290, train_loss-1.2282, train_rmse-1.1082, valid_rmse-1.5473, valid_pr-0.3763
2024-10-07 17:46:47 - INFO - epoch-291, train_loss-0.7577, train_rmse-0.8705, valid_rmse-1.6163, valid_pr-0.3163
2024-10-07 17:46:56 - INFO - epoch-292, train_loss-0.8909, train_rmse-0.9439, valid_rmse-1.6255, valid_pr-0.2571
2024-10-07 17:47:04 - INFO - epoch-293, train_loss-1.0077, train_rmse-1.0039, valid_rmse-1.6706, valid_pr-0.1393
2024-10-07 17:47:13 - INFO - epoch-294, train_loss-1.2422, train_rmse-1.1146, valid_rmse-1.7067, valid_pr-0.0100
2024-10-07 17:47:21 - INFO - epoch-295, train_loss-1.0413, train_rmse-1.0205, valid_rmse-1.7667, valid_pr--0.1599
2024-10-07 17:47:29 - INFO - epoch-296, train_loss-0.8485, train_rmse-0.9211, valid_rmse-1.8343, valid_pr--0.2498
2024-10-07 17:47:37 - INFO - epoch-297, train_loss-0.8837, train_rmse-0.9400, valid_rmse-1.8649, valid_pr--0.2602
2024-10-07 17:47:44 - INFO - epoch-298, train_loss-1.1539, train_rmse-1.0742, valid_rmse-1.8414, valid_pr--0.2285
2024-10-07 17:47:51 - INFO - epoch-299, train_loss-0.9796, train_rmse-0.9898, valid_rmse-1.7648, valid_pr--0.1413
2024-10-07 17:47:58 - INFO - epoch-300, train_loss-0.8759, train_rmse-0.9359, valid_rmse-1.6576, valid_pr--0.0566
2024-10-07 17:48:04 - INFO - epoch-301, train_loss-1.1537, train_rmse-1.0741, valid_rmse-1.5535, valid_pr-0.0665
2024-10-07 17:48:12 - INFO - epoch-302, train_loss-1.0182, train_rmse-1.0090, valid_rmse-1.4767, valid_pr-0.2025
2024-10-07 17:48:21 - INFO - epoch-303, train_loss-1.2306, train_rmse-1.1093, valid_rmse-1.4098, valid_pr-0.3818
2024-10-07 17:48:28 - INFO - epoch-304, train_loss-0.9009, train_rmse-0.9492, valid_rmse-1.3504, valid_pr-0.5507
2024-10-07 17:48:36 - INFO - epoch-305, train_loss-0.9468, train_rmse-0.9730, valid_rmse-1.3060, valid_pr-0.6372
2024-10-07 17:48:44 - INFO - epoch-306, train_loss-0.8840, train_rmse-0.9402, valid_rmse-1.2864, valid_pr-0.6675
2024-10-07 17:48:53 - INFO - epoch-307, train_loss-1.2698, train_rmse-1.1269, valid_rmse-1.3065, valid_pr-0.6566
2024-10-07 17:49:01 - INFO - epoch-308, train_loss-0.9651, train_rmse-0.9824, valid_rmse-1.3047, valid_pr-0.6469
2024-10-07 17:49:09 - INFO - epoch-309, train_loss-1.3472, train_rmse-1.1607, valid_rmse-1.3161, valid_pr-0.7060
2024-10-07 17:49:17 - INFO - epoch-310, train_loss-0.9117, train_rmse-0.9548, valid_rmse-1.3349, valid_pr-0.6695
2024-10-07 17:49:24 - INFO - epoch-311, train_loss-0.9667, train_rmse-0.9832, valid_rmse-1.3431, valid_pr-0.6038
2024-10-07 17:49:33 - INFO - epoch-312, train_loss-1.6281, train_rmse-1.2760, valid_rmse-1.3598, valid_pr-0.5155
2024-10-07 17:49:41 - INFO - epoch-313, train_loss-0.9771, train_rmse-0.9885, valid_rmse-1.3386, valid_pr-0.5469
2024-10-07 17:49:49 - INFO - epoch-314, train_loss-0.9182, train_rmse-0.9582, valid_rmse-1.2971, valid_pr-0.6056
2024-10-07 17:49:59 - INFO - epoch-315, train_loss-1.3093, train_rmse-1.1442, valid_rmse-1.2725, valid_pr-0.6174
2024-10-07 17:50:07 - INFO - epoch-316, train_loss-0.7923, train_rmse-0.8901, valid_rmse-1.2680, valid_pr-0.6257
2024-10-07 17:50:14 - INFO - epoch-317, train_loss-0.9063, train_rmse-0.9520, valid_rmse-1.2618, valid_pr-0.6352
2024-10-07 17:50:22 - INFO - epoch-318, train_loss-0.8032, train_rmse-0.8962, valid_rmse-1.2655, valid_pr-0.6319
2024-10-07 17:50:29 - INFO - epoch-319, train_loss-1.1122, train_rmse-1.0546, valid_rmse-1.2850, valid_pr-0.6322
2024-10-07 17:50:36 - INFO - epoch-320, train_loss-1.0092, train_rmse-1.0046, valid_rmse-1.3015, valid_pr-0.6506
2024-10-07 17:50:43 - INFO - epoch-321, train_loss-1.1167, train_rmse-1.0568, valid_rmse-1.3589, valid_pr-0.6350
2024-10-07 17:50:50 - INFO - epoch-322, train_loss-0.7685, train_rmse-0.8767, valid_rmse-1.4201, valid_pr-0.5920
2024-10-07 17:50:59 - INFO - epoch-323, train_loss-1.0704, train_rmse-1.0346, valid_rmse-1.4705, valid_pr-0.5329
2024-10-07 17:51:09 - INFO - epoch-324, train_loss-0.8900, train_rmse-0.9434, valid_rmse-1.5392, valid_pr-0.4752
2024-10-07 17:51:17 - INFO - epoch-325, train_loss-0.9299, train_rmse-0.9643, valid_rmse-1.5652, valid_pr-0.4472
2024-10-07 17:51:27 - INFO - epoch-326, train_loss-1.7871, train_rmse-1.3368, valid_rmse-1.5734, valid_pr-0.4295
2024-10-07 17:51:36 - INFO - epoch-327, train_loss-0.8561, train_rmse-0.9253, valid_rmse-1.5682, valid_pr-0.4351
2024-10-07 17:51:43 - INFO - epoch-328, train_loss-1.2456, train_rmse-1.1161, valid_rmse-1.5477, valid_pr-0.4501
2024-10-07 17:51:51 - INFO - epoch-329, train_loss-0.8882, train_rmse-0.9425, valid_rmse-1.5425, valid_pr-0.4249
2024-10-07 17:51:59 - INFO - epoch-330, train_loss-1.3659, train_rmse-1.1687, valid_rmse-1.5103, valid_pr-0.4462
2024-10-07 17:52:07 - INFO - epoch-331, train_loss-0.9594, train_rmse-0.9795, valid_rmse-1.4425, valid_pr-0.4997
2024-10-07 17:52:14 - INFO - epoch-332, train_loss-0.6998, train_rmse-0.8365, valid_rmse-1.4134, valid_pr-0.5358
2024-10-07 17:52:22 - INFO - epoch-333, train_loss-1.1053, train_rmse-1.0513, valid_rmse-1.3968, valid_pr-0.5717
2024-10-07 17:52:31 - INFO - epoch-334, train_loss-0.6513, train_rmse-0.8070, valid_rmse-1.3992, valid_pr-0.5938
2024-10-07 17:52:39 - INFO - epoch-335, train_loss-0.8247, train_rmse-0.9081, valid_rmse-1.3845, valid_pr-0.6238
2024-10-07 17:52:47 - INFO - epoch-336, train_loss-0.9888, train_rmse-0.9944, valid_rmse-1.3720, valid_pr-0.6630
2024-10-07 17:52:55 - INFO - epoch-337, train_loss-1.4586, train_rmse-1.2077, valid_rmse-1.3524, valid_pr-0.7171
2024-10-07 17:53:02 - INFO - epoch-338, train_loss-0.8573, train_rmse-0.9259, valid_rmse-1.3451, valid_pr-0.7494
2024-10-07 17:53:11 - INFO - epoch-339, train_loss-1.0299, train_rmse-1.0148, valid_rmse-1.3431, valid_pr-0.7553
2024-10-07 17:53:19 - INFO - epoch-340, train_loss-0.8207, train_rmse-0.9059, valid_rmse-1.3531, valid_pr-0.7000
2024-10-07 17:53:27 - INFO - epoch-341, train_loss-1.3913, train_rmse-1.1795, valid_rmse-1.3820, valid_pr-0.6634
2024-10-07 17:53:36 - INFO - epoch-342, train_loss-0.7194, train_rmse-0.8482, valid_rmse-1.3991, valid_pr-0.6181
2024-10-07 17:53:42 - INFO - epoch-343, train_loss-1.3239, train_rmse-1.1506, valid_rmse-1.4019, valid_pr-0.5385
2024-10-07 17:53:51 - INFO - epoch-344, train_loss-0.9249, train_rmse-0.9617, valid_rmse-1.4159, valid_pr-0.4818
2024-10-07 17:54:00 - INFO - epoch-345, train_loss-1.0695, train_rmse-1.0342, valid_rmse-1.4186, valid_pr-0.4668
2024-10-07 17:54:09 - INFO - epoch-346, train_loss-1.1132, train_rmse-1.0551, valid_rmse-1.4221, valid_pr-0.4537
2024-10-07 17:54:18 - INFO - epoch-347, train_loss-0.9072, train_rmse-0.9525, valid_rmse-1.4208, valid_pr-0.4455
2024-10-07 17:54:25 - INFO - epoch-348, train_loss-0.7378, train_rmse-0.8589, valid_rmse-1.3931, valid_pr-0.4820
2024-10-07 17:54:34 - INFO - epoch-349, train_loss-1.4334, train_rmse-1.1973, valid_rmse-1.3951, valid_pr-0.5134
2024-10-07 17:54:42 - INFO - epoch-350, train_loss-1.1669, train_rmse-1.0802, valid_rmse-1.3976, valid_pr-0.5655
2024-10-07 17:54:51 - INFO - epoch-351, train_loss-0.8193, train_rmse-0.9052, valid_rmse-1.4319, valid_pr-0.6044
2024-10-07 17:54:51 - INFO - Early stopping in epoch 351. Best RMSE: 1.2047
2024-10-07 17:54:51 - INFO - Training finished and last epoch model saved for repeat 0.
