2024-09-25 15:59:26 - INFO - train_pdbbind.py
2024-09-25 15:59:26 - INFO - train data: 81
2024-09-25 15:59:26 - INFO - valid data: 10
2024-09-25 16:00:00 - INFO - epoch-0, train_loss-36.6557, train_rmse-6.0544, valid_rmse-5.8568, valid_pr--0.3981
2024-09-25 16:00:04 - INFO - epoch-1, train_loss-35.5439, train_rmse-5.9619, valid_rmse-5.7479, valid_pr--0.4022
2024-09-25 16:00:07 - INFO - epoch-2, train_loss-35.2035, train_rmse-5.9333, valid_rmse-5.5956, valid_pr-0.5080
2024-09-25 16:00:10 - INFO - epoch-3, train_loss-35.0931, train_rmse-5.9239, valid_rmse-5.4436, valid_pr-0.4958
2024-09-25 16:00:13 - INFO - epoch-4, train_loss-34.8881, train_rmse-5.9066, valid_rmse-5.3403, valid_pr-0.4989
2024-09-25 16:00:16 - INFO - epoch-5, train_loss-34.8902, train_rmse-5.9068, valid_rmse-5.3149, valid_pr-0.5163
2024-09-25 16:00:19 - INFO - epoch-6, train_loss-34.3975, train_rmse-5.8649, valid_rmse-5.2989, valid_pr-0.5293
2024-09-25 16:00:22 - INFO - epoch-7, train_loss-34.3762, train_rmse-5.8631, valid_rmse-5.3037, valid_pr-0.5362
2024-09-25 16:00:25 - INFO - epoch-8, train_loss-34.3292, train_rmse-5.8591, valid_rmse-5.3216, valid_pr-0.5408
2024-09-25 16:00:28 - INFO - epoch-9, train_loss-34.1534, train_rmse-5.8441, valid_rmse-5.3208, valid_pr-0.5337
2024-09-25 16:00:30 - INFO - epoch-10, train_loss-34.1866, train_rmse-5.8469, valid_rmse-5.3673, valid_pr-0.5144
2024-09-25 16:00:33 - INFO - epoch-11, train_loss-34.0606, train_rmse-5.8361, valid_rmse-5.4306, valid_pr-0.4325
2024-09-25 16:00:37 - INFO - epoch-12, train_loss-33.8524, train_rmse-5.8183, valid_rmse-5.5108, valid_pr--0.4778
2024-09-25 16:00:40 - INFO - epoch-13, train_loss-33.9249, train_rmse-5.8245, valid_rmse-5.5986, valid_pr--0.6741
2024-09-25 16:00:43 - INFO - epoch-14, train_loss-33.7631, train_rmse-5.8106, valid_rmse-5.6516, valid_pr--0.6574
2024-09-25 16:00:46 - INFO - epoch-15, train_loss-33.8049, train_rmse-5.8142, valid_rmse-5.7358, valid_pr--0.6861
2024-09-25 16:00:49 - INFO - epoch-16, train_loss-33.6478, train_rmse-5.8007, valid_rmse-5.7796, valid_pr--0.6974
2024-09-25 16:00:52 - INFO - epoch-17, train_loss-33.5808, train_rmse-5.7949, valid_rmse-5.8213, valid_pr--0.6953
2024-09-25 16:00:55 - INFO - epoch-18, train_loss-33.7447, train_rmse-5.8090, valid_rmse-5.8467, valid_pr--0.6678
2024-09-25 16:00:58 - INFO - epoch-19, train_loss-33.2716, train_rmse-5.7682, valid_rmse-5.8065, valid_pr--0.6715
2024-09-25 16:01:01 - INFO - epoch-20, train_loss-33.3063, train_rmse-5.7712, valid_rmse-5.7436, valid_pr--0.6846
2024-09-25 16:01:03 - INFO - epoch-21, train_loss-33.1816, train_rmse-5.7604, valid_rmse-5.6785, valid_pr--0.7030
2024-09-25 16:01:06 - INFO - epoch-22, train_loss-33.0664, train_rmse-5.7503, valid_rmse-5.6365, valid_pr--0.6847
2024-09-25 16:01:09 - INFO - epoch-23, train_loss-32.9349, train_rmse-5.7389, valid_rmse-5.7116, valid_pr--0.6466
2024-09-25 16:01:12 - INFO - epoch-24, train_loss-32.9275, train_rmse-5.7383, valid_rmse-5.7663, valid_pr--0.6183
2024-09-25 16:01:15 - INFO - epoch-25, train_loss-32.9369, train_rmse-5.7391, valid_rmse-5.7470, valid_pr--0.6134
2024-09-25 16:01:18 - INFO - epoch-26, train_loss-32.7957, train_rmse-5.7268, valid_rmse-5.6950, valid_pr--0.6129
2024-09-25 16:01:21 - INFO - epoch-27, train_loss-32.7050, train_rmse-5.7188, valid_rmse-5.6003, valid_pr--0.6498
2024-09-25 16:01:24 - INFO - epoch-28, train_loss-32.5786, train_rmse-5.7078, valid_rmse-5.5492, valid_pr--0.6622
2024-09-25 16:01:27 - INFO - epoch-29, train_loss-32.7875, train_rmse-5.7260, valid_rmse-5.4448, valid_pr--0.7044
2024-09-25 16:01:30 - INFO - epoch-30, train_loss-32.3604, train_rmse-5.6886, valid_rmse-5.3679, valid_pr--0.7188
2024-09-25 16:01:33 - INFO - epoch-31, train_loss-32.4022, train_rmse-5.6923, valid_rmse-5.3355, valid_pr--0.6008
2024-09-25 16:01:36 - INFO - epoch-32, train_loss-32.2885, train_rmse-5.6823, valid_rmse-5.3436, valid_pr--0.4750
2024-09-25 16:01:39 - INFO - epoch-33, train_loss-32.2058, train_rmse-5.6750, valid_rmse-5.4073, valid_pr--0.3660
2024-09-25 16:01:42 - INFO - epoch-34, train_loss-32.0992, train_rmse-5.6656, valid_rmse-5.6442, valid_pr--0.3226
2024-09-25 16:01:45 - INFO - epoch-35, train_loss-32.1474, train_rmse-5.6699, valid_rmse-5.7664, valid_pr--0.3274
2024-09-25 16:01:48 - INFO - epoch-36, train_loss-31.8987, train_rmse-5.6479, valid_rmse-5.7361, valid_pr--0.3313
2024-09-25 16:01:51 - INFO - epoch-37, train_loss-31.9220, train_rmse-5.6500, valid_rmse-5.5641, valid_pr--0.2932
2024-09-25 16:01:54 - INFO - epoch-38, train_loss-31.8322, train_rmse-5.6420, valid_rmse-5.4578, valid_pr--0.2782
2024-09-25 16:01:57 - INFO - epoch-39, train_loss-31.8337, train_rmse-5.6421, valid_rmse-5.3114, valid_pr--0.2002
2024-09-25 16:02:00 - INFO - epoch-40, train_loss-31.5686, train_rmse-5.6186, valid_rmse-5.1260, valid_pr--0.0971
2024-09-25 16:02:03 - INFO - epoch-41, train_loss-31.6389, train_rmse-5.6248, valid_rmse-5.0438, valid_pr--0.0387
2024-09-25 16:02:06 - INFO - epoch-42, train_loss-31.3813, train_rmse-5.6019, valid_rmse-5.0812, valid_pr--0.0931
2024-09-25 16:02:09 - INFO - epoch-43, train_loss-31.3511, train_rmse-5.5992, valid_rmse-5.1254, valid_pr--0.1667
2024-09-25 16:02:11 - INFO - epoch-44, train_loss-31.3356, train_rmse-5.5978, valid_rmse-5.1749, valid_pr--0.1997
2024-09-25 16:02:14 - INFO - epoch-45, train_loss-31.1612, train_rmse-5.5822, valid_rmse-5.2454, valid_pr--0.2313
2024-09-25 16:02:17 - INFO - epoch-46, train_loss-31.2461, train_rmse-5.5898, valid_rmse-5.2571, valid_pr--0.2351
2024-09-25 16:02:21 - INFO - epoch-47, train_loss-31.1647, train_rmse-5.5825, valid_rmse-5.1551, valid_pr--0.2210
2024-09-25 16:02:24 - INFO - epoch-48, train_loss-31.0706, train_rmse-5.5741, valid_rmse-5.0749, valid_pr--0.2117
2024-09-25 16:02:27 - INFO - epoch-49, train_loss-30.9004, train_rmse-5.5588, valid_rmse-4.9606, valid_pr--0.2307
2024-09-25 16:02:30 - INFO - epoch-50, train_loss-30.6433, train_rmse-5.5356, valid_rmse-4.8271, valid_pr--0.2433
2024-09-25 16:02:33 - INFO - epoch-51, train_loss-30.7251, train_rmse-5.5430, valid_rmse-4.8172, valid_pr--0.2579
2024-09-25 16:02:36 - INFO - epoch-52, train_loss-30.6249, train_rmse-5.5340, valid_rmse-4.8492, valid_pr--0.2348
2024-09-25 16:02:39 - INFO - epoch-53, train_loss-30.5621, train_rmse-5.5283, valid_rmse-4.9820, valid_pr--0.2030
2024-09-25 16:02:42 - INFO - epoch-54, train_loss-30.3234, train_rmse-5.5067, valid_rmse-5.1004, valid_pr--0.1705
2024-09-25 16:02:45 - INFO - epoch-55, train_loss-30.3749, train_rmse-5.5113, valid_rmse-5.3003, valid_pr--0.1579
2024-09-25 16:02:48 - INFO - epoch-56, train_loss-30.1896, train_rmse-5.4945, valid_rmse-5.4251, valid_pr--0.1126
2024-09-25 16:02:51 - INFO - epoch-57, train_loss-30.1098, train_rmse-5.4872, valid_rmse-5.5313, valid_pr--0.1116
2024-09-25 16:02:54 - INFO - epoch-58, train_loss-29.9804, train_rmse-5.4754, valid_rmse-5.6051, valid_pr--0.1013
2024-09-25 16:02:57 - INFO - epoch-59, train_loss-29.8520, train_rmse-5.4637, valid_rmse-5.6060, valid_pr--0.0979
2024-09-25 16:03:00 - INFO - epoch-60, train_loss-29.7339, train_rmse-5.4529, valid_rmse-5.5735, valid_pr--0.0998
2024-09-25 16:03:03 - INFO - epoch-61, train_loss-29.6077, train_rmse-5.4413, valid_rmse-5.5026, valid_pr--0.0997
2024-09-25 16:03:06 - INFO - epoch-62, train_loss-29.3995, train_rmse-5.4221, valid_rmse-5.3759, valid_pr--0.0581
2024-09-25 16:03:09 - INFO - epoch-63, train_loss-29.3502, train_rmse-5.4176, valid_rmse-5.3302, valid_pr--0.0176
2024-09-25 16:03:12 - INFO - epoch-64, train_loss-29.3880, train_rmse-5.4211, valid_rmse-5.3263, valid_pr-0.0148
2024-09-25 16:03:15 - INFO - epoch-65, train_loss-29.1585, train_rmse-5.3999, valid_rmse-5.3434, valid_pr-0.0526
2024-09-25 16:03:18 - INFO - epoch-66, train_loss-28.9497, train_rmse-5.3805, valid_rmse-5.3229, valid_pr-0.1009
2024-09-25 16:03:21 - INFO - epoch-67, train_loss-28.8164, train_rmse-5.3681, valid_rmse-5.2588, valid_pr-0.1707
2024-09-25 16:03:24 - INFO - epoch-68, train_loss-28.6647, train_rmse-5.3539, valid_rmse-5.1586, valid_pr-0.3042
2024-09-25 16:03:27 - INFO - epoch-69, train_loss-28.5486, train_rmse-5.3431, valid_rmse-5.1432, valid_pr-0.3834
2024-09-25 16:03:30 - INFO - epoch-70, train_loss-28.5095, train_rmse-5.3394, valid_rmse-5.1470, valid_pr-0.4248
2024-09-25 16:03:32 - INFO - epoch-71, train_loss-28.3253, train_rmse-5.3222, valid_rmse-5.2066, valid_pr-0.3338
2024-09-25 16:03:35 - INFO - epoch-72, train_loss-28.1762, train_rmse-5.3081, valid_rmse-5.2659, valid_pr-0.2776
2024-09-25 16:03:38 - INFO - epoch-73, train_loss-27.9848, train_rmse-5.2901, valid_rmse-5.3008, valid_pr-0.2208
2024-09-25 16:03:41 - INFO - epoch-74, train_loss-27.8529, train_rmse-5.2776, valid_rmse-5.3272, valid_pr-0.2017
2024-09-25 16:03:44 - INFO - epoch-75, train_loss-27.7809, train_rmse-5.2708, valid_rmse-5.3121, valid_pr-0.3169
2024-09-25 16:03:47 - INFO - epoch-76, train_loss-27.5833, train_rmse-5.2520, valid_rmse-5.2009, valid_pr-0.4786
2024-09-25 16:03:50 - INFO - epoch-77, train_loss-27.4621, train_rmse-5.2404, valid_rmse-5.0642, valid_pr-0.5588
2024-09-25 16:03:53 - INFO - epoch-78, train_loss-27.3391, train_rmse-5.2287, valid_rmse-4.9627, valid_pr-0.5455
2024-09-25 16:03:56 - INFO - epoch-79, train_loss-27.2013, train_rmse-5.2155, valid_rmse-4.8987, valid_pr-0.4711
2024-09-25 16:03:59 - INFO - epoch-80, train_loss-26.9735, train_rmse-5.1936, valid_rmse-4.8630, valid_pr-0.3989
2024-09-25 16:04:02 - INFO - epoch-81, train_loss-26.7343, train_rmse-5.1705, valid_rmse-4.8505, valid_pr-0.3183
2024-09-25 16:04:05 - INFO - epoch-82, train_loss-26.5194, train_rmse-5.1497, valid_rmse-4.8273, valid_pr-0.2965
2024-09-25 16:04:08 - INFO - epoch-83, train_loss-26.4531, train_rmse-5.1433, valid_rmse-4.8302, valid_pr-0.2592
2024-09-25 16:04:11 - INFO - epoch-84, train_loss-26.2797, train_rmse-5.1264, valid_rmse-4.8500, valid_pr-0.1914
2024-09-25 16:04:14 - INFO - epoch-85, train_loss-26.0681, train_rmse-5.1057, valid_rmse-4.8740, valid_pr-0.1263
2024-09-25 16:04:16 - INFO - epoch-86, train_loss-25.9172, train_rmse-5.0909, valid_rmse-4.9008, valid_pr-0.0964
2024-09-25 16:04:19 - INFO - epoch-87, train_loss-25.7981, train_rmse-5.0792, valid_rmse-4.9272, valid_pr-0.0490
2024-09-25 16:04:22 - INFO - epoch-88, train_loss-25.5205, train_rmse-5.0518, valid_rmse-4.9328, valid_pr--0.0124
2024-09-25 16:04:25 - INFO - epoch-89, train_loss-25.3996, train_rmse-5.0398, valid_rmse-4.9294, valid_pr--0.0959
2024-09-25 16:04:28 - INFO - epoch-90, train_loss-25.4035, train_rmse-5.0402, valid_rmse-4.8491, valid_pr-0.0210
2024-09-25 16:04:31 - INFO - epoch-91, train_loss-25.0128, train_rmse-5.0013, valid_rmse-4.8364, valid_pr-0.0622
2024-09-25 16:04:34 - INFO - epoch-92, train_loss-24.8291, train_rmse-4.9829, valid_rmse-4.8046, valid_pr-0.1667
2024-09-25 16:04:37 - INFO - epoch-93, train_loss-24.5898, train_rmse-4.9588, valid_rmse-4.7805, valid_pr-0.2041
2024-09-25 16:04:39 - INFO - epoch-94, train_loss-24.3980, train_rmse-4.9394, valid_rmse-4.8017, valid_pr-0.1533
2024-09-25 16:04:42 - INFO - epoch-95, train_loss-24.3997, train_rmse-4.9396, valid_rmse-4.7858, valid_pr-0.2027
2024-09-25 16:04:45 - INFO - epoch-96, train_loss-24.1493, train_rmse-4.9142, valid_rmse-4.8639, valid_pr-0.1126
2024-09-25 16:04:48 - INFO - epoch-97, train_loss-24.0110, train_rmse-4.9001, valid_rmse-4.9514, valid_pr--0.0089
2024-09-25 16:04:51 - INFO - epoch-98, train_loss-23.8831, train_rmse-4.8870, valid_rmse-5.0427, valid_pr--0.1427
2024-09-25 16:04:54 - INFO - epoch-99, train_loss-23.5505, train_rmse-4.8529, valid_rmse-5.0908, valid_pr--0.1910
2024-09-25 16:04:57 - INFO - epoch-100, train_loss-23.2770, train_rmse-4.8246, valid_rmse-5.0684, valid_pr--0.1905
2024-09-25 16:05:00 - INFO - epoch-101, train_loss-23.2120, train_rmse-4.8179, valid_rmse-5.0441, valid_pr--0.1179
2024-09-25 16:05:03 - INFO - epoch-102, train_loss-22.9767, train_rmse-4.7934, valid_rmse-5.0069, valid_pr--0.0222
2024-09-25 16:05:06 - INFO - epoch-103, train_loss-22.7293, train_rmse-4.7675, valid_rmse-4.9153, valid_pr-0.0981
2024-09-25 16:05:09 - INFO - epoch-104, train_loss-22.4550, train_rmse-4.7387, valid_rmse-4.8553, valid_pr-0.1490
2024-09-25 16:05:12 - INFO - epoch-105, train_loss-22.3023, train_rmse-4.7225, valid_rmse-4.8090, valid_pr-0.1100
2024-09-25 16:05:15 - INFO - epoch-106, train_loss-22.0060, train_rmse-4.6911, valid_rmse-4.8224, valid_pr-0.0229
2024-09-25 16:05:18 - INFO - epoch-107, train_loss-21.9052, train_rmse-4.6803, valid_rmse-4.8763, valid_pr--0.0234
2024-09-25 16:05:20 - INFO - epoch-108, train_loss-21.7077, train_rmse-4.6592, valid_rmse-4.9758, valid_pr--0.0453
2024-09-25 16:05:23 - INFO - epoch-109, train_loss-21.5342, train_rmse-4.6405, valid_rmse-4.9949, valid_pr--0.0698
2024-09-25 16:05:26 - INFO - epoch-110, train_loss-21.2637, train_rmse-4.6113, valid_rmse-4.9626, valid_pr--0.0407
2024-09-25 16:05:29 - INFO - epoch-111, train_loss-21.1834, train_rmse-4.6025, valid_rmse-4.9185, valid_pr-0.0027
2024-09-25 16:05:32 - INFO - epoch-112, train_loss-20.9022, train_rmse-4.5719, valid_rmse-4.9154, valid_pr-0.0173
2024-09-25 16:05:35 - INFO - epoch-113, train_loss-20.7970, train_rmse-4.5604, valid_rmse-4.9033, valid_pr-0.0299
2024-09-25 16:05:38 - INFO - epoch-114, train_loss-20.3285, train_rmse-4.5087, valid_rmse-4.8561, valid_pr-0.0399
2024-09-25 16:05:41 - INFO - epoch-115, train_loss-20.3107, train_rmse-4.5067, valid_rmse-4.9079, valid_pr-0.0005
2024-09-25 16:05:44 - INFO - epoch-116, train_loss-19.9562, train_rmse-4.4672, valid_rmse-4.8828, valid_pr--0.0043
2024-09-25 16:05:47 - INFO - epoch-117, train_loss-19.7970, train_rmse-4.4494, valid_rmse-4.8453, valid_pr--0.0175
2024-09-25 16:05:50 - INFO - epoch-118, train_loss-19.5398, train_rmse-4.4204, valid_rmse-4.7978, valid_pr--0.0368
2024-09-25 16:05:53 - INFO - epoch-119, train_loss-19.4896, train_rmse-4.4147, valid_rmse-4.7937, valid_pr--0.0390
2024-09-25 16:05:56 - INFO - epoch-120, train_loss-19.1266, train_rmse-4.3734, valid_rmse-4.7837, valid_pr--0.0244
2024-09-25 16:05:59 - INFO - epoch-121, train_loss-19.0665, train_rmse-4.3665, valid_rmse-4.7582, valid_pr-0.0047
2024-09-25 16:06:02 - INFO - epoch-122, train_loss-18.7363, train_rmse-4.3285, valid_rmse-4.8014, valid_pr-0.0046
2024-09-25 16:06:05 - INFO - epoch-123, train_loss-18.4935, train_rmse-4.3004, valid_rmse-4.8486, valid_pr--0.0124
2024-09-25 16:06:08 - INFO - epoch-124, train_loss-18.3361, train_rmse-4.2821, valid_rmse-4.8167, valid_pr--0.0120
2024-09-25 16:06:11 - INFO - epoch-125, train_loss-18.0712, train_rmse-4.2510, valid_rmse-4.7735, valid_pr-0.0116
2024-09-25 16:06:14 - INFO - epoch-126, train_loss-17.9510, train_rmse-4.2369, valid_rmse-4.6786, valid_pr-0.0431
2024-09-25 16:06:17 - INFO - epoch-127, train_loss-17.7437, train_rmse-4.2123, valid_rmse-4.5468, valid_pr-0.0624
2024-09-25 16:06:20 - INFO - epoch-128, train_loss-17.4180, train_rmse-4.1735, valid_rmse-4.4595, valid_pr-0.0830
2024-09-25 16:06:23 - INFO - epoch-129, train_loss-17.0762, train_rmse-4.1323, valid_rmse-4.3626, valid_pr-0.0958
2024-09-25 16:06:26 - INFO - epoch-130, train_loss-17.1038, train_rmse-4.1357, valid_rmse-4.3306, valid_pr-0.0813
2024-09-25 16:06:29 - INFO - epoch-131, train_loss-16.8512, train_rmse-4.1050, valid_rmse-4.2923, valid_pr-0.0575
2024-09-25 16:06:32 - INFO - epoch-132, train_loss-16.7706, train_rmse-4.0952, valid_rmse-4.2804, valid_pr-0.0317
2024-09-25 16:06:35 - INFO - epoch-133, train_loss-16.3788, train_rmse-4.0471, valid_rmse-4.2495, valid_pr-0.0455
2024-09-25 16:06:38 - INFO - epoch-134, train_loss-16.3281, train_rmse-4.0408, valid_rmse-4.2750, valid_pr-0.0485
2024-09-25 16:06:41 - INFO - epoch-135, train_loss-15.8083, train_rmse-3.9760, valid_rmse-4.4274, valid_pr-0.0120
2024-09-25 16:06:44 - INFO - epoch-136, train_loss-15.7140, train_rmse-3.9641, valid_rmse-4.5263, valid_pr--0.0144
2024-09-25 16:06:47 - INFO - epoch-137, train_loss-15.5711, train_rmse-3.9460, valid_rmse-4.6017, valid_pr--0.0109
2024-09-25 16:06:50 - INFO - epoch-138, train_loss-15.0619, train_rmse-3.8810, valid_rmse-4.6422, valid_pr--0.0031
2024-09-25 16:06:53 - INFO - epoch-139, train_loss-14.8356, train_rmse-3.8517, valid_rmse-4.6261, valid_pr--0.0099
2024-09-25 16:06:56 - INFO - epoch-140, train_loss-14.8078, train_rmse-3.8481, valid_rmse-4.5953, valid_pr--0.0635
2024-09-25 16:06:59 - INFO - epoch-141, train_loss-14.4818, train_rmse-3.8055, valid_rmse-4.5558, valid_pr--0.0854
2024-09-25 16:07:02 - INFO - epoch-142, train_loss-14.2627, train_rmse-3.7766, valid_rmse-4.5045, valid_pr--0.1035
2024-09-25 16:07:05 - INFO - epoch-143, train_loss-14.1775, train_rmse-3.7653, valid_rmse-4.3916, valid_pr--0.0547
2024-09-25 16:07:08 - INFO - epoch-144, train_loss-13.9989, train_rmse-3.7415, valid_rmse-4.3461, valid_pr--0.0307
2024-09-25 16:07:11 - INFO - epoch-145, train_loss-13.8855, train_rmse-3.7263, valid_rmse-4.2886, valid_pr--0.0055
2024-09-25 16:07:14 - INFO - epoch-146, train_loss-13.6519, train_rmse-3.6948, valid_rmse-4.2016, valid_pr--0.0018
2024-09-25 16:07:16 - INFO - epoch-147, train_loss-13.1838, train_rmse-3.6309, valid_rmse-4.0748, valid_pr--0.0185
2024-09-25 16:07:19 - INFO - epoch-148, train_loss-13.1258, train_rmse-3.6230, valid_rmse-3.9594, valid_pr--0.0553
2024-09-25 16:07:22 - INFO - epoch-149, train_loss-13.0881, train_rmse-3.6178, valid_rmse-3.8881, valid_pr--0.1042
2024-09-25 16:07:25 - INFO - epoch-150, train_loss-12.4457, train_rmse-3.5278, valid_rmse-3.8157, valid_pr--0.1186
2024-09-25 16:07:28 - INFO - epoch-151, train_loss-12.4050, train_rmse-3.5221, valid_rmse-3.7611, valid_pr--0.1401
2024-09-25 16:07:32 - INFO - epoch-152, train_loss-12.0802, train_rmse-3.4757, valid_rmse-3.7215, valid_pr--0.1445
2024-09-25 16:07:35 - INFO - epoch-153, train_loss-11.9712, train_rmse-3.4599, valid_rmse-3.6446, valid_pr--0.1390
2024-09-25 16:07:38 - INFO - epoch-154, train_loss-11.9021, train_rmse-3.4499, valid_rmse-3.5186, valid_pr--0.1168
2024-09-25 16:07:41 - INFO - epoch-155, train_loss-11.5164, train_rmse-3.3936, valid_rmse-3.4436, valid_pr--0.0987
2024-09-25 16:07:44 - INFO - epoch-156, train_loss-11.4153, train_rmse-3.3787, valid_rmse-3.3790, valid_pr--0.0747
2024-09-25 16:07:47 - INFO - epoch-157, train_loss-11.3363, train_rmse-3.3669, valid_rmse-3.3663, valid_pr--0.0758
2024-09-25 16:07:50 - INFO - epoch-158, train_loss-11.3477, train_rmse-3.3686, valid_rmse-3.4264, valid_pr--0.1070
2024-09-25 16:07:53 - INFO - epoch-159, train_loss-10.9000, train_rmse-3.3015, valid_rmse-3.5384, valid_pr--0.1728
2024-09-25 16:07:56 - INFO - epoch-160, train_loss-10.6680, train_rmse-3.2662, valid_rmse-3.6702, valid_pr--0.2978
2024-09-25 16:07:59 - INFO - epoch-161, train_loss-10.6717, train_rmse-3.2668, valid_rmse-3.7569, valid_pr--0.3813
2024-09-25 16:08:01 - INFO - epoch-162, train_loss-10.2828, train_rmse-3.2067, valid_rmse-3.7128, valid_pr--0.3859
2024-09-25 16:08:04 - INFO - epoch-163, train_loss-10.1391, train_rmse-3.1842, valid_rmse-3.5451, valid_pr--0.3175
2024-09-25 16:08:07 - INFO - epoch-164, train_loss-10.0247, train_rmse-3.1662, valid_rmse-3.4302, valid_pr--0.2325
2024-09-25 16:08:10 - INFO - epoch-165, train_loss-9.8154, train_rmse-3.1330, valid_rmse-3.3733, valid_pr--0.1388
2024-09-25 16:08:13 - INFO - epoch-166, train_loss-9.3406, train_rmse-3.0562, valid_rmse-3.3504, valid_pr-0.0068
2024-09-25 16:08:16 - INFO - epoch-167, train_loss-9.6827, train_rmse-3.1117, valid_rmse-3.2663, valid_pr-0.1376
2024-09-25 16:08:19 - INFO - epoch-168, train_loss-8.9507, train_rmse-2.9918, valid_rmse-3.1776, valid_pr-0.2162
2024-09-25 16:08:23 - INFO - epoch-169, train_loss-9.1082, train_rmse-3.0180, valid_rmse-3.0971, valid_pr-0.2082
2024-09-25 16:08:26 - INFO - epoch-170, train_loss-8.8424, train_rmse-2.9736, valid_rmse-3.0429, valid_pr-0.1816
2024-09-25 16:08:29 - INFO - epoch-171, train_loss-8.5701, train_rmse-2.9275, valid_rmse-3.0461, valid_pr-0.1639
2024-09-25 16:08:31 - INFO - epoch-172, train_loss-8.7430, train_rmse-2.9569, valid_rmse-3.0956, valid_pr-0.1567
2024-09-25 16:08:34 - INFO - epoch-173, train_loss-8.3819, train_rmse-2.8951, valid_rmse-3.1786, valid_pr-0.1592
2024-09-25 16:08:37 - INFO - epoch-174, train_loss-8.4273, train_rmse-2.9030, valid_rmse-3.2009, valid_pr-0.1949
2024-09-25 16:08:40 - INFO - epoch-175, train_loss-7.7130, train_rmse-2.7772, valid_rmse-3.1806, valid_pr-0.2456
2024-09-25 16:08:43 - INFO - epoch-176, train_loss-7.7592, train_rmse-2.7855, valid_rmse-3.1034, valid_pr-0.2900
2024-09-25 16:08:46 - INFO - epoch-177, train_loss-7.6349, train_rmse-2.7631, valid_rmse-3.0104, valid_pr-0.3304
2024-09-25 16:08:49 - INFO - epoch-178, train_loss-7.5538, train_rmse-2.7484, valid_rmse-2.9307, valid_pr-0.2960
2024-09-25 16:08:53 - INFO - epoch-179, train_loss-7.4722, train_rmse-2.7335, valid_rmse-2.9234, valid_pr-0.1313
2024-09-25 16:08:55 - INFO - epoch-180, train_loss-7.0572, train_rmse-2.6565, valid_rmse-2.9454, valid_pr--0.0307
2024-09-25 16:08:58 - INFO - epoch-181, train_loss-7.1949, train_rmse-2.6823, valid_rmse-3.0004, valid_pr--0.1708
2024-09-25 16:09:01 - INFO - epoch-182, train_loss-6.7982, train_rmse-2.6073, valid_rmse-3.0605, valid_pr--0.2600
2024-09-25 16:09:04 - INFO - epoch-183, train_loss-6.6810, train_rmse-2.5848, valid_rmse-3.0725, valid_pr--0.2999
2024-09-25 16:09:07 - INFO - epoch-184, train_loss-6.6240, train_rmse-2.5737, valid_rmse-2.9472, valid_pr--0.1912
2024-09-25 16:09:10 - INFO - epoch-185, train_loss-6.3719, train_rmse-2.5243, valid_rmse-2.8535, valid_pr--0.1450
2024-09-25 16:09:13 - INFO - epoch-186, train_loss-6.0423, train_rmse-2.4581, valid_rmse-2.7313, valid_pr--0.0852
2024-09-25 16:09:16 - INFO - epoch-187, train_loss-5.8958, train_rmse-2.4281, valid_rmse-2.6475, valid_pr--0.0470
2024-09-25 16:09:19 - INFO - epoch-188, train_loss-5.8880, train_rmse-2.4265, valid_rmse-2.6018, valid_pr--0.0659
2024-09-25 16:09:22 - INFO - epoch-189, train_loss-5.7857, train_rmse-2.4053, valid_rmse-2.5845, valid_pr--0.0770
2024-09-25 16:09:25 - INFO - epoch-190, train_loss-5.9121, train_rmse-2.4315, valid_rmse-2.5924, valid_pr--0.0598
2024-09-25 16:09:28 - INFO - epoch-191, train_loss-5.6188, train_rmse-2.3704, valid_rmse-2.6013, valid_pr--0.0539
2024-09-25 16:09:31 - INFO - epoch-192, train_loss-5.2875, train_rmse-2.2995, valid_rmse-2.6186, valid_pr--0.0608
2024-09-25 16:09:34 - INFO - epoch-193, train_loss-5.1985, train_rmse-2.2800, valid_rmse-2.6147, valid_pr--0.0676
2024-09-25 16:09:37 - INFO - epoch-194, train_loss-5.1738, train_rmse-2.2746, valid_rmse-2.5835, valid_pr--0.0750
2024-09-25 16:09:40 - INFO - epoch-195, train_loss-4.7219, train_rmse-2.1730, valid_rmse-2.5542, valid_pr--0.0687
2024-09-25 16:09:43 - INFO - epoch-196, train_loss-5.0568, train_rmse-2.2487, valid_rmse-2.4725, valid_pr--0.0320
2024-09-25 16:09:46 - INFO - epoch-197, train_loss-4.5757, train_rmse-2.1391, valid_rmse-2.4416, valid_pr--0.0118
2024-09-25 16:09:49 - INFO - epoch-198, train_loss-4.6268, train_rmse-2.1510, valid_rmse-2.3998, valid_pr--0.0008
2024-09-25 16:09:52 - INFO - epoch-199, train_loss-4.2689, train_rmse-2.0661, valid_rmse-2.3414, valid_pr-0.0173
2024-09-25 16:09:55 - INFO - epoch-200, train_loss-4.3670, train_rmse-2.0897, valid_rmse-2.3118, valid_pr-0.0093
2024-09-25 16:09:58 - INFO - epoch-201, train_loss-4.3062, train_rmse-2.0751, valid_rmse-2.2854, valid_pr-0.0246
2024-09-25 16:10:01 - INFO - epoch-202, train_loss-4.2645, train_rmse-2.0651, valid_rmse-2.2675, valid_pr-0.0346
2024-09-25 16:10:04 - INFO - epoch-203, train_loss-4.0291, train_rmse-2.0073, valid_rmse-2.2359, valid_pr-0.0451
2024-09-25 16:10:07 - INFO - epoch-204, train_loss-3.8071, train_rmse-1.9512, valid_rmse-2.2024, valid_pr-0.1024
2024-09-25 16:10:10 - INFO - epoch-205, train_loss-4.3580, train_rmse-2.0876, valid_rmse-2.1658, valid_pr-0.1531
2024-09-25 16:10:13 - INFO - epoch-206, train_loss-3.7758, train_rmse-1.9431, valid_rmse-2.1086, valid_pr-0.2193
2024-09-25 16:10:16 - INFO - epoch-207, train_loss-3.8524, train_rmse-1.9628, valid_rmse-2.1071, valid_pr-0.3073
2024-09-25 16:10:19 - INFO - epoch-208, train_loss-4.0355, train_rmse-2.0089, valid_rmse-2.1187, valid_pr-0.3805
2024-09-25 16:10:21 - INFO - epoch-209, train_loss-3.3193, train_rmse-1.8219, valid_rmse-2.1109, valid_pr-0.3948
2024-09-25 16:10:25 - INFO - epoch-210, train_loss-3.3554, train_rmse-1.8318, valid_rmse-2.1065, valid_pr-0.3236
2024-09-25 16:10:27 - INFO - epoch-211, train_loss-3.5020, train_rmse-1.8714, valid_rmse-2.0897, valid_pr-0.2000
2024-09-25 16:10:31 - INFO - epoch-212, train_loss-3.5780, train_rmse-1.8916, valid_rmse-2.1267, valid_pr-0.1026
2024-09-25 16:10:33 - INFO - epoch-213, train_loss-3.1046, train_rmse-1.7620, valid_rmse-2.1197, valid_pr-0.0557
2024-09-25 16:10:36 - INFO - epoch-214, train_loss-3.5108, train_rmse-1.8737, valid_rmse-2.1456, valid_pr-0.0374
2024-09-25 16:10:39 - INFO - epoch-215, train_loss-2.9826, train_rmse-1.7270, valid_rmse-2.1790, valid_pr-0.0343
2024-09-25 16:10:43 - INFO - epoch-216, train_loss-3.1271, train_rmse-1.7684, valid_rmse-2.1775, valid_pr-0.0773
2024-09-25 16:10:45 - INFO - epoch-217, train_loss-2.8345, train_rmse-1.6836, valid_rmse-2.2038, valid_pr-0.1012
2024-09-25 16:10:49 - INFO - epoch-218, train_loss-3.9010, train_rmse-1.9751, valid_rmse-2.2452, valid_pr-0.0483
2024-09-25 16:10:51 - INFO - epoch-219, train_loss-2.5805, train_rmse-1.6064, valid_rmse-2.2776, valid_pr--0.0113
2024-09-25 16:10:55 - INFO - epoch-220, train_loss-2.9964, train_rmse-1.7310, valid_rmse-2.3100, valid_pr--0.0611
2024-09-25 16:10:57 - INFO - epoch-221, train_loss-2.9647, train_rmse-1.7218, valid_rmse-2.2727, valid_pr--0.0603
2024-09-25 16:11:00 - INFO - epoch-222, train_loss-3.4354, train_rmse-1.8535, valid_rmse-2.2403, valid_pr--0.0332
2024-09-25 16:11:03 - INFO - epoch-223, train_loss-2.6082, train_rmse-1.6150, valid_rmse-2.1986, valid_pr-0.0307
2024-09-25 16:11:06 - INFO - epoch-224, train_loss-2.6012, train_rmse-1.6128, valid_rmse-2.1716, valid_pr-0.0909
2024-09-25 16:11:09 - INFO - epoch-225, train_loss-2.7211, train_rmse-1.6496, valid_rmse-2.0733, valid_pr-0.1826
2024-09-25 16:11:12 - INFO - epoch-226, train_loss-2.6270, train_rmse-1.6208, valid_rmse-1.9951, valid_pr-0.2742
2024-09-25 16:11:15 - INFO - epoch-227, train_loss-2.7530, train_rmse-1.6592, valid_rmse-1.9260, valid_pr-0.2863
2024-09-25 16:11:18 - INFO - epoch-228, train_loss-2.6610, train_rmse-1.6313, valid_rmse-1.8662, valid_pr-0.2080
2024-09-25 16:11:21 - INFO - epoch-229, train_loss-2.3262, train_rmse-1.5252, valid_rmse-1.8516, valid_pr-0.1125
2024-09-25 16:11:25 - INFO - epoch-230, train_loss-2.8706, train_rmse-1.6943, valid_rmse-1.8536, valid_pr-0.0635
2024-09-25 16:11:27 - INFO - epoch-231, train_loss-2.1634, train_rmse-1.4709, valid_rmse-1.8368, valid_pr-0.0675
2024-09-25 16:11:30 - INFO - epoch-232, train_loss-1.8717, train_rmse-1.3681, valid_rmse-1.8344, valid_pr-0.0882
2024-09-25 16:11:33 - INFO - epoch-233, train_loss-2.0527, train_rmse-1.4327, valid_rmse-1.8583, valid_pr-0.1116
2024-09-25 16:11:36 - INFO - epoch-234, train_loss-2.4285, train_rmse-1.5584, valid_rmse-1.8913, valid_pr-0.1468
2024-09-25 16:11:39 - INFO - epoch-235, train_loss-1.8971, train_rmse-1.3774, valid_rmse-1.9417, valid_pr-0.1689
2024-09-25 16:11:42 - INFO - epoch-236, train_loss-2.0413, train_rmse-1.4288, valid_rmse-1.9525, valid_pr-0.1494
2024-09-25 16:11:45 - INFO - epoch-237, train_loss-2.1971, train_rmse-1.4823, valid_rmse-1.9378, valid_pr-0.1092
2024-09-25 16:11:48 - INFO - epoch-238, train_loss-1.9385, train_rmse-1.3923, valid_rmse-1.8771, valid_pr-0.0948
2024-09-25 16:11:51 - INFO - epoch-239, train_loss-1.4333, train_rmse-1.1972, valid_rmse-1.8488, valid_pr-0.0778
2024-09-25 16:11:54 - INFO - epoch-240, train_loss-1.9359, train_rmse-1.3914, valid_rmse-1.8124, valid_pr-0.0641
2024-09-25 16:11:57 - INFO - epoch-241, train_loss-1.9295, train_rmse-1.3891, valid_rmse-1.7414, valid_pr-0.0998
2024-09-25 16:12:00 - INFO - epoch-242, train_loss-1.7453, train_rmse-1.3211, valid_rmse-1.6782, valid_pr-0.1237
2024-09-25 16:12:03 - INFO - epoch-243, train_loss-2.0008, train_rmse-1.4145, valid_rmse-1.6233, valid_pr-0.1815
2024-09-25 16:12:06 - INFO - epoch-244, train_loss-2.0800, train_rmse-1.4422, valid_rmse-1.6497, valid_pr-0.2298
2024-09-25 16:12:09 - INFO - epoch-245, train_loss-2.3524, train_rmse-1.5338, valid_rmse-1.6820, valid_pr-0.2498
2024-09-25 16:12:12 - INFO - epoch-246, train_loss-1.5420, train_rmse-1.2418, valid_rmse-1.7310, valid_pr-0.2468
2024-09-25 16:12:15 - INFO - epoch-247, train_loss-1.3477, train_rmse-1.1609, valid_rmse-1.7792, valid_pr-0.2479
2024-09-25 16:12:17 - INFO - epoch-248, train_loss-1.8477, train_rmse-1.3593, valid_rmse-1.8158, valid_pr-0.2789
2024-09-25 16:12:20 - INFO - epoch-249, train_loss-1.8920, train_rmse-1.3755, valid_rmse-1.8262, valid_pr-0.3635
2024-09-25 16:12:23 - INFO - epoch-250, train_loss-1.4812, train_rmse-1.2170, valid_rmse-1.8264, valid_pr-0.4506
2024-09-25 16:12:26 - INFO - epoch-251, train_loss-1.2408, train_rmse-1.1139, valid_rmse-1.8331, valid_pr-0.5267
2024-09-25 16:12:29 - INFO - epoch-252, train_loss-1.7165, train_rmse-1.3101, valid_rmse-1.7217, valid_pr-0.6081
2024-09-25 16:12:32 - INFO - epoch-253, train_loss-1.2550, train_rmse-1.1203, valid_rmse-1.5589, valid_pr-0.6611
2024-09-25 16:12:35 - INFO - epoch-254, train_loss-1.4254, train_rmse-1.1939, valid_rmse-1.4171, valid_pr-0.7056
2024-09-25 16:12:38 - INFO - epoch-255, train_loss-1.3524, train_rmse-1.1629, valid_rmse-1.3126, valid_pr-0.7070
2024-09-25 16:12:41 - INFO - epoch-256, train_loss-1.5336, train_rmse-1.2384, valid_rmse-1.2383, valid_pr-0.7000
2024-09-25 16:12:44 - INFO - epoch-257, train_loss-1.1477, train_rmse-1.0713, valid_rmse-1.1823, valid_pr-0.6843
2024-09-25 16:12:47 - INFO - epoch-258, train_loss-0.9925, train_rmse-0.9962, valid_rmse-1.2361, valid_pr-0.6278
2024-09-25 16:12:50 - INFO - epoch-259, train_loss-1.2873, train_rmse-1.1346, valid_rmse-1.3537, valid_pr-0.5314
2024-09-25 16:12:53 - INFO - epoch-260, train_loss-1.4101, train_rmse-1.1875, valid_rmse-1.4373, valid_pr-0.4533
2024-09-25 16:12:56 - INFO - epoch-261, train_loss-1.0721, train_rmse-1.0354, valid_rmse-1.5714, valid_pr-0.3086
2024-09-25 16:12:59 - INFO - epoch-262, train_loss-1.9600, train_rmse-1.4000, valid_rmse-1.7489, valid_pr-0.0727
2024-09-25 16:13:02 - INFO - epoch-263, train_loss-1.0519, train_rmse-1.0256, valid_rmse-1.8795, valid_pr--0.0820
2024-09-25 16:13:05 - INFO - epoch-264, train_loss-1.7926, train_rmse-1.3389, valid_rmse-1.9426, valid_pr--0.1396
2024-09-25 16:13:08 - INFO - epoch-265, train_loss-1.1678, train_rmse-1.0806, valid_rmse-1.9311, valid_pr--0.1380
2024-09-25 16:13:11 - INFO - epoch-266, train_loss-1.0591, train_rmse-1.0291, valid_rmse-1.9083, valid_pr--0.1124
2024-09-25 16:13:13 - INFO - epoch-267, train_loss-1.7856, train_rmse-1.3363, valid_rmse-1.8866, valid_pr--0.0691
2024-09-25 16:13:16 - INFO - epoch-268, train_loss-1.2570, train_rmse-1.1212, valid_rmse-1.8652, valid_pr--0.0344
2024-09-25 16:13:19 - INFO - epoch-269, train_loss-1.2627, train_rmse-1.1237, valid_rmse-1.8520, valid_pr--0.0335
2024-09-25 16:13:22 - INFO - epoch-270, train_loss-1.1050, train_rmse-1.0512, valid_rmse-1.8673, valid_pr--0.0663
2024-09-25 16:13:25 - INFO - epoch-271, train_loss-1.0484, train_rmse-1.0239, valid_rmse-1.8720, valid_pr--0.0875
2024-09-25 16:13:28 - INFO - epoch-272, train_loss-0.8907, train_rmse-0.9438, valid_rmse-1.8708, valid_pr--0.1084
2024-09-25 16:13:31 - INFO - epoch-273, train_loss-1.0309, train_rmse-1.0153, valid_rmse-1.8535, valid_pr--0.1024
2024-09-25 16:13:34 - INFO - epoch-274, train_loss-1.0902, train_rmse-1.0441, valid_rmse-1.8453, valid_pr--0.1218
2024-09-25 16:13:37 - INFO - epoch-275, train_loss-1.4378, train_rmse-1.1991, valid_rmse-1.8564, valid_pr--0.1478
2024-09-25 16:13:40 - INFO - epoch-276, train_loss-0.9506, train_rmse-0.9750, valid_rmse-1.8789, valid_pr--0.1714
2024-09-25 16:13:43 - INFO - epoch-277, train_loss-0.7773, train_rmse-0.8817, valid_rmse-1.9008, valid_pr--0.1815
2024-09-25 16:13:46 - INFO - epoch-278, train_loss-0.8642, train_rmse-0.9296, valid_rmse-1.9179, valid_pr--0.1780
2024-09-25 16:13:49 - INFO - epoch-279, train_loss-1.2443, train_rmse-1.1155, valid_rmse-1.9071, valid_pr--0.1639
2024-09-25 16:13:52 - INFO - epoch-280, train_loss-0.8303, train_rmse-0.9112, valid_rmse-1.8680, valid_pr--0.1309
2024-09-25 16:13:54 - INFO - epoch-281, train_loss-0.9140, train_rmse-0.9560, valid_rmse-1.8146, valid_pr--0.0892
2024-09-25 16:13:58 - INFO - epoch-282, train_loss-1.2356, train_rmse-1.1116, valid_rmse-1.7060, valid_pr--0.0137
2024-09-25 16:14:00 - INFO - epoch-283, train_loss-0.9004, train_rmse-0.9489, valid_rmse-1.5754, valid_pr-0.1314
2024-09-25 16:14:03 - INFO - epoch-284, train_loss-0.8600, train_rmse-0.9274, valid_rmse-1.5214, valid_pr-0.2025
2024-09-25 16:14:06 - INFO - epoch-285, train_loss-1.0190, train_rmse-1.0095, valid_rmse-1.4919, valid_pr-0.2477
2024-09-25 16:14:09 - INFO - epoch-286, train_loss-1.0435, train_rmse-1.0215, valid_rmse-1.4784, valid_pr-0.2712
2024-09-25 16:14:12 - INFO - epoch-287, train_loss-1.1700, train_rmse-1.0817, valid_rmse-1.4826, valid_pr-0.2723
2024-09-25 16:14:15 - INFO - epoch-288, train_loss-1.2907, train_rmse-1.1361, valid_rmse-1.5393, valid_pr-0.2351
2024-09-25 16:14:17 - INFO - epoch-289, train_loss-1.1964, train_rmse-1.0938, valid_rmse-1.5622, valid_pr-0.2526
2024-09-25 16:14:20 - INFO - epoch-290, train_loss-0.5158, train_rmse-0.7182, valid_rmse-1.5325, valid_pr-0.2894
2024-09-25 16:14:23 - INFO - epoch-291, train_loss-1.1289, train_rmse-1.0625, valid_rmse-1.4510, valid_pr-0.3627
2024-09-25 16:14:26 - INFO - epoch-292, train_loss-0.8771, train_rmse-0.9365, valid_rmse-1.3871, valid_pr-0.4196
2024-09-25 16:14:29 - INFO - epoch-293, train_loss-2.0228, train_rmse-1.4223, valid_rmse-1.3057, valid_pr-0.5012
2024-09-25 16:14:32 - INFO - epoch-294, train_loss-1.0730, train_rmse-1.0358, valid_rmse-1.2992, valid_pr-0.5250
2024-09-25 16:14:35 - INFO - epoch-295, train_loss-2.0565, train_rmse-1.4340, valid_rmse-1.3159, valid_pr-0.5234
2024-09-25 16:14:38 - INFO - epoch-296, train_loss-0.9690, train_rmse-0.9844, valid_rmse-1.3644, valid_pr-0.4989
2024-09-25 16:14:41 - INFO - epoch-297, train_loss-1.1275, train_rmse-1.0619, valid_rmse-1.4384, valid_pr-0.4612
2024-09-25 16:14:44 - INFO - epoch-298, train_loss-1.0414, train_rmse-1.0205, valid_rmse-1.5184, valid_pr-0.4264
2024-09-25 16:14:47 - INFO - epoch-299, train_loss-1.0386, train_rmse-1.0191, valid_rmse-1.5843, valid_pr-0.4052
2024-09-25 16:14:50 - INFO - epoch-300, train_loss-1.0669, train_rmse-1.0329, valid_rmse-1.6291, valid_pr-0.4033
2024-09-25 16:14:52 - INFO - epoch-301, train_loss-1.0397, train_rmse-1.0197, valid_rmse-1.6691, valid_pr-0.3956
2024-09-25 16:14:55 - INFO - epoch-302, train_loss-1.1004, train_rmse-1.0490, valid_rmse-1.7131, valid_pr-0.3886
2024-09-25 16:14:59 - INFO - epoch-303, train_loss-1.2836, train_rmse-1.1329, valid_rmse-1.7435, valid_pr-0.3699
2024-09-25 16:15:02 - INFO - epoch-304, train_loss-1.3485, train_rmse-1.1612, valid_rmse-1.7190, valid_pr-0.3730
2024-09-25 16:15:04 - INFO - epoch-305, train_loss-0.7116, train_rmse-0.8436, valid_rmse-1.6770, valid_pr-0.3751
2024-09-25 16:15:07 - INFO - epoch-306, train_loss-0.9225, train_rmse-0.9605, valid_rmse-1.6160, valid_pr-0.3787
2024-09-25 16:15:10 - INFO - epoch-307, train_loss-0.8431, train_rmse-0.9182, valid_rmse-1.5787, valid_pr-0.3759
2024-09-25 16:15:13 - INFO - epoch-308, train_loss-0.7648, train_rmse-0.8745, valid_rmse-1.5501, valid_pr-0.3707
2024-09-25 16:15:16 - INFO - epoch-309, train_loss-0.8430, train_rmse-0.9182, valid_rmse-1.5509, valid_pr-0.3549
2024-09-25 16:15:19 - INFO - epoch-310, train_loss-1.1215, train_rmse-1.0590, valid_rmse-1.5631, valid_pr-0.3446
2024-09-25 16:15:22 - INFO - epoch-311, train_loss-1.3493, train_rmse-1.1616, valid_rmse-1.5470, valid_pr-0.3523
2024-09-25 16:15:25 - INFO - epoch-312, train_loss-1.5075, train_rmse-1.2278, valid_rmse-1.5435, valid_pr-0.3543
2024-09-25 16:15:28 - INFO - epoch-313, train_loss-0.7069, train_rmse-0.8408, valid_rmse-1.5404, valid_pr-0.3638
2024-09-25 16:15:31 - INFO - epoch-314, train_loss-1.1824, train_rmse-1.0874, valid_rmse-1.5778, valid_pr-0.3609
2024-09-25 16:15:33 - INFO - epoch-315, train_loss-1.0138, train_rmse-1.0069, valid_rmse-1.5948, valid_pr-0.3675
2024-09-25 16:15:36 - INFO - epoch-316, train_loss-1.0003, train_rmse-1.0002, valid_rmse-1.6209, valid_pr-0.3547
2024-09-25 16:15:39 - INFO - epoch-317, train_loss-0.9892, train_rmse-0.9946, valid_rmse-1.6336, valid_pr-0.3440
2024-09-25 16:15:42 - INFO - epoch-318, train_loss-1.1171, train_rmse-1.0569, valid_rmse-1.6326, valid_pr-0.3368
2024-09-25 16:15:45 - INFO - epoch-319, train_loss-0.5362, train_rmse-0.7322, valid_rmse-1.6140, valid_pr-0.3336
2024-09-25 16:15:48 - INFO - epoch-320, train_loss-1.1027, train_rmse-1.0501, valid_rmse-1.5723, valid_pr-0.3438
2024-09-25 16:15:51 - INFO - epoch-321, train_loss-0.5795, train_rmse-0.7613, valid_rmse-1.5388, valid_pr-0.3530
2024-09-25 16:15:54 - INFO - epoch-322, train_loss-1.0412, train_rmse-1.0204, valid_rmse-1.5072, valid_pr-0.3696
2024-09-25 16:15:57 - INFO - epoch-323, train_loss-0.6441, train_rmse-0.8026, valid_rmse-1.4940, valid_pr-0.3743
2024-09-25 16:16:00 - INFO - epoch-324, train_loss-1.1984, train_rmse-1.0947, valid_rmse-1.4577, valid_pr-0.4053
2024-09-25 16:16:03 - INFO - epoch-325, train_loss-0.8904, train_rmse-0.9436, valid_rmse-1.4150, valid_pr-0.4386
2024-09-25 16:16:06 - INFO - epoch-326, train_loss-1.3950, train_rmse-1.1811, valid_rmse-1.4228, valid_pr-0.4518
2024-09-25 16:16:09 - INFO - epoch-327, train_loss-1.1566, train_rmse-1.0755, valid_rmse-1.4350, valid_pr-0.4665
2024-09-25 16:16:12 - INFO - epoch-328, train_loss-1.0818, train_rmse-1.0401, valid_rmse-1.4630, valid_pr-0.4626
2024-09-25 16:16:15 - INFO - epoch-329, train_loss-1.1622, train_rmse-1.0780, valid_rmse-1.4379, valid_pr-0.4679
2024-09-25 16:16:18 - INFO - epoch-330, train_loss-0.8850, train_rmse-0.9407, valid_rmse-1.4365, valid_pr-0.4532
2024-09-25 16:16:20 - INFO - epoch-331, train_loss-1.7932, train_rmse-1.3391, valid_rmse-1.4536, valid_pr-0.4292
2024-09-25 16:16:23 - INFO - epoch-332, train_loss-0.7714, train_rmse-0.8783, valid_rmse-1.4696, valid_pr-0.4008
2024-09-25 16:16:26 - INFO - epoch-333, train_loss-1.3865, train_rmse-1.1775, valid_rmse-1.4867, valid_pr-0.3730
2024-09-25 16:16:29 - INFO - epoch-334, train_loss-0.6870, train_rmse-0.8288, valid_rmse-1.4947, valid_pr-0.3584
2024-09-25 16:16:32 - INFO - epoch-335, train_loss-0.6206, train_rmse-0.7878, valid_rmse-1.5152, valid_pr-0.3404
2024-09-25 16:16:35 - INFO - epoch-336, train_loss-0.7293, train_rmse-0.8540, valid_rmse-1.5280, valid_pr-0.3240
2024-09-25 16:16:38 - INFO - epoch-337, train_loss-1.5132, train_rmse-1.2301, valid_rmse-1.5330, valid_pr-0.3227
2024-09-25 16:16:41 - INFO - epoch-338, train_loss-1.1174, train_rmse-1.0570, valid_rmse-1.5573, valid_pr-0.3081
2024-09-25 16:16:44 - INFO - epoch-339, train_loss-0.7622, train_rmse-0.8731, valid_rmse-1.5814, valid_pr-0.2917
2024-09-25 16:16:47 - INFO - epoch-340, train_loss-1.0570, train_rmse-1.0281, valid_rmse-1.6027, valid_pr-0.2813
2024-09-25 16:16:50 - INFO - epoch-341, train_loss-0.9439, train_rmse-0.9715, valid_rmse-1.5986, valid_pr-0.2822
2024-09-25 16:16:53 - INFO - epoch-342, train_loss-0.9219, train_rmse-0.9602, valid_rmse-1.6078, valid_pr-0.2771
2024-09-25 16:16:55 - INFO - epoch-343, train_loss-1.5105, train_rmse-1.2290, valid_rmse-1.6184, valid_pr-0.2721
2024-09-25 16:16:58 - INFO - epoch-344, train_loss-0.9561, train_rmse-0.9778, valid_rmse-1.6180, valid_pr-0.2725
2024-09-25 16:17:01 - INFO - epoch-345, train_loss-0.5079, train_rmse-0.7127, valid_rmse-1.6211, valid_pr-0.2733
2024-09-25 16:17:04 - INFO - epoch-346, train_loss-0.8899, train_rmse-0.9434, valid_rmse-1.6502, valid_pr-0.2393
2024-09-25 16:17:07 - INFO - epoch-347, train_loss-0.9463, train_rmse-0.9728, valid_rmse-1.6803, valid_pr-0.2085
2024-09-25 16:17:10 - INFO - epoch-348, train_loss-1.6537, train_rmse-1.2860, valid_rmse-1.6886, valid_pr-0.1982
2024-09-25 16:17:13 - INFO - epoch-349, train_loss-0.7392, train_rmse-0.8598, valid_rmse-1.6735, valid_pr-0.2085
2024-09-25 16:17:16 - INFO - epoch-350, train_loss-1.2489, train_rmse-1.1175, valid_rmse-1.6514, valid_pr-0.2164
2024-09-25 16:17:19 - INFO - epoch-351, train_loss-0.5451, train_rmse-0.7383, valid_rmse-1.6251, valid_pr-0.2255
2024-09-25 16:17:22 - INFO - epoch-352, train_loss-0.9256, train_rmse-0.9621, valid_rmse-1.6224, valid_pr-0.2054
2024-09-25 16:17:25 - INFO - epoch-353, train_loss-0.9389, train_rmse-0.9689, valid_rmse-1.6166, valid_pr-0.1799
2024-09-25 16:17:28 - INFO - epoch-354, train_loss-0.7522, train_rmse-0.8673, valid_rmse-1.6362, valid_pr-0.1390
2024-09-25 16:17:30 - INFO - epoch-355, train_loss-0.7218, train_rmse-0.8496, valid_rmse-1.6614, valid_pr-0.0984
2024-09-25 16:17:33 - INFO - epoch-356, train_loss-1.0170, train_rmse-1.0085, valid_rmse-1.6778, valid_pr-0.0740
2024-09-25 16:17:37 - INFO - epoch-357, train_loss-1.0655, train_rmse-1.0322, valid_rmse-1.6896, valid_pr-0.0649
2024-09-25 16:17:40 - INFO - epoch-358, train_loss-0.8583, train_rmse-0.9265, valid_rmse-1.7052, valid_pr-0.0621
2024-09-25 16:17:40 - INFO - early stop in epoch 358
2024-09-25 16:17:40 - INFO - best_rmse: 1.1823
