2024-10-07 18:52:30 - INFO - /blue/yanjun.li/tzutang.lin/GIGN/GIGN/train_pdbbind.py
2024-10-07 18:52:30 - INFO - train data: 81
2024-10-07 18:52:30 - INFO - valid data: 10
2024-10-07 18:52:39 - INFO - epoch-0, train_loss-37.3060, train_rmse-6.1079, valid_rmse-5.8749, valid_pr--0.3560
2024-10-07 18:52:48 - INFO - epoch-1, train_loss-36.2675, train_rmse-6.0223, valid_rmse-5.8820, valid_pr--0.5931
2024-10-07 18:52:56 - INFO - epoch-2, train_loss-35.8666, train_rmse-5.9889, valid_rmse-5.7952, valid_pr-0.3117
2024-10-07 18:53:04 - INFO - epoch-3, train_loss-35.8368, train_rmse-5.9864, valid_rmse-5.7195, valid_pr-0.4278
2024-10-07 18:53:12 - INFO - epoch-4, train_loss-35.5934, train_rmse-5.9660, valid_rmse-5.6633, valid_pr-0.4680
2024-10-07 18:53:19 - INFO - epoch-5, train_loss-35.4939, train_rmse-5.9577, valid_rmse-5.5952, valid_pr-0.4854
2024-10-07 18:53:26 - INFO - epoch-6, train_loss-35.3249, train_rmse-5.9435, valid_rmse-5.4802, valid_pr-0.4905
2024-10-07 18:53:34 - INFO - epoch-7, train_loss-35.2888, train_rmse-5.9404, valid_rmse-5.3628, valid_pr-0.5061
2024-10-07 18:53:41 - INFO - epoch-8, train_loss-35.0248, train_rmse-5.9182, valid_rmse-5.2483, valid_pr-0.5047
2024-10-07 18:53:49 - INFO - epoch-9, train_loss-35.2147, train_rmse-5.9342, valid_rmse-5.1920, valid_pr-0.5121
2024-10-07 18:53:59 - INFO - epoch-10, train_loss-34.9582, train_rmse-5.9125, valid_rmse-5.2023, valid_pr-0.5306
2024-10-07 18:54:07 - INFO - epoch-11, train_loss-34.8024, train_rmse-5.8994, valid_rmse-5.2319, valid_pr-0.5594
2024-10-07 18:54:16 - INFO - epoch-12, train_loss-34.8517, train_rmse-5.9035, valid_rmse-5.1873, valid_pr-0.5731
2024-10-07 18:54:24 - INFO - epoch-13, train_loss-34.8796, train_rmse-5.9059, valid_rmse-5.0673, valid_pr-0.5742
2024-10-07 18:54:32 - INFO - epoch-14, train_loss-34.7312, train_rmse-5.8933, valid_rmse-4.8430, valid_pr-0.5605
2024-10-07 18:54:39 - INFO - epoch-15, train_loss-34.5286, train_rmse-5.8761, valid_rmse-4.5928, valid_pr-0.5457
2024-10-07 18:54:47 - INFO - epoch-16, train_loss-34.5548, train_rmse-5.8783, valid_rmse-4.3051, valid_pr-0.5231
2024-10-07 18:54:54 - INFO - epoch-17, train_loss-34.3357, train_rmse-5.8597, valid_rmse-4.0484, valid_pr-0.5151
2024-10-07 18:55:02 - INFO - epoch-18, train_loss-34.1859, train_rmse-5.8469, valid_rmse-3.8744, valid_pr-0.5134
2024-10-07 18:55:10 - INFO - epoch-19, train_loss-34.1830, train_rmse-5.8466, valid_rmse-3.7675, valid_pr-0.5124
2024-10-07 18:55:19 - INFO - epoch-20, train_loss-33.9413, train_rmse-5.8259, valid_rmse-3.6596, valid_pr-0.5042
2024-10-07 18:55:27 - INFO - epoch-21, train_loss-34.0266, train_rmse-5.8332, valid_rmse-3.5985, valid_pr-0.4954
2024-10-07 18:55:36 - INFO - epoch-22, train_loss-33.9681, train_rmse-5.8282, valid_rmse-3.5344, valid_pr-0.4889
2024-10-07 18:55:44 - INFO - epoch-23, train_loss-33.7728, train_rmse-5.8114, valid_rmse-3.5222, valid_pr-0.4788
2024-10-07 18:55:53 - INFO - epoch-24, train_loss-33.8133, train_rmse-5.8149, valid_rmse-3.5047, valid_pr-0.4687
2024-10-07 18:56:02 - INFO - epoch-25, train_loss-33.9808, train_rmse-5.8293, valid_rmse-3.4481, valid_pr-0.4660
2024-10-07 18:56:10 - INFO - epoch-26, train_loss-33.6230, train_rmse-5.7985, valid_rmse-3.3454, valid_pr-0.4637
2024-10-07 18:56:17 - INFO - epoch-27, train_loss-33.4849, train_rmse-5.7866, valid_rmse-3.1750, valid_pr-0.4648
2024-10-07 18:56:24 - INFO - epoch-28, train_loss-33.5023, train_rmse-5.7881, valid_rmse-3.1111, valid_pr-0.4665
2024-10-07 18:56:32 - INFO - epoch-29, train_loss-33.3778, train_rmse-5.7774, valid_rmse-2.9595, valid_pr-0.4727
2024-10-07 18:56:41 - INFO - epoch-30, train_loss-33.4578, train_rmse-5.7843, valid_rmse-2.8256, valid_pr-0.4797
2024-10-07 18:56:49 - INFO - epoch-31, train_loss-33.2809, train_rmse-5.7690, valid_rmse-2.8023, valid_pr-0.4895
2024-10-07 18:56:59 - INFO - epoch-32, train_loss-33.2145, train_rmse-5.7632, valid_rmse-2.8381, valid_pr-0.4966
2024-10-07 18:57:07 - INFO - epoch-33, train_loss-33.0675, train_rmse-5.7504, valid_rmse-2.7292, valid_pr-0.5060
2024-10-07 18:57:14 - INFO - epoch-34, train_loss-32.9574, train_rmse-5.7409, valid_rmse-2.5270, valid_pr-0.5070
2024-10-07 18:57:21 - INFO - epoch-35, train_loss-32.8652, train_rmse-5.7328, valid_rmse-2.4016, valid_pr-0.5056
2024-10-07 18:57:29 - INFO - epoch-36, train_loss-32.6956, train_rmse-5.7180, valid_rmse-2.2542, valid_pr-0.5046
2024-10-07 18:57:38 - INFO - epoch-37, train_loss-32.7149, train_rmse-5.7197, valid_rmse-2.1483, valid_pr-0.5014
2024-10-07 18:57:45 - INFO - epoch-38, train_loss-32.7341, train_rmse-5.7214, valid_rmse-2.0606, valid_pr-0.4928
2024-10-07 18:57:54 - INFO - epoch-39, train_loss-32.4985, train_rmse-5.7007, valid_rmse-2.0333, valid_pr-0.4892
2024-10-07 18:58:02 - INFO - epoch-40, train_loss-32.4417, train_rmse-5.6958, valid_rmse-1.9981, valid_pr-0.4810
2024-10-07 18:58:11 - INFO - epoch-41, train_loss-32.5018, train_rmse-5.7010, valid_rmse-2.0920, valid_pr-0.4842
2024-10-07 18:58:19 - INFO - epoch-42, train_loss-32.2405, train_rmse-5.6781, valid_rmse-2.1908, valid_pr-0.4867
2024-10-07 18:58:27 - INFO - epoch-43, train_loss-32.4073, train_rmse-5.6927, valid_rmse-2.4027, valid_pr-0.4762
2024-10-07 18:58:35 - INFO - epoch-44, train_loss-32.1014, train_rmse-5.6658, valid_rmse-2.5799, valid_pr-0.4603
2024-10-07 18:58:43 - INFO - epoch-45, train_loss-31.9535, train_rmse-5.6527, valid_rmse-2.6502, valid_pr-0.4496
2024-10-07 18:58:51 - INFO - epoch-46, train_loss-32.0936, train_rmse-5.6651, valid_rmse-2.7130, valid_pr-0.4355
2024-10-07 18:58:59 - INFO - epoch-47, train_loss-31.9814, train_rmse-5.6552, valid_rmse-2.6893, valid_pr-0.4229
2024-10-07 18:59:07 - INFO - epoch-48, train_loss-31.7520, train_rmse-5.6349, valid_rmse-2.6699, valid_pr-0.4081
2024-10-07 18:59:14 - INFO - epoch-49, train_loss-31.5952, train_rmse-5.6210, valid_rmse-2.7083, valid_pr-0.4163
2024-10-07 18:59:23 - INFO - epoch-50, train_loss-31.4734, train_rmse-5.6101, valid_rmse-2.6942, valid_pr-0.4274
2024-10-07 18:59:30 - INFO - epoch-51, train_loss-31.5140, train_rmse-5.6137, valid_rmse-2.7270, valid_pr-0.4356
2024-10-07 18:59:39 - INFO - epoch-52, train_loss-31.2948, train_rmse-5.5942, valid_rmse-2.8270, valid_pr-0.4308
2024-10-07 18:59:47 - INFO - epoch-53, train_loss-31.2526, train_rmse-5.5904, valid_rmse-2.9274, valid_pr-0.4171
2024-10-07 18:59:56 - INFO - epoch-54, train_loss-31.1426, train_rmse-5.5806, valid_rmse-2.9584, valid_pr-0.4032
2024-10-07 19:00:05 - INFO - epoch-55, train_loss-31.0240, train_rmse-5.5699, valid_rmse-3.0726, valid_pr-0.3807
2024-10-07 19:00:13 - INFO - epoch-56, train_loss-31.0524, train_rmse-5.5725, valid_rmse-3.1606, valid_pr-0.3736
2024-10-07 19:00:22 - INFO - epoch-57, train_loss-30.9373, train_rmse-5.5621, valid_rmse-3.3121, valid_pr-0.3736
2024-10-07 19:00:30 - INFO - epoch-58, train_loss-30.6678, train_rmse-5.5379, valid_rmse-3.5094, valid_pr-0.3483
2024-10-07 19:00:38 - INFO - epoch-59, train_loss-30.5258, train_rmse-5.5250, valid_rmse-3.6345, valid_pr-0.3297
2024-10-07 19:00:45 - INFO - epoch-60, train_loss-30.5584, train_rmse-5.5280, valid_rmse-3.7161, valid_pr-0.3106
2024-10-07 19:00:53 - INFO - epoch-61, train_loss-30.2537, train_rmse-5.5003, valid_rmse-3.8156, valid_pr-0.2992
2024-10-07 19:01:00 - INFO - epoch-62, train_loss-30.1854, train_rmse-5.4941, valid_rmse-3.9441, valid_pr-0.3128
2024-10-07 19:01:09 - INFO - epoch-63, train_loss-29.9915, train_rmse-5.4764, valid_rmse-4.0771, valid_pr-0.3328
2024-10-07 19:01:18 - INFO - epoch-64, train_loss-29.9259, train_rmse-5.4705, valid_rmse-4.1327, valid_pr-0.3471
2024-10-07 19:01:27 - INFO - epoch-65, train_loss-29.9179, train_rmse-5.4697, valid_rmse-4.2092, valid_pr-0.3505
2024-10-07 19:01:35 - INFO - epoch-66, train_loss-29.6593, train_rmse-5.4460, valid_rmse-4.2751, valid_pr-0.3570
2024-10-07 19:01:43 - INFO - epoch-67, train_loss-29.4721, train_rmse-5.4288, valid_rmse-4.3343, valid_pr-0.3626
2024-10-07 19:01:51 - INFO - epoch-68, train_loss-29.3548, train_rmse-5.4180, valid_rmse-4.3971, valid_pr-0.3520
2024-10-07 19:02:00 - INFO - epoch-69, train_loss-29.2741, train_rmse-5.4106, valid_rmse-4.5079, valid_pr-0.3042
2024-10-07 19:02:07 - INFO - epoch-70, train_loss-29.1443, train_rmse-5.3985, valid_rmse-4.6252, valid_pr-0.2562
2024-10-07 19:02:14 - INFO - epoch-71, train_loss-28.8212, train_rmse-5.3685, valid_rmse-4.5987, valid_pr-0.2173
2024-10-07 19:02:22 - INFO - epoch-72, train_loss-28.8367, train_rmse-5.3700, valid_rmse-4.6251, valid_pr-0.2048
2024-10-07 19:02:30 - INFO - epoch-73, train_loss-28.8362, train_rmse-5.3699, valid_rmse-4.6742, valid_pr-0.1977
2024-10-07 19:02:38 - INFO - epoch-74, train_loss-28.5038, train_rmse-5.3389, valid_rmse-4.8425, valid_pr-0.1972
2024-10-07 19:02:46 - INFO - epoch-75, train_loss-28.3420, train_rmse-5.3237, valid_rmse-4.9831, valid_pr-0.2001
2024-10-07 19:02:56 - INFO - epoch-76, train_loss-28.1685, train_rmse-5.3074, valid_rmse-5.0267, valid_pr-0.2089
2024-10-07 19:03:03 - INFO - epoch-77, train_loss-28.0160, train_rmse-5.2930, valid_rmse-4.9804, valid_pr-0.2068
2024-10-07 19:03:11 - INFO - epoch-78, train_loss-28.0336, train_rmse-5.2947, valid_rmse-4.9635, valid_pr-0.1969
2024-10-07 19:03:19 - INFO - epoch-79, train_loss-27.6853, train_rmse-5.2617, valid_rmse-4.9207, valid_pr-0.1823
2024-10-07 19:03:27 - INFO - epoch-80, train_loss-27.6326, train_rmse-5.2567, valid_rmse-5.0223, valid_pr-0.1407
2024-10-07 19:03:33 - INFO - epoch-81, train_loss-27.3380, train_rmse-5.2286, valid_rmse-5.1375, valid_pr-0.1077
2024-10-07 19:03:41 - INFO - epoch-82, train_loss-27.1671, train_rmse-5.2122, valid_rmse-5.2933, valid_pr-0.0915
2024-10-07 19:03:48 - INFO - epoch-83, train_loss-27.0729, train_rmse-5.2032, valid_rmse-5.3458, valid_pr-0.1158
2024-10-07 19:03:57 - INFO - epoch-84, train_loss-26.9788, train_rmse-5.1941, valid_rmse-5.4330, valid_pr-0.0754
2024-10-07 19:04:06 - INFO - epoch-85, train_loss-26.8298, train_rmse-5.1797, valid_rmse-5.4524, valid_pr--0.0222
2024-10-07 19:04:15 - INFO - epoch-86, train_loss-26.6549, train_rmse-5.1628, valid_rmse-5.4921, valid_pr--0.1713
2024-10-07 19:04:23 - INFO - epoch-87, train_loss-26.4159, train_rmse-5.1396, valid_rmse-5.4515, valid_pr--0.1254
2024-10-07 19:04:31 - INFO - epoch-88, train_loss-26.1276, train_rmse-5.1115, valid_rmse-5.3743, valid_pr--0.0025
2024-10-07 19:04:40 - INFO - epoch-89, train_loss-25.9409, train_rmse-5.0932, valid_rmse-5.3073, valid_pr-0.0604
2024-10-07 19:04:48 - INFO - epoch-90, train_loss-25.8853, train_rmse-5.0878, valid_rmse-5.2534, valid_pr-0.1192
2024-10-07 19:04:55 - INFO - epoch-91, train_loss-25.6247, train_rmse-5.0621, valid_rmse-5.1529, valid_pr-0.1951
2024-10-07 19:05:03 - INFO - epoch-92, train_loss-25.5749, train_rmse-5.0572, valid_rmse-5.1382, valid_pr-0.1779
2024-10-07 19:05:11 - INFO - epoch-93, train_loss-25.2906, train_rmse-5.0290, valid_rmse-5.1939, valid_pr-0.0559
2024-10-07 19:05:17 - INFO - epoch-94, train_loss-25.2788, train_rmse-5.0278, valid_rmse-5.2936, valid_pr--0.0966
2024-10-07 19:05:26 - INFO - epoch-95, train_loss-24.8975, train_rmse-4.9897, valid_rmse-5.3146, valid_pr--0.1725
2024-10-07 19:05:35 - INFO - epoch-96, train_loss-24.7998, train_rmse-4.9799, valid_rmse-5.2868, valid_pr--0.2136
2024-10-07 19:05:43 - INFO - epoch-97, train_loss-24.6334, train_rmse-4.9632, valid_rmse-5.1671, valid_pr--0.1669
2024-10-07 19:05:52 - INFO - epoch-98, train_loss-24.3755, train_rmse-4.9372, valid_rmse-5.0611, valid_pr--0.1694
2024-10-07 19:06:00 - INFO - epoch-99, train_loss-24.1405, train_rmse-4.9133, valid_rmse-5.0055, valid_pr--0.1445
2024-10-07 19:06:08 - INFO - epoch-100, train_loss-23.8431, train_rmse-4.8829, valid_rmse-4.9172, valid_pr-0.0083
2024-10-07 19:06:16 - INFO - epoch-101, train_loss-23.5688, train_rmse-4.8548, valid_rmse-4.8341, valid_pr-0.1420
2024-10-07 19:06:24 - INFO - epoch-102, train_loss-23.5508, train_rmse-4.8529, valid_rmse-4.7354, valid_pr-0.2110
2024-10-07 19:06:31 - INFO - epoch-103, train_loss-23.2122, train_rmse-4.8179, valid_rmse-4.6139, valid_pr-0.2360
2024-10-07 19:06:39 - INFO - epoch-104, train_loss-23.0611, train_rmse-4.8022, valid_rmse-4.4900, valid_pr-0.2320
2024-10-07 19:06:47 - INFO - epoch-105, train_loss-22.9210, train_rmse-4.7876, valid_rmse-4.4132, valid_pr-0.2296
2024-10-07 19:06:55 - INFO - epoch-106, train_loss-22.5264, train_rmse-4.7462, valid_rmse-4.3648, valid_pr-0.2121
2024-10-07 19:07:04 - INFO - epoch-107, train_loss-22.5159, train_rmse-4.7451, valid_rmse-4.3299, valid_pr-0.2141
2024-10-07 19:07:11 - INFO - epoch-108, train_loss-22.2824, train_rmse-4.7204, valid_rmse-4.3450, valid_pr-0.1777
2024-10-07 19:07:19 - INFO - epoch-109, train_loss-21.7737, train_rmse-4.6662, valid_rmse-4.3561, valid_pr-0.1441
2024-10-07 19:07:27 - INFO - epoch-110, train_loss-21.6714, train_rmse-4.6553, valid_rmse-4.2848, valid_pr-0.1452
2024-10-07 19:07:36 - INFO - epoch-111, train_loss-21.4421, train_rmse-4.6306, valid_rmse-4.1533, valid_pr-0.2016
2024-10-07 19:07:44 - INFO - epoch-112, train_loss-21.2953, train_rmse-4.6147, valid_rmse-4.0357, valid_pr-0.2097
2024-10-07 19:07:52 - INFO - epoch-113, train_loss-21.0833, train_rmse-4.5917, valid_rmse-4.0732, valid_pr-0.1311
2024-10-07 19:08:00 - INFO - epoch-114, train_loss-20.8707, train_rmse-4.5685, valid_rmse-4.0845, valid_pr-0.1080
2024-10-07 19:08:08 - INFO - epoch-115, train_loss-20.7084, train_rmse-4.5506, valid_rmse-4.0923, valid_pr-0.1259
2024-10-07 19:08:18 - INFO - epoch-116, train_loss-20.6026, train_rmse-4.5390, valid_rmse-4.1351, valid_pr-0.2487
2024-10-07 19:08:27 - INFO - epoch-117, train_loss-20.3580, train_rmse-4.5120, valid_rmse-4.0486, valid_pr-0.4468
2024-10-07 19:08:36 - INFO - epoch-118, train_loss-19.8658, train_rmse-4.4571, valid_rmse-4.0126, valid_pr-0.4945
2024-10-07 19:08:44 - INFO - epoch-119, train_loss-19.7705, train_rmse-4.4464, valid_rmse-3.9955, valid_pr-0.5458
2024-10-07 19:08:53 - INFO - epoch-120, train_loss-19.7803, train_rmse-4.4475, valid_rmse-4.0472, valid_pr-0.5871
2024-10-07 19:09:01 - INFO - epoch-121, train_loss-19.2603, train_rmse-4.3887, valid_rmse-4.1475, valid_pr-0.6530
2024-10-07 19:09:09 - INFO - epoch-122, train_loss-19.3115, train_rmse-4.3945, valid_rmse-4.2077, valid_pr-0.7165
2024-10-07 19:09:17 - INFO - epoch-123, train_loss-18.9343, train_rmse-4.3514, valid_rmse-4.2325, valid_pr-0.6612
2024-10-07 19:09:25 - INFO - epoch-124, train_loss-18.8272, train_rmse-4.3390, valid_rmse-4.2358, valid_pr-0.5224
2024-10-07 19:09:32 - INFO - epoch-125, train_loss-18.6461, train_rmse-4.3181, valid_rmse-4.0715, valid_pr-0.4407
2024-10-07 19:09:42 - INFO - epoch-126, train_loss-18.1905, train_rmse-4.2650, valid_rmse-3.9999, valid_pr-0.3805
2024-10-07 19:09:51 - INFO - epoch-127, train_loss-17.7831, train_rmse-4.2170, valid_rmse-3.9628, valid_pr-0.3665
2024-10-07 19:09:59 - INFO - epoch-128, train_loss-17.9087, train_rmse-4.2319, valid_rmse-3.9359, valid_pr-0.4209
2024-10-07 19:10:07 - INFO - epoch-129, train_loss-17.5698, train_rmse-4.1916, valid_rmse-3.9057, valid_pr-0.4913
2024-10-07 19:10:16 - INFO - epoch-130, train_loss-17.2136, train_rmse-4.1489, valid_rmse-3.9021, valid_pr-0.5611
2024-10-07 19:10:24 - INFO - epoch-131, train_loss-17.2003, train_rmse-4.1473, valid_rmse-3.9842, valid_pr-0.5722
2024-10-07 19:10:33 - INFO - epoch-132, train_loss-17.0124, train_rmse-4.1246, valid_rmse-4.0946, valid_pr-0.4541
2024-10-07 19:10:41 - INFO - epoch-133, train_loss-16.5790, train_rmse-4.0717, valid_rmse-4.0324, valid_pr-0.4345
2024-10-07 19:10:49 - INFO - epoch-134, train_loss-16.5081, train_rmse-4.0630, valid_rmse-3.9440, valid_pr-0.3948
2024-10-07 19:10:58 - INFO - epoch-135, train_loss-15.9624, train_rmse-3.9953, valid_rmse-3.8914, valid_pr-0.3801
2024-10-07 19:11:07 - INFO - epoch-136, train_loss-15.9110, train_rmse-3.9889, valid_rmse-3.8779, valid_pr-0.4010
2024-10-07 19:11:15 - INFO - epoch-137, train_loss-15.6004, train_rmse-3.9497, valid_rmse-3.8579, valid_pr-0.4366
2024-10-07 19:11:24 - INFO - epoch-138, train_loss-15.4424, train_rmse-3.9297, valid_rmse-3.9017, valid_pr-0.4603
2024-10-07 19:11:32 - INFO - epoch-139, train_loss-15.3108, train_rmse-3.9129, valid_rmse-4.0341, valid_pr-0.4598
2024-10-07 19:11:41 - INFO - epoch-140, train_loss-15.3247, train_rmse-3.9147, valid_rmse-4.1853, valid_pr-0.3832
2024-10-07 19:11:41 - INFO - Early stopping in epoch 140. Best RMSE: 1.9981
2024-10-07 19:11:41 - INFO - Training finished and last epoch model saved for repeat 2.
