2024-08-27 21:20:46 - INFO - train_example.py
2024-08-27 21:20:46 - INFO - train data: 45
2024-08-27 21:20:46 - INFO - valid data: 5
2024-08-27 21:20:48 - INFO - epoch-0, train_loss-44.9438, train_rmse-6.7040, valid_rmse-5.7575, valid_pr-0.0677
2024-08-27 21:20:50 - INFO - epoch-1, train_loss-43.9452, train_rmse-6.6291, valid_rmse-5.7667, valid_pr-0.6813
2024-08-27 21:20:52 - INFO - epoch-2, train_loss-43.4522, train_rmse-6.5918, valid_rmse-5.6989, valid_pr-0.4994
2024-08-27 21:20:54 - INFO - epoch-3, train_loss-42.3957, train_rmse-6.5112, valid_rmse-5.6888, valid_pr-0.4538
2024-08-27 21:20:56 - INFO - epoch-4, train_loss-42.0630, train_rmse-6.4856, valid_rmse-5.7581, valid_pr-0.5720
2024-08-27 21:20:57 - INFO - epoch-5, train_loss-41.8202, train_rmse-6.4669, valid_rmse-5.8693, valid_pr-0.8981
2024-08-27 21:20:59 - INFO - epoch-6, train_loss-41.5187, train_rmse-6.4435, valid_rmse-6.0206, valid_pr-0.1307
2024-08-27 21:21:01 - INFO - epoch-7, train_loss-41.2487, train_rmse-6.4225, valid_rmse-6.1960, valid_pr--0.0693
2024-08-27 21:21:03 - INFO - epoch-8, train_loss-40.9069, train_rmse-6.3959, valid_rmse-6.3497, valid_pr--0.1582
2024-08-27 21:21:05 - INFO - epoch-9, train_loss-40.5449, train_rmse-6.3675, valid_rmse-6.4448, valid_pr--0.1973
2024-08-27 21:21:07 - INFO - epoch-10, train_loss-40.4987, train_rmse-6.3639, valid_rmse-6.5596, valid_pr--0.1927
2024-08-27 21:21:09 - INFO - epoch-11, train_loss-40.7168, train_rmse-6.3810, valid_rmse-6.7149, valid_pr--0.1680
2024-08-27 21:21:11 - INFO - epoch-12, train_loss-40.6085, train_rmse-6.3725, valid_rmse-6.8165, valid_pr--0.1496
2024-08-27 21:21:13 - INFO - epoch-13, train_loss-40.4228, train_rmse-6.3579, valid_rmse-6.7949, valid_pr--0.1193
2024-08-27 21:21:15 - INFO - epoch-14, train_loss-40.2255, train_rmse-6.3424, valid_rmse-6.8232, valid_pr--0.1094
2024-08-27 21:21:17 - INFO - epoch-15, train_loss-40.1935, train_rmse-6.3398, valid_rmse-6.7418, valid_pr--0.0321
2024-08-27 21:21:19 - INFO - epoch-16, train_loss-40.1102, train_rmse-6.3333, valid_rmse-6.6711, valid_pr-0.0302
2024-08-27 21:21:20 - INFO - epoch-17, train_loss-40.0151, train_rmse-6.3257, valid_rmse-6.5389, valid_pr-0.0982
2024-08-27 21:21:22 - INFO - epoch-18, train_loss-40.1403, train_rmse-6.3356, valid_rmse-6.4663, valid_pr-0.1457
2024-08-27 21:21:24 - INFO - epoch-19, train_loss-39.8850, train_rmse-6.3155, valid_rmse-6.4845, valid_pr-0.1625
2024-08-27 21:21:26 - INFO - epoch-20, train_loss-39.7794, train_rmse-6.3071, valid_rmse-6.5511, valid_pr-0.1572
2024-08-27 21:21:28 - INFO - epoch-21, train_loss-39.9258, train_rmse-6.3187, valid_rmse-6.8005, valid_pr-0.0991
2024-08-27 21:21:30 - INFO - epoch-22, train_loss-39.7504, train_rmse-6.3048, valid_rmse-7.0364, valid_pr-0.0578
2024-08-27 21:21:32 - INFO - epoch-23, train_loss-39.5487, train_rmse-6.2888, valid_rmse-7.2923, valid_pr-0.0127
2024-08-27 21:21:34 - INFO - epoch-24, train_loss-39.6793, train_rmse-6.2992, valid_rmse-7.5382, valid_pr--0.0159
2024-08-27 21:21:36 - INFO - epoch-25, train_loss-39.4656, train_rmse-6.2822, valid_rmse-7.5804, valid_pr--0.0154
2024-08-27 21:21:38 - INFO - epoch-26, train_loss-39.4501, train_rmse-6.2809, valid_rmse-7.6947, valid_pr--0.0318
2024-08-27 21:21:40 - INFO - epoch-27, train_loss-39.3620, train_rmse-6.2739, valid_rmse-7.7798, valid_pr--0.0510
2024-08-27 21:21:42 - INFO - epoch-28, train_loss-39.3070, train_rmse-6.2695, valid_rmse-7.9442, valid_pr--0.0621
2024-08-27 21:21:44 - INFO - epoch-29, train_loss-39.2211, train_rmse-6.2627, valid_rmse-8.0360, valid_pr--0.0468
2024-08-27 21:21:46 - INFO - epoch-30, train_loss-39.1377, train_rmse-6.2560, valid_rmse-8.2179, valid_pr--0.0449
2024-08-27 21:21:47 - INFO - epoch-31, train_loss-39.1448, train_rmse-6.2566, valid_rmse-8.2942, valid_pr--0.0364
2024-08-27 21:21:49 - INFO - epoch-32, train_loss-39.0104, train_rmse-6.2458, valid_rmse-8.1804, valid_pr--0.0143
2024-08-27 21:21:51 - INFO - epoch-33, train_loss-38.9164, train_rmse-6.2383, valid_rmse-7.9847, valid_pr-0.0133
2024-08-27 21:21:53 - INFO - epoch-34, train_loss-38.9035, train_rmse-6.2373, valid_rmse-7.6671, valid_pr-0.0524
2024-08-27 21:21:55 - INFO - epoch-35, train_loss-38.6906, train_rmse-6.2202, valid_rmse-7.4295, valid_pr-0.0839
2024-08-27 21:21:57 - INFO - epoch-36, train_loss-38.7270, train_rmse-6.2231, valid_rmse-7.1699, valid_pr-0.1264
2024-08-27 21:21:59 - INFO - epoch-37, train_loss-38.6127, train_rmse-6.2139, valid_rmse-6.9101, valid_pr-0.1605
2024-08-27 21:22:01 - INFO - epoch-38, train_loss-38.5043, train_rmse-6.2052, valid_rmse-6.8826, valid_pr-0.1479
2024-08-27 21:22:03 - INFO - epoch-39, train_loss-38.4280, train_rmse-6.1990, valid_rmse-6.7564, valid_pr-0.1555
2024-08-27 21:22:05 - INFO - epoch-40, train_loss-38.4644, train_rmse-6.2020, valid_rmse-6.5718, valid_pr-0.1670
2024-08-27 21:22:06 - INFO - epoch-41, train_loss-38.3527, train_rmse-6.1930, valid_rmse-6.3523, valid_pr-0.2021
2024-08-27 21:22:08 - INFO - epoch-42, train_loss-38.2414, train_rmse-6.1840, valid_rmse-6.1312, valid_pr-0.2368
2024-08-27 21:22:10 - INFO - epoch-43, train_loss-38.1036, train_rmse-6.1728, valid_rmse-5.9079, valid_pr-0.2848
2024-08-27 21:22:12 - INFO - epoch-44, train_loss-38.0367, train_rmse-6.1674, valid_rmse-5.7771, valid_pr-0.3103
2024-08-27 21:22:14 - INFO - epoch-45, train_loss-37.9035, train_rmse-6.1566, valid_rmse-5.7785, valid_pr-0.3162
2024-08-27 21:22:16 - INFO - epoch-46, train_loss-37.8239, train_rmse-6.1501, valid_rmse-5.6395, valid_pr-0.3755
2024-08-27 21:22:18 - INFO - epoch-47, train_loss-37.7366, train_rmse-6.1430, valid_rmse-5.6309, valid_pr-0.3856
2024-08-27 21:22:20 - INFO - epoch-48, train_loss-37.6866, train_rmse-6.1389, valid_rmse-5.5728, valid_pr-0.4235
2024-08-27 21:22:22 - INFO - epoch-49, train_loss-37.7026, train_rmse-6.1402, valid_rmse-5.6100, valid_pr-0.4400
2024-08-27 21:22:24 - INFO - epoch-50, train_loss-37.4083, train_rmse-6.1162, valid_rmse-5.7086, valid_pr-0.4260
2024-08-27 21:22:26 - INFO - epoch-51, train_loss-37.3919, train_rmse-6.1149, valid_rmse-5.9134, valid_pr-0.3828
2024-08-27 21:22:28 - INFO - epoch-52, train_loss-37.3583, train_rmse-6.1121, valid_rmse-6.0665, valid_pr-0.3747
2024-08-27 21:22:30 - INFO - epoch-53, train_loss-37.1791, train_rmse-6.0975, valid_rmse-6.0290, valid_pr-0.4095
2024-08-27 21:22:31 - INFO - epoch-54, train_loss-37.0307, train_rmse-6.0853, valid_rmse-5.9806, valid_pr-0.4431
2024-08-27 21:22:33 - INFO - epoch-55, train_loss-36.9970, train_rmse-6.0825, valid_rmse-5.8488, valid_pr-0.4732
2024-08-27 21:22:35 - INFO - epoch-56, train_loss-36.8807, train_rmse-6.0729, valid_rmse-5.6081, valid_pr-0.5394
2024-08-27 21:22:37 - INFO - epoch-57, train_loss-36.6004, train_rmse-6.0498, valid_rmse-5.4299, valid_pr-0.5821
2024-08-27 21:22:39 - INFO - epoch-58, train_loss-36.6857, train_rmse-6.0569, valid_rmse-5.3930, valid_pr-0.5803
2024-08-27 21:22:41 - INFO - epoch-59, train_loss-36.4407, train_rmse-6.0366, valid_rmse-5.2729, valid_pr-0.5956
2024-08-27 21:22:43 - INFO - epoch-60, train_loss-36.4545, train_rmse-6.0378, valid_rmse-5.4073, valid_pr-0.5549
2024-08-27 21:22:45 - INFO - epoch-61, train_loss-36.3610, train_rmse-6.0300, valid_rmse-5.4686, valid_pr-0.5299
2024-08-27 21:22:47 - INFO - epoch-62, train_loss-36.1522, train_rmse-6.0127, valid_rmse-5.4007, valid_pr-0.5295
2024-08-27 21:22:49 - INFO - epoch-63, train_loss-36.0239, train_rmse-6.0020, valid_rmse-5.3739, valid_pr-0.5265
2024-08-27 21:22:51 - INFO - epoch-64, train_loss-35.8059, train_rmse-5.9838, valid_rmse-5.3106, valid_pr-0.5284
2024-08-27 21:22:53 - INFO - epoch-65, train_loss-35.8234, train_rmse-5.9853, valid_rmse-5.3393, valid_pr-0.5284
2024-08-27 21:22:54 - INFO - epoch-66, train_loss-35.6220, train_rmse-5.9684, valid_rmse-5.2404, valid_pr-0.5415
