2024-10-04 13:41:25 - INFO - /blue/yanjun.li/tzutang.lin/GIGN/GIGN/train_pdbbind.py
2024-10-04 13:41:25 - INFO - train data: 81
2024-10-04 13:41:25 - INFO - valid data: 10
2024-10-04 13:42:37 - INFO - epoch-0, train_loss-38.7990, train_rmse-6.2289, valid_rmse-5.8023, valid_pr-0.4913
2024-10-04 13:42:43 - INFO - epoch-1, train_loss-37.1339, train_rmse-6.0938, valid_rmse-5.9975, valid_pr--0.5576
2024-10-04 13:42:48 - INFO - epoch-2, train_loss-36.5162, train_rmse-6.0429, valid_rmse-5.9580, valid_pr--0.6700
2024-10-04 13:42:54 - INFO - epoch-3, train_loss-36.0200, train_rmse-6.0017, valid_rmse-5.8653, valid_pr-0.2141
2024-10-04 13:42:58 - INFO - epoch-4, train_loss-36.3935, train_rmse-6.0327, valid_rmse-5.7106, valid_pr-0.3942
2024-10-04 13:43:03 - INFO - epoch-5, train_loss-35.8851, train_rmse-5.9904, valid_rmse-5.5500, valid_pr-0.4004
2024-10-04 13:43:09 - INFO - epoch-6, train_loss-35.9532, train_rmse-5.9961, valid_rmse-5.4059, valid_pr-0.4003
2024-10-04 13:43:14 - INFO - epoch-7, train_loss-35.9023, train_rmse-5.9919, valid_rmse-5.3180, valid_pr-0.3971
2024-10-04 13:43:20 - INFO - epoch-8, train_loss-35.7382, train_rmse-5.9781, valid_rmse-5.3122, valid_pr-0.3939
2024-10-04 13:43:26 - INFO - epoch-9, train_loss-35.4540, train_rmse-5.9543, valid_rmse-5.3916, valid_pr-0.3805
2024-10-04 13:43:31 - INFO - epoch-10, train_loss-35.4222, train_rmse-5.9517, valid_rmse-5.5072, valid_pr-0.3638
2024-10-04 13:43:36 - INFO - epoch-11, train_loss-35.2623, train_rmse-5.9382, valid_rmse-5.6463, valid_pr-0.3481
2024-10-04 13:43:41 - INFO - epoch-12, train_loss-35.4084, train_rmse-5.9505, valid_rmse-5.8128, valid_pr-0.3110
2024-10-04 13:43:46 - INFO - epoch-13, train_loss-35.1114, train_rmse-5.9255, valid_rmse-5.9429, valid_pr-0.2204
2024-10-04 13:43:52 - INFO - epoch-14, train_loss-34.9462, train_rmse-5.9115, valid_rmse-6.1058, valid_pr--0.7027
2024-10-04 13:43:57 - INFO - epoch-15, train_loss-34.8620, train_rmse-5.9044, valid_rmse-6.2415, valid_pr--0.6729
2024-10-04 13:44:02 - INFO - epoch-16, train_loss-34.9307, train_rmse-5.9102, valid_rmse-6.3537, valid_pr--0.7098
2024-10-04 13:44:07 - INFO - epoch-17, train_loss-34.8244, train_rmse-5.9012, valid_rmse-6.4725, valid_pr--0.7336
2024-10-04 13:44:12 - INFO - epoch-18, train_loss-34.7746, train_rmse-5.8970, valid_rmse-6.6312, valid_pr--0.6943
2024-10-04 13:44:17 - INFO - epoch-19, train_loss-34.6323, train_rmse-5.8849, valid_rmse-6.7830, valid_pr--0.6847
2024-10-04 13:44:21 - INFO - epoch-20, train_loss-34.6209, train_rmse-5.8840, valid_rmse-6.8649, valid_pr--0.7127
2024-10-04 13:44:26 - INFO - epoch-21, train_loss-34.6073, train_rmse-5.8828, valid_rmse-6.9202, valid_pr--0.7480
2024-10-04 13:44:31 - INFO - epoch-22, train_loss-34.5012, train_rmse-5.8738, valid_rmse-7.0707, valid_pr--0.7438
2024-10-04 13:44:36 - INFO - epoch-23, train_loss-34.4024, train_rmse-5.8654, valid_rmse-7.2880, valid_pr--0.6684
2024-10-04 13:44:42 - INFO - epoch-24, train_loss-34.1199, train_rmse-5.8412, valid_rmse-7.6012, valid_pr--0.5956
2024-10-04 13:44:48 - INFO - epoch-25, train_loss-34.1691, train_rmse-5.8454, valid_rmse-7.9956, valid_pr--0.5528
2024-10-04 13:44:53 - INFO - epoch-26, train_loss-33.8861, train_rmse-5.8212, valid_rmse-8.4032, valid_pr--0.5258
2024-10-04 13:44:59 - INFO - epoch-27, train_loss-34.0163, train_rmse-5.8323, valid_rmse-8.4831, valid_pr--0.5129
2024-10-04 13:45:05 - INFO - epoch-28, train_loss-33.9246, train_rmse-5.8245, valid_rmse-8.4321, valid_pr--0.5042
2024-10-04 13:45:10 - INFO - epoch-29, train_loss-33.8561, train_rmse-5.8186, valid_rmse-8.1773, valid_pr--0.5056
2024-10-04 13:45:15 - INFO - epoch-30, train_loss-33.8244, train_rmse-5.8159, valid_rmse-8.0191, valid_pr--0.4988
2024-10-04 13:45:20 - INFO - epoch-31, train_loss-33.6719, train_rmse-5.8027, valid_rmse-8.0393, valid_pr--0.4920
2024-10-04 13:45:25 - INFO - epoch-32, train_loss-33.7226, train_rmse-5.8071, valid_rmse-8.0618, valid_pr--0.4630
2024-10-04 13:45:30 - INFO - epoch-33, train_loss-33.3928, train_rmse-5.7786, valid_rmse-8.1305, valid_pr--0.4449
2024-10-04 13:45:35 - INFO - epoch-34, train_loss-33.3831, train_rmse-5.7778, valid_rmse-8.0836, valid_pr--0.4331
2024-10-04 13:45:40 - INFO - epoch-35, train_loss-33.2907, train_rmse-5.7698, valid_rmse-7.9020, valid_pr--0.4417
2024-10-04 13:45:45 - INFO - epoch-36, train_loss-33.0919, train_rmse-5.7526, valid_rmse-7.7339, valid_pr--0.4588
2024-10-04 13:45:50 - INFO - epoch-37, train_loss-33.0486, train_rmse-5.7488, valid_rmse-7.5009, valid_pr--0.5140
2024-10-04 13:45:55 - INFO - epoch-38, train_loss-33.1646, train_rmse-5.7589, valid_rmse-7.4092, valid_pr--0.5519
2024-10-04 13:46:01 - INFO - epoch-39, train_loss-32.9844, train_rmse-5.7432, valid_rmse-7.4253, valid_pr--0.5756
2024-10-04 13:46:07 - INFO - epoch-40, train_loss-32.9388, train_rmse-5.7392, valid_rmse-7.3194, valid_pr--0.6090
2024-10-04 13:46:12 - INFO - epoch-41, train_loss-32.7089, train_rmse-5.7192, valid_rmse-7.3228, valid_pr--0.6316
2024-10-04 13:46:18 - INFO - epoch-42, train_loss-32.6746, train_rmse-5.7162, valid_rmse-7.3510, valid_pr--0.6482
2024-10-04 13:46:22 - INFO - epoch-43, train_loss-32.6560, train_rmse-5.7145, valid_rmse-7.5011, valid_pr--0.6258
2024-10-04 13:46:28 - INFO - epoch-44, train_loss-32.5808, train_rmse-5.7080, valid_rmse-7.6313, valid_pr--0.5983
2024-10-04 13:46:33 - INFO - epoch-45, train_loss-32.4913, train_rmse-5.7001, valid_rmse-7.7372, valid_pr--0.5782
2024-10-04 13:46:37 - INFO - epoch-46, train_loss-32.3702, train_rmse-5.6895, valid_rmse-7.7772, valid_pr--0.5675
2024-10-04 13:46:42 - INFO - epoch-47, train_loss-32.2404, train_rmse-5.6781, valid_rmse-7.7120, valid_pr--0.5605
2024-10-04 13:46:48 - INFO - epoch-48, train_loss-32.2607, train_rmse-5.6799, valid_rmse-7.6120, valid_pr--0.5424
2024-10-04 13:46:53 - INFO - epoch-49, train_loss-32.1078, train_rmse-5.6664, valid_rmse-7.4371, valid_pr--0.5445
2024-10-04 13:46:59 - INFO - epoch-50, train_loss-32.1327, train_rmse-5.6686, valid_rmse-7.1539, valid_pr--0.5255
2024-10-04 13:47:05 - INFO - epoch-51, train_loss-31.8851, train_rmse-5.6467, valid_rmse-6.9647, valid_pr--0.4903
2024-10-04 13:47:10 - INFO - epoch-52, train_loss-31.8993, train_rmse-5.6479, valid_rmse-6.9214, valid_pr--0.4138
2024-10-04 13:47:15 - INFO - epoch-53, train_loss-31.7087, train_rmse-5.6311, valid_rmse-6.8239, valid_pr--0.3234
2024-10-04 13:47:21 - INFO - epoch-54, train_loss-31.6418, train_rmse-5.6251, valid_rmse-6.8031, valid_pr--0.2863
2024-10-04 13:47:26 - INFO - epoch-55, train_loss-31.4542, train_rmse-5.6084, valid_rmse-6.6901, valid_pr--0.2198
2024-10-04 13:47:31 - INFO - epoch-56, train_loss-31.3974, train_rmse-5.6033, valid_rmse-6.5678, valid_pr--0.0979
2024-10-04 13:47:36 - INFO - epoch-57, train_loss-31.2745, train_rmse-5.5924, valid_rmse-6.5835, valid_pr--0.2059
2024-10-04 13:47:41 - INFO - epoch-58, train_loss-31.1439, train_rmse-5.5807, valid_rmse-6.6387, valid_pr--0.3668
2024-10-04 13:47:46 - INFO - epoch-59, train_loss-31.0324, train_rmse-5.5707, valid_rmse-6.6825, valid_pr--0.4367
2024-10-04 13:47:51 - INFO - epoch-60, train_loss-31.0369, train_rmse-5.5711, valid_rmse-6.6848, valid_pr--0.4503
2024-10-04 13:47:56 - INFO - epoch-61, train_loss-30.7745, train_rmse-5.5475, valid_rmse-6.7886, valid_pr--0.4341
2024-10-04 13:48:01 - INFO - epoch-62, train_loss-30.7656, train_rmse-5.5467, valid_rmse-6.9031, valid_pr--0.3996
2024-10-04 13:48:06 - INFO - epoch-63, train_loss-30.6595, train_rmse-5.5371, valid_rmse-6.8451, valid_pr--0.3354
2024-10-04 13:48:11 - INFO - epoch-64, train_loss-30.4529, train_rmse-5.5184, valid_rmse-6.6342, valid_pr--0.2946
2024-10-04 13:48:15 - INFO - epoch-65, train_loss-30.2907, train_rmse-5.5037, valid_rmse-6.4137, valid_pr--0.2341
2024-10-04 13:48:21 - INFO - epoch-66, train_loss-30.3466, train_rmse-5.5088, valid_rmse-6.2653, valid_pr--0.1746
2024-10-04 13:48:27 - INFO - epoch-67, train_loss-30.1434, train_rmse-5.4903, valid_rmse-6.1130, valid_pr--0.0713
2024-10-04 13:48:32 - INFO - epoch-68, train_loss-29.8669, train_rmse-5.4651, valid_rmse-6.0992, valid_pr--0.0160
2024-10-04 13:48:37 - INFO - epoch-69, train_loss-29.7734, train_rmse-5.4565, valid_rmse-6.1284, valid_pr--0.0516
2024-10-04 13:48:41 - INFO - epoch-70, train_loss-29.6685, train_rmse-5.4469, valid_rmse-6.1164, valid_pr--0.0813
2024-10-04 13:48:46 - INFO - epoch-71, train_loss-29.5030, train_rmse-5.4317, valid_rmse-6.1479, valid_pr--0.1825
2024-10-04 13:48:51 - INFO - epoch-72, train_loss-29.4796, train_rmse-5.4295, valid_rmse-6.0762, valid_pr--0.2722
2024-10-04 13:48:56 - INFO - epoch-73, train_loss-29.1413, train_rmse-5.3983, valid_rmse-6.0520, valid_pr--0.3255
2024-10-04 13:49:00 - INFO - epoch-74, train_loss-29.1880, train_rmse-5.4026, valid_rmse-6.0002, valid_pr--0.3383
2024-10-04 13:49:05 - INFO - epoch-75, train_loss-28.9377, train_rmse-5.3794, valid_rmse-5.8545, valid_pr--0.2922
2024-10-04 13:49:10 - INFO - epoch-76, train_loss-28.7567, train_rmse-5.3625, valid_rmse-5.6808, valid_pr--0.2809
2024-10-04 13:49:16 - INFO - epoch-77, train_loss-28.6407, train_rmse-5.3517, valid_rmse-5.3930, valid_pr--0.1904
2024-10-04 13:49:21 - INFO - epoch-78, train_loss-28.5253, train_rmse-5.3409, valid_rmse-5.1219, valid_pr-0.0255
2024-10-04 13:49:27 - INFO - epoch-79, train_loss-28.4347, train_rmse-5.3324, valid_rmse-4.9353, valid_pr-0.2989
2024-10-04 13:49:33 - INFO - epoch-80, train_loss-28.2160, train_rmse-5.3119, valid_rmse-4.8840, valid_pr-0.4019
2024-10-04 13:49:38 - INFO - epoch-81, train_loss-28.0049, train_rmse-5.2920, valid_rmse-4.9007, valid_pr-0.3911
2024-10-04 13:49:44 - INFO - epoch-82, train_loss-27.8421, train_rmse-5.2766, valid_rmse-4.9800, valid_pr-0.3632
2024-10-04 13:49:49 - INFO - epoch-83, train_loss-27.6435, train_rmse-5.2577, valid_rmse-5.0050, valid_pr-0.3737
2024-10-04 13:49:54 - INFO - epoch-84, train_loss-27.4766, train_rmse-5.2418, valid_rmse-5.0500, valid_pr-0.3358
2024-10-04 13:49:59 - INFO - epoch-85, train_loss-27.3262, train_rmse-5.2274, valid_rmse-5.0914, valid_pr-0.3125
2024-10-04 13:50:04 - INFO - epoch-86, train_loss-27.3518, train_rmse-5.2299, valid_rmse-5.1328, valid_pr-0.3120
2024-10-04 13:50:09 - INFO - epoch-87, train_loss-27.2493, train_rmse-5.2201, valid_rmse-5.2108, valid_pr-0.3482
2024-10-04 13:50:14 - INFO - epoch-88, train_loss-26.9302, train_rmse-5.1894, valid_rmse-5.2293, valid_pr-0.4189
2024-10-04 13:50:19 - INFO - epoch-89, train_loss-26.7228, train_rmse-5.1694, valid_rmse-5.0781, valid_pr-0.4772
2024-10-04 13:50:23 - INFO - epoch-90, train_loss-26.5042, train_rmse-5.1482, valid_rmse-4.9187, valid_pr-0.5480
2024-10-04 13:50:27 - INFO - epoch-91, train_loss-26.4505, train_rmse-5.1430, valid_rmse-4.8300, valid_pr-0.6094
2024-10-04 13:50:32 - INFO - epoch-92, train_loss-26.1099, train_rmse-5.1098, valid_rmse-4.7917, valid_pr-0.6655
2024-10-04 13:50:39 - INFO - epoch-93, train_loss-26.0609, train_rmse-5.1050, valid_rmse-4.8849, valid_pr-0.7206
2024-10-04 13:50:44 - INFO - epoch-94, train_loss-25.8536, train_rmse-5.0846, valid_rmse-5.0701, valid_pr-0.7449
2024-10-04 13:50:50 - INFO - epoch-95, train_loss-25.5446, train_rmse-5.0542, valid_rmse-5.2064, valid_pr-0.7412
2024-10-04 13:50:54 - INFO - epoch-96, train_loss-25.4217, train_rmse-5.0420, valid_rmse-5.3115, valid_pr-0.7260
2024-10-04 13:51:00 - INFO - epoch-97, train_loss-25.2262, train_rmse-5.0226, valid_rmse-5.3347, valid_pr-0.7230
2024-10-04 13:51:04 - INFO - epoch-98, train_loss-24.9766, train_rmse-4.9977, valid_rmse-5.2664, valid_pr-0.7253
2024-10-04 13:51:09 - INFO - epoch-99, train_loss-24.9820, train_rmse-4.9982, valid_rmse-5.1557, valid_pr-0.7027
2024-10-04 13:51:14 - INFO - epoch-100, train_loss-24.6330, train_rmse-4.9632, valid_rmse-5.0914, valid_pr-0.6467
2024-10-04 13:51:19 - INFO - epoch-101, train_loss-24.3839, train_rmse-4.9380, valid_rmse-5.0021, valid_pr-0.5911
2024-10-04 13:51:24 - INFO - epoch-102, train_loss-24.2640, train_rmse-4.9258, valid_rmse-4.9455, valid_pr-0.6214
2024-10-04 13:51:30 - INFO - epoch-103, train_loss-24.1605, train_rmse-4.9153, valid_rmse-4.9220, valid_pr-0.7065
2024-10-04 13:51:35 - INFO - epoch-104, train_loss-23.6693, train_rmse-4.8651, valid_rmse-4.9520, valid_pr-0.6908
2024-10-04 13:51:41 - INFO - epoch-105, train_loss-23.5431, train_rmse-4.8521, valid_rmse-4.9474, valid_pr-0.6526
2024-10-04 13:51:45 - INFO - epoch-106, train_loss-23.4931, train_rmse-4.8470, valid_rmse-4.9482, valid_pr-0.6039
2024-10-04 13:51:51 - INFO - epoch-107, train_loss-23.3072, train_rmse-4.8278, valid_rmse-4.8823, valid_pr-0.5094
2024-10-04 13:51:56 - INFO - epoch-108, train_loss-22.9500, train_rmse-4.7906, valid_rmse-4.8564, valid_pr-0.2447
2024-10-04 13:52:01 - INFO - epoch-109, train_loss-22.8647, train_rmse-4.7817, valid_rmse-4.7411, valid_pr-0.1022
2024-10-04 13:52:06 - INFO - epoch-110, train_loss-22.5524, train_rmse-4.7489, valid_rmse-4.6466, valid_pr-0.0347
2024-10-04 13:52:10 - INFO - epoch-111, train_loss-22.5529, train_rmse-4.7490, valid_rmse-4.5998, valid_pr-0.0835
2024-10-04 13:52:15 - INFO - epoch-112, train_loss-22.1988, train_rmse-4.7116, valid_rmse-4.6032, valid_pr-0.1673
2024-10-04 13:52:20 - INFO - epoch-113, train_loss-22.0876, train_rmse-4.6997, valid_rmse-4.6794, valid_pr-0.1724
2024-10-04 13:52:25 - INFO - epoch-114, train_loss-21.7941, train_rmse-4.6684, valid_rmse-4.6809, valid_pr-0.2152
2024-10-04 13:52:30 - INFO - epoch-115, train_loss-21.4168, train_rmse-4.6278, valid_rmse-4.6751, valid_pr-0.2075
2024-10-04 13:52:36 - INFO - epoch-116, train_loss-21.5945, train_rmse-4.6470, valid_rmse-4.6764, valid_pr-0.2036
2024-10-04 13:52:41 - INFO - epoch-117, train_loss-20.9849, train_rmse-4.5809, valid_rmse-4.6606, valid_pr-0.2379
2024-10-04 13:52:46 - INFO - epoch-118, train_loss-20.8292, train_rmse-4.5639, valid_rmse-4.6244, valid_pr-0.2370
2024-10-04 13:52:51 - INFO - epoch-119, train_loss-20.7141, train_rmse-4.5513, valid_rmse-4.5323, valid_pr-0.2340
2024-10-04 13:52:56 - INFO - epoch-120, train_loss-20.4814, train_rmse-4.5256, valid_rmse-4.4233, valid_pr-0.2023
2024-10-04 13:53:00 - INFO - epoch-121, train_loss-20.0662, train_rmse-4.4795, valid_rmse-4.3396, valid_pr-0.2065
2024-10-04 13:53:05 - INFO - epoch-122, train_loss-20.0028, train_rmse-4.4724, valid_rmse-4.2205, valid_pr-0.2477
2024-10-04 13:53:10 - INFO - epoch-123, train_loss-19.7596, train_rmse-4.4452, valid_rmse-4.0382, valid_pr-0.3563
2024-10-04 13:53:15 - INFO - epoch-124, train_loss-19.4106, train_rmse-4.4058, valid_rmse-3.8390, valid_pr-0.4014
2024-10-04 13:53:20 - INFO - epoch-125, train_loss-19.5460, train_rmse-4.4211, valid_rmse-3.6933, valid_pr-0.5080
2024-10-04 13:53:25 - INFO - epoch-126, train_loss-19.0429, train_rmse-4.3638, valid_rmse-3.6864, valid_pr-0.6301
2024-10-04 13:53:30 - INFO - epoch-127, train_loss-19.0370, train_rmse-4.3631, valid_rmse-3.8198, valid_pr-0.6925
2024-10-04 13:53:35 - INFO - epoch-128, train_loss-18.6083, train_rmse-4.3137, valid_rmse-4.0120, valid_pr-0.6455
2024-10-04 13:53:40 - INFO - epoch-129, train_loss-18.3646, train_rmse-4.2854, valid_rmse-4.1794, valid_pr-0.5529
2024-10-04 13:53:45 - INFO - epoch-130, train_loss-18.0270, train_rmse-4.2458, valid_rmse-4.2846, valid_pr-0.5482
2024-10-04 13:53:50 - INFO - epoch-131, train_loss-18.0129, train_rmse-4.2442, valid_rmse-4.2961, valid_pr-0.5226
2024-10-04 13:53:55 - INFO - epoch-132, train_loss-17.5317, train_rmse-4.1871, valid_rmse-4.3344, valid_pr-0.4546
2024-10-04 13:54:01 - INFO - epoch-133, train_loss-17.4055, train_rmse-4.1720, valid_rmse-4.3537, valid_pr-0.2747
2024-10-04 13:54:06 - INFO - epoch-134, train_loss-17.0851, train_rmse-4.1334, valid_rmse-4.3155, valid_pr-0.1285
2024-10-04 13:54:11 - INFO - epoch-135, train_loss-16.9509, train_rmse-4.1171, valid_rmse-4.2349, valid_pr-0.0716
2024-10-04 13:54:16 - INFO - epoch-136, train_loss-16.7918, train_rmse-4.0978, valid_rmse-4.2525, valid_pr-0.0664
2024-10-04 13:54:21 - INFO - epoch-137, train_loss-16.5384, train_rmse-4.0667, valid_rmse-4.2635, valid_pr-0.0916
2024-10-04 13:54:26 - INFO - epoch-138, train_loss-16.2274, train_rmse-4.0283, valid_rmse-4.2471, valid_pr-0.1683
2024-10-04 13:54:31 - INFO - epoch-139, train_loss-15.9374, train_rmse-3.9922, valid_rmse-4.2050, valid_pr-0.2201
2024-10-04 13:54:35 - INFO - epoch-140, train_loss-16.0021, train_rmse-4.0003, valid_rmse-4.1710, valid_pr-0.2973
2024-10-04 13:54:40 - INFO - epoch-141, train_loss-15.7418, train_rmse-3.9676, valid_rmse-4.1266, valid_pr-0.4037
2024-10-04 13:54:45 - INFO - epoch-142, train_loss-15.3413, train_rmse-3.9168, valid_rmse-4.0520, valid_pr-0.4909
2024-10-04 13:54:51 - INFO - epoch-143, train_loss-15.0998, train_rmse-3.8858, valid_rmse-3.8746, valid_pr-0.5991
2024-10-04 13:54:57 - INFO - epoch-144, train_loss-15.1530, train_rmse-3.8927, valid_rmse-3.6475, valid_pr-0.7438
2024-10-04 13:55:02 - INFO - epoch-145, train_loss-14.7868, train_rmse-3.8454, valid_rmse-3.5314, valid_pr-0.7660
2024-10-04 13:55:07 - INFO - epoch-146, train_loss-14.9514, train_rmse-3.8667, valid_rmse-3.5240, valid_pr-0.7313
2024-10-04 13:55:12 - INFO - epoch-147, train_loss-14.4803, train_rmse-3.8053, valid_rmse-3.5313, valid_pr-0.6644
2024-10-04 13:55:18 - INFO - epoch-148, train_loss-14.1346, train_rmse-3.7596, valid_rmse-3.4688, valid_pr-0.6164
2024-10-04 13:55:23 - INFO - epoch-149, train_loss-14.0648, train_rmse-3.7503, valid_rmse-3.4364, valid_pr-0.4688
2024-10-04 13:55:28 - INFO - epoch-150, train_loss-13.7676, train_rmse-3.7105, valid_rmse-3.4648, valid_pr-0.2465
2024-10-04 13:55:32 - INFO - epoch-151, train_loss-13.3760, train_rmse-3.6573, valid_rmse-3.5144, valid_pr-0.1288
2024-10-04 13:55:38 - INFO - epoch-152, train_loss-13.0953, train_rmse-3.6187, valid_rmse-3.6039, valid_pr-0.0596
2024-10-04 13:55:43 - INFO - epoch-153, train_loss-13.2034, train_rmse-3.6337, valid_rmse-3.5886, valid_pr-0.0628
2024-10-04 13:55:48 - INFO - epoch-154, train_loss-12.6934, train_rmse-3.5628, valid_rmse-3.4829, valid_pr-0.1120
2024-10-04 13:55:54 - INFO - epoch-155, train_loss-12.5839, train_rmse-3.5474, valid_rmse-3.4276, valid_pr-0.1660
2024-10-04 13:55:59 - INFO - epoch-156, train_loss-12.6140, train_rmse-3.5516, valid_rmse-3.4232, valid_pr-0.1899
2024-10-04 13:56:04 - INFO - epoch-157, train_loss-11.9968, train_rmse-3.4636, valid_rmse-3.4814, valid_pr-0.2043
2024-10-04 13:56:09 - INFO - epoch-158, train_loss-11.7538, train_rmse-3.4284, valid_rmse-3.5302, valid_pr-0.1770
2024-10-04 13:56:14 - INFO - epoch-159, train_loss-11.7279, train_rmse-3.4246, valid_rmse-3.5615, valid_pr-0.1606
2024-10-04 13:56:19 - INFO - epoch-160, train_loss-11.6023, train_rmse-3.4062, valid_rmse-3.5744, valid_pr-0.1658
2024-10-04 13:56:24 - INFO - epoch-161, train_loss-11.3080, train_rmse-3.3627, valid_rmse-3.5426, valid_pr-0.1807
2024-10-04 13:56:28 - INFO - epoch-162, train_loss-11.2281, train_rmse-3.3508, valid_rmse-3.5343, valid_pr-0.2158
2024-10-04 13:56:33 - INFO - epoch-163, train_loss-10.8858, train_rmse-3.2994, valid_rmse-3.4673, valid_pr-0.2802
2024-10-04 13:56:38 - INFO - epoch-164, train_loss-10.8492, train_rmse-3.2938, valid_rmse-3.3515, valid_pr-0.3442
2024-10-04 13:56:42 - INFO - epoch-165, train_loss-11.2384, train_rmse-3.3524, valid_rmse-3.4018, valid_pr-0.3466
2024-10-04 13:56:48 - INFO - epoch-166, train_loss-10.5164, train_rmse-3.2429, valid_rmse-3.4360, valid_pr-0.3156
2024-10-04 13:56:54 - INFO - epoch-167, train_loss-10.1085, train_rmse-3.1794, valid_rmse-3.3710, valid_pr-0.3023
2024-10-04 13:56:59 - INFO - epoch-168, train_loss-10.0072, train_rmse-3.1634, valid_rmse-3.2576, valid_pr-0.2919
2024-10-04 13:57:04 - INFO - epoch-169, train_loss-9.8955, train_rmse-3.1457, valid_rmse-3.0180, valid_pr-0.3596
2024-10-04 13:57:09 - INFO - epoch-170, train_loss-9.5333, train_rmse-3.0876, valid_rmse-2.6853, valid_pr-0.4999
2024-10-04 13:57:14 - INFO - epoch-171, train_loss-9.6123, train_rmse-3.1004, valid_rmse-2.5162, valid_pr-0.5961
2024-10-04 13:57:19 - INFO - epoch-172, train_loss-9.0452, train_rmse-3.0075, valid_rmse-2.4509, valid_pr-0.6040
2024-10-04 13:57:24 - INFO - epoch-173, train_loss-9.2799, train_rmse-3.0463, valid_rmse-2.4822, valid_pr-0.6519
2024-10-04 13:57:29 - INFO - epoch-174, train_loss-9.2656, train_rmse-3.0439, valid_rmse-2.6479, valid_pr-0.6394
2024-10-04 13:57:34 - INFO - epoch-175, train_loss-9.0074, train_rmse-3.0012, valid_rmse-2.7398, valid_pr-0.6443
2024-10-04 13:57:39 - INFO - epoch-176, train_loss-8.3182, train_rmse-2.8841, valid_rmse-2.7862, valid_pr-0.6788
2024-10-04 13:57:45 - INFO - epoch-177, train_loss-8.3263, train_rmse-2.8855, valid_rmse-2.7287, valid_pr-0.7422
2024-10-04 13:57:49 - INFO - epoch-178, train_loss-8.2600, train_rmse-2.8740, valid_rmse-2.6488, valid_pr-0.7956
2024-10-04 13:57:54 - INFO - epoch-179, train_loss-7.8483, train_rmse-2.8015, valid_rmse-2.5720, valid_pr-0.8240
2024-10-04 13:58:00 - INFO - epoch-180, train_loss-8.1155, train_rmse-2.8488, valid_rmse-2.4613, valid_pr-0.8421
2024-10-04 13:58:05 - INFO - epoch-181, train_loss-8.1316, train_rmse-2.8516, valid_rmse-2.4375, valid_pr-0.8302
2024-10-04 13:58:09 - INFO - epoch-182, train_loss-7.3772, train_rmse-2.7161, valid_rmse-2.3824, valid_pr-0.7929
2024-10-04 13:58:13 - INFO - epoch-183, train_loss-7.5855, train_rmse-2.7542, valid_rmse-2.3096, valid_pr-0.8187
2024-10-04 13:58:19 - INFO - epoch-184, train_loss-7.4363, train_rmse-2.7270, valid_rmse-2.3019, valid_pr-0.8384
2024-10-04 13:58:24 - INFO - epoch-185, train_loss-7.0759, train_rmse-2.6601, valid_rmse-2.3585, valid_pr-0.8357
2024-10-04 13:58:30 - INFO - epoch-186, train_loss-6.8521, train_rmse-2.6177, valid_rmse-2.4359, valid_pr-0.8365
2024-10-04 13:58:35 - INFO - epoch-187, train_loss-7.0046, train_rmse-2.6466, valid_rmse-2.4522, valid_pr-0.8321
2024-10-04 13:58:40 - INFO - epoch-188, train_loss-6.4353, train_rmse-2.5368, valid_rmse-2.4167, valid_pr-0.8030
2024-10-04 13:58:45 - INFO - epoch-189, train_loss-6.4384, train_rmse-2.5374, valid_rmse-2.4015, valid_pr-0.7419
2024-10-04 13:58:50 - INFO - epoch-190, train_loss-6.2708, train_rmse-2.5041, valid_rmse-2.4571, valid_pr-0.6668
2024-10-04 13:58:55 - INFO - epoch-191, train_loss-5.8911, train_rmse-2.4272, valid_rmse-2.5101, valid_pr-0.6411
2024-10-04 13:59:00 - INFO - epoch-192, train_loss-6.1464, train_rmse-2.4792, valid_rmse-2.5192, valid_pr-0.6533
2024-10-04 13:59:05 - INFO - epoch-193, train_loss-6.0183, train_rmse-2.4532, valid_rmse-2.4533, valid_pr-0.6838
2024-10-04 13:59:09 - INFO - epoch-194, train_loss-5.4912, train_rmse-2.3433, valid_rmse-2.4085, valid_pr-0.6752
2024-10-04 13:59:14 - INFO - epoch-195, train_loss-5.6826, train_rmse-2.3838, valid_rmse-2.3640, valid_pr-0.6450
2024-10-04 13:59:20 - INFO - epoch-196, train_loss-5.3978, train_rmse-2.3233, valid_rmse-2.2846, valid_pr-0.6204
2024-10-04 13:59:25 - INFO - epoch-197, train_loss-5.3333, train_rmse-2.3094, valid_rmse-2.1498, valid_pr-0.6069
2024-10-04 13:59:31 - INFO - epoch-198, train_loss-5.2938, train_rmse-2.3008, valid_rmse-2.0935, valid_pr-0.5615
2024-10-04 13:59:36 - INFO - epoch-199, train_loss-4.9050, train_rmse-2.2147, valid_rmse-2.0491, valid_pr-0.4933
2024-10-04 13:59:41 - INFO - epoch-200, train_loss-5.0972, train_rmse-2.2577, valid_rmse-2.0438, valid_pr-0.4272
2024-10-04 13:59:46 - INFO - epoch-201, train_loss-4.8932, train_rmse-2.2120, valid_rmse-2.0274, valid_pr-0.3965
2024-10-04 13:59:51 - INFO - epoch-202, train_loss-4.7641, train_rmse-2.1827, valid_rmse-1.9784, valid_pr-0.3872
2024-10-04 13:59:56 - INFO - epoch-203, train_loss-4.6040, train_rmse-2.1457, valid_rmse-2.0534, valid_pr-0.3114
2024-10-04 14:00:01 - INFO - epoch-204, train_loss-4.8648, train_rmse-2.2056, valid_rmse-2.1208, valid_pr-0.2525
2024-10-04 14:00:06 - INFO - epoch-205, train_loss-4.4641, train_rmse-2.1128, valid_rmse-2.1172, valid_pr-0.2641
2024-10-04 14:00:11 - INFO - epoch-206, train_loss-4.1019, train_rmse-2.0253, valid_rmse-2.0906, valid_pr-0.2683
2024-10-04 14:00:16 - INFO - epoch-207, train_loss-4.0051, train_rmse-2.0013, valid_rmse-2.0023, valid_pr-0.2954
2024-10-04 14:00:21 - INFO - epoch-208, train_loss-3.9627, train_rmse-1.9907, valid_rmse-1.9618, valid_pr-0.2913
2024-10-04 14:00:26 - INFO - epoch-209, train_loss-4.5523, train_rmse-2.1336, valid_rmse-2.0848, valid_pr-0.1738
2024-10-04 14:00:32 - INFO - epoch-210, train_loss-4.3289, train_rmse-2.0806, valid_rmse-2.1528, valid_pr-0.0601
2024-10-04 14:00:37 - INFO - epoch-211, train_loss-3.7653, train_rmse-1.9404, valid_rmse-2.2803, valid_pr--0.0539
2024-10-04 14:00:42 - INFO - epoch-212, train_loss-3.8162, train_rmse-1.9535, valid_rmse-2.2562, valid_pr--0.0633
2024-10-04 14:00:47 - INFO - epoch-213, train_loss-3.6855, train_rmse-1.9198, valid_rmse-2.2250, valid_pr--0.0618
2024-10-04 14:00:51 - INFO - epoch-214, train_loss-3.9906, train_rmse-1.9977, valid_rmse-2.1013, valid_pr-0.0396
2024-10-04 14:00:56 - INFO - epoch-215, train_loss-3.7791, train_rmse-1.9440, valid_rmse-2.0120, valid_pr-0.1972
2024-10-04 14:01:01 - INFO - epoch-216, train_loss-3.5749, train_rmse-1.8907, valid_rmse-2.0329, valid_pr-0.2834
2024-10-04 14:01:06 - INFO - epoch-217, train_loss-3.4484, train_rmse-1.8570, valid_rmse-2.0275, valid_pr-0.3285
2024-10-04 14:01:12 - INFO - epoch-218, train_loss-3.3282, train_rmse-1.8243, valid_rmse-2.0709, valid_pr-0.3070
2024-10-04 14:01:18 - INFO - epoch-219, train_loss-3.2995, train_rmse-1.8164, valid_rmse-2.0814, valid_pr-0.2633
2024-10-04 14:01:23 - INFO - epoch-220, train_loss-3.3041, train_rmse-1.8177, valid_rmse-2.1296, valid_pr-0.1662
2024-10-04 14:01:28 - INFO - epoch-221, train_loss-3.1410, train_rmse-1.7723, valid_rmse-2.2111, valid_pr-0.0483
2024-10-04 14:01:33 - INFO - epoch-222, train_loss-3.1682, train_rmse-1.7800, valid_rmse-2.2422, valid_pr--0.0151
2024-10-04 14:01:38 - INFO - epoch-223, train_loss-3.0373, train_rmse-1.7428, valid_rmse-2.2348, valid_pr--0.0458
2024-10-04 14:01:43 - INFO - epoch-224, train_loss-2.6990, train_rmse-1.6429, valid_rmse-2.2688, valid_pr--0.0641
2024-10-04 14:01:48 - INFO - epoch-225, train_loss-2.5712, train_rmse-1.6035, valid_rmse-2.1945, valid_pr--0.0249
2024-10-04 14:01:53 - INFO - epoch-226, train_loss-2.4465, train_rmse-1.5641, valid_rmse-2.1133, valid_pr-0.0620
2024-10-04 14:01:58 - INFO - epoch-227, train_loss-3.1232, train_rmse-1.7673, valid_rmse-1.9956, valid_pr-0.2034
2024-10-04 14:02:03 - INFO - epoch-228, train_loss-2.7929, train_rmse-1.6712, valid_rmse-1.8569, valid_pr-0.3375
2024-10-04 14:02:09 - INFO - epoch-229, train_loss-2.6486, train_rmse-1.6274, valid_rmse-1.8573, valid_pr-0.3686
2024-10-04 14:02:14 - INFO - epoch-230, train_loss-2.9210, train_rmse-1.7091, valid_rmse-1.8691, valid_pr-0.3804
2024-10-04 14:02:20 - INFO - epoch-231, train_loss-2.9376, train_rmse-1.7139, valid_rmse-1.8887, valid_pr-0.3661
2024-10-04 14:02:25 - INFO - epoch-232, train_loss-2.5107, train_rmse-1.5845, valid_rmse-1.9337, valid_pr-0.2859
2024-10-04 14:02:31 - INFO - epoch-233, train_loss-2.7784, train_rmse-1.6668, valid_rmse-1.9765, valid_pr-0.1977
2024-10-04 14:02:36 - INFO - epoch-234, train_loss-2.1452, train_rmse-1.4647, valid_rmse-1.8324, valid_pr-0.2816
2024-10-04 14:02:41 - INFO - epoch-235, train_loss-1.9976, train_rmse-1.4134, valid_rmse-1.8276, valid_pr-0.2378
2024-10-04 14:02:46 - INFO - epoch-236, train_loss-2.4448, train_rmse-1.5636, valid_rmse-1.7892, valid_pr-0.2201
2024-10-04 14:02:51 - INFO - epoch-237, train_loss-2.1811, train_rmse-1.4769, valid_rmse-1.6984, valid_pr-0.2866
2024-10-04 14:02:56 - INFO - epoch-238, train_loss-1.8458, train_rmse-1.3586, valid_rmse-1.6290, valid_pr-0.3532
2024-10-04 14:03:01 - INFO - epoch-239, train_loss-2.3559, train_rmse-1.5349, valid_rmse-1.5283, valid_pr-0.4270
2024-10-04 14:03:07 - INFO - epoch-240, train_loss-2.2705, train_rmse-1.5068, valid_rmse-1.4765, valid_pr-0.4652
2024-10-04 14:03:13 - INFO - epoch-241, train_loss-2.2491, train_rmse-1.4997, valid_rmse-1.4351, valid_pr-0.5159
2024-10-04 14:03:18 - INFO - epoch-242, train_loss-2.1013, train_rmse-1.4496, valid_rmse-1.4108, valid_pr-0.5715
2024-10-04 14:03:24 - INFO - epoch-243, train_loss-1.8088, train_rmse-1.3449, valid_rmse-1.4417, valid_pr-0.5928
2024-10-04 14:03:29 - INFO - epoch-244, train_loss-1.6712, train_rmse-1.2928, valid_rmse-1.5032, valid_pr-0.5954
2024-10-04 14:03:34 - INFO - epoch-245, train_loss-2.3595, train_rmse-1.5361, valid_rmse-1.5554, valid_pr-0.5918
2024-10-04 14:03:39 - INFO - epoch-246, train_loss-2.0523, train_rmse-1.4326, valid_rmse-1.5377, valid_pr-0.5929
2024-10-04 14:03:45 - INFO - epoch-247, train_loss-1.5206, train_rmse-1.2331, valid_rmse-1.5362, valid_pr-0.5790
2024-10-04 14:03:50 - INFO - epoch-248, train_loss-1.7288, train_rmse-1.3148, valid_rmse-1.4823, valid_pr-0.6310
2024-10-04 14:03:55 - INFO - epoch-249, train_loss-1.7849, train_rmse-1.3360, valid_rmse-1.3933, valid_pr-0.6887
2024-10-04 14:04:00 - INFO - epoch-250, train_loss-1.9022, train_rmse-1.3792, valid_rmse-1.3009, valid_pr-0.7179
2024-10-04 14:04:05 - INFO - epoch-251, train_loss-1.8555, train_rmse-1.3622, valid_rmse-1.1782, valid_pr-0.7758
2024-10-04 14:04:10 - INFO - epoch-252, train_loss-1.4977, train_rmse-1.2238, valid_rmse-1.1682, valid_pr-0.7811
2024-10-04 14:04:16 - INFO - epoch-253, train_loss-1.5640, train_rmse-1.2506, valid_rmse-1.2048, valid_pr-0.7529
2024-10-04 14:04:21 - INFO - epoch-254, train_loss-1.3895, train_rmse-1.1788, valid_rmse-1.3030, valid_pr-0.6928
2024-10-04 14:04:26 - INFO - epoch-255, train_loss-1.9629, train_rmse-1.4010, valid_rmse-1.2694, valid_pr-0.7321
2024-10-04 14:04:31 - INFO - epoch-256, train_loss-1.1709, train_rmse-1.0821, valid_rmse-1.2320, valid_pr-0.7417
2024-10-04 14:04:35 - INFO - epoch-257, train_loss-1.4568, train_rmse-1.2070, valid_rmse-1.2315, valid_pr-0.7089
2024-10-04 14:04:40 - INFO - epoch-258, train_loss-1.3965, train_rmse-1.1817, valid_rmse-1.2619, valid_pr-0.6227
2024-10-04 14:04:46 - INFO - epoch-259, train_loss-1.4704, train_rmse-1.2126, valid_rmse-1.3624, valid_pr-0.4855
2024-10-04 14:04:51 - INFO - epoch-260, train_loss-1.8618, train_rmse-1.3645, valid_rmse-1.4523, valid_pr-0.3932
2024-10-04 14:04:56 - INFO - epoch-261, train_loss-1.4041, train_rmse-1.1849, valid_rmse-1.4867, valid_pr-0.3295
2024-10-04 14:05:01 - INFO - epoch-262, train_loss-1.7200, train_rmse-1.3115, valid_rmse-1.5632, valid_pr-0.2156
2024-10-04 14:05:06 - INFO - epoch-263, train_loss-1.4450, train_rmse-1.2021, valid_rmse-1.5545, valid_pr-0.2142
2024-10-04 14:05:10 - INFO - epoch-264, train_loss-1.0893, train_rmse-1.0437, valid_rmse-1.5639, valid_pr-0.2133
2024-10-04 14:05:16 - INFO - epoch-265, train_loss-1.5795, train_rmse-1.2568, valid_rmse-1.6355, valid_pr-0.1749
2024-10-04 14:05:21 - INFO - epoch-266, train_loss-1.5416, train_rmse-1.2416, valid_rmse-1.7647, valid_pr-0.1212
2024-10-04 14:05:26 - INFO - epoch-267, train_loss-1.5020, train_rmse-1.2256, valid_rmse-1.8700, valid_pr-0.1008
2024-10-04 14:05:31 - INFO - epoch-268, train_loss-1.3121, train_rmse-1.1455, valid_rmse-1.8878, valid_pr-0.1359
2024-10-04 14:05:36 - INFO - epoch-269, train_loss-1.4210, train_rmse-1.1920, valid_rmse-1.8458, valid_pr-0.1686
2024-10-04 14:05:41 - INFO - epoch-270, train_loss-1.5223, train_rmse-1.2338, valid_rmse-1.7522, valid_pr-0.2477
2024-10-04 14:05:46 - INFO - epoch-271, train_loss-0.9134, train_rmse-0.9557, valid_rmse-1.6602, valid_pr-0.3125
2024-10-04 14:05:51 - INFO - epoch-272, train_loss-1.6651, train_rmse-1.2904, valid_rmse-1.6237, valid_pr-0.3447
2024-10-04 14:05:56 - INFO - epoch-273, train_loss-0.8427, train_rmse-0.9180, valid_rmse-1.5750, valid_pr-0.3887
2024-10-04 14:06:01 - INFO - epoch-274, train_loss-1.1802, train_rmse-1.0864, valid_rmse-1.5510, valid_pr-0.3997
2024-10-04 14:06:05 - INFO - epoch-275, train_loss-1.4458, train_rmse-1.2024, valid_rmse-1.5983, valid_pr-0.3775
2024-10-04 14:06:10 - INFO - epoch-276, train_loss-1.3684, train_rmse-1.1698, valid_rmse-1.7163, valid_pr-0.3071
2024-10-04 14:06:15 - INFO - epoch-277, train_loss-1.0874, train_rmse-1.0428, valid_rmse-1.7826, valid_pr-0.2541
2024-10-04 14:06:19 - INFO - epoch-278, train_loss-1.5382, train_rmse-1.2402, valid_rmse-1.8105, valid_pr-0.2029
2024-10-04 14:06:23 - INFO - epoch-279, train_loss-0.9808, train_rmse-0.9904, valid_rmse-1.8542, valid_pr-0.1435
2024-10-04 14:06:28 - INFO - epoch-280, train_loss-1.6926, train_rmse-1.3010, valid_rmse-1.8780, valid_pr-0.0990
2024-10-04 14:06:33 - INFO - epoch-281, train_loss-0.9889, train_rmse-0.9945, valid_rmse-1.7772, valid_pr-0.1093
2024-10-04 14:06:38 - INFO - epoch-282, train_loss-1.0439, train_rmse-1.0217, valid_rmse-1.5950, valid_pr-0.1856
2024-10-04 14:06:44 - INFO - epoch-283, train_loss-1.2748, train_rmse-1.1291, valid_rmse-1.4358, valid_pr-0.3380
2024-10-04 14:06:49 - INFO - epoch-284, train_loss-0.9299, train_rmse-0.9643, valid_rmse-1.3435, valid_pr-0.4874
2024-10-04 14:06:54 - INFO - epoch-285, train_loss-0.9356, train_rmse-0.9673, valid_rmse-1.3212, valid_pr-0.5394
2024-10-04 14:06:59 - INFO - epoch-286, train_loss-1.1213, train_rmse-1.0589, valid_rmse-1.2747, valid_pr-0.6085
2024-10-04 14:07:04 - INFO - epoch-287, train_loss-1.1549, train_rmse-1.0747, valid_rmse-1.2494, valid_pr-0.6565
2024-10-04 14:07:09 - INFO - epoch-288, train_loss-1.2299, train_rmse-1.1090, valid_rmse-1.2390, valid_pr-0.6846
2024-10-04 14:07:14 - INFO - epoch-289, train_loss-0.9138, train_rmse-0.9559, valid_rmse-1.2581, valid_pr-0.7117
2024-10-04 14:07:19 - INFO - epoch-290, train_loss-1.2839, train_rmse-1.1331, valid_rmse-1.2893, valid_pr-0.7204
2024-10-04 14:07:24 - INFO - epoch-291, train_loss-1.0740, train_rmse-1.0364, valid_rmse-1.3331, valid_pr-0.7258
2024-10-04 14:07:29 - INFO - epoch-292, train_loss-0.8477, train_rmse-0.9207, valid_rmse-1.3537, valid_pr-0.7318
2024-10-04 14:07:34 - INFO - epoch-293, train_loss-1.0078, train_rmse-1.0039, valid_rmse-1.3952, valid_pr-0.7327
2024-10-04 14:07:39 - INFO - epoch-294, train_loss-1.7420, train_rmse-1.3199, valid_rmse-1.4265, valid_pr-0.6974
2024-10-04 14:07:44 - INFO - epoch-295, train_loss-0.7884, train_rmse-0.8879, valid_rmse-1.4443, valid_pr-0.6564
2024-10-04 14:07:50 - INFO - epoch-296, train_loss-1.0930, train_rmse-1.0455, valid_rmse-1.4388, valid_pr-0.6127
2024-10-04 14:07:54 - INFO - epoch-297, train_loss-1.0945, train_rmse-1.0462, valid_rmse-1.4247, valid_pr-0.5587
2024-10-04 14:07:59 - INFO - epoch-298, train_loss-0.9004, train_rmse-0.9489, valid_rmse-1.4122, valid_pr-0.4920
2024-10-04 14:08:03 - INFO - epoch-299, train_loss-0.9613, train_rmse-0.9805, valid_rmse-1.3929, valid_pr-0.4360
2024-10-04 14:08:09 - INFO - epoch-300, train_loss-1.1336, train_rmse-1.0647, valid_rmse-1.3647, valid_pr-0.4359
2024-10-04 14:08:13 - INFO - epoch-301, train_loss-0.9231, train_rmse-0.9608, valid_rmse-1.3508, valid_pr-0.4241
2024-10-04 14:08:18 - INFO - epoch-302, train_loss-0.9883, train_rmse-0.9941, valid_rmse-1.3547, valid_pr-0.4077
2024-10-04 14:08:23 - INFO - epoch-303, train_loss-1.0045, train_rmse-1.0023, valid_rmse-1.3339, valid_pr-0.4524
2024-10-04 14:08:29 - INFO - epoch-304, train_loss-0.8339, train_rmse-0.9132, valid_rmse-1.2838, valid_pr-0.5413
2024-10-04 14:08:34 - INFO - epoch-305, train_loss-1.1522, train_rmse-1.0734, valid_rmse-1.2681, valid_pr-0.6024
2024-10-04 14:08:41 - INFO - epoch-306, train_loss-0.9509, train_rmse-0.9751, valid_rmse-1.2749, valid_pr-0.5720
2024-10-04 14:08:46 - INFO - epoch-307, train_loss-0.5716, train_rmse-0.7560, valid_rmse-1.2833, valid_pr-0.5182
2024-10-04 14:08:51 - INFO - epoch-308, train_loss-1.3474, train_rmse-1.1608, valid_rmse-1.3112, valid_pr-0.4730
2024-10-04 14:08:56 - INFO - epoch-309, train_loss-1.0500, train_rmse-1.0247, valid_rmse-1.3945, valid_pr-0.4012
2024-10-04 14:09:01 - INFO - epoch-310, train_loss-0.6229, train_rmse-0.7892, valid_rmse-1.4273, valid_pr-0.3819
2024-10-04 14:09:06 - INFO - epoch-311, train_loss-0.9287, train_rmse-0.9637, valid_rmse-1.4190, valid_pr-0.3907
2024-10-04 14:09:12 - INFO - epoch-312, train_loss-0.6807, train_rmse-0.8250, valid_rmse-1.3855, valid_pr-0.4120
2024-10-04 14:09:16 - INFO - epoch-313, train_loss-0.5911, train_rmse-0.7688, valid_rmse-1.2909, valid_pr-0.5076
2024-10-04 14:09:21 - INFO - epoch-314, train_loss-1.3898, train_rmse-1.1789, valid_rmse-1.2479, valid_pr-0.5820
2024-10-04 14:09:25 - INFO - epoch-315, train_loss-1.5148, train_rmse-1.2308, valid_rmse-1.2125, valid_pr-0.6712
2024-10-04 14:09:30 - INFO - epoch-316, train_loss-0.7681, train_rmse-0.8764, valid_rmse-1.2047, valid_pr-0.6919
2024-10-04 14:09:36 - INFO - epoch-317, train_loss-0.9680, train_rmse-0.9839, valid_rmse-1.2269, valid_pr-0.6507
2024-10-04 14:09:42 - INFO - epoch-318, train_loss-0.9868, train_rmse-0.9934, valid_rmse-1.2347, valid_pr-0.6180
2024-10-04 14:09:48 - INFO - epoch-319, train_loss-1.3318, train_rmse-1.1540, valid_rmse-1.2439, valid_pr-0.5902
2024-10-04 14:09:53 - INFO - epoch-320, train_loss-0.9442, train_rmse-0.9717, valid_rmse-1.2724, valid_pr-0.5319
2024-10-04 14:09:58 - INFO - epoch-321, train_loss-0.8770, train_rmse-0.9365, valid_rmse-1.3274, valid_pr-0.4437
2024-10-04 14:10:04 - INFO - epoch-322, train_loss-1.0824, train_rmse-1.0404, valid_rmse-1.3494, valid_pr-0.4133
2024-10-04 14:10:09 - INFO - epoch-323, train_loss-1.1050, train_rmse-1.0512, valid_rmse-1.3472, valid_pr-0.4185
2024-10-04 14:10:13 - INFO - epoch-324, train_loss-1.0015, train_rmse-1.0008, valid_rmse-1.3135, valid_pr-0.4671
2024-10-04 14:10:18 - INFO - epoch-325, train_loss-0.8581, train_rmse-0.9264, valid_rmse-1.2644, valid_pr-0.5313
2024-10-04 14:10:23 - INFO - epoch-326, train_loss-1.2421, train_rmse-1.1145, valid_rmse-1.2281, valid_pr-0.5876
2024-10-04 14:10:28 - INFO - epoch-327, train_loss-0.8830, train_rmse-0.9397, valid_rmse-1.1624, valid_pr-0.6629
2024-10-04 14:10:34 - INFO - epoch-328, train_loss-1.5694, train_rmse-1.2527, valid_rmse-1.1119, valid_pr-0.7096
2024-10-04 14:10:39 - INFO - epoch-329, train_loss-0.9979, train_rmse-0.9990, valid_rmse-1.0590, valid_pr-0.7444
2024-10-04 14:10:45 - INFO - epoch-330, train_loss-2.0590, train_rmse-1.4349, valid_rmse-1.1063, valid_pr-0.6845
2024-10-04 14:10:50 - INFO - epoch-331, train_loss-0.9054, train_rmse-0.9515, valid_rmse-1.1759, valid_pr-0.6160
2024-10-04 14:10:55 - INFO - epoch-332, train_loss-0.7402, train_rmse-0.8603, valid_rmse-1.2273, valid_pr-0.5746
2024-10-04 14:11:00 - INFO - epoch-333, train_loss-0.7272, train_rmse-0.8528, valid_rmse-1.2526, valid_pr-0.5467
2024-10-04 14:11:06 - INFO - epoch-334, train_loss-1.5568, train_rmse-1.2477, valid_rmse-1.2617, valid_pr-0.5294
2024-10-04 14:11:12 - INFO - epoch-335, train_loss-0.8658, train_rmse-0.9305, valid_rmse-1.2408, valid_pr-0.5538
2024-10-04 14:11:17 - INFO - epoch-336, train_loss-1.3215, train_rmse-1.1496, valid_rmse-1.2291, valid_pr-0.5851
2024-10-04 14:11:22 - INFO - epoch-337, train_loss-0.8367, train_rmse-0.9147, valid_rmse-1.2526, valid_pr-0.5638
2024-10-04 14:11:27 - INFO - epoch-338, train_loss-0.8840, train_rmse-0.9402, valid_rmse-1.3522, valid_pr-0.4237
2024-10-04 14:11:32 - INFO - epoch-339, train_loss-0.7894, train_rmse-0.8885, valid_rmse-1.4326, valid_pr-0.3138
2024-10-04 14:11:37 - INFO - epoch-340, train_loss-1.5863, train_rmse-1.2595, valid_rmse-1.4440, valid_pr-0.3083
2024-10-04 14:11:42 - INFO - epoch-341, train_loss-0.9272, train_rmse-0.9629, valid_rmse-1.4388, valid_pr-0.3227
2024-10-04 14:11:47 - INFO - epoch-342, train_loss-0.7335, train_rmse-0.8564, valid_rmse-1.4298, valid_pr-0.3522
2024-10-04 14:11:52 - INFO - epoch-343, train_loss-0.9498, train_rmse-0.9746, valid_rmse-1.4307, valid_pr-0.3637
2024-10-04 14:11:57 - INFO - epoch-344, train_loss-0.9834, train_rmse-0.9917, valid_rmse-1.4185, valid_pr-0.3815
2024-10-04 14:12:03 - INFO - epoch-345, train_loss-1.1558, train_rmse-1.0751, valid_rmse-1.4116, valid_pr-0.3867
2024-10-04 14:12:09 - INFO - epoch-346, train_loss-1.2475, train_rmse-1.1169, valid_rmse-1.4051, valid_pr-0.3941
2024-10-04 14:12:14 - INFO - epoch-347, train_loss-0.8083, train_rmse-0.8991, valid_rmse-1.4011, valid_pr-0.4068
2024-10-04 14:12:20 - INFO - epoch-348, train_loss-0.7952, train_rmse-0.8918, valid_rmse-1.4032, valid_pr-0.4161
2024-10-04 14:12:25 - INFO - epoch-349, train_loss-1.0755, train_rmse-1.0371, valid_rmse-1.4006, valid_pr-0.4316
2024-10-04 14:12:30 - INFO - epoch-350, train_loss-0.9301, train_rmse-0.9644, valid_rmse-1.4058, valid_pr-0.4383
2024-10-04 14:12:35 - INFO - epoch-351, train_loss-0.7692, train_rmse-0.8770, valid_rmse-1.4357, valid_pr-0.4215
2024-10-04 14:12:40 - INFO - epoch-352, train_loss-0.8678, train_rmse-0.9316, valid_rmse-1.4910, valid_pr-0.3863
2024-10-04 14:12:45 - INFO - epoch-353, train_loss-1.1580, train_rmse-1.0761, valid_rmse-1.5402, valid_pr-0.3478
2024-10-04 14:12:49 - INFO - epoch-354, train_loss-1.1393, train_rmse-1.0674, valid_rmse-1.5798, valid_pr-0.3113
2024-10-04 14:12:54 - INFO - epoch-355, train_loss-0.6485, train_rmse-0.8053, valid_rmse-1.6154, valid_pr-0.2857
2024-10-04 14:13:00 - INFO - epoch-356, train_loss-1.4777, train_rmse-1.2156, valid_rmse-1.6437, valid_pr-0.2614
2024-10-04 14:13:06 - INFO - epoch-357, train_loss-0.9602, train_rmse-0.9799, valid_rmse-1.6492, valid_pr-0.2527
2024-10-04 14:13:11 - INFO - epoch-358, train_loss-0.9859, train_rmse-0.9929, valid_rmse-1.6337, valid_pr-0.2576
2024-10-04 14:13:16 - INFO - epoch-359, train_loss-1.0304, train_rmse-1.0151, valid_rmse-1.6089, valid_pr-0.2678
2024-10-04 14:13:21 - INFO - epoch-360, train_loss-0.8718, train_rmse-0.9337, valid_rmse-1.5406, valid_pr-0.3039
2024-10-04 14:13:26 - INFO - epoch-361, train_loss-0.7420, train_rmse-0.8614, valid_rmse-1.4583, valid_pr-0.3551
2024-10-04 14:13:31 - INFO - epoch-362, train_loss-0.9699, train_rmse-0.9848, valid_rmse-1.4228, valid_pr-0.3780
2024-10-04 14:13:37 - INFO - epoch-363, train_loss-0.6860, train_rmse-0.8282, valid_rmse-1.3948, valid_pr-0.3997
2024-10-04 14:13:41 - INFO - epoch-364, train_loss-1.0355, train_rmse-1.0176, valid_rmse-1.3261, valid_pr-0.4609
2024-10-04 14:13:46 - INFO - epoch-365, train_loss-0.8185, train_rmse-0.9047, valid_rmse-1.2980, valid_pr-0.4877
2024-10-04 14:13:51 - INFO - epoch-366, train_loss-1.8583, train_rmse-1.3632, valid_rmse-1.2521, valid_pr-0.5343
2024-10-04 14:13:57 - INFO - epoch-367, train_loss-0.9580, train_rmse-0.9788, valid_rmse-1.2468, valid_pr-0.5404
2024-10-04 14:14:03 - INFO - epoch-368, train_loss-1.2253, train_rmse-1.1069, valid_rmse-1.2265, valid_pr-0.5636
2024-10-04 14:14:08 - INFO - epoch-369, train_loss-0.7048, train_rmse-0.8395, valid_rmse-1.2114, valid_pr-0.5827
2024-10-04 14:14:13 - INFO - epoch-370, train_loss-0.7599, train_rmse-0.8717, valid_rmse-1.2087, valid_pr-0.5875
2024-10-04 14:14:18 - INFO - epoch-371, train_loss-0.8556, train_rmse-0.9250, valid_rmse-1.2111, valid_pr-0.5873
2024-10-04 14:14:23 - INFO - epoch-372, train_loss-0.5883, train_rmse-0.7670, valid_rmse-1.2202, valid_pr-0.5805
2024-10-04 14:14:28 - INFO - epoch-373, train_loss-0.8669, train_rmse-0.9311, valid_rmse-1.2571, valid_pr-0.5450
2024-10-04 14:14:34 - INFO - epoch-374, train_loss-1.0651, train_rmse-1.0321, valid_rmse-1.2772, valid_pr-0.5224
2024-10-04 14:14:39 - INFO - epoch-375, train_loss-0.9452, train_rmse-0.9722, valid_rmse-1.2959, valid_pr-0.5029
2024-10-04 14:14:43 - INFO - epoch-376, train_loss-0.7464, train_rmse-0.8639, valid_rmse-1.3161, valid_pr-0.4842
2024-10-04 14:14:48 - INFO - epoch-377, train_loss-1.1219, train_rmse-1.0592, valid_rmse-1.3124, valid_pr-0.5025
2024-10-04 14:14:53 - INFO - epoch-378, train_loss-0.7778, train_rmse-0.8819, valid_rmse-1.2634, valid_pr-0.5569
2024-10-04 14:14:58 - INFO - epoch-379, train_loss-0.9077, train_rmse-0.9527, valid_rmse-1.2714, valid_pr-0.5529
2024-10-04 14:15:02 - INFO - epoch-380, train_loss-1.0938, train_rmse-1.0458, valid_rmse-1.3145, valid_pr-0.5167
2024-10-04 14:15:07 - INFO - epoch-381, train_loss-0.7344, train_rmse-0.8570, valid_rmse-1.3628, valid_pr-0.4765
2024-10-04 14:15:12 - INFO - epoch-382, train_loss-1.2942, train_rmse-1.1376, valid_rmse-1.4328, valid_pr-0.4058
2024-10-04 14:15:17 - INFO - epoch-383, train_loss-1.1527, train_rmse-1.0737, valid_rmse-1.5142, valid_pr-0.3372
2024-10-04 14:15:22 - INFO - epoch-384, train_loss-1.2379, train_rmse-1.1126, valid_rmse-1.5597, valid_pr-0.3046
2024-10-04 14:15:28 - INFO - epoch-385, train_loss-1.0845, train_rmse-1.0414, valid_rmse-1.5667, valid_pr-0.3027
2024-10-04 14:15:33 - INFO - epoch-386, train_loss-0.9036, train_rmse-0.9506, valid_rmse-1.6105, valid_pr-0.2833
2024-10-04 14:15:37 - INFO - epoch-387, train_loss-0.8625, train_rmse-0.9287, valid_rmse-1.6178, valid_pr-0.2936
2024-10-04 14:15:42 - INFO - epoch-388, train_loss-0.6302, train_rmse-0.7939, valid_rmse-1.5836, valid_pr-0.3192
2024-10-04 14:15:47 - INFO - epoch-389, train_loss-0.6460, train_rmse-0.8037, valid_rmse-1.5421, valid_pr-0.3445
2024-10-04 14:15:53 - INFO - epoch-390, train_loss-0.6310, train_rmse-0.7944, valid_rmse-1.5192, valid_pr-0.3614
2024-10-04 14:15:59 - INFO - epoch-391, train_loss-0.9867, train_rmse-0.9933, valid_rmse-1.4829, valid_pr-0.3879
2024-10-04 14:16:05 - INFO - epoch-392, train_loss-0.5965, train_rmse-0.7723, valid_rmse-1.4522, valid_pr-0.4106
2024-10-04 14:16:10 - INFO - epoch-393, train_loss-0.8132, train_rmse-0.9018, valid_rmse-1.4013, valid_pr-0.4473
2024-10-04 14:16:15 - INFO - epoch-394, train_loss-0.9599, train_rmse-0.9797, valid_rmse-1.3498, valid_pr-0.4832
2024-10-04 14:16:21 - INFO - epoch-395, train_loss-0.6992, train_rmse-0.8362, valid_rmse-1.3408, valid_pr-0.4845
2024-10-04 14:16:26 - INFO - epoch-396, train_loss-0.7155, train_rmse-0.8459, valid_rmse-1.3271, valid_pr-0.4886
2024-10-04 14:16:32 - INFO - epoch-397, train_loss-0.8825, train_rmse-0.9394, valid_rmse-1.3262, valid_pr-0.4845
2024-10-04 14:16:36 - INFO - epoch-398, train_loss-1.0822, train_rmse-1.0403, valid_rmse-1.3391, valid_pr-0.4677
2024-10-04 14:16:42 - INFO - epoch-399, train_loss-0.3991, train_rmse-0.6318, valid_rmse-1.3594, valid_pr-0.4478
2024-10-04 14:16:47 - INFO - epoch-400, train_loss-0.9357, train_rmse-0.9673, valid_rmse-1.3828, valid_pr-0.4231
2024-10-04 14:16:52 - INFO - epoch-401, train_loss-0.5992, train_rmse-0.7741, valid_rmse-1.3648, valid_pr-0.4360
2024-10-04 14:16:58 - INFO - epoch-402, train_loss-0.7396, train_rmse-0.8600, valid_rmse-1.3330, valid_pr-0.4573
2024-10-04 14:17:03 - INFO - epoch-403, train_loss-0.7133, train_rmse-0.8446, valid_rmse-1.2857, valid_pr-0.4993
2024-10-04 14:17:09 - INFO - epoch-404, train_loss-1.2840, train_rmse-1.1331, valid_rmse-1.2485, valid_pr-0.5395
2024-10-04 14:17:13 - INFO - epoch-405, train_loss-0.8789, train_rmse-0.9375, valid_rmse-1.2335, valid_pr-0.5598
2024-10-04 14:17:19 - INFO - epoch-406, train_loss-0.6296, train_rmse-0.7935, valid_rmse-1.2176, valid_pr-0.5793
2024-10-04 14:17:24 - INFO - epoch-407, train_loss-0.6835, train_rmse-0.8267, valid_rmse-1.2237, valid_pr-0.5694
2024-10-04 14:17:30 - INFO - epoch-408, train_loss-0.7785, train_rmse-0.8823, valid_rmse-1.2585, valid_pr-0.5380
2024-10-04 14:17:34 - INFO - epoch-409, train_loss-0.9473, train_rmse-0.9733, valid_rmse-1.2684, valid_pr-0.5292
2024-10-04 14:17:39 - INFO - epoch-410, train_loss-0.5580, train_rmse-0.7470, valid_rmse-1.2875, valid_pr-0.5115
2024-10-04 14:17:44 - INFO - epoch-411, train_loss-0.8082, train_rmse-0.8990, valid_rmse-1.3000, valid_pr-0.4984
2024-10-04 14:17:50 - INFO - epoch-412, train_loss-0.5304, train_rmse-0.7283, valid_rmse-1.3082, valid_pr-0.4921
2024-10-04 14:17:55 - INFO - epoch-413, train_loss-1.1678, train_rmse-1.0807, valid_rmse-1.2948, valid_pr-0.5087
2024-10-04 14:18:01 - INFO - epoch-414, train_loss-0.8290, train_rmse-0.9105, valid_rmse-1.2687, valid_pr-0.5357
2024-10-04 14:18:07 - INFO - epoch-415, train_loss-0.8347, train_rmse-0.9136, valid_rmse-1.2290, valid_pr-0.5701
2024-10-04 14:18:12 - INFO - epoch-416, train_loss-1.0527, train_rmse-1.0260, valid_rmse-1.1673, valid_pr-0.6256
2024-10-04 14:18:17 - INFO - epoch-417, train_loss-0.7601, train_rmse-0.8718, valid_rmse-1.1261, valid_pr-0.6610
2024-10-04 14:18:22 - INFO - epoch-418, train_loss-0.8710, train_rmse-0.9333, valid_rmse-1.1230, valid_pr-0.6619
2024-10-04 14:18:27 - INFO - epoch-419, train_loss-1.0876, train_rmse-1.0429, valid_rmse-1.1325, valid_pr-0.6547
2024-10-04 14:18:32 - INFO - epoch-420, train_loss-0.7298, train_rmse-0.8543, valid_rmse-1.1972, valid_pr-0.5996
2024-10-04 14:18:37 - INFO - epoch-421, train_loss-1.2803, train_rmse-1.1315, valid_rmse-1.2657, valid_pr-0.5370
2024-10-04 14:18:41 - INFO - epoch-422, train_loss-1.0028, train_rmse-1.0014, valid_rmse-1.3285, valid_pr-0.4815
2024-10-04 14:18:47 - INFO - epoch-423, train_loss-0.6337, train_rmse-0.7960, valid_rmse-1.4117, valid_pr-0.4149
2024-10-04 14:18:51 - INFO - epoch-424, train_loss-0.7944, train_rmse-0.8913, valid_rmse-1.4747, valid_pr-0.3779
2024-10-04 14:18:57 - INFO - epoch-425, train_loss-0.6804, train_rmse-0.8249, valid_rmse-1.5520, valid_pr-0.3493
2024-10-04 14:19:03 - INFO - epoch-426, train_loss-0.6488, train_rmse-0.8055, valid_rmse-1.6073, valid_pr-0.3366
2024-10-04 14:19:08 - INFO - epoch-427, train_loss-0.9692, train_rmse-0.9845, valid_rmse-1.6194, valid_pr-0.3288
2024-10-04 14:19:14 - INFO - epoch-428, train_loss-0.6174, train_rmse-0.7858, valid_rmse-1.6218, valid_pr-0.3260
2024-10-04 14:19:18 - INFO - epoch-429, train_loss-1.1146, train_rmse-1.0557, valid_rmse-1.5959, valid_pr-0.3285
2024-10-04 14:19:24 - INFO - epoch-430, train_loss-0.8500, train_rmse-0.9220, valid_rmse-1.5949, valid_pr-0.3132
2024-10-04 14:19:24 - INFO - early stop in epoch 430
2024-10-04 14:19:24 - INFO - best_rmse: 1.0590
